###############################################################################
#                                                                             #
# IAR C/C++ Compiler V8.20.2.41139 for 8051             05/Jan/2016  16:14:31 #
# Copyright 2004-2013 IAR Systems AB.                                         #
#                                                                             #
#    Core               =  plain                                              #
#    Code model         =  banked                                             #
#    Data model         =  large                                              #
#    Calling convention =  xdata reentrant                                    #
#    Constant location  =  data_rom                                           #
#    Dptr setup         =  1,16                                               #
#                                                                             #
#    Source file        =  C:\Users\ArnoldWorkStation\Desktop\ZigbeeTest\Comp #
#                          onents\mt\MT.c                                     #
#    Command line       =  -f C:\Users\ArnoldWorkStation\Desktop\ZigbeeTest\P #
#                          rojects\zstack\Samples\SampleApp\CC2530DB\..\..\.. #
#                          \Tools\CC2530DB\f8wCoord.cfg (-DCPU32MHZ           #
#                          -DROOT=__near_func -DMAC_CFG_APP_PENDING_QUEUE=TRU #
#                          E -DZDO_COORDINATOR -DRTR_NWK -DBLINK_LEDS) -f     #
#                          C:\Users\ArnoldWorkStation\Desktop\ZigbeeTest\Proj #
#                          ects\zstack\Samples\SampleApp\CC2530DB\..\..\..\To #
#                          ols\CC2530DB\f8wConfig.cfg (-DSECURE=0             #
#                          -DZG_SECURE_DYNAMIC=0 -DREFLECTOR                  #
#                          -DDEFAULT_CHANLIST=0x00000800                      #
#                          -DZDAPP_CONFIG_PAN_ID=0xFFF1                       #
#                          -DNWK_START_DELAY=100 -DEXTENDED_JOINING_RANDOM_MA #
#                          SK=0x007F -DBEACON_REQUEST_DELAY=100               #
#                          -DBEACON_REQ_DELAY_MASK=0x00FF                     #
#                          -DROUTE_EXPIRY_TIME=30 -DAPSC_ACK_WAIT_DURATION_PO #
#                          LLED=3000 -DNWK_INDIRECT_MSG_TIMEOUT=7             #
#                          -DMAX_RREQ_ENTRIES=8 -DAPSC_MAX_FRAME_RETRIES=3    #
#                          -DNWK_MAX_DATA_RETRIES=2                           #
#                          -DMAX_POLL_FAILURE_RETRIES=2 -DMAX_BCAST=9         #
#                          -DAPS_MAX_GROUPS=16 -DMAX_RTG_ENTRIES=40           #
#                          -DNWK_MAX_BINDING_ENTRIES=4                        #
#                          -DMAX_BINDING_CLUSTER_IDS=4 "-DDEFAULT_KEY={0x01,  #
#                          0x03, 0x05, 0x07, 0x09, 0x0B, 0x0D, 0x0F, 0x00,    #
#                          0x02, 0x04, 0x06, 0x08, 0x0A, 0x0C, 0x0D}"         #
#                          -DMAC_MAX_FRAME_SIZE=116 "-DCONST=const __code"    #
#                          -DGENERIC=__generic -DRFD_RCVC_ALWAYS_ON=TRUE      #
#                          -DPOLL_RATE=1000 -DQUEUED_POLL_RATE=100            #
#                          -DRESPONSE_POLL_RATE=100) -DREJOIN_POLL_RATE=440   #
#                          C:\Users\ArnoldWorkStation\Desktop\ZigbeeTest\Comp #
#                          onents\mt\MT.c -D ZIGBEEPRO -D ZTOOL_P1 -D         #
#                          xMT_TASK -D xMT_SYS_FUNC -D xMT_ZDO_FUNC -D        #
#                          LCD_SUPPORTED=DEBUG -lC C:\Users\ArnoldWorkStation #
#                          \Desktop\ZigbeeTest\Projects\zstack\Samples\Sample #
#                          App\CC2530DB\PCCoordinatorEBPro\List\ -lA          #
#                          C:\Users\ArnoldWorkStation\Desktop\ZigbeeTest\Proj #
#                          ects\zstack\Samples\SampleApp\CC2530DB\PCCoordinat #
#                          orEBPro\List\ --diag_suppress Pe001,Pa010 -o       #
#                          C:\Users\ArnoldWorkStation\Desktop\ZigbeeTest\Proj #
#                          ects\zstack\Samples\SampleApp\CC2530DB\PCCoordinat #
#                          orEBPro\Obj\ -e --no_cse --no_unroll --no_inline   #
#                          --no_code_motion --no_tbaa --debug --core=plain    #
#                          --dptr=16,1 --data_model=large                     #
#                          --code_model=banked --calling_convention=xdata_ree #
#                          ntrant --place_constants=data_rom                  #
#                          --nr_virtual_regs 16 -I C:\Users\ArnoldWorkStation #
#                          \Desktop\ZigbeeTest\Projects\zstack\Samples\Sample #
#                          App\CC2530DB\ -I C:\Users\ArnoldWorkStation\Deskto #
#                          p\ZigbeeTest\Projects\zstack\Samples\SampleApp\CC2 #
#                          530DB\..\SOURCE\ -I C:\Users\ArnoldWorkStation\Des #
#                          ktop\ZigbeeTest\Projects\zstack\Samples\SampleApp\ #
#                          CC2530DB\..\..\..\ZMAIN\TI2530DB\ -I               #
#                          C:\Users\ArnoldWorkStation\Desktop\ZigbeeTest\Proj #
#                          ects\zstack\Samples\SampleApp\CC2530DB\..\..\..\.. #
#                          \..\COMPONENTS\MT\ -I C:\Users\ArnoldWorkStation\D #
#                          esktop\ZigbeeTest\Projects\zstack\Samples\SampleAp #
#                          p\CC2530DB\..\..\..\..\..\COMPONENTS\HAL\INCLUDE\  #
#                          -I C:\Users\ArnoldWorkStation\Desktop\ZigbeeTest\P #
#                          rojects\zstack\Samples\SampleApp\CC2530DB\..\..\.. #
#                          \..\..\COMPONENTS\HAL\TARGET\CC2530EB\ -I          #
#                          C:\Users\ArnoldWorkStation\Desktop\ZigbeeTest\Proj #
#                          ects\zstack\Samples\SampleApp\CC2530DB\..\..\..\.. #
#                          \..\COMPONENTS\OSAL\MCU\CCSOC\ -I                  #
#                          C:\Users\ArnoldWorkStation\Desktop\ZigbeeTest\Proj #
#                          ects\zstack\Samples\SampleApp\CC2530DB\..\..\..\.. #
#                          \..\COMPONENTS\OSAL\INCLUDE\ -I                    #
#                          C:\Users\ArnoldWorkStation\Desktop\ZigbeeTest\Proj #
#                          ects\zstack\Samples\SampleApp\CC2530DB\..\..\..\.. #
#                          \..\COMPONENTS\STACK\AF\ -I                        #
#                          C:\Users\ArnoldWorkStation\Desktop\ZigbeeTest\Proj #
#                          ects\zstack\Samples\SampleApp\CC2530DB\..\..\..\.. #
#                          \..\COMPONENTS\STACK\NWK\ -I                       #
#                          C:\Users\ArnoldWorkStation\Desktop\ZigbeeTest\Proj #
#                          ects\zstack\Samples\SampleApp\CC2530DB\..\..\..\.. #
#                          \..\COMPONENTS\STACK\SEC\ -I                       #
#                          C:\Users\ArnoldWorkStation\Desktop\ZigbeeTest\Proj #
#                          ects\zstack\Samples\SampleApp\CC2530DB\..\..\..\.. #
#                          \..\COMPONENTS\STACK\SAPI\ -I                      #
#                          C:\Users\ArnoldWorkStation\Desktop\ZigbeeTest\Proj #
#                          ects\zstack\Samples\SampleApp\CC2530DB\..\..\..\.. #
#                          \..\COMPONENTS\STACK\SYS\ -I                       #
#                          C:\Users\ArnoldWorkStation\Desktop\ZigbeeTest\Proj #
#                          ects\zstack\Samples\SampleApp\CC2530DB\..\..\..\.. #
#                          \..\COMPONENTS\STACK\ZDO\ -I                       #
#                          C:\Users\ArnoldWorkStation\Desktop\ZigbeeTest\Proj #
#                          ects\zstack\Samples\SampleApp\CC2530DB\..\..\..\.. #
#                          \..\COMPONENTS\ZMAC\F8W\ -I                        #
#                          C:\Users\ArnoldWorkStation\Desktop\ZigbeeTest\Proj #
#                          ects\zstack\Samples\SampleApp\CC2530DB\..\..\..\.. #
#                          \..\COMPONENTS\ZMAC\ -I C:\Users\ArnoldWorkStation #
#                          \Desktop\ZigbeeTest\Projects\zstack\Samples\Sample #
#                          App\CC2530DB\..\..\..\..\..\COMPONENTS\SERVICES\SA #
#                          DDR\ -I C:\Users\ArnoldWorkStation\Desktop\ZigbeeT #
#                          est\Projects\zstack\Samples\SampleApp\CC2530DB\..\ #
#                          ..\..\..\..\COMPONENTS\SERVICES\SDATA\ -I          #
#                          C:\Users\ArnoldWorkStation\Desktop\ZigbeeTest\Proj #
#                          ects\zstack\Samples\SampleApp\CC2530DB\..\..\..\.. #
#                          \..\COMPONENTS\MAC\INCLUDE\ -I                     #
#                          C:\Users\ArnoldWorkStation\Desktop\ZigbeeTest\Proj #
#                          ects\zstack\Samples\SampleApp\CC2530DB\..\..\..\.. #
#                          \..\COMPONENTS\MAC\HIGH_LEVEL\ -I                  #
#                          C:\Users\ArnoldWorkStation\Desktop\ZigbeeTest\Proj #
#                          ects\zstack\Samples\SampleApp\CC2530DB\..\..\..\.. #
#                          \..\COMPONENTS\MAC\LOW_LEVEL\srf04\ -I             #
#                          C:\Users\ArnoldWorkStation\Desktop\ZigbeeTest\Proj #
#                          ects\zstack\Samples\SampleApp\CC2530DB\..\..\..\.. #
#                          \..\COMPONENTS\MAC\LOW_LEVEL\srf04\SINGLE_CHIP\    #
#                          -On --require_prototypes                           #
#    List file          =  C:\Users\ArnoldWorkStation\Desktop\ZigbeeTest\Proj #
#                          ects\zstack\Samples\SampleApp\CC2530DB\PCCoordinat #
#                          orEBPro\List\MT.lst                                #
#    Object file        =  C:\Users\ArnoldWorkStation\Desktop\ZigbeeTest\Proj #
#                          ects\zstack\Samples\SampleApp\CC2530DB\PCCoordinat #
#                          orEBPro\Obj\MT.r51                                 #
#                                                                             #
#                                                                             #
###############################################################################

C:\Users\ArnoldWorkStation\Desktop\ZigbeeTest\Components\mt\MT.c
      1          /***************************************************************************************************
      2            Filename:       MTEL.c
      3            Revised:        $Date: 2009-10-28 00:05:19 -0700 (Wed, 28 Oct 2009) $
      4            Revision:       $Revision: 20998 $
      5          
      6            Description:    MonitorTest Event Loop functions.  Everything in the
      7                            MonitorTest Task (except the serial driver).
      8          
      9            Copyright 2007 Texas Instruments Incorporated. All rights reserved.
     10          
     11            IMPORTANT: Your use of this Software is limited to those specific rights
     12            granted under the terms of a software license agreement between the user
     13            who downloaded the software, his/her employer (which must be your employer)
     14            and Texas Instruments Incorporated (the "License").  You may not use this
     15            Software unless you agree to abide by the terms of the License. The License
     16            limits your use, and you acknowledge, that the Software may not be modified,
     17            copied or distributed unless embedded on a Texas Instruments microcontroller
     18            or used solely and exclusively in conjunction with a Texas Instruments radio
     19            frequency transceiver, which is integrated into your product.  Other than for
     20            the foregoing purpose, you may not use, reproduce, copy, prepare derivative
     21            works of, modify, distribute, perform, display or sell this Software and/or
     22            its documentation for any purpose.
     23          
     24            YOU FURTHER ACKNOWLEDGE AND AGREE THAT THE SOFTWARE AND DOCUMENTATION ARE
     25            PROVIDED “AS IS” WITHOUT WARRANTY OF ANY KIND, EITHER EXPRESS OR IMPLIED,
     26            INCLUDING WITHOUT LIMITATION, ANY WARRANTY OF MERCHANTABILITY, TITLE,
     27            NON-INFRINGEMENT AND FITNESS FOR A PARTICULAR PURPOSE. IN NO EVENT SHALL
     28            TEXAS INSTRUMENTS OR ITS LICENSORS BE LIABLE OR OBLIGATED UNDER CONTRACT,
     29            NEGLIGENCE, STRICT LIABILITY, CONTRIBUTION, BREACH OF WARRANTY, OR OTHER
     30            LEGAL EQUITABLE THEORY ANY DIRECT OR INDIRECT DAMAGES OR EXPENSES
     31            INCLUDING BUT NOT LIMITED TO ANY INCIDENTAL, SPECIAL, INDIRECT, PUNITIVE
     32            OR CONSEQUENTIAL DAMAGES, LOST PROFITS OR LOST DATA, COST OF PROCUREMENT
     33            OF SUBSTITUTE GOODS, TECHNOLOGY, SERVICES, OR ANY CLAIMS BY THIRD PARTIES
     34            (INCLUDING BUT NOT LIMITED TO ANY DEFENSE THEREOF), OR OTHER SIMILAR COSTS.
     35          
     36            Should you have any questions regarding your right to use this Software,
     37            contact Texas Instruments Incorporated at www.TI.com.
     38          
     39           ***************************************************************************************************/
     40          
     41          
     42          /***************************************************************************************************
     43           * INCLUDES
     44           ***************************************************************************************************/
     45          #include "ZComDef.h"
     46          #include "MT.h"
     47          #include "MT_APP.h"
     48          #include "MT_DEBUG.h"
     49          #include "MT_UTIL.h"
     50          #include "MT_SYS.h"
     51          #include "MT_SAPI.h"
     52          #include "AF.h"
     53          
     54          #include "OnBoard.h"
     55          #include "OSAL.h"
     56          #include "OSAL_Memory.h"
     57          #include "OSAL_Nv.h"
     58          
     59          #include "DebugTrace.h"
     60          #include "ZMAC.h"
     61          
     62          #if !defined ( NONWK )
     63            #include "NLMEDE.h"
     64            #include "nwk_bufs.h"
     65            #include "ZDObject.h"
     66            #include "ssp.h"
     67            #include "nwk_util.h"
     68          #endif
     69          
     70          #if defined( MT_MAC_FUNC ) || defined( MT_MAC_CB_FUNC )
     71            #include "MT_MAC.h"
     72          #endif
     73          #if defined( MT_NWK_FUNC ) || defined( MT_NWK_CB_FUNC )
     74            #include "MT_NWK.h"
     75            #include "nwk.h"
     76            #include "nwk_bufs.h"
     77          #endif
     78          #if defined( MT_AF_FUNC ) || defined( MT_AF_CB_FUNC )
     79            #include "MT_AF.h"
     80          #endif
     81          #if defined( MT_USER_TEST_FUNC )
     82            #include "AF.h"
     83          #endif
     84          #if defined( MT_ZDO_FUNC )
     85            #include "MT_ZDO.h"
     86          #endif
     87          #if defined (MT_SAPI_FUNC)
     88          	#include "MT_SAPI.h"
     89          #endif
     90          #if defined( APP_TP )
     91           #include "TestProfile.h"
     92          #endif
     93          #if defined( APP_TP2 )
     94           #include "TestProfile2.h"
     95          #endif
     96          
     97          #if defined(APP_TGEN)
     98            #include "TrafficGenApp.h"
     99          #endif
    100          #if defined(APP_DEBUG)
    101          	#include "DebugApp.h"
    102          #endif
    103          #if defined (NWK_TEST)
    104          	#include "HWTTApp.h"
    105          #endif
    106          
    107          /* HAL */
    108          #include "hal_uart.h"
    109          #include "hal_led.h"
    110          #include "hal_key.h"
    111          #include "MT_UART.h"
    112          
    113          /***************************************************************************************************
    114           * MACROS
    115           ***************************************************************************************************/
    116          #define MTEL_DEBUG_INFO( nParams, p1, p2, p3 ) DEBUG_INFO( COMPID_MTEL, nParams, p1, p2, p3 )
    117          
    118          #define MT_ERROR_SRSP_LEN   3
    119          
    120          /***************************************************************************************************
    121           * CONSTANTS
    122           ***************************************************************************************************/

   \                                 In  segment XDATA_Z, align 1, keep-with-next
    123          mtProcessMsg_t mtProcessIncoming[] =
   \                     mtProcessIncoming:
   \   000000                DS 20
   \   000014                REQUIRE __INIT_XDATA_Z
    124          {
    125            NULL,
    126          
    127          #if defined (MT_SYS_FUNC)
    128            MT_SysCommandProcessing,
    129          #else
    130            NULL,
    131          #endif
    132          
    133          #if defined (MT_MAC_FUNC)
    134            MT_MacCommandProcessing,
    135          #else
    136            NULL,
    137          #endif
    138          
    139          #if defined (MT_NWK_FUNC)
    140            MT_NwkCommandProcessing,
    141          #else
    142            NULL,
    143          #endif
    144          
    145          #if defined (MT_AF_FUNC)
    146            MT_AfCommandProcessing,
    147          #else
    148            NULL,
    149          #endif
    150          
    151          #if defined (MT_ZDO_FUNC)
    152            MT_ZdoCommandProcessing,
    153          #else
    154            NULL,
    155          #endif
    156          
    157          #if defined (MT_SAPI_FUNC)
    158            MT_SapiCommandProcessing,
    159          #else
    160            NULL,
    161          #endif
    162          
    163          #if defined (MT_UTIL_FUNC)
    164            MT_UtilCommandProcessing,
    165          #else
    166            NULL,
    167          #endif
    168          
    169          #if defined (MT_DEBUG_FUNC)
    170            MT_DebugCommandProcessing,
    171          #else
    172            NULL,
    173          #endif
    174          
    175          #if defined (MT_APP_FUNC)
    176            MT_AppCommandProcessing,
    177          #else
    178            NULL,
    179          #endif
    180          
    181          };
    182          
    183          /***************************************************************************************************
    184           * TYPEDEFS
    185           ***************************************************************************************************/
    186          
    187          /***************************************************************************************************
    188           * GLOBAL VARIABLES
    189           ***************************************************************************************************/

   \                                 In  segment XDATA_Z, align 1, keep-with-next
    190          UINT16 save_cmd;
   \                     save_cmd:
   \   000000                DS 2
   \   000002                REQUIRE __INIT_XDATA_Z
    191          

   \                                 In  segment XDATA_Z, align 1, keep-with-next
    192          byte MT_TaskID;
   \                     MT_TaskID:
   \   000000                DS 1
   \   000001                REQUIRE __INIT_XDATA_Z

   \                                 In  segment XDATA_Z, align 1, keep-with-next
    193          byte debugThreshold;
   \                     debugThreshold:
   \   000000                DS 1
   \   000001                REQUIRE __INIT_XDATA_Z

   \                                 In  segment XDATA_Z, align 1, keep-with-next
    194          byte debugCompId;
   \                     debugCompId:
   \   000000                DS 1
   \   000001                REQUIRE __INIT_XDATA_Z
    195          
    196          /***************************************************************************************************
    197           * EXTERNAL FUNCTIONS
    198           ***************************************************************************************************/
    199          extern unsigned int mac_sim_eventLoop( void );
    200          
    201          #ifdef MACSIM
    202          extern void MACSIM_TranslateMsg( byte *buf, byte bLen );  /*  Used to pass Zignet message */
    203          #endif
    204          
    205          
    206          /***************************************************************************************************
    207           * LOCAL VARIABLES
    208           ***************************************************************************************************/
    209          
    210          /***************************************************************************************************
    211           * LOCAL FUNCTIONS
    212           ***************************************************************************************************/
    213          void MT_MsgQueueInit( void );
    214          void MT_ResetMsgQueue( void );
    215          byte MT_QueueMsg( byte *msg , byte len );
    216          void MT_ProcessQueue( void );
    217          
    218          #if defined ( MT_USER_TEST_FUNC )
    219          void MT_ProcessAppUserCmd( byte *pData );
    220          #endif
    221          
    222          /***************************************************************************************************
    223           * @fn      MT_Init()
    224           *
    225           * @brief   Initialize MT.
    226           *
    227           * @param   uint8 taskId - taskId
    228           *
    229           * @return  void
    230           ***************************************************************************************************/

   \                                 In  segment BANKED_CODE, align 1, keep-with-next
    231          void MT_Init(uint8 taskID)
   \                     MT_Init:
    232          {
   \   000000   74F7         MOV     A,#-0x9
   \   000002   12....       LCALL   ?BANKED_ENTER_XDATA
   \   000005                ; Saved register size: 9
   \   000005                ; Auto size: 0
   \   000005   E9           MOV     A,R1
   \   000006   FE           MOV     R6,A
    233            MT_TaskID = taskID;
   \   000007   90....       MOV     DPTR,#MT_TaskID
   \   00000A   F0           MOVX    @DPTR,A
    234            debugThreshold = 0;
   \   00000B   90....       MOV     DPTR,#debugThreshold
   \   00000E   7400         MOV     A,#0x0
   \   000010   F0           MOVX    @DPTR,A
    235            debugCompId = 0;
   \   000011   90....       MOV     DPTR,#debugCompId
   \   000014   7400         MOV     A,#0x0
   \   000016   F0           MOVX    @DPTR,A
    236            
    237          #if defined (MT_ZDO_FUNC)
    238            MT_ZdoInit();
    239          #endif
    240            MT_SysResetInd();
   \   000017                ; Setup parameters for call to function MT_SysResetInd
   \   000017   12....       LCALL   ??MT_SysResetInd?relay
    241          }
   \   00001A   7F01         MOV     R7,#0x1
   \   00001C   02....       LJMP    ?BANKED_LEAVE_XDATA
    242          
    243          /***************************************************************************************************
    244           * @fn      MT_BuildSPIMsg
    245           *
    246           * @brief
    247           *
    248           *   Format an SPI message.
    249           *
    250           * @param   UINT16 cmd - command id
    251           * @param   byte *msg - pointer to message buffer
    252           * @param   byte dataLen - length of data field
    253           * @param   byte *pData - pointer to data field
    254           *
    255           * @return  void
    256           ***************************************************************************************************/

   \                                 In  segment BANKED_CODE, align 1, keep-with-next
    257          void MT_BuildSPIMsg( uint8 cmdType, uint8 cmdId, byte *msg, byte dataLen, byte *pData )
   \                     MT_BuildSPIMsg:
    258          {
   \   000000   74F0         MOV     A,#-0x10
   \   000002   12....       LCALL   ?BANKED_ENTER_XDATA
   \   000005                ; Saved register size: 16
   \   000005                ; Auto size: 0
   \   000005   89..         MOV     ?V0 + 2,R1
   \   000007   8A..         MOV     ?V0 + 3,R2
   \   000009   EC           MOV     A,R4
   \   00000A   FE           MOV     R6,A
   \   00000B   ED           MOV     A,R5
   \   00000C   FF           MOV     R7,A
   \   00000D   8B..         MOV     ?V0 + 7,R3
   \   00000F   7410         MOV     A,#0x10
   \   000011   12....       LCALL   ?XSTACK_DISP0_8
   \   000014   E0           MOVX    A,@DPTR
   \   000015   F5..         MOV     ?V0 + 0,A
   \   000017   A3           INC     DPTR
   \   000018   E0           MOVX    A,@DPTR
   \   000019   F5..         MOV     ?V0 + 1,A
    259            /* Fill in the CMD and Data Length */
    260            *msg++ = dataLen;
   \   00001B   E5..         MOV     A,?V0 + 7
   \   00001D   8E82         MOV     DPL,R6
   \   00001F   8F83         MOV     DPH,R7
   \   000021   E5..         MOV     A,?V0 + 7
   \   000023   F0           MOVX    @DPTR,A
   \   000024   8E82         MOV     DPL,R6
   \   000026   8F83         MOV     DPH,R7
   \   000028   A3           INC     DPTR
   \   000029   AE82         MOV     R6,DPL
   \   00002B   AF83         MOV     R7,DPH
    261            *msg++ = cmdType;
   \   00002D   E5..         MOV     A,?V0 + 2
   \   00002F   8E82         MOV     DPL,R6
   \   000031   8F83         MOV     DPH,R7
   \   000033   E5..         MOV     A,?V0 + 2
   \   000035   F0           MOVX    @DPTR,A
   \   000036   8E82         MOV     DPL,R6
   \   000038   8F83         MOV     DPH,R7
   \   00003A   A3           INC     DPTR
   \   00003B   AE82         MOV     R6,DPL
   \   00003D   AF83         MOV     R7,DPH
    262            *msg++ = cmdId;
   \   00003F   E5..         MOV     A,?V0 + 3
   \   000041   8E82         MOV     DPL,R6
   \   000043   8F83         MOV     DPH,R7
   \   000045   E5..         MOV     A,?V0 + 3
   \   000047   F0           MOVX    @DPTR,A
   \   000048   8E82         MOV     DPL,R6
   \   00004A   8F83         MOV     DPH,R7
   \   00004C   A3           INC     DPTR
   \   00004D   AE82         MOV     R6,DPL
   \   00004F   AF83         MOV     R7,DPH
    263          
    264            /* Fill in the data */
    265            if ( pData )
   \   000051   E5..         MOV     A,?V0 + 0
   \   000053   45..         ORL     A,?V0 + 1
   \   000055   6024         JZ      ??MT_BuildSPIMsg_0
    266            {
    267              osal_memcpy( msg, pData, dataLen );
   \   000057                ; Setup parameters for call to function osal_memcpy
   \   000057   85....       MOV     ?V0 + 4,?V0 + 0
   \   00005A   85....       MOV     ?V0 + 5,?V0 + 1
   \   00005D   75..00       MOV     ?V0 + 6,#0x0
   \   000060   78..         MOV     R0,#?V0 + 4
   \   000062   12....       LCALL   ?PUSH_XSTACK_I_THREE
   \   000065   85....       MOV     ?V0 + 4,?V0 + 7
   \   000068   75..00       MOV     ?V0 + 5,#0x0
   \   00006B   AC..         MOV     R4,?V0 + 4
   \   00006D   AD..         MOV     R5,?V0 + 5
   \   00006F   EE           MOV     A,R6
   \   000070   FA           MOV     R2,A
   \   000071   EF           MOV     A,R7
   \   000072   FB           MOV     R3,A
   \   000073   12....       LCALL   ??osal_memcpy?relay
   \   000076   7403         MOV     A,#0x3
   \   000078   12....       LCALL   ?DEALLOC_XSTACK8
    268            }
    269          }
   \                     ??MT_BuildSPIMsg_0:
   \   00007B   7F08         MOV     R7,#0x8
   \   00007D   02....       LJMP    ?BANKED_LEAVE_XDATA
    270          
    271          /***************************************************************************************************
    272           * @fn      MT_BuildAndSendZToolResponse
    273           *
    274           * @brief   Build and send a ZTOOL msg
    275           * @param   uint8 cmdType - include type and subsystem
    276           *          uint8 cmdId - command ID
    277           *          byte dataLen
    278           *          byte *pData
    279           *
    280           * @return  void
    281           ***************************************************************************************************/

   \                                 In  segment BANKED_CODE, align 1, keep-with-next
    282          void MT_BuildAndSendZToolResponse(uint8 cmdType, uint8 cmdId, uint8 dataLen, uint8 *pData)
   \                     MT_BuildAndSendZToolResponse:
    283          {
   \   000000   74F0         MOV     A,#-0x10
   \   000002   12....       LCALL   ?BANKED_ENTER_XDATA
   \   000005                ; Saved register size: 16
   \   000005                ; Auto size: 0
   \   000005   89..         MOV     ?V0 + 1,R1
   \   000007   8A..         MOV     ?V0 + 4,R2
   \   000009   8B..         MOV     ?V0 + 0,R3
   \   00000B   8C..         MOV     ?V0 + 2,R4
   \   00000D   8D..         MOV     ?V0 + 3,R5
    284            uint8 *msg_ptr;
    285          
    286            /* Allocate memory including SOP and FCS */
    287            msg_ptr = MT_TransportAlloc((mtRpcCmdType_t)(cmdType & 0xE0), dataLen);
   \   00000F                ; Setup parameters for call to function MT_TransportAlloc
   \   00000F   AA..         MOV     R2,?V0 + 0
   \   000011   74E0         MOV     A,#-0x20
   \   000013   55..         ANL     A,?V0 + 1
   \   000015   F9           MOV     R1,A
   \   000016   12....       LCALL   ??MT_TransportAlloc?relay
   \   000019   8A..         MOV     ?V0 + 6,R2
   \   00001B   8B..         MOV     ?V0 + 7,R3
   \   00001D   AE..         MOV     R6,?V0 + 6
   \   00001F   AF..         MOV     R7,?V0 + 7
    288          
    289            if (msg_ptr)
   \   000021   EE           MOV     A,R6
   \   000022   4F           ORL     A,R7
   \   000023   601E         JZ      ??MT_BuildAndSendZToolResponse_0
    290            {
    291              /* Build the message */
    292              MT_BuildSPIMsg(cmdType, cmdId, msg_ptr, dataLen, pData);
   \   000025                ; Setup parameters for call to function MT_BuildSPIMsg
   \   000025   78..         MOV     R0,#?V0 + 2
   \   000027   12....       LCALL   ?PUSH_XSTACK_I_TWO
   \   00002A   AB..         MOV     R3,?V0 + 0
   \   00002C   EE           MOV     A,R6
   \   00002D   FC           MOV     R4,A
   \   00002E   EF           MOV     A,R7
   \   00002F   FD           MOV     R5,A
   \   000030   AA..         MOV     R2,?V0 + 4
   \   000032   A9..         MOV     R1,?V0 + 1
   \   000034   12....       LCALL   ??MT_BuildSPIMsg?relay
   \   000037   7402         MOV     A,#0x2
   \   000039   12....       LCALL   ?DEALLOC_XSTACK8
    293              /* Send out the msg */
    294              MT_TransportSend(msg_ptr);
   \   00003C                ; Setup parameters for call to function MT_TransportSend
   \   00003C   EE           MOV     A,R6
   \   00003D   FA           MOV     R2,A
   \   00003E   EF           MOV     A,R7
   \   00003F   FB           MOV     R3,A
   \   000040   12....       LCALL   ??MT_TransportSend?relay
    295            }
    296          }
   \                     ??MT_BuildAndSendZToolResponse_0:
   \   000043   7F08         MOV     R7,#0x8
   \   000045   02....       LJMP    ?BANKED_LEAVE_XDATA
    297          
    298          /***************************************************************************************************
    299           * @fn      MT_ProcessIncoming
    300           *
    301           * @brief  Process Incoming Message.
    302           *
    303           * @param   byte *pBuf - pointer to event message
    304           *
    305           * @return  void
    306           ***************************************************************************************************/

   \                                 In  segment BANKED_CODE, align 1, keep-with-next
    307          void MT_ProcessIncoming(uint8 *pBuf)
   \                     MT_ProcessIncoming:
    308          {
   \   000000   74F6         MOV     A,#-0xa
   \   000002   12....       LCALL   ?BANKED_ENTER_XDATA
   \   000005                ; Saved register size: 10
   \   000005                ; Auto size: 3
   \   000005   74FD         MOV     A,#-0x3
   \   000007   12....       LCALL   ?ALLOC_XSTACK8
   \   00000A   EA           MOV     A,R2
   \   00000B   FE           MOV     R6,A
   \   00000C   EB           MOV     A,R3
   \   00000D   FF           MOV     R7,A
    309            mtProcessMsg_t  func;
    310            uint8           rsp[MT_ERROR_SRSP_LEN];
    311          
    312            /* pre-build response message:  | status | cmd0 | cmd1 | */
    313            rsp[1] = pBuf[MT_RPC_POS_CMD0];
   \   00000E   8E82         MOV     DPL,R6
   \   000010   8F83         MOV     DPH,R7
   \   000012   A3           INC     DPTR
   \   000013   E0           MOVX    A,@DPTR
   \   000014   C0E0         PUSH    A
   \   000016   7401         MOV     A,#0x1
   \   000018   12....       LCALL   ?XSTACK_DISP0_8
   \   00001B   D0E0         POP     A
   \   00001D   F0           MOVX    @DPTR,A
    314            rsp[2] = pBuf[MT_RPC_POS_CMD1];
   \   00001E   8E82         MOV     DPL,R6
   \   000020   8F83         MOV     DPH,R7
   \   000022   A3           INC     DPTR
   \   000023   A3           INC     DPTR
   \   000024   E0           MOVX    A,@DPTR
   \   000025   C0E0         PUSH    A
   \   000027   7402         MOV     A,#0x2
   \   000029   12....       LCALL   ?XSTACK_DISP0_8
   \   00002C   D0E0         POP     A
   \   00002E   F0           MOVX    @DPTR,A
    315          
    316            /* check length */
    317            if (pBuf[MT_RPC_POS_LEN] > MT_RPC_DATA_MAX)
   \   00002F   8E82         MOV     DPL,R6
   \   000031   8F83         MOV     DPH,R7
   \   000033   E0           MOVX    A,@DPTR
   \   000034   C3           CLR     C
   \   000035   94FE         SUBB    A,#-0x2
   \   000037   400B         JC      ??MT_ProcessIncoming_0
    318            {
    319              rsp[0] = MT_RPC_ERR_LENGTH;
   \   000039   85..82       MOV     DPL,?XSP + 0
   \   00003C   85..83       MOV     DPH,?XSP + 1
   \   00003F   7404         MOV     A,#0x4
   \   000041   F0           MOVX    @DPTR,A
   \   000042   8076         SJMP    ??MT_ProcessIncoming_1
    320            }
    321            /* check subsystem range */
    322            else if ((rsp[1] & MT_RPC_SUBSYSTEM_MASK) < MT_RPC_SYS_MAX)
   \                     ??MT_ProcessIncoming_0:
   \   000044   7401         MOV     A,#0x1
   \   000046   12....       LCALL   ?XSTACK_DISP0_8
   \   000049   E0           MOVX    A,@DPTR
   \   00004A   541F         ANL     A,#0x1f
   \   00004C   C3           CLR     C
   \   00004D   940A         SUBB    A,#0xa
   \   00004F   5060         JNC     ??MT_ProcessIncoming_2
    323            {
    324              /* look up processing function */
    325              func = mtProcessIncoming[rsp[1] & MT_RPC_SUBSYSTEM_MASK];
   \   000051   7401         MOV     A,#0x1
   \   000053   12....       LCALL   ?XSTACK_DISP0_8
   \   000056   E0           MOVX    A,@DPTR
   \   000057   F8           MOV     R0,A
   \   000058   7900         MOV     R1,#0x0
   \   00005A   541F         ANL     A,#0x1f
   \   00005C   F8           MOV     R0,A
   \   00005D   E9           MOV     A,R1
   \   00005E   5400         ANL     A,#0x0
   \   000060   F9           MOV     R1,A
   \   000061   E8           MOV     A,R0
   \   000062   75F002       MOV     B,#0x2
   \   000065   A4           MUL     AB
   \   000066   C8           XCH     A,R0
   \   000067   AAF0         MOV     R2,B
   \   000069   75F000       MOV     B,#0x0
   \   00006C   A4           MUL     AB
   \   00006D   2A           ADD     A,R2
   \   00006E   FA           MOV     R2,A
   \   00006F   75F002       MOV     B,#0x2
   \   000072   E9           MOV     A,R1
   \   000073   A4           MUL     AB
   \   000074   2A           ADD     A,R2
   \   000075   F9           MOV     R1,A
   \   000076   74..         MOV     A,#mtProcessIncoming & 0xff
   \   000078   28           ADD     A,R0
   \   000079   F582         MOV     DPL,A
   \   00007B   74..         MOV     A,#(mtProcessIncoming >> 8) & 0xff
   \   00007D   39           ADDC    A,R1
   \   00007E   F583         MOV     DPH,A
   \   000080   E0           MOVX    A,@DPTR
   \   000081   F8           MOV     R0,A
   \   000082   A3           INC     DPTR
   \   000083   E0           MOVX    A,@DPTR
   \   000084   F9           MOV     R1,A
   \   000085   88..         MOV     ?V0 + 0,R0
   \   000087   89..         MOV     ?V0 + 1,R1
    326              if (func)
   \   000089   E5..         MOV     A,?V0 + 0
   \   00008B   45..         ORL     A,?V0 + 1
   \   00008D   6017         JZ      ??MT_ProcessIncoming_3
    327              {
    328                /* execute processing function */
    329                rsp[0] = (*func)(pBuf);
   \   00008F                ; Setup parameters for indirect call
   \   00008F   EE           MOV     A,R6
   \   000090   FA           MOV     R2,A
   \   000091   EF           MOV     A,R7
   \   000092   FB           MOV     R3,A
   \   000093   85..82       MOV     DPL,?V0 + 0
   \   000096   85..83       MOV     DPH,?V0 + 1
   \   000099   12....       LCALL   ?CALL_IND
   \   00009C   E9           MOV     A,R1
   \   00009D   85..82       MOV     DPL,?XSP + 0
   \   0000A0   85..83       MOV     DPH,?XSP + 1
   \   0000A3   F0           MOVX    @DPTR,A
   \   0000A4   8014         SJMP    ??MT_ProcessIncoming_1
    330              }
    331              else
    332              {
    333                rsp[0] = MT_RPC_ERR_SUBSYSTEM;
   \                     ??MT_ProcessIncoming_3:
   \   0000A6   85..82       MOV     DPL,?XSP + 0
   \   0000A9   85..83       MOV     DPH,?XSP + 1
   \   0000AC   7401         MOV     A,#0x1
   \   0000AE   F0           MOVX    @DPTR,A
   \   0000AF   8009         SJMP    ??MT_ProcessIncoming_1
    334              }
    335            }
    336            else
    337            {
    338              rsp[0] = MT_RPC_ERR_SUBSYSTEM;
   \                     ??MT_ProcessIncoming_2:
   \   0000B1   85..82       MOV     DPL,?XSP + 0
   \   0000B4   85..83       MOV     DPH,?XSP + 1
   \   0000B7   7401         MOV     A,#0x1
   \   0000B9   F0           MOVX    @DPTR,A
    339            }
    340          
    341            /* if error and this was an SREQ, send error message */
    342            if ((rsp[0] != MT_RPC_SUCCESS) && ((rsp[1] & MT_RPC_CMD_TYPE_MASK) == MT_RPC_CMD_SREQ))
   \                     ??MT_ProcessIncoming_1:
   \   0000BA   85..82       MOV     DPL,?XSP + 0
   \   0000BD   85..83       MOV     DPH,?XSP + 1
   \   0000C0   E0           MOVX    A,@DPTR
   \   0000C1   601F         JZ      ??MT_ProcessIncoming_4
   \   0000C3   7401         MOV     A,#0x1
   \   0000C5   12....       LCALL   ?XSTACK_DISP0_8
   \   0000C8   E0           MOVX    A,@DPTR
   \   0000C9   54E0         ANL     A,#0xe0
   \   0000CB   6420         XRL     A,#0x20
   \   0000CD   7013         JNZ     ??MT_ProcessIncoming_4
    343            {
    344              MT_BuildAndSendZToolResponse(((uint8)MT_RPC_CMD_SRSP | (uint8)MT_RPC_SYS_RES0), 0, MT_ERROR_SRSP_LEN, rsp);
   \   0000CF                ; Setup parameters for call to function MT_BuildAndSendZToolResponse
   \   0000CF   85..82       MOV     DPL,?XSP + 0
   \   0000D2   85..83       MOV     DPH,?XSP + 1
   \   0000D5   AC82         MOV     R4,DPL
   \   0000D7   AD83         MOV     R5,DPH
   \   0000D9   7B03         MOV     R3,#0x3
   \   0000DB   7A00         MOV     R2,#0x0
   \   0000DD   7960         MOV     R1,#0x60
   \   0000DF   12....       LCALL   ??MT_BuildAndSendZToolResponse?relay
    345            }
    346          }
   \                     ??MT_ProcessIncoming_4:
   \   0000E2   7403         MOV     A,#0x3
   \   0000E4   12....       LCALL   ?DEALLOC_XSTACK8
   \   0000E7   7F02         MOV     R7,#0x2
   \   0000E9   02....       LJMP    ?BANKED_LEAVE_XDATA
    347          
    348          
    349          /***************************************************************************************************
    350           * @fn      MTProcessAppRspMsg
    351           *
    352           * @brief   Process the User App Response Message
    353           *
    354           * @param   data - output serial buffer.  The first byte must be the
    355           *          endpoint that send this message.
    356           * @param   len - data length
    357           *
    358           * @return  none
    359           ***************************************************************************************************/

   \                                 In  segment BANKED_CODE, align 1, keep-with-next
    360          void MTProcessAppRspMsg( byte *pData, byte len )
   \                     MTProcessAppRspMsg:
    361          {
   \   000000   74F7         MOV     A,#-0x9
   \   000002   12....       LCALL   ?BANKED_ENTER_XDATA
   \   000005                ; Saved register size: 9
   \   000005                ; Auto size: 0
   \   000005   EA           MOV     A,R2
   \   000006   FE           MOV     R6,A
   \   000007   EB           MOV     A,R3
   \   000008   FF           MOV     R7,A
   \   000009   89..         MOV     ?V0 + 0,R1
    362            /* Send out Reset Response message */
    363            MT_BuildAndSendZToolResponse( ((uint8)MT_RPC_CMD_SRSP | (uint8)MT_RPC_SYS_APP), MT_APP_RSP, len, pData );
   \   00000B                ; Setup parameters for call to function MT_BuildAndSendZToolResponse
   \   00000B   EE           MOV     A,R6
   \   00000C   FC           MOV     R4,A
   \   00000D   EF           MOV     A,R7
   \   00000E   FD           MOV     R5,A
   \   00000F   AB..         MOV     R3,?V0 + 0
   \   000011   7A80         MOV     R2,#-0x80
   \   000013   7969         MOV     R1,#0x69
   \   000015   12....       LCALL   ??MT_BuildAndSendZToolResponse?relay
    364          }
   \   000018   7F01         MOV     R7,#0x1
   \   00001A   02....       LJMP    ?BANKED_LEAVE_XDATA
    365          
    366          
    367          /***************************************************************************************************
    368           * @fn      MT_ReverseBytes
    369           *
    370           * @brief
    371           *
    372           *   Reverses bytes within an array
    373           *
    374           * @param   data - ptr to data buffer to reverse
    375           * @param    len - number of bytes in buffer
    376           *
    377           * @return  void
    378           ***************************************************************************************************/

   \                                 In  segment BANKED_CODE, align 1, keep-with-next
    379          void MT_ReverseBytes( byte *pData, byte len )
   \                     MT_ReverseBytes:
    380          {
   \   000000   74F6         MOV     A,#-0xa
   \   000002   12....       LCALL   ?BANKED_ENTER_XDATA
   \   000005                ; Saved register size: 10
   \   000005                ; Auto size: 0
    381            byte i,j;
    382            byte temp;
    383          
    384            for ( i = 0, j = len-1; len > 1; len-=2 )
   \   000005   7C00         MOV     R4,#0x0
   \   000007   74FF         MOV     A,#-0x1
   \   000009   29           ADD     A,R1
   \   00000A   F8           MOV     R0,A
   \                     ??MT_ReverseBytes_0:
   \   00000B   E9           MOV     A,R1
   \   00000C   C3           CLR     C
   \   00000D   9402         SUBB    A,#0x2
   \   00000F   4052         JC      ??MT_ReverseBytes_1
    385            {
    386              temp = pData[i];
   \   000011   8C..         MOV     ?V0 + 0,R4
   \   000013   75..00       MOV     ?V0 + 1,#0x0
   \   000016   EA           MOV     A,R2
   \   000017   25..         ADD     A,?V0 + 0
   \   000019   F582         MOV     DPL,A
   \   00001B   EB           MOV     A,R3
   \   00001C   35..         ADDC    A,?V0 + 1
   \   00001E   F583         MOV     DPH,A
   \   000020   E0           MOVX    A,@DPTR
   \   000021   FD           MOV     R5,A
    387              pData[i++] = pData[j];
   \   000022   88..         MOV     ?V0 + 0,R0
   \   000024   75..00       MOV     ?V0 + 1,#0x0
   \   000027   EA           MOV     A,R2
   \   000028   25..         ADD     A,?V0 + 0
   \   00002A   F582         MOV     DPL,A
   \   00002C   EB           MOV     A,R3
   \   00002D   35..         ADDC    A,?V0 + 1
   \   00002F   F583         MOV     DPH,A
   \   000031   E0           MOVX    A,@DPTR
   \   000032   C0E0         PUSH    A
   \   000034   8C..         MOV     ?V0 + 0,R4
   \   000036   75..00       MOV     ?V0 + 1,#0x0
   \   000039   EA           MOV     A,R2
   \   00003A   25..         ADD     A,?V0 + 0
   \   00003C   F582         MOV     DPL,A
   \   00003E   EB           MOV     A,R3
   \   00003F   35..         ADDC    A,?V0 + 1
   \   000041   F583         MOV     DPH,A
   \   000043   D0E0         POP     A
   \   000045   F0           MOVX    @DPTR,A
   \   000046   0C           INC     R4
    388              pData[j--] = temp;
   \   000047   ED           MOV     A,R5
   \   000048   C0E0         PUSH    A
   \   00004A   88..         MOV     ?V0 + 0,R0
   \   00004C   75..00       MOV     ?V0 + 1,#0x0
   \   00004F   EA           MOV     A,R2
   \   000050   25..         ADD     A,?V0 + 0
   \   000052   F582         MOV     DPL,A
   \   000054   EB           MOV     A,R3
   \   000055   35..         ADDC    A,?V0 + 1
   \   000057   F583         MOV     DPH,A
   \   000059   D0E0         POP     A
   \   00005B   F0           MOVX    @DPTR,A
   \   00005C   18           DEC     R0
    389            }
   \   00005D   74FE         MOV     A,#-0x2
   \   00005F   29           ADD     A,R1
   \   000060   F9           MOV     R1,A
   \   000061   80A8         SJMP    ??MT_ReverseBytes_0
    390          }
   \                     ??MT_ReverseBytes_1:
   \   000063   7F02         MOV     R7,#0x2
   \   000065   02....       LJMP    ?BANKED_LEAVE_XDATA
    391          
    392          
    393          /***************************************************************************************************
    394           * @fn      MT_Word2Buf
    395           *
    396           * @brief   Copy a uint16 array to a byte array, little endian.
    397           *
    398           * @param   pBuf - byte array
    399           * @param   pWord - uint16 array
    400           * @param   len - length of uint16 array
    401           *
    402           * @return  pointer to end of byte array
    403           ***************************************************************************************************/

   \                                 In  segment BANKED_CODE, align 1, keep-with-next
    404          uint8 *MT_Word2Buf( uint8 *pBuf, uint16 *pWord, uint8 len )
   \                     MT_Word2Buf:
    405          {
   \   000000   74F7         MOV     A,#-0x9
   \   000002   12....       LCALL   ?BANKED_ENTER_XDATA
   \   000005                ; Saved register size: 9
   \   000005                ; Auto size: 0
    406            while ( len-- > 0 )
   \                     ??MT_Word2Buf_0:
   \   000005   E9           MOV     A,R1
   \   000006   F8           MOV     R0,A
   \   000007   74FF         MOV     A,#-0x1
   \   000009   28           ADD     A,R0
   \   00000A   F9           MOV     R1,A
   \   00000B   E8           MOV     A,R0
   \   00000C   C3           CLR     C
   \   00000D   9401         SUBB    A,#0x1
   \   00000F   403C         JC      ??MT_Word2Buf_1
    407            {
    408              *pBuf++ = LO_UINT16( *pWord );
   \   000011   8C82         MOV     DPL,R4
   \   000013   8D83         MOV     DPH,R5
   \   000015   E0           MOVX    A,@DPTR
   \   000016   FE           MOV     R6,A
   \   000017   A3           INC     DPTR
   \   000018   E0           MOVX    A,@DPTR
   \   000019   FF           MOV     R7,A
   \   00001A   EE           MOV     A,R6
   \   00001B   8A82         MOV     DPL,R2
   \   00001D   8B83         MOV     DPH,R3
   \   00001F   F0           MOVX    @DPTR,A
   \   000020   8A82         MOV     DPL,R2
   \   000022   8B83         MOV     DPH,R3
   \   000024   A3           INC     DPTR
   \   000025   AA82         MOV     R2,DPL
   \   000027   AB83         MOV     R3,DPH
    409              *pBuf++ = HI_UINT16( *pWord );
   \   000029   8C82         MOV     DPL,R4
   \   00002B   8D83         MOV     DPH,R5
   \   00002D   E0           MOVX    A,@DPTR
   \   00002E   FE           MOV     R6,A
   \   00002F   A3           INC     DPTR
   \   000030   E0           MOVX    A,@DPTR
   \   000031   FF           MOV     R7,A
   \   000032   E4           CLR     A
   \   000033   EF           MOV     A,R7
   \   000034   FE           MOV     R6,A
   \   000035   8A82         MOV     DPL,R2
   \   000037   8B83         MOV     DPH,R3
   \   000039   F0           MOVX    @DPTR,A
   \   00003A   8A82         MOV     DPL,R2
   \   00003C   8B83         MOV     DPH,R3
   \   00003E   A3           INC     DPTR
   \   00003F   AA82         MOV     R2,DPL
   \   000041   AB83         MOV     R3,DPH
    410              pWord++;
   \   000043   EC           MOV     A,R4
   \   000044   2402         ADD     A,#0x2
   \   000046   FC           MOV     R4,A
   \   000047   ED           MOV     A,R5
   \   000048   3400         ADDC    A,#0x0
   \   00004A   FD           MOV     R5,A
   \   00004B   80B8         SJMP    ??MT_Word2Buf_0
    411            }
    412          
    413            return pBuf;
   \                     ??MT_Word2Buf_1:
   \   00004D   7F01         MOV     R7,#0x1
   \   00004F   02....       LJMP    ?BANKED_LEAVE_XDATA
    414          }
    415          /***************************************************************************************************
    416           * @fn      MT_BuildEndpointDesc
    417           *
    418           * @brief   Build endpoint descriptor and simple descriptor structure from incoming buffer
    419           *
    420           * @param   pBuf - byte array
    421           *
    422           * @return  epDesc - pointer to the endpoint descriptor
    423           ***************************************************************************************************/

   \                                 In  segment BANKED_CODE, align 1, keep-with-next
    424          uint8 MT_BuildEndpointDesc( uint8 *pBuf, void *param )
   \                     MT_BuildEndpointDesc:
    425          {
   \   000000   74F0         MOV     A,#-0x10
   \   000002   12....       LCALL   ?BANKED_ENTER_XDATA
   \   000005                ; Saved register size: 16
   \   000005                ; Auto size: 0
   \   000005   EA           MOV     A,R2
   \   000006   FE           MOV     R6,A
   \   000007   EB           MOV     A,R3
   \   000008   FF           MOV     R7,A
   \   000009   8C..         MOV     ?V0 + 4,R4
   \   00000B   8D..         MOV     ?V0 + 5,R5
    426            uint8 i;
    427            uint8 ret = ZSuccess;
   \   00000D   75..00       MOV     ?V0 + 3,#0x0
    428            endPointDesc_t *epDesc;
    429          
    430            epDesc = (endPointDesc_t *)param;
   \   000010   85....       MOV     ?V0 + 0,?V0 + 4
   \   000013   85....       MOV     ?V0 + 1,?V0 + 5
    431            /* check if this endpoint is already registered */
    432            if ( afFindEndPointDesc( *pBuf ) != NULL )
   \   000016                ; Setup parameters for call to function afFindEndPointDesc
   \   000016   8E82         MOV     DPL,R6
   \   000018   8F83         MOV     DPH,R7
   \   00001A   E0           MOVX    A,@DPTR
   \   00001B   F9           MOV     R1,A
   \   00001C   12....       LCALL   ??afFindEndPointDesc?relay
   \   00001F   8A..         MOV     ?V0 + 6,R2
   \   000021   8B..         MOV     ?V0 + 7,R3
   \   000023   E5..         MOV     A,?V0 + 6
   \   000025   45..         ORL     A,?V0 + 7
   \   000027   6006         JZ      ??MT_BuildEndpointDesc_0
    433            {
    434              ret = ZApsDuplicateEntry;
   \   000029   75..B8       MOV     ?V0 + 3,#-0x48
   \   00002C   02....       LJMP    ??MT_BuildEndpointDesc_1 & 0xFFFF
    435            }
    436            else if ( epDesc )
   \                     ??MT_BuildEndpointDesc_0:
   \   00002F   E5..         MOV     A,?V0 + 0
   \   000031   45..         ORL     A,?V0 + 1
   \   000033   7003         JNZ     $+5
   \   000035   02....       LJMP    ??MT_BuildEndpointDesc_1 & 0xFFFF
    437            {
    438              epDesc->endPoint = *pBuf;
   \   000038   8E82         MOV     DPL,R6
   \   00003A   8F83         MOV     DPH,R7
   \   00003C   E0           MOVX    A,@DPTR
   \   00003D   85..82       MOV     DPL,?V0 + 0
   \   000040   85..83       MOV     DPH,?V0 + 1
   \   000043   F0           MOVX    @DPTR,A
    439          
    440              /* Ignore the latency reqs */
    441              epDesc->latencyReq = noLatencyReqs;
   \   000044   85..82       MOV     DPL,?V0 + 0
   \   000047   85..83       MOV     DPH,?V0 + 1
   \   00004A   A3           INC     DPTR
   \   00004B   A3           INC     DPTR
   \   00004C   A3           INC     DPTR
   \   00004D   A3           INC     DPTR
   \   00004E   A3           INC     DPTR
   \   00004F   7400         MOV     A,#0x0
   \   000051   F0           MOVX    @DPTR,A
    442          
    443              /* allocate memory for the simple descriptor */
    444              epDesc->simpleDesc = (SimpleDescriptionFormat_t *) osal_mem_alloc(sizeof(SimpleDescriptionFormat_t));
   \   000052                ; Setup parameters for call to function osal_mem_alloc
   \   000052   7A0C         MOV     R2,#0xc
   \   000054   7B00         MOV     R3,#0x0
   \   000056   12....       LCALL   ??osal_mem_alloc?relay
   \   000059   85..82       MOV     DPL,?V0 + 0
   \   00005C   85..83       MOV     DPH,?V0 + 1
   \   00005F   A3           INC     DPTR
   \   000060   A3           INC     DPTR
   \   000061   A3           INC     DPTR
   \   000062   EA           MOV     A,R2
   \   000063   F0           MOVX    @DPTR,A
   \   000064   A3           INC     DPTR
   \   000065   EB           MOV     A,R3
   \   000066   F0           MOVX    @DPTR,A
    445              if (epDesc->simpleDesc)
   \   000067   85..82       MOV     DPL,?V0 + 0
   \   00006A   85..83       MOV     DPH,?V0 + 1
   \   00006D   A3           INC     DPTR
   \   00006E   A3           INC     DPTR
   \   00006F   A3           INC     DPTR
   \   000070   E0           MOVX    A,@DPTR
   \   000071   F8           MOV     R0,A
   \   000072   A3           INC     DPTR
   \   000073   E0           MOVX    A,@DPTR
   \   000074   F9           MOV     R1,A
   \   000075   E8           MOV     A,R0
   \   000076   49           ORL     A,R1
   \   000077   7003         JNZ     $+5
   \   000079   02....       LJMP    ??MT_BuildEndpointDesc_2 & 0xFFFF
    446              {
    447                /* Endpoint */
    448                epDesc->simpleDesc->EndPoint = *pBuf++;
   \   00007C   8E82         MOV     DPL,R6
   \   00007E   8F83         MOV     DPH,R7
   \   000080   E0           MOVX    A,@DPTR
   \   000081   C0E0         PUSH    A
   \   000083   85..82       MOV     DPL,?V0 + 0
   \   000086   85..83       MOV     DPH,?V0 + 1
   \   000089   A3           INC     DPTR
   \   00008A   A3           INC     DPTR
   \   00008B   A3           INC     DPTR
   \   00008C   E0           MOVX    A,@DPTR
   \   00008D   F8           MOV     R0,A
   \   00008E   A3           INC     DPTR
   \   00008F   E0           MOVX    A,@DPTR
   \   000090   F583         MOV     DPH,A
   \   000092   8882         MOV     DPL,R0
   \   000094   D0E0         POP     A
   \   000096   F0           MOVX    @DPTR,A
   \   000097   8E82         MOV     DPL,R6
   \   000099   8F83         MOV     DPH,R7
   \   00009B   A3           INC     DPTR
   \   00009C   AE82         MOV     R6,DPL
   \   00009E   AF83         MOV     R7,DPH
    449          
    450                /* AppProfId */
    451                epDesc->simpleDesc->AppProfId = BUILD_UINT16(pBuf[0], pBuf[1]);
   \   0000A0   8E82         MOV     DPL,R6
   \   0000A2   8F83         MOV     DPH,R7
   \   0000A4   E0           MOVX    A,@DPTR
   \   0000A5   FA           MOV     R2,A
   \   0000A6   7B00         MOV     R3,#0x0
   \   0000A8   8E82         MOV     DPL,R6
   \   0000AA   8F83         MOV     DPH,R7
   \   0000AC   A3           INC     DPTR
   \   0000AD   E0           MOVX    A,@DPTR
   \   0000AE   F8           MOV     R0,A
   \   0000AF   7900         MOV     R1,#0x0
   \   0000B1   E4           CLR     A
   \   0000B2   C8           XCH     A,R0
   \   0000B3   F9           MOV     R1,A
   \   0000B4   EA           MOV     A,R2
   \   0000B5   28           ADD     A,R0
   \   0000B6   FA           MOV     R2,A
   \   0000B7   EB           MOV     A,R3
   \   0000B8   39           ADDC    A,R1
   \   0000B9   FB           MOV     R3,A
   \   0000BA   85..82       MOV     DPL,?V0 + 0
   \   0000BD   85..83       MOV     DPH,?V0 + 1
   \   0000C0   A3           INC     DPTR
   \   0000C1   A3           INC     DPTR
   \   0000C2   A3           INC     DPTR
   \   0000C3   E0           MOVX    A,@DPTR
   \   0000C4   F8           MOV     R0,A
   \   0000C5   A3           INC     DPTR
   \   0000C6   E0           MOVX    A,@DPTR
   \   0000C7   F583         MOV     DPH,A
   \   0000C9   8882         MOV     DPL,R0
   \   0000CB   A3           INC     DPTR
   \   0000CC   EA           MOV     A,R2
   \   0000CD   F0           MOVX    @DPTR,A
   \   0000CE   A3           INC     DPTR
   \   0000CF   EB           MOV     A,R3
   \   0000D0   F0           MOVX    @DPTR,A
    452                pBuf += sizeof(uint16);
   \   0000D1   EE           MOV     A,R6
   \   0000D2   2402         ADD     A,#0x2
   \   0000D4   FE           MOV     R6,A
   \   0000D5   EF           MOV     A,R7
   \   0000D6   3400         ADDC    A,#0x0
   \   0000D8   FF           MOV     R7,A
    453          
    454                /* AppDeviceId */
    455                epDesc->simpleDesc->AppDeviceId = BUILD_UINT16(pBuf[0],pBuf[1]);
   \   0000D9   8E82         MOV     DPL,R6
   \   0000DB   8F83         MOV     DPH,R7
   \   0000DD   E0           MOVX    A,@DPTR
   \   0000DE   FA           MOV     R2,A
   \   0000DF   7B00         MOV     R3,#0x0
   \   0000E1   8E82         MOV     DPL,R6
   \   0000E3   8F83         MOV     DPH,R7
   \   0000E5   A3           INC     DPTR
   \   0000E6   E0           MOVX    A,@DPTR
   \   0000E7   F8           MOV     R0,A
   \   0000E8   7900         MOV     R1,#0x0
   \   0000EA   E4           CLR     A
   \   0000EB   C8           XCH     A,R0
   \   0000EC   F9           MOV     R1,A
   \   0000ED   EA           MOV     A,R2
   \   0000EE   28           ADD     A,R0
   \   0000EF   FA           MOV     R2,A
   \   0000F0   EB           MOV     A,R3
   \   0000F1   39           ADDC    A,R1
   \   0000F2   FB           MOV     R3,A
   \   0000F3   85..82       MOV     DPL,?V0 + 0
   \   0000F6   85..83       MOV     DPH,?V0 + 1
   \   0000F9   A3           INC     DPTR
   \   0000FA   A3           INC     DPTR
   \   0000FB   A3           INC     DPTR
   \   0000FC   E0           MOVX    A,@DPTR
   \   0000FD   F8           MOV     R0,A
   \   0000FE   A3           INC     DPTR
   \   0000FF   E0           MOVX    A,@DPTR
   \   000100   F583         MOV     DPH,A
   \   000102   8882         MOV     DPL,R0
   \   000104   A3           INC     DPTR
   \   000105   A3           INC     DPTR
   \   000106   A3           INC     DPTR
   \   000107   EA           MOV     A,R2
   \   000108   F0           MOVX    @DPTR,A
   \   000109   A3           INC     DPTR
   \   00010A   EB           MOV     A,R3
   \   00010B   F0           MOVX    @DPTR,A
    456                pBuf += sizeof(uint16);
   \   00010C   EE           MOV     A,R6
   \   00010D   2402         ADD     A,#0x2
   \   00010F   FE           MOV     R6,A
   \   000110   EF           MOV     A,R7
   \   000111   3400         ADDC    A,#0x0
   \   000113   FF           MOV     R7,A
    457          
    458                /* AppDevVer */
    459                epDesc->simpleDesc->AppDevVer = (*pBuf++) & AF_APP_DEV_VER_MASK ;
   \   000114   8E82         MOV     DPL,R6
   \   000116   8F83         MOV     DPH,R7
   \   000118   E0           MOVX    A,@DPTR
   \   000119   540F         ANL     A,#0xf
   \   00011B   F8           MOV     R0,A
   \   00011C   8E82         MOV     DPL,R6
   \   00011E   8F83         MOV     DPH,R7
   \   000120   A3           INC     DPTR
   \   000121   AE82         MOV     R6,DPL
   \   000123   AF83         MOV     R7,DPH
   \   000125   740F         MOV     A,#0xf
   \   000127   58           ANL     A,R0
   \   000128   F9           MOV     R1,A
   \   000129   85..82       MOV     DPL,?V0 + 0
   \   00012C   85..83       MOV     DPH,?V0 + 1
   \   00012F   A3           INC     DPTR
   \   000130   A3           INC     DPTR
   \   000131   A3           INC     DPTR
   \   000132   E0           MOVX    A,@DPTR
   \   000133   F8           MOV     R0,A
   \   000134   A3           INC     DPTR
   \   000135   E0           MOVX    A,@DPTR
   \   000136   F583         MOV     DPH,A
   \   000138   8882         MOV     DPL,R0
   \   00013A   A3           INC     DPTR
   \   00013B   A3           INC     DPTR
   \   00013C   A3           INC     DPTR
   \   00013D   A3           INC     DPTR
   \   00013E   A3           INC     DPTR
   \   00013F   E0           MOVX    A,@DPTR
   \   000140   54F0         ANL     A,#0xf0
   \   000142   49           ORL     A,R1
   \   000143   C0E0         PUSH    A
   \   000145   85..82       MOV     DPL,?V0 + 0
   \   000148   85..83       MOV     DPH,?V0 + 1
   \   00014B   A3           INC     DPTR
   \   00014C   A3           INC     DPTR
   \   00014D   A3           INC     DPTR
   \   00014E   E0           MOVX    A,@DPTR
   \   00014F   F8           MOV     R0,A
   \   000150   A3           INC     DPTR
   \   000151   E0           MOVX    A,@DPTR
   \   000152   F583         MOV     DPH,A
   \   000154   8882         MOV     DPL,R0
   \   000156   A3           INC     DPTR
   \   000157   A3           INC     DPTR
   \   000158   A3           INC     DPTR
   \   000159   A3           INC     DPTR
   \   00015A   A3           INC     DPTR
   \   00015B   D0E0         POP     A
   \   00015D   F0           MOVX    @DPTR,A
    460          
    461                /* LatencyReq */
    462                pBuf++;
   \   00015E   8E82         MOV     DPL,R6
   \   000160   8F83         MOV     DPH,R7
   \   000162   A3           INC     DPTR
   \   000163   AE82         MOV     R6,DPL
   \   000165   AF83         MOV     R7,DPH
    463          
    464                /* AppNumInClusters */
    465                epDesc->simpleDesc->AppNumInClusters = *pBuf++;
   \   000167   8E82         MOV     DPL,R6
   \   000169   8F83         MOV     DPH,R7
   \   00016B   E0           MOVX    A,@DPTR
   \   00016C   C0E0         PUSH    A
   \   00016E   85..82       MOV     DPL,?V0 + 0
   \   000171   85..83       MOV     DPH,?V0 + 1
   \   000174   A3           INC     DPTR
   \   000175   A3           INC     DPTR
   \   000176   A3           INC     DPTR
   \   000177   E0           MOVX    A,@DPTR
   \   000178   F8           MOV     R0,A
   \   000179   A3           INC     DPTR
   \   00017A   E0           MOVX    A,@DPTR
   \   00017B   C8           XCH     A,R0
   \   00017C   2406         ADD     A,#0x6
   \   00017E   F582         MOV     DPL,A
   \   000180   E8           MOV     A,R0
   \   000181   3400         ADDC    A,#0x0
   \   000183   F583         MOV     DPH,A
   \   000185   D0E0         POP     A
   \   000187   F0           MOVX    @DPTR,A
   \   000188   8E82         MOV     DPL,R6
   \   00018A   8F83         MOV     DPH,R7
   \   00018C   A3           INC     DPTR
   \   00018D   AE82         MOV     R6,DPL
   \   00018F   AF83         MOV     R7,DPH
    466                if (epDesc->simpleDesc->AppNumInClusters)
   \   000191   85..82       MOV     DPL,?V0 + 0
   \   000194   85..83       MOV     DPH,?V0 + 1
   \   000197   A3           INC     DPTR
   \   000198   A3           INC     DPTR
   \   000199   A3           INC     DPTR
   \   00019A   E0           MOVX    A,@DPTR
   \   00019B   F8           MOV     R0,A
   \   00019C   A3           INC     DPTR
   \   00019D   E0           MOVX    A,@DPTR
   \   00019E   C8           XCH     A,R0
   \   00019F   2406         ADD     A,#0x6
   \   0001A1   F582         MOV     DPL,A
   \   0001A3   E8           MOV     A,R0
   \   0001A4   3400         ADDC    A,#0x0
   \   0001A6   F583         MOV     DPH,A
   \   0001A8   E0           MOVX    A,@DPTR
   \   0001A9   7003         JNZ     $+5
   \   0001AB   02....       LJMP    ??MT_BuildEndpointDesc_3 & 0xFFFF
    467                {
    468                  epDesc->simpleDesc->pAppInClusterList = (uint16 *)
    469                            osal_mem_alloc((epDesc->simpleDesc->AppNumInClusters)*sizeof(uint16));
   \   0001AE                ; Setup parameters for call to function osal_mem_alloc
   \   0001AE   85..82       MOV     DPL,?V0 + 0
   \   0001B1   85..83       MOV     DPH,?V0 + 1
   \   0001B4   A3           INC     DPTR
   \   0001B5   A3           INC     DPTR
   \   0001B6   A3           INC     DPTR
   \   0001B7   E0           MOVX    A,@DPTR
   \   0001B8   F8           MOV     R0,A
   \   0001B9   A3           INC     DPTR
   \   0001BA   E0           MOVX    A,@DPTR
   \   0001BB   C8           XCH     A,R0
   \   0001BC   2406         ADD     A,#0x6
   \   0001BE   F582         MOV     DPL,A
   \   0001C0   E8           MOV     A,R0
   \   0001C1   3400         ADDC    A,#0x0
   \   0001C3   F583         MOV     DPH,A
   \   0001C5   E0           MOVX    A,@DPTR
   \   0001C6   FA           MOV     R2,A
   \   0001C7   7B00         MOV     R3,#0x0
   \   0001C9   EA           MOV     A,R2
   \   0001CA   75F002       MOV     B,#0x2
   \   0001CD   A4           MUL     AB
   \   0001CE   CA           XCH     A,R2
   \   0001CF   A8F0         MOV     R0,B
   \   0001D1   75F000       MOV     B,#0x0
   \   0001D4   A4           MUL     AB
   \   0001D5   28           ADD     A,R0
   \   0001D6   F8           MOV     R0,A
   \   0001D7   75F002       MOV     B,#0x2
   \   0001DA   EB           MOV     A,R3
   \   0001DB   A4           MUL     AB
   \   0001DC   28           ADD     A,R0
   \   0001DD   FB           MOV     R3,A
   \   0001DE   12....       LCALL   ??osal_mem_alloc?relay
   \   0001E1   85..82       MOV     DPL,?V0 + 0
   \   0001E4   85..83       MOV     DPH,?V0 + 1
   \   0001E7   A3           INC     DPTR
   \   0001E8   A3           INC     DPTR
   \   0001E9   A3           INC     DPTR
   \   0001EA   E0           MOVX    A,@DPTR
   \   0001EB   F8           MOV     R0,A
   \   0001EC   A3           INC     DPTR
   \   0001ED   E0           MOVX    A,@DPTR
   \   0001EE   C8           XCH     A,R0
   \   0001EF   2407         ADD     A,#0x7
   \   0001F1   F582         MOV     DPL,A
   \   0001F3   E8           MOV     A,R0
   \   0001F4   3400         ADDC    A,#0x0
   \   0001F6   F583         MOV     DPH,A
   \   0001F8   EA           MOV     A,R2
   \   0001F9   F0           MOVX    @DPTR,A
   \   0001FA   A3           INC     DPTR
   \   0001FB   EB           MOV     A,R3
   \   0001FC   F0           MOVX    @DPTR,A
    470                  if ( epDesc->simpleDesc->pAppInClusterList )
   \   0001FD   85..82       MOV     DPL,?V0 + 0
   \   000200   85..83       MOV     DPH,?V0 + 1
   \   000203   A3           INC     DPTR
   \   000204   A3           INC     DPTR
   \   000205   A3           INC     DPTR
   \   000206   E0           MOVX    A,@DPTR
   \   000207   F8           MOV     R0,A
   \   000208   A3           INC     DPTR
   \   000209   E0           MOVX    A,@DPTR
   \   00020A   C8           XCH     A,R0
   \   00020B   2407         ADD     A,#0x7
   \   00020D   F582         MOV     DPL,A
   \   00020F   E8           MOV     A,R0
   \   000210   3400         ADDC    A,#0x0
   \   000212   F583         MOV     DPH,A
   \   000214   E0           MOVX    A,@DPTR
   \   000215   F8           MOV     R0,A
   \   000216   A3           INC     DPTR
   \   000217   E0           MOVX    A,@DPTR
   \   000218   F9           MOV     R1,A
   \   000219   E8           MOV     A,R0
   \   00021A   49           ORL     A,R1
   \   00021B   7003         JNZ     $+5
   \   00021D   02....       LJMP    ??MT_BuildEndpointDesc_4 & 0xFFFF
    471                  {
    472                    for (i=0; i<(epDesc->simpleDesc->AppNumInClusters); i++)
   \   000220   75..00       MOV     ?V0 + 2,#0x0
   \                     ??MT_BuildEndpointDesc_5:
   \   000223   85..82       MOV     DPL,?V0 + 0
   \   000226   85..83       MOV     DPH,?V0 + 1
   \   000229   A3           INC     DPTR
   \   00022A   A3           INC     DPTR
   \   00022B   A3           INC     DPTR
   \   00022C   E0           MOVX    A,@DPTR
   \   00022D   F8           MOV     R0,A
   \   00022E   A3           INC     DPTR
   \   00022F   E0           MOVX    A,@DPTR
   \   000230   C8           XCH     A,R0
   \   000231   2406         ADD     A,#0x6
   \   000233   F582         MOV     DPL,A
   \   000235   E8           MOV     A,R0
   \   000236   3400         ADDC    A,#0x0
   \   000238   F583         MOV     DPH,A
   \   00023A   E0           MOVX    A,@DPTR
   \   00023B   F8           MOV     R0,A
   \   00023C   E5..         MOV     A,?V0 + 2
   \   00023E   C3           CLR     C
   \   00023F   98           SUBB    A,R0
   \   000240   506B         JNC     ??MT_BuildEndpointDesc_3
    473                    {
    474                      epDesc->simpleDesc->pAppInClusterList[i] = BUILD_UINT16(*pBuf, *(pBuf+1));
   \   000242   8E82         MOV     DPL,R6
   \   000244   8F83         MOV     DPH,R7
   \   000246   E0           MOVX    A,@DPTR
   \   000247   FA           MOV     R2,A
   \   000248   7B00         MOV     R3,#0x0
   \   00024A   8E82         MOV     DPL,R6
   \   00024C   8F83         MOV     DPH,R7
   \   00024E   A3           INC     DPTR
   \   00024F   E0           MOVX    A,@DPTR
   \   000250   F8           MOV     R0,A
   \   000251   7900         MOV     R1,#0x0
   \   000253   E4           CLR     A
   \   000254   C8           XCH     A,R0
   \   000255   F9           MOV     R1,A
   \   000256   EA           MOV     A,R2
   \   000257   28           ADD     A,R0
   \   000258   FC           MOV     R4,A
   \   000259   EB           MOV     A,R3
   \   00025A   39           ADDC    A,R1
   \   00025B   FD           MOV     R5,A
   \   00025C   E5..         MOV     A,?V0 + 2
   \   00025E   AA..         MOV     R2,?V0 + 2
   \   000260   7B00         MOV     R3,#0x0
   \   000262   EA           MOV     A,R2
   \   000263   75F002       MOV     B,#0x2
   \   000266   A4           MUL     AB
   \   000267   CA           XCH     A,R2
   \   000268   A8F0         MOV     R0,B
   \   00026A   75F000       MOV     B,#0x0
   \   00026D   A4           MUL     AB
   \   00026E   28           ADD     A,R0
   \   00026F   F8           MOV     R0,A
   \   000270   75F002       MOV     B,#0x2
   \   000273   EB           MOV     A,R3
   \   000274   A4           MUL     AB
   \   000275   28           ADD     A,R0
   \   000276   FB           MOV     R3,A
   \   000277   85..82       MOV     DPL,?V0 + 0
   \   00027A   85..83       MOV     DPH,?V0 + 1
   \   00027D   A3           INC     DPTR
   \   00027E   A3           INC     DPTR
   \   00027F   A3           INC     DPTR
   \   000280   E0           MOVX    A,@DPTR
   \   000281   F8           MOV     R0,A
   \   000282   A3           INC     DPTR
   \   000283   E0           MOVX    A,@DPTR
   \   000284   C8           XCH     A,R0
   \   000285   2407         ADD     A,#0x7
   \   000287   F582         MOV     DPL,A
   \   000289   E8           MOV     A,R0
   \   00028A   3400         ADDC    A,#0x0
   \   00028C   F583         MOV     DPH,A
   \   00028E   E0           MOVX    A,@DPTR
   \   00028F   2A           ADD     A,R2
   \   000290   F8           MOV     R0,A
   \   000291   A3           INC     DPTR
   \   000292   E0           MOVX    A,@DPTR
   \   000293   3B           ADDC    A,R3
   \   000294   8882         MOV     DPL,R0
   \   000296   F583         MOV     DPH,A
   \   000298   EC           MOV     A,R4
   \   000299   F0           MOVX    @DPTR,A
   \   00029A   A3           INC     DPTR
   \   00029B   ED           MOV     A,R5
   \   00029C   F0           MOVX    @DPTR,A
    475                      pBuf += 2;
   \   00029D   EE           MOV     A,R6
   \   00029E   2402         ADD     A,#0x2
   \   0002A0   FE           MOV     R6,A
   \   0002A1   EF           MOV     A,R7
   \   0002A2   3400         ADDC    A,#0x0
   \   0002A4   FF           MOV     R7,A
    476                    }
   \   0002A5   05..         INC     ?V0 + 2
   \   0002A7   02....       LJMP    ??MT_BuildEndpointDesc_5 & 0xFFFF
    477                  }
    478                  else
    479                  {
    480                    ret = ZMemError;
   \                     ??MT_BuildEndpointDesc_4:
   \   0002AA   75..10       MOV     ?V0 + 3,#0x10
    481                  }
    482                }
    483          
    484                /* AppNumOutClusters */
    485                epDesc->simpleDesc->AppNumOutClusters = *pBuf++;
   \                     ??MT_BuildEndpointDesc_3:
   \   0002AD   8E82         MOV     DPL,R6
   \   0002AF   8F83         MOV     DPH,R7
   \   0002B1   E0           MOVX    A,@DPTR
   \   0002B2   C0E0         PUSH    A
   \   0002B4   85..82       MOV     DPL,?V0 + 0
   \   0002B7   85..83       MOV     DPH,?V0 + 1
   \   0002BA   A3           INC     DPTR
   \   0002BB   A3           INC     DPTR
   \   0002BC   A3           INC     DPTR
   \   0002BD   E0           MOVX    A,@DPTR
   \   0002BE   F8           MOV     R0,A
   \   0002BF   A3           INC     DPTR
   \   0002C0   E0           MOVX    A,@DPTR
   \   0002C1   C8           XCH     A,R0
   \   0002C2   2409         ADD     A,#0x9
   \   0002C4   F582         MOV     DPL,A
   \   0002C6   E8           MOV     A,R0
   \   0002C7   3400         ADDC    A,#0x0
   \   0002C9   F583         MOV     DPH,A
   \   0002CB   D0E0         POP     A
   \   0002CD   F0           MOVX    @DPTR,A
   \   0002CE   8E82         MOV     DPL,R6
   \   0002D0   8F83         MOV     DPH,R7
   \   0002D2   A3           INC     DPTR
   \   0002D3   AE82         MOV     R6,DPL
   \   0002D5   AF83         MOV     R7,DPH
    486                if (epDesc->simpleDesc->AppNumOutClusters)
   \   0002D7   85..82       MOV     DPL,?V0 + 0
   \   0002DA   85..83       MOV     DPH,?V0 + 1
   \   0002DD   A3           INC     DPTR
   \   0002DE   A3           INC     DPTR
   \   0002DF   A3           INC     DPTR
   \   0002E0   E0           MOVX    A,@DPTR
   \   0002E1   F8           MOV     R0,A
   \   0002E2   A3           INC     DPTR
   \   0002E3   E0           MOVX    A,@DPTR
   \   0002E4   C8           XCH     A,R0
   \   0002E5   2409         ADD     A,#0x9
   \   0002E7   F582         MOV     DPL,A
   \   0002E9   E8           MOV     A,R0
   \   0002EA   3400         ADDC    A,#0x0
   \   0002EC   F583         MOV     DPH,A
   \   0002EE   E0           MOVX    A,@DPTR
   \   0002EF   7003         JNZ     $+5
   \   0002F1   02....       LJMP    ??MT_BuildEndpointDesc_6 & 0xFFFF
    487                {
    488                  epDesc->simpleDesc->pAppOutClusterList = (uint16 *)
    489                                    osal_mem_alloc((epDesc->simpleDesc->AppNumOutClusters)*sizeof(uint16));
   \   0002F4                ; Setup parameters for call to function osal_mem_alloc
   \   0002F4   85..82       MOV     DPL,?V0 + 0
   \   0002F7   85..83       MOV     DPH,?V0 + 1
   \   0002FA   A3           INC     DPTR
   \   0002FB   A3           INC     DPTR
   \   0002FC   A3           INC     DPTR
   \   0002FD   E0           MOVX    A,@DPTR
   \   0002FE   F8           MOV     R0,A
   \   0002FF   A3           INC     DPTR
   \   000300   E0           MOVX    A,@DPTR
   \   000301   C8           XCH     A,R0
   \   000302   2409         ADD     A,#0x9
   \   000304   F582         MOV     DPL,A
   \   000306   E8           MOV     A,R0
   \   000307   3400         ADDC    A,#0x0
   \   000309   F583         MOV     DPH,A
   \   00030B   E0           MOVX    A,@DPTR
   \   00030C   FA           MOV     R2,A
   \   00030D   7B00         MOV     R3,#0x0
   \   00030F   EA           MOV     A,R2
   \   000310   75F002       MOV     B,#0x2
   \   000313   A4           MUL     AB
   \   000314   CA           XCH     A,R2
   \   000315   A8F0         MOV     R0,B
   \   000317   75F000       MOV     B,#0x0
   \   00031A   A4           MUL     AB
   \   00031B   28           ADD     A,R0
   \   00031C   F8           MOV     R0,A
   \   00031D   75F002       MOV     B,#0x2
   \   000320   EB           MOV     A,R3
   \   000321   A4           MUL     AB
   \   000322   28           ADD     A,R0
   \   000323   FB           MOV     R3,A
   \   000324   12....       LCALL   ??osal_mem_alloc?relay
   \   000327   85..82       MOV     DPL,?V0 + 0
   \   00032A   85..83       MOV     DPH,?V0 + 1
   \   00032D   A3           INC     DPTR
   \   00032E   A3           INC     DPTR
   \   00032F   A3           INC     DPTR
   \   000330   E0           MOVX    A,@DPTR
   \   000331   F8           MOV     R0,A
   \   000332   A3           INC     DPTR
   \   000333   E0           MOVX    A,@DPTR
   \   000334   C8           XCH     A,R0
   \   000335   240A         ADD     A,#0xa
   \   000337   F582         MOV     DPL,A
   \   000339   E8           MOV     A,R0
   \   00033A   3400         ADDC    A,#0x0
   \   00033C   F583         MOV     DPH,A
   \   00033E   EA           MOV     A,R2
   \   00033F   F0           MOVX    @DPTR,A
   \   000340   A3           INC     DPTR
   \   000341   EB           MOV     A,R3
   \   000342   F0           MOVX    @DPTR,A
    490                  if (epDesc->simpleDesc->pAppOutClusterList)
   \   000343   85..82       MOV     DPL,?V0 + 0
   \   000346   85..83       MOV     DPH,?V0 + 1
   \   000349   A3           INC     DPTR
   \   00034A   A3           INC     DPTR
   \   00034B   A3           INC     DPTR
   \   00034C   E0           MOVX    A,@DPTR
   \   00034D   F8           MOV     R0,A
   \   00034E   A3           INC     DPTR
   \   00034F   E0           MOVX    A,@DPTR
   \   000350   C8           XCH     A,R0
   \   000351   240A         ADD     A,#0xa
   \   000353   F582         MOV     DPL,A
   \   000355   E8           MOV     A,R0
   \   000356   3400         ADDC    A,#0x0
   \   000358   F583         MOV     DPH,A
   \   00035A   E0           MOVX    A,@DPTR
   \   00035B   F8           MOV     R0,A
   \   00035C   A3           INC     DPTR
   \   00035D   E0           MOVX    A,@DPTR
   \   00035E   F9           MOV     R1,A
   \   00035F   E8           MOV     A,R0
   \   000360   49           ORL     A,R1
   \   000361   7003         JNZ     $+5
   \   000363   02....       LJMP    ??MT_BuildEndpointDesc_7 & 0xFFFF
    491                  {
    492                    for (i=0; i<(epDesc->simpleDesc->AppNumOutClusters); i++)
   \   000366   75..00       MOV     ?V0 + 2,#0x0
   \                     ??MT_BuildEndpointDesc_8:
   \   000369   85..82       MOV     DPL,?V0 + 0
   \   00036C   85..83       MOV     DPH,?V0 + 1
   \   00036F   A3           INC     DPTR
   \   000370   A3           INC     DPTR
   \   000371   A3           INC     DPTR
   \   000372   E0           MOVX    A,@DPTR
   \   000373   F8           MOV     R0,A
   \   000374   A3           INC     DPTR
   \   000375   E0           MOVX    A,@DPTR
   \   000376   C8           XCH     A,R0
   \   000377   2409         ADD     A,#0x9
   \   000379   F582         MOV     DPL,A
   \   00037B   E8           MOV     A,R0
   \   00037C   3400         ADDC    A,#0x0
   \   00037E   F583         MOV     DPH,A
   \   000380   E0           MOVX    A,@DPTR
   \   000381   F8           MOV     R0,A
   \   000382   E5..         MOV     A,?V0 + 2
   \   000384   C3           CLR     C
   \   000385   98           SUBB    A,R0
   \   000386   506B         JNC     ??MT_BuildEndpointDesc_6
    493                    {
    494                      epDesc->simpleDesc->pAppOutClusterList[i] = BUILD_UINT16(*pBuf, *(pBuf+1));
   \   000388   8E82         MOV     DPL,R6
   \   00038A   8F83         MOV     DPH,R7
   \   00038C   E0           MOVX    A,@DPTR
   \   00038D   FA           MOV     R2,A
   \   00038E   7B00         MOV     R3,#0x0
   \   000390   8E82         MOV     DPL,R6
   \   000392   8F83         MOV     DPH,R7
   \   000394   A3           INC     DPTR
   \   000395   E0           MOVX    A,@DPTR
   \   000396   F8           MOV     R0,A
   \   000397   7900         MOV     R1,#0x0
   \   000399   E4           CLR     A
   \   00039A   C8           XCH     A,R0
   \   00039B   F9           MOV     R1,A
   \   00039C   EA           MOV     A,R2
   \   00039D   28           ADD     A,R0
   \   00039E   FC           MOV     R4,A
   \   00039F   EB           MOV     A,R3
   \   0003A0   39           ADDC    A,R1
   \   0003A1   FD           MOV     R5,A
   \   0003A2   E5..         MOV     A,?V0 + 2
   \   0003A4   AA..         MOV     R2,?V0 + 2
   \   0003A6   7B00         MOV     R3,#0x0
   \   0003A8   EA           MOV     A,R2
   \   0003A9   75F002       MOV     B,#0x2
   \   0003AC   A4           MUL     AB
   \   0003AD   CA           XCH     A,R2
   \   0003AE   A8F0         MOV     R0,B
   \   0003B0   75F000       MOV     B,#0x0
   \   0003B3   A4           MUL     AB
   \   0003B4   28           ADD     A,R0
   \   0003B5   F8           MOV     R0,A
   \   0003B6   75F002       MOV     B,#0x2
   \   0003B9   EB           MOV     A,R3
   \   0003BA   A4           MUL     AB
   \   0003BB   28           ADD     A,R0
   \   0003BC   FB           MOV     R3,A
   \   0003BD   85..82       MOV     DPL,?V0 + 0
   \   0003C0   85..83       MOV     DPH,?V0 + 1
   \   0003C3   A3           INC     DPTR
   \   0003C4   A3           INC     DPTR
   \   0003C5   A3           INC     DPTR
   \   0003C6   E0           MOVX    A,@DPTR
   \   0003C7   F8           MOV     R0,A
   \   0003C8   A3           INC     DPTR
   \   0003C9   E0           MOVX    A,@DPTR
   \   0003CA   C8           XCH     A,R0
   \   0003CB   240A         ADD     A,#0xa
   \   0003CD   F582         MOV     DPL,A
   \   0003CF   E8           MOV     A,R0
   \   0003D0   3400         ADDC    A,#0x0
   \   0003D2   F583         MOV     DPH,A
   \   0003D4   E0           MOVX    A,@DPTR
   \   0003D5   2A           ADD     A,R2
   \   0003D6   F8           MOV     R0,A
   \   0003D7   A3           INC     DPTR
   \   0003D8   E0           MOVX    A,@DPTR
   \   0003D9   3B           ADDC    A,R3
   \   0003DA   8882         MOV     DPL,R0
   \   0003DC   F583         MOV     DPH,A
   \   0003DE   EC           MOV     A,R4
   \   0003DF   F0           MOVX    @DPTR,A
   \   0003E0   A3           INC     DPTR
   \   0003E1   ED           MOV     A,R5
   \   0003E2   F0           MOVX    @DPTR,A
    495                      pBuf += 2;
   \   0003E3   EE           MOV     A,R6
   \   0003E4   2402         ADD     A,#0x2
   \   0003E6   FE           MOV     R6,A
   \   0003E7   EF           MOV     A,R7
   \   0003E8   3400         ADDC    A,#0x0
   \   0003EA   FF           MOV     R7,A
    496                    }
   \   0003EB   05..         INC     ?V0 + 2
   \   0003ED   02....       LJMP    ??MT_BuildEndpointDesc_8 & 0xFFFF
    497                  }
    498                  else
    499                  {
    500                    ret = ZMemError;
   \                     ??MT_BuildEndpointDesc_7:
   \   0003F0   75..10       MOV     ?V0 + 3,#0x10
    501                  }
    502                }
    503          
    504                /* if any list cannot be allocated...free all */
    505                if ( ret == ZMemError )
   \                     ??MT_BuildEndpointDesc_6:
   \   0003F3   7410         MOV     A,#0x10
   \   0003F5   65..         XRL     A,?V0 + 3
   \   0003F7   6003         JZ      $+5
   \   0003F9   02....       LJMP    ??MT_BuildEndpointDesc_1 & 0xFFFF
    506                {
    507                  if (epDesc->simpleDesc->pAppInClusterList)
   \   0003FC   85..82       MOV     DPL,?V0 + 0
   \   0003FF   85..83       MOV     DPH,?V0 + 1
   \   000402   A3           INC     DPTR
   \   000403   A3           INC     DPTR
   \   000404   A3           INC     DPTR
   \   000405   E0           MOVX    A,@DPTR
   \   000406   F8           MOV     R0,A
   \   000407   A3           INC     DPTR
   \   000408   E0           MOVX    A,@DPTR
   \   000409   C8           XCH     A,R0
   \   00040A   2407         ADD     A,#0x7
   \   00040C   F582         MOV     DPL,A
   \   00040E   E8           MOV     A,R0
   \   00040F   3400         ADDC    A,#0x0
   \   000411   F583         MOV     DPH,A
   \   000413   E0           MOVX    A,@DPTR
   \   000414   F8           MOV     R0,A
   \   000415   A3           INC     DPTR
   \   000416   E0           MOVX    A,@DPTR
   \   000417   F9           MOV     R1,A
   \   000418   E8           MOV     A,R0
   \   000419   49           ORL     A,R1
   \   00041A   601F         JZ      ??MT_BuildEndpointDesc_9
    508                  {
    509                    osal_mem_free(epDesc->simpleDesc->pAppInClusterList);
   \   00041C                ; Setup parameters for call to function osal_mem_free
   \   00041C   85..82       MOV     DPL,?V0 + 0
   \   00041F   85..83       MOV     DPH,?V0 + 1
   \   000422   A3           INC     DPTR
   \   000423   A3           INC     DPTR
   \   000424   A3           INC     DPTR
   \   000425   E0           MOVX    A,@DPTR
   \   000426   F8           MOV     R0,A
   \   000427   A3           INC     DPTR
   \   000428   E0           MOVX    A,@DPTR
   \   000429   C8           XCH     A,R0
   \   00042A   2407         ADD     A,#0x7
   \   00042C   F582         MOV     DPL,A
   \   00042E   E8           MOV     A,R0
   \   00042F   3400         ADDC    A,#0x0
   \   000431   F583         MOV     DPH,A
   \   000433   E0           MOVX    A,@DPTR
   \   000434   FA           MOV     R2,A
   \   000435   A3           INC     DPTR
   \   000436   E0           MOVX    A,@DPTR
   \   000437   FB           MOV     R3,A
   \   000438   12....       LCALL   ??osal_mem_free?relay
    510                  }
    511          
    512                  if (epDesc->simpleDesc->AppNumOutClusters)
   \                     ??MT_BuildEndpointDesc_9:
   \   00043B   85..82       MOV     DPL,?V0 + 0
   \   00043E   85..83       MOV     DPH,?V0 + 1
   \   000441   A3           INC     DPTR
   \   000442   A3           INC     DPTR
   \   000443   A3           INC     DPTR
   \   000444   E0           MOVX    A,@DPTR
   \   000445   F8           MOV     R0,A
   \   000446   A3           INC     DPTR
   \   000447   E0           MOVX    A,@DPTR
   \   000448   C8           XCH     A,R0
   \   000449   2409         ADD     A,#0x9
   \   00044B   F582         MOV     DPL,A
   \   00044D   E8           MOV     A,R0
   \   00044E   3400         ADDC    A,#0x0
   \   000450   F583         MOV     DPH,A
   \   000452   E0           MOVX    A,@DPTR
   \   000453   601F         JZ      ??MT_BuildEndpointDesc_10
    513                  {
    514                    osal_mem_free(epDesc->simpleDesc->pAppOutClusterList);
   \   000455                ; Setup parameters for call to function osal_mem_free
   \   000455   85..82       MOV     DPL,?V0 + 0
   \   000458   85..83       MOV     DPH,?V0 + 1
   \   00045B   A3           INC     DPTR
   \   00045C   A3           INC     DPTR
   \   00045D   A3           INC     DPTR
   \   00045E   E0           MOVX    A,@DPTR
   \   00045F   F8           MOV     R0,A
   \   000460   A3           INC     DPTR
   \   000461   E0           MOVX    A,@DPTR
   \   000462   C8           XCH     A,R0
   \   000463   240A         ADD     A,#0xa
   \   000465   F582         MOV     DPL,A
   \   000467   E8           MOV     A,R0
   \   000468   3400         ADDC    A,#0x0
   \   00046A   F583         MOV     DPH,A
   \   00046C   E0           MOVX    A,@DPTR
   \   00046D   FA           MOV     R2,A
   \   00046E   A3           INC     DPTR
   \   00046F   E0           MOVX    A,@DPTR
   \   000470   FB           MOV     R3,A
   \   000471   12....       LCALL   ??osal_mem_free?relay
    515                  }
    516          
    517                  osal_mem_free(epDesc->simpleDesc);
   \                     ??MT_BuildEndpointDesc_10:
   \   000474                ; Setup parameters for call to function osal_mem_free
   \   000474   85..82       MOV     DPL,?V0 + 0
   \   000477   85..83       MOV     DPH,?V0 + 1
   \   00047A   A3           INC     DPTR
   \   00047B   A3           INC     DPTR
   \   00047C   A3           INC     DPTR
   \   00047D   E0           MOVX    A,@DPTR
   \   00047E   FA           MOV     R2,A
   \   00047F   A3           INC     DPTR
   \   000480   E0           MOVX    A,@DPTR
   \   000481   FB           MOV     R3,A
   \   000482   12....       LCALL   ??osal_mem_free?relay
   \   000485   8003         SJMP    ??MT_BuildEndpointDesc_1
    518                }
    519              }
    520              else
    521              {
    522                ret = ZMemError;
   \                     ??MT_BuildEndpointDesc_2:
   \   000487   75..10       MOV     ?V0 + 3,#0x10
    523              }
    524            }
    525          
    526            return ret;
   \                     ??MT_BuildEndpointDesc_1:
   \   00048A   A9..         MOV     R1,?V0 + 3
   \   00048C   7F08         MOV     R7,#0x8
   \   00048E   02....       LJMP    ?BANKED_LEAVE_XDATA
    527          }

   \                                 In  segment BANK_RELAYS, align 1
   \                     ??MT_Init?relay:
   \   000000   12....       LCALL   ?BDISPATCH
   \   000003   ......       DC24    MT_Init

   \                                 In  segment BANK_RELAYS, align 1
   \                     ??MT_BuildSPIMsg?relay:
   \   000000   12....       LCALL   ?BDISPATCH
   \   000003   ......       DC24    MT_BuildSPIMsg

   \                                 In  segment BANK_RELAYS, align 1
   \                     ??MT_BuildAndSendZToolResponse?relay:
   \   000000   12....       LCALL   ?BDISPATCH
   \   000003   ......       DC24    MT_BuildAndSendZToolResponse

   \                                 In  segment BANK_RELAYS, align 1
   \                     ??MT_ProcessIncoming?relay:
   \   000000   12....       LCALL   ?BDISPATCH
   \   000003   ......       DC24    MT_ProcessIncoming

   \                                 In  segment BANK_RELAYS, align 1
   \                     ??MTProcessAppRspMsg?relay:
   \   000000   12....       LCALL   ?BDISPATCH
   \   000003   ......       DC24    MTProcessAppRspMsg

   \                                 In  segment BANK_RELAYS, align 1
   \                     ??MT_ReverseBytes?relay:
   \   000000   12....       LCALL   ?BDISPATCH
   \   000003   ......       DC24    MT_ReverseBytes

   \                                 In  segment BANK_RELAYS, align 1
   \                     ??MT_Word2Buf?relay:
   \   000000   12....       LCALL   ?BDISPATCH
   \   000003   ......       DC24    MT_Word2Buf

   \                                 In  segment BANK_RELAYS, align 1
   \                     ??MT_BuildEndpointDesc?relay:
   \   000000   12....       LCALL   ?BDISPATCH
   \   000003   ......       DC24    MT_BuildEndpointDesc
    528          /***************************************************************************************************
    529          ***************************************************************************************************/

   Maximum stack usage in bytes:

   ISTACK PSTACK XSTACK Function
   ------ ------ ------ --------
       0      0      9  MTProcessAppRspMsg
                          0 0  9 -> MT_BuildAndSendZToolResponse
       0      0     31  MT_BuildAndSendZToolResponse
                          0 0 18 -> MT_BuildSPIMsg
                          0 0 16 -> MT_TransportAlloc
                          0 0 16 -> MT_TransportSend
       1      0     16  MT_BuildEndpointDesc
                          0 0 16 -> afFindEndPointDesc
                          0 0 16 -> osal_mem_alloc
                          0 0 16 -> osal_mem_free
       1      0     37  MT_BuildSPIMsg
                          0 0 19 -> osal_memcpy
       0      0      9  MT_Init
                          0 0  9 -> MT_SysResetInd
       1      0     13  MT_ProcessIncoming
                          0 0 13 -> MT_BuildAndSendZToolResponse
       1      0     10  MT_ReverseBytes
       1      0      9  MT_Word2Buf


   Segment part sizes:

   Bytes  Function/Label
   -----  --------------
       6  ??MTProcessAppRspMsg?relay
       6  ??MT_BuildAndSendZToolResponse?relay
       6  ??MT_BuildEndpointDesc?relay
       6  ??MT_BuildSPIMsg?relay
       6  ??MT_Init?relay
       6  ??MT_ProcessIncoming?relay
       6  ??MT_ReverseBytes?relay
       6  ??MT_Word2Buf?relay
      29  MTProcessAppRspMsg
      72  MT_BuildAndSendZToolResponse
    1169  MT_BuildEndpointDesc
     128  MT_BuildSPIMsg
      31  MT_Init
     236  MT_ProcessIncoming
     104  MT_ReverseBytes
       1  MT_TaskID
      82  MT_Word2Buf
       1  debugCompId
       1  debugThreshold
      20  mtProcessIncoming
       2  save_cmd

 
 1 851 bytes in segment BANKED_CODE
    48 bytes in segment BANK_RELAYS
    25 bytes in segment XDATA_Z
 
 1 899 bytes of CODE  memory
    25 bytes of XDATA memory

Errors: none
Warnings: none
