###############################################################################
#                                                                             #
# IAR C/C++ Compiler V8.20.2.41139 for 8051             01/Jan/2016  15:52:23 #
# Copyright 2004-2013 IAR Systems AB.                                         #
#                                                                             #
#    Core               =  plain                                              #
#    Code model         =  banked                                             #
#    Data model         =  large                                              #
#    Calling convention =  xdata reentrant                                    #
#    Constant location  =  data_rom                                           #
#    Dptr setup         =  1,16                                               #
#                                                                             #
#    Source file        =  C:\Users\ArnoldWorkStation\Desktop\ZigbeeTest\Comp #
#                          onents\hal\target\CC2530EB\hal_led.c               #
#    Command line       =  -f C:\Users\ArnoldWorkStation\Desktop\ZigbeeTest\P #
#                          rojects\zstack\Samples\SampleApp\CC2530DB\..\..\.. #
#                          \Tools\CC2530DB\f8wCoord.cfg (-DCPU32MHZ           #
#                          -DROOT=__near_func -DMAC_CFG_APP_PENDING_QUEUE=TRU #
#                          E -DZDO_COORDINATOR -DRTR_NWK -DBLINK_LEDS) -f     #
#                          C:\Users\ArnoldWorkStation\Desktop\ZigbeeTest\Proj #
#                          ects\zstack\Samples\SampleApp\CC2530DB\..\..\..\To #
#                          ols\CC2530DB\f8wConfig.cfg (-DSECURE=0             #
#                          -DZG_SECURE_DYNAMIC=0 -DREFLECTOR                  #
#                          -DDEFAULT_CHANLIST=0x00000800                      #
#                          -DZDAPP_CONFIG_PAN_ID=0xFFF1                       #
#                          -DNWK_START_DELAY=100 -DEXTENDED_JOINING_RANDOM_MA #
#                          SK=0x007F -DBEACON_REQUEST_DELAY=100               #
#                          -DBEACON_REQ_DELAY_MASK=0x00FF                     #
#                          -DROUTE_EXPIRY_TIME=30 -DAPSC_ACK_WAIT_DURATION_PO #
#                          LLED=3000 -DNWK_INDIRECT_MSG_TIMEOUT=7             #
#                          -DMAX_RREQ_ENTRIES=8 -DAPSC_MAX_FRAME_RETRIES=3    #
#                          -DNWK_MAX_DATA_RETRIES=2                           #
#                          -DMAX_POLL_FAILURE_RETRIES=2 -DMAX_BCAST=9         #
#                          -DAPS_MAX_GROUPS=16 -DMAX_RTG_ENTRIES=40           #
#                          -DNWK_MAX_BINDING_ENTRIES=4                        #
#                          -DMAX_BINDING_CLUSTER_IDS=4 "-DDEFAULT_KEY={0x01,  #
#                          0x03, 0x05, 0x07, 0x09, 0x0B, 0x0D, 0x0F, 0x00,    #
#                          0x02, 0x04, 0x06, 0x08, 0x0A, 0x0C, 0x0D}"         #
#                          -DMAC_MAX_FRAME_SIZE=116 "-DCONST=const __code"    #
#                          -DGENERIC=__generic -DRFD_RCVC_ALWAYS_ON=TRUE      #
#                          -DPOLL_RATE=1000 -DQUEUED_POLL_RATE=100            #
#                          -DRESPONSE_POLL_RATE=100) -DREJOIN_POLL_RATE=440   #
#                          C:\Users\ArnoldWorkStation\Desktop\ZigbeeTest\Comp #
#                          onents\hal\target\CC2530EB\hal_led.c -D ZIGBEEPRO  #
#                          -D ZTOOL_P1 -D xMT_TASK -D xMT_SYS_FUNC -D         #
#                          xMT_ZDO_FUNC -D LCD_SUPPORTED=DEBUG -lC            #
#                          C:\Users\ArnoldWorkStation\Desktop\ZigbeeTest\Proj #
#                          ects\zstack\Samples\SampleApp\CC2530DB\Coordinator #
#                          EB-Pro\List\ -lA C:\Users\ArnoldWorkStation\Deskto #
#                          p\ZigbeeTest\Projects\zstack\Samples\SampleApp\CC2 #
#                          530DB\CoordinatorEB-Pro\List\ --diag_suppress      #
#                          Pe001,Pa010 -o C:\Users\ArnoldWorkStation\Desktop\ #
#                          ZigbeeTest\Projects\zstack\Samples\SampleApp\CC253 #
#                          0DB\CoordinatorEB-Pro\Obj\ -e --no_cse             #
#                          --no_unroll --no_inline --no_code_motion           #
#                          --no_tbaa --debug --core=plain --dptr=16,1         #
#                          --data_model=large --code_model=banked             #
#                          --calling_convention=xdata_reentrant               #
#                          --place_constants=data_rom --nr_virtual_regs 16    #
#                          -I C:\Users\ArnoldWorkStation\Desktop\ZigbeeTest\P #
#                          rojects\zstack\Samples\SampleApp\CC2530DB\ -I      #
#                          C:\Users\ArnoldWorkStation\Desktop\ZigbeeTest\Proj #
#                          ects\zstack\Samples\SampleApp\CC2530DB\..\SOURCE\  #
#                          -I C:\Users\ArnoldWorkStation\Desktop\ZigbeeTest\P #
#                          rojects\zstack\Samples\SampleApp\CC2530DB\..\..\.. #
#                          \ZMAIN\TI2530DB\ -I C:\Users\ArnoldWorkStation\Des #
#                          ktop\ZigbeeTest\Projects\zstack\Samples\SampleApp\ #
#                          CC2530DB\..\..\..\..\..\COMPONENTS\MT\ -I          #
#                          C:\Users\ArnoldWorkStation\Desktop\ZigbeeTest\Proj #
#                          ects\zstack\Samples\SampleApp\CC2530DB\..\..\..\.. #
#                          \..\COMPONENTS\HAL\INCLUDE\ -I                     #
#                          C:\Users\ArnoldWorkStation\Desktop\ZigbeeTest\Proj #
#                          ects\zstack\Samples\SampleApp\CC2530DB\..\..\..\.. #
#                          \..\COMPONENTS\HAL\TARGET\CC2530EB\ -I             #
#                          C:\Users\ArnoldWorkStation\Desktop\ZigbeeTest\Proj #
#                          ects\zstack\Samples\SampleApp\CC2530DB\..\..\..\.. #
#                          \..\COMPONENTS\OSAL\MCU\CCSOC\ -I                  #
#                          C:\Users\ArnoldWorkStation\Desktop\ZigbeeTest\Proj #
#                          ects\zstack\Samples\SampleApp\CC2530DB\..\..\..\.. #
#                          \..\COMPONENTS\OSAL\INCLUDE\ -I                    #
#                          C:\Users\ArnoldWorkStation\Desktop\ZigbeeTest\Proj #
#                          ects\zstack\Samples\SampleApp\CC2530DB\..\..\..\.. #
#                          \..\COMPONENTS\STACK\AF\ -I                        #
#                          C:\Users\ArnoldWorkStation\Desktop\ZigbeeTest\Proj #
#                          ects\zstack\Samples\SampleApp\CC2530DB\..\..\..\.. #
#                          \..\COMPONENTS\STACK\NWK\ -I                       #
#                          C:\Users\ArnoldWorkStation\Desktop\ZigbeeTest\Proj #
#                          ects\zstack\Samples\SampleApp\CC2530DB\..\..\..\.. #
#                          \..\COMPONENTS\STACK\SEC\ -I                       #
#                          C:\Users\ArnoldWorkStation\Desktop\ZigbeeTest\Proj #
#                          ects\zstack\Samples\SampleApp\CC2530DB\..\..\..\.. #
#                          \..\COMPONENTS\STACK\SAPI\ -I                      #
#                          C:\Users\ArnoldWorkStation\Desktop\ZigbeeTest\Proj #
#                          ects\zstack\Samples\SampleApp\CC2530DB\..\..\..\.. #
#                          \..\COMPONENTS\STACK\SYS\ -I                       #
#                          C:\Users\ArnoldWorkStation\Desktop\ZigbeeTest\Proj #
#                          ects\zstack\Samples\SampleApp\CC2530DB\..\..\..\.. #
#                          \..\COMPONENTS\STACK\ZDO\ -I                       #
#                          C:\Users\ArnoldWorkStation\Desktop\ZigbeeTest\Proj #
#                          ects\zstack\Samples\SampleApp\CC2530DB\..\..\..\.. #
#                          \..\COMPONENTS\ZMAC\F8W\ -I                        #
#                          C:\Users\ArnoldWorkStation\Desktop\ZigbeeTest\Proj #
#                          ects\zstack\Samples\SampleApp\CC2530DB\..\..\..\.. #
#                          \..\COMPONENTS\ZMAC\ -I C:\Users\ArnoldWorkStation #
#                          \Desktop\ZigbeeTest\Projects\zstack\Samples\Sample #
#                          App\CC2530DB\..\..\..\..\..\COMPONENTS\SERVICES\SA #
#                          DDR\ -I C:\Users\ArnoldWorkStation\Desktop\ZigbeeT #
#                          est\Projects\zstack\Samples\SampleApp\CC2530DB\..\ #
#                          ..\..\..\..\COMPONENTS\SERVICES\SDATA\ -I          #
#                          C:\Users\ArnoldWorkStation\Desktop\ZigbeeTest\Proj #
#                          ects\zstack\Samples\SampleApp\CC2530DB\..\..\..\.. #
#                          \..\COMPONENTS\MAC\INCLUDE\ -I                     #
#                          C:\Users\ArnoldWorkStation\Desktop\ZigbeeTest\Proj #
#                          ects\zstack\Samples\SampleApp\CC2530DB\..\..\..\.. #
#                          \..\COMPONENTS\MAC\HIGH_LEVEL\ -I                  #
#                          C:\Users\ArnoldWorkStation\Desktop\ZigbeeTest\Proj #
#                          ects\zstack\Samples\SampleApp\CC2530DB\..\..\..\.. #
#                          \..\COMPONENTS\MAC\LOW_LEVEL\srf04\ -I             #
#                          C:\Users\ArnoldWorkStation\Desktop\ZigbeeTest\Proj #
#                          ects\zstack\Samples\SampleApp\CC2530DB\..\..\..\.. #
#                          \..\COMPONENTS\MAC\LOW_LEVEL\srf04\SINGLE_CHIP\    #
#                          -On --require_prototypes                           #
#    List file          =  C:\Users\ArnoldWorkStation\Desktop\ZigbeeTest\Proj #
#                          ects\zstack\Samples\SampleApp\CC2530DB\Coordinator #
#                          EB-Pro\List\hal_led.lst                            #
#    Object file        =  C:\Users\ArnoldWorkStation\Desktop\ZigbeeTest\Proj #
#                          ects\zstack\Samples\SampleApp\CC2530DB\Coordinator #
#                          EB-Pro\Obj\hal_led.r51                             #
#                                                                             #
#                                                                             #
###############################################################################

C:\Users\ArnoldWorkStation\Desktop\ZigbeeTest\Components\hal\target\CC2530EB\hal_led.c
      1          /**************************************************************************************************
      2            Filename:       hal_led.c
      3            Revised:        $Date: 2009-03-13 05:45:44 -0700 (Fri, 13 Mar 2009) $
      4            Revision:       $Revision: 19408 $
      5          
      6            Description:    This file contains the interface to the HAL LED Service.
      7          
      8          
      9            Copyright 2006-2007 Texas Instruments Incorporated. All rights reserved.
     10          
     11            IMPORTANT: Your use of this Software is limited to those specific rights
     12            granted under the terms of a software license agreement between the user
     13            who downloaded the software, his/her employer (which must be your employer)
     14            and Texas Instruments Incorporated (the "License").  You may not use this
     15            Software unless you agree to abide by the terms of the License. The License
     16            limits your use, and you acknowledge, that the Software may not be modified,
     17            copied or distributed unless embedded on a Texas Instruments microcontroller
     18            or used solely and exclusively in conjunction with a Texas Instruments radio
     19            frequency transceiver, which is integrated into your product.  Other than for
     20            the foregoing purpose, you may not use, reproduce, copy, prepare derivative
     21            works of, modify, distribute, perform, display or sell this Software and/or
     22            its documentation for any purpose.
     23          
     24            YOU FURTHER ACKNOWLEDGE AND AGREE THAT THE SOFTWARE AND DOCUMENTATION ARE
     25            PROVIDED “AS IS” WITHOUT WARRANTY OF ANY KIND, EITHER EXPRESS OR IMPLIED,
     26            INCLUDING WITHOUT LIMITATION, ANY WARRANTY OF MERCHANTABILITY, TITLE,
     27            NON-INFRINGEMENT AND FITNESS FOR A PARTICULAR PURPOSE. IN NO EVENT SHALL
     28            TEXAS INSTRUMENTS OR ITS LICENSORS BE LIABLE OR OBLIGATED UNDER CONTRACT,
     29            NEGLIGENCE, STRICT LIABILITY, CONTRIBUTION, BREACH OF WARRANTY, OR OTHER
     30            LEGAL EQUITABLE THEORY ANY DIRECT OR INDIRECT DAMAGES OR EXPENSES
     31            INCLUDING BUT NOT LIMITED TO ANY INCIDENTAL, SPECIAL, INDIRECT, PUNITIVE
     32            OR CONSEQUENTIAL DAMAGES, LOST PROFITS OR LOST DATA, COST OF PROCUREMENT
     33            OF SUBSTITUTE GOODS, TECHNOLOGY, SERVICES, OR ANY CLAIMS BY THIRD PARTIES
     34            (INCLUDING BUT NOT LIMITED TO ANY DEFENSE THEREOF), OR OTHER SIMILAR COSTS.
     35          
     36            Should you have any questions regarding your right to use this Software,
     37            contact Texas Instruments Incorporated at www.TI.com.
     38          **************************************************************************************************/
     39          
     40          /***************************************************************************************************
     41           *                                             INCLUDES
     42           ***************************************************************************************************/
     43          #include "hal_mcu.h"

   \                                 In  segment SFR_AN, at 0x80
   \   union <unnamed> volatile __sfr _A_P0
   \                     _A_P0:
   \   000000                DS 1

   \                                 In  segment SFR_AN, at 0x90
   \   union <unnamed> volatile __sfr _A_P1
   \                     _A_P1:
   \   000000                DS 1
     44          #include "hal_defs.h"
     45          #include "hal_types.h"
     46          #include "hal_drivers.h"
     47          #include "hal_led.h"
     48          #include "osal.h"
     49          #include "hal_board.h"
     50          
     51          /***************************************************************************************************
     52           *                                             CONSTANTS
     53           ***************************************************************************************************/
     54          
     55          /***************************************************************************************************
     56           *                                              MACROS
     57           ***************************************************************************************************/
     58          
     59          /***************************************************************************************************
     60           *                                              TYPEDEFS
     61           ***************************************************************************************************/
     62          /* LED control structure */
     63          typedef struct {
     64            uint8 mode;       /* Operation mode */
     65            uint8 todo;       /* Blink cycles left */
     66            uint8 onPct;      /* On cycle percentage */
     67            uint16 time;      /* On/off cycle time (msec) */
     68            uint32 next;      /* Time for next change */
     69          } HalLedControl_t;
     70          
     71          typedef struct
     72          {
     73            HalLedControl_t HalLedControlTable[HAL_LED_DEFAULT_MAX_LEDS];
     74            uint8           sleepActive;
     75          } HalLedStatus_t;
     76          
     77          
     78          /***************************************************************************************************
     79           *                                           GLOBAL VARIABLES
     80           ***************************************************************************************************/
     81          
     82          

   \                                 In  segment XDATA_Z, align 1, keep-with-next
     83          static uint8 HalLedState;              // LED state at last set/clr/blink update
   \                     HalLedState:
   \   000000                DS 1
   \   000001                REQUIRE __INIT_XDATA_Z
     84          
     85          #if HAL_LED == TRUE

   \                                 In  segment XDATA_Z, align 1, keep-with-next
     86          static uint8 HalSleepLedState;         // LED state at last set/clr/blink update
   \                     HalSleepLedState:
   \   000000                DS 1
   \   000001                REQUIRE __INIT_XDATA_Z

   \                                 In  segment XDATA_Z, align 1, keep-with-next
     87          static uint8 preBlinkState;            // Original State before going to blink mode
   \                     preBlinkState:
   \   000000                DS 1
   \   000001                REQUIRE __INIT_XDATA_Z
     88                                                 // bit 0, 1, 2, 3 represent led 0, 1, 2, 3
     89          #endif
     90          
     91          #ifdef BLINK_LEDS

   \                                 In  segment XDATA_Z, align 1, keep-with-next
     92            static HalLedStatus_t HalLedStatusControl;
   \                     HalLedStatusControl:
   \   000000                DS 37
   \   000025                REQUIRE __INIT_XDATA_Z
     93          #endif
     94          
     95          /***************************************************************************************************
     96           *                                            LOCAL FUNCTION
     97           ***************************************************************************************************/
     98          #if (HAL_LED == TRUE)
     99          void HalLedUpdate (void);
    100          void HalLedOnOff (uint8 leds, uint8 mode);
    101          #endif /* HAL_LED */
    102          
    103          /***************************************************************************************************
    104           *                                            FUNCTIONS - API
    105           ***************************************************************************************************/
    106          
    107          /***************************************************************************************************
    108           * @fn      HalLedInit
    109           *
    110           * @brief   Initialize LED Service
    111           *
    112           * @param   init - pointer to void that contains the initialized value
    113           *
    114           * @return  None
    115           ***************************************************************************************************/

   \                                 In  segment BANKED_CODE, align 1, keep-with-next
    116          void HalLedInit (void)
   \                     HalLedInit:
    117          {
   \   000000   C082         PUSH    DPL
   \   000002   C083         PUSH    DPH
   \   000004                ; Saved register size: 2
   \   000004                ; Auto size: 0
    118          #if (HAL_LED == TRUE)
    119            /* Initialize all LEDs to OFF */
    120            HalLedSet (HAL_LED_ALL, HAL_LED_MODE_OFF);
   \   000004                ; Setup parameters for call to function HalLedSet
   \   000004   7A00         MOV     R2,#0x0
   \   000006   790F         MOV     R1,#0xf
   \   000008   12....       LCALL   ??HalLedSet?relay
   \   00000B   E9           MOV     A,R1
    121          #endif /* HAL_LED */
    122          #ifdef BLINK_LEDS
    123            /* Initialize sleepActive to FALSE */
    124            HalLedStatusControl.sleepActive = FALSE;
   \   00000C   90....       MOV     DPTR,#HalLedStatusControl + 36
   \   00000F   7400         MOV     A,#0x0
   \   000011   F0           MOVX    @DPTR,A
    125          #endif
    126          }
   \   000012   D083         POP     DPH
   \   000014   D082         POP     DPL
   \   000016   02....       LJMP    ?BRET
    127          
    128          /***************************************************************************************************
    129           * @fn      HalLedSet
    130           *
    131           * @brief   Tun ON/OFF/TOGGLE given LEDs
    132           *
    133           * @param   led - bit mask value of leds to be turned ON/OFF/TOGGLE
    134           *          mode - BLINK, FLASH, TOGGLE, ON, OFF
    135           * @return  None
    136           ***************************************************************************************************/

   \                                 In  segment BANKED_CODE, align 1, keep-with-next
    137          uint8 HalLedSet (uint8 leds, uint8 mode)
   \                     HalLedSet:
    138          {
   \   000000   74F5         MOV     A,#-0xb
   \   000002   12....       LCALL   ?BANKED_ENTER_XDATA
   \   000005                ; Saved register size: 11
   \   000005                ; Auto size: 0
   \   000005   89..         MOV     ?V0 + 0,R1
   \   000007   8A..         MOV     ?V0 + 2,R2
    139          
    140          #if (defined (BLINK_LEDS)) && (HAL_LED == TRUE)
    141            uint8 led;
    142            HalLedControl_t *sts;
    143          
    144            switch (mode)
   \   000009   E5..         MOV     A,?V0 + 2
   \   00000B   602E         JZ      ??HalLedSet_0
   \   00000D   14           DEC     A
   \   00000E   602B         JZ      ??HalLedSet_0
   \   000010   14           DEC     A
   \   000011   600A         JZ      ??HalLedSet_1
   \   000013   24FE         ADD     A,#-0x2
   \   000015   6015         JZ      ??HalLedSet_2
   \   000017   24FC         ADD     A,#-0x4
   \   000019   6020         JZ      ??HalLedSet_0
   \   00001B   806E         SJMP    ??HalLedSet_3
    145            {
    146              case HAL_LED_MODE_BLINK:
    147                /* Default blink, 1 time, D% duty cycle */
    148                HalLedBlink (leds, 1, HAL_LED_DEFAULT_DUTY_CYCLE, HAL_LED_DEFAULT_FLASH_TIME);
   \                     ??HalLedSet_1:
   \   00001D                ; Setup parameters for call to function HalLedBlink
   \   00001D   7CE8         MOV     R4,#-0x18
   \   00001F   7D03         MOV     R5,#0x3
   \   000021   7B05         MOV     R3,#0x5
   \   000023   7A01         MOV     R2,#0x1
   \   000025   A9..         MOV     R1,?V0 + 0
   \   000027   12....       LCALL   ??HalLedBlink?relay
    149                break;
   \   00002A   805F         SJMP    ??HalLedSet_3
    150          
    151              case HAL_LED_MODE_FLASH:
    152                /* Default flash, N times, D% duty cycle */
    153                HalLedBlink (leds, HAL_LED_DEFAULT_FLASH_COUNT, HAL_LED_DEFAULT_DUTY_CYCLE, HAL_LED_DEFAULT_FLASH_TIME);
   \                     ??HalLedSet_2:
   \   00002C                ; Setup parameters for call to function HalLedBlink
   \   00002C   7CE8         MOV     R4,#-0x18
   \   00002E   7D03         MOV     R5,#0x3
   \   000030   7B05         MOV     R3,#0x5
   \   000032   7A32         MOV     R2,#0x32
   \   000034   A9..         MOV     R1,?V0 + 0
   \   000036   12....       LCALL   ??HalLedBlink?relay
    154                break;
   \   000039   8050         SJMP    ??HalLedSet_3
    155          
    156              case HAL_LED_MODE_ON:
    157              case HAL_LED_MODE_OFF:
    158              case HAL_LED_MODE_TOGGLE:
    159          
    160                led = HAL_LED_1;
   \                     ??HalLedSet_0:
   \   00003B   75..01       MOV     ?V0 + 1,#0x1
    161                leds &= HAL_LED_ALL;
   \   00003E   53..0F       ANL     ?V0 + 0,#0xf
    162                sts = HalLedStatusControl.HalLedControlTable;
   \   000041   7E..         MOV     R6,#HalLedStatusControl & 0xff
   \   000043   7F..         MOV     R7,#(HalLedStatusControl >> 8) & 0xff
    163          
    164                while (leds)
   \                     ??HalLedSet_4:
   \   000045   E5..         MOV     A,?V0 + 0
   \   000047   6042         JZ      ??HalLedSet_3
    165                {
    166                  if (leds & led)
   \   000049   E5..         MOV     A,?V0 + 0
   \   00004B   55..         ANL     A,?V0 + 1
   \   00004D   6028         JZ      ??HalLedSet_5
    167                  {
    168                    if (mode != HAL_LED_MODE_TOGGLE)
   \   00004F   7408         MOV     A,#0x8
   \   000051   65..         XRL     A,?V0 + 2
   \   000053   600B         JZ      ??HalLedSet_6
    169                    {
    170                      sts->mode = mode;  /* ON or OFF */
   \   000055   E5..         MOV     A,?V0 + 2
   \   000057   8E82         MOV     DPL,R6
   \   000059   8F83         MOV     DPH,R7
   \   00005B   E5..         MOV     A,?V0 + 2
   \   00005D   F0           MOVX    @DPTR,A
   \   00005E   8008         SJMP    ??HalLedSet_7
    171                    }
    172                    else
    173                    {
    174                      sts->mode ^= HAL_LED_MODE_ON;  /* Toggle */
   \                     ??HalLedSet_6:
   \   000060   8E82         MOV     DPL,R6
   \   000062   8F83         MOV     DPH,R7
   \   000064   E0           MOVX    A,@DPTR
   \   000065   6401         XRL     A,#0x1
   \   000067   F0           MOVX    @DPTR,A
    175                    }
    176                    HalLedOnOff (led, sts->mode);
   \                     ??HalLedSet_7:
   \   000068                ; Setup parameters for call to function HalLedOnOff
   \   000068   8E82         MOV     DPL,R6
   \   00006A   8F83         MOV     DPH,R7
   \   00006C   E0           MOVX    A,@DPTR
   \   00006D   FA           MOV     R2,A
   \   00006E   A9..         MOV     R1,?V0 + 1
   \   000070   12....       LCALL   ??HalLedOnOff?relay
    177                    leds ^= led;
   \   000073   E5..         MOV     A,?V0 + 1
   \   000075   62..         XRL     ?V0 + 0,A
    178                  }
    179                  led <<= 1;
   \                     ??HalLedSet_5:
   \   000077   E5..         MOV     A,?V0 + 1
   \   000079   C3           CLR     C
   \   00007A   33           RLC     A
   \   00007B   F5..         MOV     ?V0 + 1,A
    180                  sts++;
   \   00007D   EE           MOV     A,R6
   \   00007E   2409         ADD     A,#0x9
   \   000080   F8           MOV     R0,A
   \   000081   EF           MOV     A,R7
   \   000082   3400         ADDC    A,#0x0
   \   000084   F9           MOV     R1,A
   \   000085   E8           MOV     A,R0
   \   000086   FE           MOV     R6,A
   \   000087   E9           MOV     A,R1
   \   000088   FF           MOV     R7,A
   \   000089   80BA         SJMP    ??HalLedSet_4
    181                }
    182                break;
    183          
    184              default:
    185                break;
    186            }
    187          
    188          #elif (HAL_LED == TRUE)
    189            LedOnOff(leds, mode);
    190          #else
    191            // HAL LED is disabled, suppress unused argument warnings
    192            (void) leds;
    193            (void) mode;
    194          #endif /* BLINK_LEDS && HAL_LED   */
    195          
    196            return ( HalLedState );
   \                     ??HalLedSet_3:
   \   00008B   90....       MOV     DPTR,#HalLedState
   \   00008E   E0           MOVX    A,@DPTR
   \   00008F   F9           MOV     R1,A
   \   000090   7F03         MOV     R7,#0x3
   \   000092   02....       LJMP    ?BANKED_LEAVE_XDATA
    197          
    198          }
    199          
    200          /***************************************************************************************************
    201           * @fn      HalLedBlink
    202           *
    203           * @brief   Blink the leds
    204           *
    205           * @param   leds       - bit mask value of leds to be blinked
    206           *          numBlinks  - number of blinks
    207           *          percent    - the percentage in each period where the led
    208           *                       will be on
    209           *          period     - length of each cycle in milliseconds
    210           *
    211           * @return  None
    212           ***************************************************************************************************/

   \                                 In  segment BANKED_CODE, align 1, keep-with-next
    213          void HalLedBlink (uint8 leds, uint8 numBlinks, uint8 percent, uint16 period)
   \                     HalLedBlink:
    214          {
   \   000000   74F2         MOV     A,#-0xe
   \   000002   12....       LCALL   ?BANKED_ENTER_XDATA
   \   000005                ; Saved register size: 14
   \   000005                ; Auto size: 0
   \   000005   89..         MOV     ?V0 + 0,R1
   \   000007   8A..         MOV     ?V0 + 1,R2
   \   000009   8B..         MOV     ?V0 + 2,R3
   \   00000B   8C..         MOV     ?V0 + 4,R4
   \   00000D   8D..         MOV     ?V0 + 5,R5
    215          #if (defined (BLINK_LEDS)) && (HAL_LED == TRUE)
    216            uint8 led;
    217            HalLedControl_t *sts;
    218          
    219            if (leds && percent && period)
   \   00000F   E5..         MOV     A,?V0 + 0
   \   000011   7003         JNZ     $+5
   \   000013   02....       LJMP    ??HalLedBlink_0 & 0xFFFF
   \   000016   E5..         MOV     A,?V0 + 2
   \   000018   7003         JNZ     $+5
   \   00001A   02....       LJMP    ??HalLedBlink_0 & 0xFFFF
   \   00001D   E5..         MOV     A,?V0 + 4
   \   00001F   45..         ORL     A,?V0 + 5
   \   000021   7003         JNZ     $+5
   \   000023   02....       LJMP    ??HalLedBlink_0 & 0xFFFF
    220            {
    221              if (percent < 100)
   \   000026   E5..         MOV     A,?V0 + 2
   \   000028   C3           CLR     C
   \   000029   9464         SUBB    A,#0x64
   \   00002B   4003         JC      $+5
   \   00002D   02....       LJMP    ??HalLedBlink_1 & 0xFFFF
    222              {
    223                led = HAL_LED_1;
   \   000030   75..01       MOV     ?V0 + 3,#0x1
    224                leds &= HAL_LED_ALL;
   \   000033   53..0F       ANL     ?V0 + 0,#0xf
    225                sts = HalLedStatusControl.HalLedControlTable;
   \   000036   7E..         MOV     R6,#HalLedStatusControl & 0xff
   \   000038   7F..         MOV     R7,#(HalLedStatusControl >> 8) & 0xff
    226          
    227                while (leds)
   \                     ??HalLedBlink_2:
   \   00003A   E5..         MOV     A,?V0 + 0
   \   00003C   6074         JZ      ??HalLedBlink_3
    228                {
    229                  if (leds & led)
   \   00003E   E5..         MOV     A,?V0 + 0
   \   000040   55..         ANL     A,?V0 + 3
   \   000042   605E         JZ      ??HalLedBlink_4
    230                  {
    231                    /* Store the current state of the led before going to blinking */
    232                    preBlinkState |= (led & HalLedState);
   \   000044   90....       MOV     DPTR,#HalLedState
   \   000047   E0           MOVX    A,@DPTR
   \   000048   55..         ANL     A,?V0 + 3
   \   00004A   F8           MOV     R0,A
   \   00004B   90....       MOV     DPTR,#preBlinkState
   \   00004E   E0           MOVX    A,@DPTR
   \   00004F   48           ORL     A,R0
   \   000050   F0           MOVX    @DPTR,A
    233          
    234                    sts->mode  = HAL_LED_MODE_OFF;                    /* Stop previous blink */
   \   000051   8E82         MOV     DPL,R6
   \   000053   8F83         MOV     DPH,R7
   \   000055   7400         MOV     A,#0x0
   \   000057   F0           MOVX    @DPTR,A
    235                    sts->time  = period;                              /* Time for one on/off cycle */
   \   000058   8E82         MOV     DPL,R6
   \   00005A   8F83         MOV     DPH,R7
   \   00005C   A3           INC     DPTR
   \   00005D   A3           INC     DPTR
   \   00005E   A3           INC     DPTR
   \   00005F   E5..         MOV     A,?V0 + 4
   \   000061   F0           MOVX    @DPTR,A
   \   000062   A3           INC     DPTR
   \   000063   E5..         MOV     A,?V0 + 5
   \   000065   F0           MOVX    @DPTR,A
    236                    sts->onPct = percent;                             /* % of cycle LED is on */
   \   000066   E5..         MOV     A,?V0 + 2
   \   000068   8E82         MOV     DPL,R6
   \   00006A   8F83         MOV     DPH,R7
   \   00006C   A3           INC     DPTR
   \   00006D   A3           INC     DPTR
   \   00006E   E5..         MOV     A,?V0 + 2
   \   000070   F0           MOVX    @DPTR,A
    237                    sts->todo  = numBlinks;                           /* Number of blink cycles */
   \   000071   E5..         MOV     A,?V0 + 1
   \   000073   8E82         MOV     DPL,R6
   \   000075   8F83         MOV     DPH,R7
   \   000077   A3           INC     DPTR
   \   000078   E5..         MOV     A,?V0 + 1
   \   00007A   F0           MOVX    @DPTR,A
    238                    if (!numBlinks) sts->mode |= HAL_LED_MODE_FLASH;  /* Continuous */
   \   00007B   E5..         MOV     A,?V0 + 1
   \   00007D   7008         JNZ     ??HalLedBlink_5
   \   00007F   8E82         MOV     DPL,R6
   \   000081   8F83         MOV     DPH,R7
   \   000083   E0           MOVX    A,@DPTR
   \   000084   D2E2         SETB    0xE0 /* A   */.2
   \   000086   F0           MOVX    @DPTR,A
    239                    sts->next = osal_GetSystemClock();                /* Start now */
   \                     ??HalLedBlink_5:
   \   000087                ; Setup parameters for call to function osal_GetSystemClock
   \   000087   12....       LCALL   ??osal_GetSystemClock?relay
   \   00008A   8E82         MOV     DPL,R6
   \   00008C   8F83         MOV     DPH,R7
   \   00008E   A3           INC     DPTR
   \   00008F   A3           INC     DPTR
   \   000090   A3           INC     DPTR
   \   000091   A3           INC     DPTR
   \   000092   A3           INC     DPTR
   \   000093   12....       LCALL   ?XSTORE_R2345
    240                    sts->mode |= HAL_LED_MODE_BLINK;                  /* Enable blinking */
   \   000096   8E82         MOV     DPL,R6
   \   000098   8F83         MOV     DPH,R7
   \   00009A   E0           MOVX    A,@DPTR
   \   00009B   D2E1         SETB    0xE0 /* A   */.1
   \   00009D   F0           MOVX    @DPTR,A
    241                    leds ^= led;
   \   00009E   E5..         MOV     A,?V0 + 3
   \   0000A0   62..         XRL     ?V0 + 0,A
    242                  }
    243                  led <<= 1;
   \                     ??HalLedBlink_4:
   \   0000A2   E5..         MOV     A,?V0 + 3
   \   0000A4   C3           CLR     C
   \   0000A5   33           RLC     A
   \   0000A6   F5..         MOV     ?V0 + 3,A
    244                  sts++;
   \   0000A8   EE           MOV     A,R6
   \   0000A9   2409         ADD     A,#0x9
   \   0000AB   FE           MOV     R6,A
   \   0000AC   EF           MOV     A,R7
   \   0000AD   3400         ADDC    A,#0x0
   \   0000AF   FF           MOV     R7,A
   \   0000B0   8088         SJMP    ??HalLedBlink_2
    245                }
    246                osal_set_event (Hal_TaskID, HAL_LED_BLINK_EVENT);
   \                     ??HalLedBlink_3:
   \   0000B2                ; Setup parameters for call to function osal_set_event
   \   0000B2   7A02         MOV     R2,#0x2
   \   0000B4   7B00         MOV     R3,#0x0
   \   0000B6   90....       MOV     DPTR,#Hal_TaskID
   \   0000B9   E0           MOVX    A,@DPTR
   \   0000BA   F9           MOV     R1,A
   \   0000BB   12....       LCALL   ??osal_set_event?relay
   \   0000BE   E9           MOV     A,R1
   \   0000BF   8012         SJMP    ??HalLedBlink_6
    247              }
    248              else
    249              {
    250                HalLedSet (leds, HAL_LED_MODE_ON);                    /* >= 100%, turn on */
   \                     ??HalLedBlink_1:
   \   0000C1                ; Setup parameters for call to function HalLedSet
   \   0000C1   7A01         MOV     R2,#0x1
   \   0000C3   A9..         MOV     R1,?V0 + 0
   \   0000C5   12....       LCALL   ??HalLedSet?relay
   \   0000C8   E9           MOV     A,R1
   \   0000C9   8008         SJMP    ??HalLedBlink_6
    251              }
    252            }
    253            else
    254            {
    255              HalLedSet (leds, HAL_LED_MODE_OFF);                     /* No on time, turn off */
   \                     ??HalLedBlink_0:
   \   0000CB                ; Setup parameters for call to function HalLedSet
   \   0000CB   7A00         MOV     R2,#0x0
   \   0000CD   A9..         MOV     R1,?V0 + 0
   \   0000CF   12....       LCALL   ??HalLedSet?relay
   \   0000D2   E9           MOV     A,R1
    256            }
    257          #elif (HAL_LED == TRUE)
    258            percent = (leds & HalLedState) ? HAL_LED_MODE_OFF : HAL_LED_MODE_ON;
    259            HalLedOnOff (leds, percent);                              /* Toggle */
    260          #else
    261            // HAL LED is disabled, suppress unused argument warnings
    262            (void) leds;
    263            (void) numBlinks;
    264            (void) percent;
    265            (void) period;
    266          #endif /* BLINK_LEDS && HAL_LED */
    267          }
   \                     ??HalLedBlink_6:
   \   0000D3   7F06         MOV     R7,#0x6
   \   0000D5   02....       LJMP    ?BANKED_LEAVE_XDATA
    268          
    269          #if (HAL_LED == TRUE)
    270          /***************************************************************************************************
    271           * @fn      HalLedUpdate
    272           *
    273           * @brief   Update leds to work with blink
    274           *
    275           * @param   none
    276           *
    277           * @return  none
    278           ***************************************************************************************************/

   \                                 In  segment BANKED_CODE, align 1, keep-with-next
    279          void HalLedUpdate (void)
   \                     HalLedUpdate:
    280          {
   \   000000   74E8         MOV     A,#-0x18
   \   000002   12....       LCALL   ?BANKED_ENTER_XDATA
   \   000005                ; Saved register size: 24
   \   000005                ; Auto size: 3
   \   000005   74FD         MOV     A,#-0x3
   \   000007   12....       LCALL   ?ALLOC_XSTACK8
    281            uint8 led;
    282            uint8 pct;
    283            uint8 leds;
    284            HalLedControl_t *sts;
    285            uint32 time;
    286            uint16 next;
    287            uint16 wait;
    288          
    289            next = 0;
   \   00000A   75..00       MOV     ?V0 + 14,#0x0
   \   00000D   75..00       MOV     ?V0 + 15,#0x0
    290            led  = HAL_LED_1;
   \   000010   85..82       MOV     DPL,?XSP + 0
   \   000013   85..83       MOV     DPH,?XSP + 1
   \   000016   7401         MOV     A,#0x1
   \   000018   F0           MOVX    @DPTR,A
    291            leds = HAL_LED_ALL;
   \   000019   7401         MOV     A,#0x1
   \   00001B   12....       LCALL   ?XSTACK_DISP0_8
   \   00001E   740F         MOV     A,#0xf
   \   000020   F0           MOVX    @DPTR,A
    292            sts = HalLedStatusControl.HalLedControlTable;
   \   000021   7E..         MOV     R6,#HalLedStatusControl & 0xff
   \   000023   7F..         MOV     R7,#(HalLedStatusControl >> 8) & 0xff
    293          
    294            /* Check if sleep is active or not */
    295            if (!HalLedStatusControl.sleepActive)
   \   000025   90....       MOV     DPTR,#HalLedStatusControl + 36
   \   000028   E0           MOVX    A,@DPTR
   \   000029   6003         JZ      $+5
   \   00002B   02....       LJMP    ??HalLedUpdate_0 & 0xFFFF
    296            {
    297              while (leds)
   \                     ??HalLedUpdate_1:
   \   00002E   7401         MOV     A,#0x1
   \   000030   12....       LCALL   ?XSTACK_DISP0_8
   \   000033   E0           MOVX    A,@DPTR
   \   000034   7003         JNZ     $+5
   \   000036   02....       LJMP    ??HalLedUpdate_2 & 0xFFFF
    298              {
    299                if (leds & led)
   \   000039   85..82       MOV     DPL,?XSP + 0
   \   00003C   85..83       MOV     DPH,?XSP + 1
   \   00003F   E0           MOVX    A,@DPTR
   \   000040   F8           MOV     R0,A
   \   000041   7401         MOV     A,#0x1
   \   000043   12....       LCALL   ?XSTACK_DISP0_8
   \   000046   E0           MOVX    A,@DPTR
   \   000047   58           ANL     A,R0
   \   000048   7003         JNZ     $+5
   \   00004A   02....       LJMP    ??HalLedUpdate_3 & 0xFFFF
    300                {
    301                  if (sts->mode & HAL_LED_MODE_BLINK)
   \   00004D   8E82         MOV     DPL,R6
   \   00004F   8F83         MOV     DPH,R7
   \   000051   E0           MOVX    A,@DPTR
   \   000052   A2E1         MOV     C,0xE0 /* A   */.1
   \   000054   4003         JC      $+5
   \   000056   02....       LJMP    ??HalLedUpdate_4 & 0xFFFF
    302                  {
    303                    time = osal_GetSystemClock();
   \   000059                ; Setup parameters for call to function osal_GetSystemClock
   \   000059   12....       LCALL   ??osal_GetSystemClock?relay
   \   00005C   8A..         MOV     ?V0 + 0,R2
   \   00005E   8B..         MOV     ?V0 + 1,R3
   \   000060   8C..         MOV     ?V0 + 2,R4
   \   000062   8D..         MOV     ?V0 + 3,R5
   \   000064   85....       MOV     ?V0 + 4,?V0 + 0
   \   000067   85....       MOV     ?V0 + 5,?V0 + 1
   \   00006A   85....       MOV     ?V0 + 6,?V0 + 2
   \   00006D   85....       MOV     ?V0 + 7,?V0 + 3
    304                    if (time >= sts->next)
   \   000070   8E82         MOV     DPL,R6
   \   000072   8F83         MOV     DPH,R7
   \   000074   A3           INC     DPTR
   \   000075   A3           INC     DPTR
   \   000076   A3           INC     DPTR
   \   000077   A3           INC     DPTR
   \   000078   A3           INC     DPTR
   \   000079   78..         MOV     R0,#?V0 + 4
   \   00007B   12....       LCALL   ?UL_GE_X
   \   00007E   4003         JC      $+5
   \   000080   02....       LJMP    ??HalLedUpdate_5 & 0xFFFF
    305                    {
    306                      if (sts->mode & HAL_LED_MODE_ON)
   \   000083   8E82         MOV     DPL,R6
   \   000085   8F83         MOV     DPH,R7
   \   000087   E0           MOVX    A,@DPTR
   \   000088   A2E0         MOV     C,0xE0 /* A   */.0
   \   00008A   504F         JNC     ??HalLedUpdate_6
    307                      {
    308                        pct = 100 - sts->onPct;               /* Percentage of cycle for off */
   \   00008C   8E82         MOV     DPL,R6
   \   00008E   8F83         MOV     DPH,R7
   \   000090   A3           INC     DPTR
   \   000091   A3           INC     DPTR
   \   000092   E0           MOVX    A,@DPTR
   \   000093   F8           MOV     R0,A
   \   000094   7464         MOV     A,#0x64
   \   000096   C3           CLR     C
   \   000097   98           SUBB    A,R0
   \   000098   C0E0         PUSH    A
   \   00009A   7402         MOV     A,#0x2
   \   00009C   12....       LCALL   ?XSTACK_DISP0_8
   \   00009F   D0E0         POP     A
   \   0000A1   F0           MOVX    @DPTR,A
    309                        sts->mode &= ~HAL_LED_MODE_ON;        /* Say it's not on */
   \   0000A2   8E82         MOV     DPL,R6
   \   0000A4   8F83         MOV     DPH,R7
   \   0000A6   E0           MOVX    A,@DPTR
   \   0000A7   C2E0         CLR     0xE0 /* A   */.0
   \   0000A9   F0           MOVX    @DPTR,A
    310                        HalLedOnOff (led, HAL_LED_MODE_OFF);  /* Turn it off */
   \   0000AA                ; Setup parameters for call to function HalLedOnOff
   \   0000AA   7A00         MOV     R2,#0x0
   \   0000AC   85..82       MOV     DPL,?XSP + 0
   \   0000AF   85..83       MOV     DPH,?XSP + 1
   \   0000B2   E0           MOVX    A,@DPTR
   \   0000B3   F9           MOV     R1,A
   \   0000B4   12....       LCALL   ??HalLedOnOff?relay
    311          
    312                        if (!(sts->mode & HAL_LED_MODE_FLASH))
   \   0000B7   8E82         MOV     DPL,R6
   \   0000B9   8F83         MOV     DPH,R7
   \   0000BB   E0           MOVX    A,@DPTR
   \   0000BC   A2E2         MOV     C,0xE0 /* A   */.2
   \   0000BE   4041         JC      ??HalLedUpdate_7
    313                        {
    314                          sts->todo--;                        /* Not continuous, reduce count */
   \   0000C0   8E82         MOV     DPL,R6
   \   0000C2   8F83         MOV     DPH,R7
   \   0000C4   A3           INC     DPTR
   \   0000C5   E0           MOVX    A,@DPTR
   \   0000C6   24FF         ADD     A,#-0x1
   \   0000C8   F0           MOVX    @DPTR,A
    315                          if (!sts->todo)
   \   0000C9   8E82         MOV     DPL,R6
   \   0000CB   8F83         MOV     DPH,R7
   \   0000CD   A3           INC     DPTR
   \   0000CE   E0           MOVX    A,@DPTR
   \   0000CF   7030         JNZ     ??HalLedUpdate_7
    316                          {
    317                            sts->mode ^= HAL_LED_MODE_BLINK;  /* No more blinks */
   \   0000D1   8E82         MOV     DPL,R6
   \   0000D3   8F83         MOV     DPH,R7
   \   0000D5   E0           MOVX    A,@DPTR
   \   0000D6   6402         XRL     A,#0x2
   \   0000D8   F0           MOVX    @DPTR,A
   \   0000D9   8026         SJMP    ??HalLedUpdate_7
    318                          }
    319                        }
    320                      }
    321                      else
    322                      {
    323                        pct = sts->onPct;                     /* Percentage of cycle for on */
   \                     ??HalLedUpdate_6:
   \   0000DB   8E82         MOV     DPL,R6
   \   0000DD   8F83         MOV     DPH,R7
   \   0000DF   A3           INC     DPTR
   \   0000E0   A3           INC     DPTR
   \   0000E1   E0           MOVX    A,@DPTR
   \   0000E2   C0E0         PUSH    A
   \   0000E4   7402         MOV     A,#0x2
   \   0000E6   12....       LCALL   ?XSTACK_DISP0_8
   \   0000E9   D0E0         POP     A
   \   0000EB   F0           MOVX    @DPTR,A
    324                        sts->mode |= HAL_LED_MODE_ON;         /* Say it's on */
   \   0000EC   8E82         MOV     DPL,R6
   \   0000EE   8F83         MOV     DPH,R7
   \   0000F0   E0           MOVX    A,@DPTR
   \   0000F1   D2E0         SETB    0xE0 /* A   */.0
   \   0000F3   F0           MOVX    @DPTR,A
    325                        HalLedOnOff (led, HAL_LED_MODE_ON);   /* Turn it on */
   \   0000F4                ; Setup parameters for call to function HalLedOnOff
   \   0000F4   7A01         MOV     R2,#0x1
   \   0000F6   85..82       MOV     DPL,?XSP + 0
   \   0000F9   85..83       MOV     DPH,?XSP + 1
   \   0000FC   E0           MOVX    A,@DPTR
   \   0000FD   F9           MOV     R1,A
   \   0000FE   12....       LCALL   ??HalLedOnOff?relay
    326                      }
    327          
    328                      if (sts->mode & HAL_LED_MODE_BLINK)
   \                     ??HalLedUpdate_7:
   \   000101   8E82         MOV     DPL,R6
   \   000103   8F83         MOV     DPH,R7
   \   000105   E0           MOVX    A,@DPTR
   \   000106   A2E1         MOV     C,0xE0 /* A   */.1
   \   000108   506C         JNC     ??HalLedUpdate_8
    329                      {
    330                        wait = (((uint32)pct * (uint32)sts->time) / 100);
   \   00010A   7402         MOV     A,#0x2
   \   00010C   12....       LCALL   ?XSTACK_DISP0_8
   \   00010F   E0           MOVX    A,@DPTR
   \   000110   F5..         MOV     ?V0 + 0,A
   \   000112   E4           CLR     A
   \   000113   F5..         MOV     ?V0 + 1,A
   \   000115   F5..         MOV     ?V0 + 2,A
   \   000117   F5..         MOV     ?V0 + 3,A
   \   000119   8E82         MOV     DPL,R6
   \   00011B   8F83         MOV     DPH,R7
   \   00011D   A3           INC     DPTR
   \   00011E   A3           INC     DPTR
   \   00011F   A3           INC     DPTR
   \   000120   E0           MOVX    A,@DPTR
   \   000121   F5..         MOV     ?V0 + 8,A
   \   000123   A3           INC     DPTR
   \   000124   E0           MOVX    A,@DPTR
   \   000125   F5..         MOV     ?V0 + 9,A
   \   000127   E4           CLR     A
   \   000128   F5..         MOV     ?V0 + 10,A
   \   00012A   F5..         MOV     ?V0 + 11,A
   \   00012C   78..         MOV     R0,#?V0 + 0
   \   00012E   79..         MOV     R1,#?V0 + 8
   \   000130   12....       LCALL   ?L_MUL
   \   000133   90....       MOV     DPTR,#__Constant_64
   \   000136   78..         MOV     R0,#?V0 + 8
   \   000138   12....       LCALL   ?L_MOV_X
   \   00013B   78..         MOV     R0,#?V0 + 0
   \   00013D   79..         MOV     R1,#?V0 + 8
   \   00013F   12....       LCALL   ?UL_DIV_MOD
   \   000142   85....       MOV     ?V0 + 12,?V0 + 0
   \   000145   85....       MOV     ?V0 + 13,?V0 + 1
    331                        sts->next = time + wait;
   \   000148   85....       MOV     ?V0 + 0,?V0 + 4
   \   00014B   85....       MOV     ?V0 + 1,?V0 + 5
   \   00014E   85....       MOV     ?V0 + 2,?V0 + 6
   \   000151   85....       MOV     ?V0 + 3,?V0 + 7
   \   000154   85....       MOV     ?V0 + 8,?V0 + 12
   \   000157   85....       MOV     ?V0 + 9,?V0 + 13
   \   00015A   E4           CLR     A
   \   00015B   F5..         MOV     ?V0 + 10,A
   \   00015D   F5..         MOV     ?V0 + 11,A
   \   00015F   78..         MOV     R0,#?V0 + 0
   \   000161   79..         MOV     R1,#?V0 + 8
   \   000163   12....       LCALL   ?L_ADD
   \   000166   8E82         MOV     DPL,R6
   \   000168   8F83         MOV     DPH,R7
   \   00016A   A3           INC     DPTR
   \   00016B   A3           INC     DPTR
   \   00016C   A3           INC     DPTR
   \   00016D   A3           INC     DPTR
   \   00016E   A3           INC     DPTR
   \   00016F   78..         MOV     R0,#?V0 + 0
   \   000171   12....       LCALL   ?L_MOV_TO_X
   \   000174   8062         SJMP    ??HalLedUpdate_9
    332                      }
    333                      else
    334                      {
    335                        /* no more blink, no more wait */
    336                        wait = 0;
   \                     ??HalLedUpdate_8:
   \   000176   75..00       MOV     ?V0 + 12,#0x0
   \   000179   75..00       MOV     ?V0 + 13,#0x0
    337                        /* After blinking, set the LED back to the state before it blinks */
    338                        HalLedSet (led, ((preBlinkState & led)!=0)?HAL_LED_MODE_ON:HAL_LED_MODE_OFF);
   \   00017C   85..82       MOV     DPL,?XSP + 0
   \   00017F   85..83       MOV     DPH,?XSP + 1
   \   000182   E0           MOVX    A,@DPTR
   \   000183   F8           MOV     R0,A
   \   000184   90....       MOV     DPTR,#preBlinkState
   \   000187   E0           MOVX    A,@DPTR
   \   000188   58           ANL     A,R0
   \   000189   6004         JZ      ??HalLedUpdate_10
   \   00018B   7A01         MOV     R2,#0x1
   \   00018D   8002         SJMP    ??HalLedUpdate_11
   \                     ??HalLedUpdate_10:
   \   00018F   7A00         MOV     R2,#0x0
   \                     ??HalLedUpdate_11:
   \   000191                ; Setup parameters for call to function HalLedSet
   \   000191   85..82       MOV     DPL,?XSP + 0
   \   000194   85..83       MOV     DPH,?XSP + 1
   \   000197   E0           MOVX    A,@DPTR
   \   000198   F9           MOV     R1,A
   \   000199   12....       LCALL   ??HalLedSet?relay
   \   00019C   E9           MOV     A,R1
    339                        /* Clear the saved bit */
    340                        preBlinkState &= (led ^ 0xFF);
   \   00019D   85..82       MOV     DPL,?XSP + 0
   \   0001A0   85..83       MOV     DPH,?XSP + 1
   \   0001A3   E0           MOVX    A,@DPTR
   \   0001A4   64FF         XRL     A,#0xff
   \   0001A6   F8           MOV     R0,A
   \   0001A7   90....       MOV     DPTR,#preBlinkState
   \   0001AA   E0           MOVX    A,@DPTR
   \   0001AB   58           ANL     A,R0
   \   0001AC   F0           MOVX    @DPTR,A
   \   0001AD   8029         SJMP    ??HalLedUpdate_9
    341                      }
    342                    }
    343                    else
    344                    {
    345                      wait = sts->next - time;  /* Time left */
   \                     ??HalLedUpdate_5:
   \   0001AF   8E82         MOV     DPL,R6
   \   0001B1   8F83         MOV     DPH,R7
   \   0001B3   A3           INC     DPTR
   \   0001B4   A3           INC     DPTR
   \   0001B5   A3           INC     DPTR
   \   0001B6   A3           INC     DPTR
   \   0001B7   A3           INC     DPTR
   \   0001B8   78..         MOV     R0,#?V0 + 0
   \   0001BA   12....       LCALL   ?L_MOV_X
   \   0001BD   85....       MOV     ?V0 + 2,?V0 + 0
   \   0001C0   85....       MOV     ?V0 + 3,?V0 + 1
   \   0001C3   85....       MOV     ?V0 + 0,?V0 + 4
   \   0001C6   85....       MOV     ?V0 + 1,?V0 + 5
   \   0001C9   E5..         MOV     A,?V0 + 2
   \   0001CB   C3           CLR     C
   \   0001CC   95..         SUBB    A,?V0 + 0
   \   0001CE   F8           MOV     R0,A
   \   0001CF   E5..         MOV     A,?V0 + 3
   \   0001D1   95..         SUBB    A,?V0 + 1
   \   0001D3   F9           MOV     R1,A
   \   0001D4   88..         MOV     ?V0 + 12,R0
   \   0001D6   89..         MOV     ?V0 + 13,R1
    346                    }
    347          
    348                    if (!next || ( wait && (wait < next) ))
   \                     ??HalLedUpdate_9:
   \   0001D8   E5..         MOV     A,?V0 + 14
   \   0001DA   45..         ORL     A,?V0 + 15
   \   0001DC   6011         JZ      ??HalLedUpdate_12
   \   0001DE   E5..         MOV     A,?V0 + 12
   \   0001E0   45..         ORL     A,?V0 + 13
   \   0001E2   6011         JZ      ??HalLedUpdate_4
   \   0001E4   C3           CLR     C
   \   0001E5   E5..         MOV     A,?V0 + 12
   \   0001E7   95..         SUBB    A,?V0 + 14
   \   0001E9   E5..         MOV     A,?V0 + 13
   \   0001EB   95..         SUBB    A,?V0 + 15
   \   0001ED   5006         JNC     ??HalLedUpdate_4
    349                    {
    350                      next = wait;
   \                     ??HalLedUpdate_12:
   \   0001EF   85....       MOV     ?V0 + 14,?V0 + 12
   \   0001F2   85....       MOV     ?V0 + 15,?V0 + 13
    351                    }
    352                  }
    353                  leds ^= led;
   \                     ??HalLedUpdate_4:
   \   0001F5   85..82       MOV     DPL,?XSP + 0
   \   0001F8   85..83       MOV     DPH,?XSP + 1
   \   0001FB   E0           MOVX    A,@DPTR
   \   0001FC   F8           MOV     R0,A
   \   0001FD   7401         MOV     A,#0x1
   \   0001FF   12....       LCALL   ?XSTACK_DISP0_8
   \   000202   E0           MOVX    A,@DPTR
   \   000203   68           XRL     A,R0
   \   000204   F0           MOVX    @DPTR,A
    354                }
    355                led <<= 1;
   \                     ??HalLedUpdate_3:
   \   000205   85..82       MOV     DPL,?XSP + 0
   \   000208   85..83       MOV     DPH,?XSP + 1
   \   00020B   E0           MOVX    A,@DPTR
   \   00020C   C3           CLR     C
   \   00020D   33           RLC     A
   \   00020E   85..82       MOV     DPL,?XSP + 0
   \   000211   85..83       MOV     DPH,?XSP + 1
   \   000214   F0           MOVX    @DPTR,A
    356                sts++;
   \   000215   EE           MOV     A,R6
   \   000216   2409         ADD     A,#0x9
   \   000218   FE           MOV     R6,A
   \   000219   EF           MOV     A,R7
   \   00021A   3400         ADDC    A,#0x0
   \   00021C   FF           MOV     R7,A
   \   00021D   02....       LJMP    ??HalLedUpdate_1 & 0xFFFF
    357              }
    358          
    359              if (next)
   \                     ??HalLedUpdate_2:
   \   000220   E5..         MOV     A,?V0 + 14
   \   000222   45..         ORL     A,?V0 + 15
   \   000224   6011         JZ      ??HalLedUpdate_0
    360              {
    361                osal_start_timerEx(Hal_TaskID, HAL_LED_BLINK_EVENT, next);   /* Schedule event */
   \   000226                ; Setup parameters for call to function osal_start_timerEx
   \   000226   AC..         MOV     R4,?V0 + 14
   \   000228   AD..         MOV     R5,?V0 + 15
   \   00022A   7A02         MOV     R2,#0x2
   \   00022C   7B00         MOV     R3,#0x0
   \   00022E   90....       MOV     DPTR,#Hal_TaskID
   \   000231   E0           MOVX    A,@DPTR
   \   000232   F9           MOV     R1,A
   \   000233   12....       LCALL   ??osal_start_timerEx?relay
   \   000236   E9           MOV     A,R1
    362              }
    363            }
    364          }
   \                     ??HalLedUpdate_0:
   \   000237   7403         MOV     A,#0x3
   \   000239   12....       LCALL   ?DEALLOC_XSTACK8
   \   00023C   7F10         MOV     R7,#0x10
   \   00023E   02....       LJMP    ?BANKED_LEAVE_XDATA
    365          
    366          /***************************************************************************************************
    367           * @fn      HalLedOnOff
    368           *
    369           * @brief   Turns specified LED ON or OFF
    370           *
    371           * @param   leds - LED bit mask
    372           *          mode - LED_ON,LED_OFF,
    373           *
    374           * @return  none
    375           ***************************************************************************************************/

   \                                 In  segment BANKED_CODE, align 1, keep-with-next
    376          void HalLedOnOff (uint8 leds, uint8 mode)
   \                     HalLedOnOff:
    377          {
   \   000000   C082         PUSH    DPL
   \   000002   C083         PUSH    DPH
   \   000004                ; Saved register size: 2
   \   000004                ; Auto size: 0
    378            if (leds & HAL_LED_1)
   \   000004   E9           MOV     A,R1
   \   000005   A2E0         MOV     C,0xE0 /* A   */.0
   \   000007   500B         JNC     ??HalLedOnOff_0
    379            {
    380              if (mode == HAL_LED_MODE_ON)
   \   000009   7401         MOV     A,#0x1
   \   00000B   6A           XRL     A,R2
   \   00000C   7004         JNZ     ??HalLedOnOff_1
    381              {
    382                HAL_TURN_ON_LED1();
   \   00000E   D290         SETB    0x90.0
   \   000010   8002         SJMP    ??HalLedOnOff_0
    383              }
    384              else
    385              {
    386                HAL_TURN_OFF_LED1();
   \                     ??HalLedOnOff_1:
   \   000012   C290         CLR     0x90.0
    387              }
    388            }
    389          
    390            if (leds & HAL_LED_2)
   \                     ??HalLedOnOff_0:
   \   000014   E9           MOV     A,R1
   \   000015   A2E1         MOV     C,0xE0 /* A   */.1
   \   000017   500B         JNC     ??HalLedOnOff_2
    391            {
    392              if (mode == HAL_LED_MODE_ON)
   \   000019   7401         MOV     A,#0x1
   \   00001B   6A           XRL     A,R2
   \   00001C   7004         JNZ     ??HalLedOnOff_3
    393              {
    394                HAL_TURN_ON_LED2();
   \   00001E   D291         SETB    0x90.1
   \   000020   8002         SJMP    ??HalLedOnOff_2
    395              }
    396              else
    397              {
    398                HAL_TURN_OFF_LED2();
   \                     ??HalLedOnOff_3:
   \   000022   C291         CLR     0x90.1
    399              }
    400            }
    401          
    402            if (leds & HAL_LED_3)
   \                     ??HalLedOnOff_2:
   \   000024   E9           MOV     A,R1
   \   000025   A2E2         MOV     C,0xE0 /* A   */.2
   \   000027   500B         JNC     ??HalLedOnOff_4
    403            {
    404              if (mode == HAL_LED_MODE_ON)
   \   000029   7401         MOV     A,#0x1
   \   00002B   6A           XRL     A,R2
   \   00002C   7004         JNZ     ??HalLedOnOff_5
    405              {
    406                HAL_TURN_ON_LED3();
   \   00002E   D284         SETB    0x80.4
   \   000030   8002         SJMP    ??HalLedOnOff_4
    407              }
    408              else
    409              {
    410                HAL_TURN_OFF_LED3();
   \                     ??HalLedOnOff_5:
   \   000032   C284         CLR     0x80.4
    411              }
    412            }
    413          
    414            if (leds & HAL_LED_4)
   \                     ??HalLedOnOff_4:
   \   000034   E9           MOV     A,R1
   \   000035   A2E3         MOV     C,0xE0 /* A   */.3
   \   000037   500B         JNC     ??HalLedOnOff_6
    415            {
    416              if (mode == HAL_LED_MODE_ON)
   \   000039   7401         MOV     A,#0x1
   \   00003B   6A           XRL     A,R2
   \   00003C   7004         JNZ     ??HalLedOnOff_7
    417              {
    418                HAL_TURN_ON_LED4();
   \   00003E   D290         SETB    0x90.0
   \   000040   8002         SJMP    ??HalLedOnOff_6
    419              }
    420              else
    421              {
    422                HAL_TURN_OFF_LED4();
   \                     ??HalLedOnOff_7:
   \   000042   C290         CLR     0x90.0
    423              }
    424            }
    425          
    426            /* Remember current state */
    427            if (mode)
   \                     ??HalLedOnOff_6:
   \   000044   EA           MOV     A,R2
   \   000045   6008         JZ      ??HalLedOnOff_8
    428            {
    429              HalLedState |= leds;
   \   000047   90....       MOV     DPTR,#HalLedState
   \   00004A   E0           MOVX    A,@DPTR
   \   00004B   49           ORL     A,R1
   \   00004C   F0           MOVX    @DPTR,A
   \   00004D   800A         SJMP    ??HalLedOnOff_9
    430            }
    431            else
    432            {
    433              HalLedState &= (leds ^ 0xFF);
   \                     ??HalLedOnOff_8:
   \   00004F   74FF         MOV     A,#-0x1
   \   000051   69           XRL     A,R1
   \   000052   F8           MOV     R0,A
   \   000053   90....       MOV     DPTR,#HalLedState
   \   000056   E0           MOVX    A,@DPTR
   \   000057   58           ANL     A,R0
   \   000058   F0           MOVX    @DPTR,A
    434            }
    435          }
   \                     ??HalLedOnOff_9:
   \   000059   D083         POP     DPH
   \   00005B   D082         POP     DPL
   \   00005D   02....       LJMP    ?BRET
   \   000060                REQUIRE _A_P1
   \   000060                REQUIRE _A_P0
    436          #endif /* HAL_LED */
    437          
    438          /***************************************************************************************************
    439           * @fn      HalGetLedState
    440           *
    441           * @brief   Dim LED2 - Dim (set level) of LED2
    442           *
    443           * @param   none
    444           *
    445           * @return  led state
    446           ***************************************************************************************************/

   \                                 In  segment BANKED_CODE, align 1, keep-with-next
    447          uint8 HalLedGetState ()
   \                     HalLedGetState:
    448          {
   \   000000   C082         PUSH    DPL
   \   000002   C083         PUSH    DPH
   \   000004                ; Saved register size: 2
   \   000004                ; Auto size: 0
    449          #if (HAL_LED == TRUE)
    450            return HalLedState;
   \   000004   90....       MOV     DPTR,#HalLedState
   \   000007   E0           MOVX    A,@DPTR
   \   000008   F9           MOV     R1,A
   \   000009   D083         POP     DPH
   \   00000B   D082         POP     DPL
   \   00000D   02....       LJMP    ?BRET
    451          #else
    452            return 0;
    453          #endif
    454          }
    455          
    456          /***************************************************************************************************
    457           * @fn      HalLedEnterSleep
    458           *
    459           * @brief   Store current LEDs state before sleep
    460           *
    461           * @param   none
    462           *
    463           * @return  none
    464           ***************************************************************************************************/

   \                                 In  segment BANKED_CODE, align 1, keep-with-next
    465          void HalLedEnterSleep( void )
   \                     HalLedEnterSleep:
    466          {
   \   000000   C082         PUSH    DPL
   \   000002   C083         PUSH    DPH
   \   000004                ; Saved register size: 2
   \   000004                ; Auto size: 0
    467          #ifdef BLINK_LEDS
    468            /* Sleep ON */
    469            HalLedStatusControl.sleepActive = TRUE;
   \   000004   90....       MOV     DPTR,#HalLedStatusControl + 36
   \   000007   7401         MOV     A,#0x1
   \   000009   F0           MOVX    @DPTR,A
    470          #endif /* BLINK_LEDS */
    471          
    472          #if (HAL_LED == TRUE)
    473            /* Save the state of each led */
    474            HalSleepLedState = 0;
   \   00000A   90....       MOV     DPTR,#HalSleepLedState
   \   00000D   7400         MOV     A,#0x0
   \   00000F   F0           MOVX    @DPTR,A
    475            HalSleepLedState |= HAL_STATE_LED1();
   \   000010   A290         MOV     C,0x90.0
   \   000012   E4           CLR     A
   \   000013   33           RLC     A
   \   000014   F8           MOV     R0,A
   \   000015   90....       MOV     DPTR,#HalSleepLedState
   \   000018   E0           MOVX    A,@DPTR
   \   000019   48           ORL     A,R0
   \   00001A   F0           MOVX    @DPTR,A
    476            HalSleepLedState |= HAL_STATE_LED2() << 1;
   \   00001B   A291         MOV     C,0x90.1
   \   00001D   5004         JNC     ??HalLedEnterSleep_0
   \   00001F   D2F0         SETB    B.0
   \   000021   8002         SJMP    ??HalLedEnterSleep_1
   \                     ??HalLedEnterSleep_0:
   \   000023   C2F0         CLR     B.0
   \                     ??HalLedEnterSleep_1:
   \   000025   A2F0         MOV     C,B.0
   \   000027   E4           CLR     A
   \   000028   33           RLC     A
   \   000029   C3           CLR     C
   \   00002A   33           RLC     A
   \   00002B   F8           MOV     R0,A
   \   00002C   90....       MOV     DPTR,#HalSleepLedState
   \   00002F   E0           MOVX    A,@DPTR
   \   000030   48           ORL     A,R0
   \   000031   F0           MOVX    @DPTR,A
    477            HalSleepLedState |= HAL_STATE_LED3() << 2;
   \   000032   A284         MOV     C,0x80.4
   \   000034   5004         JNC     ??HalLedEnterSleep_2
   \   000036   D2F0         SETB    B.0
   \   000038   8002         SJMP    ??HalLedEnterSleep_3
   \                     ??HalLedEnterSleep_2:
   \   00003A   C2F0         CLR     B.0
   \                     ??HalLedEnterSleep_3:
   \   00003C   A2F0         MOV     C,B.0
   \   00003E   E4           CLR     A
   \   00003F   33           RLC     A
   \   000040   33           RLC     A
   \   000041   33           RLC     A
   \   000042   54FC         ANL     A,#0xfc
   \   000044   F8           MOV     R0,A
   \   000045   90....       MOV     DPTR,#HalSleepLedState
   \   000048   E0           MOVX    A,@DPTR
   \   000049   48           ORL     A,R0
   \   00004A   F0           MOVX    @DPTR,A
    478            HalSleepLedState |= HAL_STATE_LED4() << 3;
   \   00004B   A290         MOV     C,0x90.0
   \   00004D   E4           CLR     A
   \   00004E   33           RLC     A
   \   00004F   33           RLC     A
   \   000050   33           RLC     A
   \   000051   33           RLC     A
   \   000052   54F8         ANL     A,#0xf8
   \   000054   F8           MOV     R0,A
   \   000055   90....       MOV     DPTR,#HalSleepLedState
   \   000058   E0           MOVX    A,@DPTR
   \   000059   48           ORL     A,R0
   \   00005A   F0           MOVX    @DPTR,A
    479          
    480            /* TURN OFF all LEDs to save power */
    481            HalLedOnOff (HAL_LED_ALL, HAL_LED_MODE_OFF);
   \   00005B                ; Setup parameters for call to function HalLedOnOff
   \   00005B   7A00         MOV     R2,#0x0
   \   00005D   790F         MOV     R1,#0xf
   \   00005F   12....       LCALL   ??HalLedOnOff?relay
    482          #endif /* HAL_LED */
    483          
    484          }
   \   000062   D083         POP     DPH
   \   000064   D082         POP     DPL
   \   000066   02....       LJMP    ?BRET
   \   000069                REQUIRE _A_P1
   \   000069                REQUIRE _A_P0
    485          
    486          /***************************************************************************************************
    487           * @fn      HalLedExitSleep
    488           *
    489           * @brief   Restore current LEDs state after sleep
    490           *
    491           * @param   none
    492           *
    493           * @return  none
    494           ***************************************************************************************************/

   \                                 In  segment BANKED_CODE, align 1, keep-with-next
    495          void HalLedExitSleep( void )
   \                     HalLedExitSleep:
    496          {
   \   000000   C082         PUSH    DPL
   \   000002   C083         PUSH    DPH
   \   000004                ; Saved register size: 2
   \   000004                ; Auto size: 0
    497          #if (HAL_LED == TRUE)
    498            /* Load back the saved state */
    499            HalLedOnOff(HalSleepLedState, HAL_LED_MODE_ON);
   \   000004                ; Setup parameters for call to function HalLedOnOff
   \   000004   7A01         MOV     R2,#0x1
   \   000006   90....       MOV     DPTR,#HalSleepLedState
   \   000009   E0           MOVX    A,@DPTR
   \   00000A   F9           MOV     R1,A
   \   00000B   12....       LCALL   ??HalLedOnOff?relay
    500          
    501            /* Restart - This takes care BLINKING LEDS */
    502            HalLedUpdate();
   \   00000E                ; Setup parameters for call to function HalLedUpdate
   \   00000E   12....       LCALL   ??HalLedUpdate?relay
    503          #endif /* HAL_LED */
    504          
    505          #ifdef BLINK_LEDS
    506            /* Sleep OFF */
    507            HalLedStatusControl.sleepActive = FALSE;
   \   000011   90....       MOV     DPTR,#HalLedStatusControl + 36
   \   000014   7400         MOV     A,#0x0
   \   000016   F0           MOVX    @DPTR,A
    508          #endif /* BLINK_LEDS */
    509          }
   \   000017   D083         POP     DPH
   \   000019   D082         POP     DPL
   \   00001B   02....       LJMP    ?BRET

   \                                 In  segment XDATA_ROM_C, align 1
   \                     __Constant_64:
   \   000000   64000000     DD 100

   \                                 In  segment BANK_RELAYS, align 1
   \                     ??HalLedInit?relay:
   \   000000   12....       LCALL   ?BDISPATCH
   \   000003   ......       DC24    HalLedInit

   \                                 In  segment BANK_RELAYS, align 1
   \                     ??HalLedSet?relay:
   \   000000   12....       LCALL   ?BDISPATCH
   \   000003   ......       DC24    HalLedSet

   \                                 In  segment BANK_RELAYS, align 1
   \                     ??HalLedBlink?relay:
   \   000000   12....       LCALL   ?BDISPATCH
   \   000003   ......       DC24    HalLedBlink

   \                                 In  segment BANK_RELAYS, align 1
   \                     ??HalLedUpdate?relay:
   \   000000   12....       LCALL   ?BDISPATCH
   \   000003   ......       DC24    HalLedUpdate

   \                                 In  segment BANK_RELAYS, align 1
   \                     ??HalLedOnOff?relay:
   \   000000   12....       LCALL   ?BDISPATCH
   \   000003   ......       DC24    HalLedOnOff

   \                                 In  segment BANK_RELAYS, align 1
   \                     ??HalLedGetState?relay:
   \   000000   12....       LCALL   ?BDISPATCH
   \   000003   ......       DC24    HalLedGetState

   \                                 In  segment BANK_RELAYS, align 1
   \                     ??HalLedEnterSleep?relay:
   \   000000   12....       LCALL   ?BDISPATCH
   \   000003   ......       DC24    HalLedEnterSleep

   \                                 In  segment BANK_RELAYS, align 1
   \                     ??HalLedExitSleep?relay:
   \   000000   12....       LCALL   ?BDISPATCH
   \   000003   ......       DC24    HalLedExitSleep
    510          
    511          /***************************************************************************************************
    512          ***************************************************************************************************/
    513          
    514          
    515          
    516          

   Maximum stack usage in bytes:

   ISTACK PSTACK XSTACK Function
   ------ ------ ------ --------
       1      0     25  HalLedBlink
                          0 0 14 -> HalLedSet
                          0 0 14 -> osal_GetSystemClock
                          0 0 14 -> osal_set_event
       2      0      0  HalLedEnterSleep
                          2 0  0 -> HalLedOnOff
       2      0      0  HalLedExitSleep
                          2 0  0 -> HalLedOnOff
                          2 0  0 -> HalLedUpdate
       2      0      0  HalLedGetState
       2      0      0  HalLedInit
                          2 0  0 -> HalLedSet
       2      0     27  HalLedOnOff
       1      0     38  HalLedSet
                          0 0 11 -> HalLedBlink
                          0 0 11 -> HalLedOnOff
       1      0     27  HalLedUpdate
                          0 0 27 -> HalLedOnOff
                          0 0 27 -> HalLedSet
                          0 0 27 -> osal_GetSystemClock
                          0 0 27 -> osal_start_timerEx


   Segment part sizes:

   Bytes  Function/Label
   -----  --------------
       6  ??HalLedBlink?relay
       6  ??HalLedEnterSleep?relay
       6  ??HalLedExitSleep?relay
       6  ??HalLedGetState?relay
       6  ??HalLedInit?relay
       6  ??HalLedOnOff?relay
       6  ??HalLedSet?relay
       6  ??HalLedUpdate?relay
     216  HalLedBlink
     105  HalLedEnterSleep
      30  HalLedExitSleep
      16  HalLedGetState
      25  HalLedInit
      96  HalLedOnOff
     149  HalLedSet
       1  HalLedState
      37  HalLedStatusControl
     577  HalLedUpdate
       1  HalSleepLedState
       1  _A_P0
       1  _A_P1
       4  __Constant_64
       1  preBlinkState

 
 1 214 bytes in segment BANKED_CODE
    48 bytes in segment BANK_RELAYS
     2 bytes in segment SFR_AN
     4 bytes in segment XDATA_ROM_C
    40 bytes in segment XDATA_Z
 
 1 262 bytes of CODE  memory
     0 bytes of CONST memory (+ 4 bytes shared)
     0 bytes of DATA  memory (+ 2 bytes shared)
    40 bytes of XDATA memory

Errors: none
Warnings: none
