###############################################################################
#                                                                             #
# IAR C/C++ Compiler V8.20.2.41139 for 8051             01/Jan/2016  15:52:29 #
# Copyright 2004-2013 IAR Systems AB.                                         #
#                                                                             #
#    Core               =  plain                                              #
#    Code model         =  banked                                             #
#    Data model         =  large                                              #
#    Calling convention =  xdata reentrant                                    #
#    Constant location  =  data_rom                                           #
#    Dptr setup         =  1,16                                               #
#                                                                             #
#    Source file        =  C:\Users\ArnoldWorkStation\Desktop\ZigbeeTest\Comp #
#                          onents\mac\low_level\srf04\mac_tx.c                #
#    Command line       =  -f C:\Users\ArnoldWorkStation\Desktop\ZigbeeTest\P #
#                          rojects\zstack\Samples\SampleApp\CC2530DB\..\..\.. #
#                          \Tools\CC2530DB\f8wCoord.cfg (-DCPU32MHZ           #
#                          -DROOT=__near_func -DMAC_CFG_APP_PENDING_QUEUE=TRU #
#                          E -DZDO_COORDINATOR -DRTR_NWK -DBLINK_LEDS) -f     #
#                          C:\Users\ArnoldWorkStation\Desktop\ZigbeeTest\Proj #
#                          ects\zstack\Samples\SampleApp\CC2530DB\..\..\..\To #
#                          ols\CC2530DB\f8wConfig.cfg (-DSECURE=0             #
#                          -DZG_SECURE_DYNAMIC=0 -DREFLECTOR                  #
#                          -DDEFAULT_CHANLIST=0x00000800                      #
#                          -DZDAPP_CONFIG_PAN_ID=0xFFF1                       #
#                          -DNWK_START_DELAY=100 -DEXTENDED_JOINING_RANDOM_MA #
#                          SK=0x007F -DBEACON_REQUEST_DELAY=100               #
#                          -DBEACON_REQ_DELAY_MASK=0x00FF                     #
#                          -DROUTE_EXPIRY_TIME=30 -DAPSC_ACK_WAIT_DURATION_PO #
#                          LLED=3000 -DNWK_INDIRECT_MSG_TIMEOUT=7             #
#                          -DMAX_RREQ_ENTRIES=8 -DAPSC_MAX_FRAME_RETRIES=3    #
#                          -DNWK_MAX_DATA_RETRIES=2                           #
#                          -DMAX_POLL_FAILURE_RETRIES=2 -DMAX_BCAST=9         #
#                          -DAPS_MAX_GROUPS=16 -DMAX_RTG_ENTRIES=40           #
#                          -DNWK_MAX_BINDING_ENTRIES=4                        #
#                          -DMAX_BINDING_CLUSTER_IDS=4 "-DDEFAULT_KEY={0x01,  #
#                          0x03, 0x05, 0x07, 0x09, 0x0B, 0x0D, 0x0F, 0x00,    #
#                          0x02, 0x04, 0x06, 0x08, 0x0A, 0x0C, 0x0D}"         #
#                          -DMAC_MAX_FRAME_SIZE=116 "-DCONST=const __code"    #
#                          -DGENERIC=__generic -DRFD_RCVC_ALWAYS_ON=TRUE      #
#                          -DPOLL_RATE=1000 -DQUEUED_POLL_RATE=100            #
#                          -DRESPONSE_POLL_RATE=100) -DREJOIN_POLL_RATE=440   #
#                          C:\Users\ArnoldWorkStation\Desktop\ZigbeeTest\Comp #
#                          onents\mac\low_level\srf04\mac_tx.c -D ZIGBEEPRO   #
#                          -D ZTOOL_P1 -D xMT_TASK -D xMT_SYS_FUNC -D         #
#                          xMT_ZDO_FUNC -D LCD_SUPPORTED=DEBUG -lC            #
#                          C:\Users\ArnoldWorkStation\Desktop\ZigbeeTest\Proj #
#                          ects\zstack\Samples\SampleApp\CC2530DB\Coordinator #
#                          EB-Pro\List\ -lA C:\Users\ArnoldWorkStation\Deskto #
#                          p\ZigbeeTest\Projects\zstack\Samples\SampleApp\CC2 #
#                          530DB\CoordinatorEB-Pro\List\ --diag_suppress      #
#                          Pe001,Pa010 -o C:\Users\ArnoldWorkStation\Desktop\ #
#                          ZigbeeTest\Projects\zstack\Samples\SampleApp\CC253 #
#                          0DB\CoordinatorEB-Pro\Obj\ -e --no_cse             #
#                          --no_unroll --no_inline --no_code_motion           #
#                          --no_tbaa --debug --core=plain --dptr=16,1         #
#                          --data_model=large --code_model=banked             #
#                          --calling_convention=xdata_reentrant               #
#                          --place_constants=data_rom --nr_virtual_regs 16    #
#                          -I C:\Users\ArnoldWorkStation\Desktop\ZigbeeTest\P #
#                          rojects\zstack\Samples\SampleApp\CC2530DB\ -I      #
#                          C:\Users\ArnoldWorkStation\Desktop\ZigbeeTest\Proj #
#                          ects\zstack\Samples\SampleApp\CC2530DB\..\SOURCE\  #
#                          -I C:\Users\ArnoldWorkStation\Desktop\ZigbeeTest\P #
#                          rojects\zstack\Samples\SampleApp\CC2530DB\..\..\.. #
#                          \ZMAIN\TI2530DB\ -I C:\Users\ArnoldWorkStation\Des #
#                          ktop\ZigbeeTest\Projects\zstack\Samples\SampleApp\ #
#                          CC2530DB\..\..\..\..\..\COMPONENTS\MT\ -I          #
#                          C:\Users\ArnoldWorkStation\Desktop\ZigbeeTest\Proj #
#                          ects\zstack\Samples\SampleApp\CC2530DB\..\..\..\.. #
#                          \..\COMPONENTS\HAL\INCLUDE\ -I                     #
#                          C:\Users\ArnoldWorkStation\Desktop\ZigbeeTest\Proj #
#                          ects\zstack\Samples\SampleApp\CC2530DB\..\..\..\.. #
#                          \..\COMPONENTS\HAL\TARGET\CC2530EB\ -I             #
#                          C:\Users\ArnoldWorkStation\Desktop\ZigbeeTest\Proj #
#                          ects\zstack\Samples\SampleApp\CC2530DB\..\..\..\.. #
#                          \..\COMPONENTS\OSAL\MCU\CCSOC\ -I                  #
#                          C:\Users\ArnoldWorkStation\Desktop\ZigbeeTest\Proj #
#                          ects\zstack\Samples\SampleApp\CC2530DB\..\..\..\.. #
#                          \..\COMPONENTS\OSAL\INCLUDE\ -I                    #
#                          C:\Users\ArnoldWorkStation\Desktop\ZigbeeTest\Proj #
#                          ects\zstack\Samples\SampleApp\CC2530DB\..\..\..\.. #
#                          \..\COMPONENTS\STACK\AF\ -I                        #
#                          C:\Users\ArnoldWorkStation\Desktop\ZigbeeTest\Proj #
#                          ects\zstack\Samples\SampleApp\CC2530DB\..\..\..\.. #
#                          \..\COMPONENTS\STACK\NWK\ -I                       #
#                          C:\Users\ArnoldWorkStation\Desktop\ZigbeeTest\Proj #
#                          ects\zstack\Samples\SampleApp\CC2530DB\..\..\..\.. #
#                          \..\COMPONENTS\STACK\SEC\ -I                       #
#                          C:\Users\ArnoldWorkStation\Desktop\ZigbeeTest\Proj #
#                          ects\zstack\Samples\SampleApp\CC2530DB\..\..\..\.. #
#                          \..\COMPONENTS\STACK\SAPI\ -I                      #
#                          C:\Users\ArnoldWorkStation\Desktop\ZigbeeTest\Proj #
#                          ects\zstack\Samples\SampleApp\CC2530DB\..\..\..\.. #
#                          \..\COMPONENTS\STACK\SYS\ -I                       #
#                          C:\Users\ArnoldWorkStation\Desktop\ZigbeeTest\Proj #
#                          ects\zstack\Samples\SampleApp\CC2530DB\..\..\..\.. #
#                          \..\COMPONENTS\STACK\ZDO\ -I                       #
#                          C:\Users\ArnoldWorkStation\Desktop\ZigbeeTest\Proj #
#                          ects\zstack\Samples\SampleApp\CC2530DB\..\..\..\.. #
#                          \..\COMPONENTS\ZMAC\F8W\ -I                        #
#                          C:\Users\ArnoldWorkStation\Desktop\ZigbeeTest\Proj #
#                          ects\zstack\Samples\SampleApp\CC2530DB\..\..\..\.. #
#                          \..\COMPONENTS\ZMAC\ -I C:\Users\ArnoldWorkStation #
#                          \Desktop\ZigbeeTest\Projects\zstack\Samples\Sample #
#                          App\CC2530DB\..\..\..\..\..\COMPONENTS\SERVICES\SA #
#                          DDR\ -I C:\Users\ArnoldWorkStation\Desktop\ZigbeeT #
#                          est\Projects\zstack\Samples\SampleApp\CC2530DB\..\ #
#                          ..\..\..\..\COMPONENTS\SERVICES\SDATA\ -I          #
#                          C:\Users\ArnoldWorkStation\Desktop\ZigbeeTest\Proj #
#                          ects\zstack\Samples\SampleApp\CC2530DB\..\..\..\.. #
#                          \..\COMPONENTS\MAC\INCLUDE\ -I                     #
#                          C:\Users\ArnoldWorkStation\Desktop\ZigbeeTest\Proj #
#                          ects\zstack\Samples\SampleApp\CC2530DB\..\..\..\.. #
#                          \..\COMPONENTS\MAC\HIGH_LEVEL\ -I                  #
#                          C:\Users\ArnoldWorkStation\Desktop\ZigbeeTest\Proj #
#                          ects\zstack\Samples\SampleApp\CC2530DB\..\..\..\.. #
#                          \..\COMPONENTS\MAC\LOW_LEVEL\srf04\ -I             #
#                          C:\Users\ArnoldWorkStation\Desktop\ZigbeeTest\Proj #
#                          ects\zstack\Samples\SampleApp\CC2530DB\..\..\..\.. #
#                          \..\COMPONENTS\MAC\LOW_LEVEL\srf04\SINGLE_CHIP\    #
#                          -On --require_prototypes                           #
#    List file          =  C:\Users\ArnoldWorkStation\Desktop\ZigbeeTest\Proj #
#                          ects\zstack\Samples\SampleApp\CC2530DB\Coordinator #
#                          EB-Pro\List\mac_tx.lst                             #
#    Object file        =  C:\Users\ArnoldWorkStation\Desktop\ZigbeeTest\Proj #
#                          ects\zstack\Samples\SampleApp\CC2530DB\Coordinator #
#                          EB-Pro\Obj\mac_tx.r51                              #
#                                                                             #
#                                                                             #
###############################################################################

C:\Users\ArnoldWorkStation\Desktop\ZigbeeTest\Components\mac\low_level\srf04\mac_tx.c
      1          /**************************************************************************************************
      2            Filename:       mac_tx.c
      3            Revised:        $Date: 2007-10-15 14:56:36 -0700 (Mon, 15 Oct 2007) $
      4            Revision:       $Revision: 15687 $
      5          
      6            Description:    Describe the purpose and contents of the file.
      7          
      8          
      9            Copyright 2006-2009 Texas Instruments Incorporated. All rights reserved.
     10          
     11            IMPORTANT: Your use of this Software is limited to those specific rights
     12            granted under the terms of a software license agreement between the user
     13            who downloaded the software, his/her employer (which must be your employer)
     14            and Texas Instruments Incorporated (the "License").  You may not use this
     15            Software unless you agree to abide by the terms of the License. The License
     16            limits your use, and you acknowledge, that the Software may not be modified,
     17            copied or distributed unless embedded on a Texas Instruments microcontroller
     18            or used solely and exclusively in conjunction with a Texas Instruments radio
     19            frequency transceiver, which is integrated into your product.  Other than for
     20            the foregoing purpose, you may not use, reproduce, copy, prepare derivative
     21            works of, modify, distribute, perform, display or sell this Software and/or
     22            its documentation for any purpose.
     23          
     24            YOU FURTHER ACKNOWLEDGE AND AGREE THAT THE SOFTWARE AND DOCUMENTATION ARE
     25            PROVIDED “AS IS” WITHOUT WARRANTY OF ANY KIND, EITHER EXPRESS OR IMPLIED,
     26            INCLUDING WITHOUT LIMITATION, ANY WARRANTY OF MERCHANTABILITY, TITLE,
     27            NON-INFRINGEMENT AND FITNESS FOR A PARTICULAR PURPOSE. IN NO EVENT SHALL
     28            TEXAS INSTRUMENTS OR ITS LICENSORS BE LIABLE OR OBLIGATED UNDER CONTRACT,
     29            NEGLIGENCE, STRICT LIABILITY, CONTRIBUTION, BREACH OF WARRANTY, OR OTHER
     30            LEGAL EQUITABLE THEORY ANY DIRECT OR INDIRECT DAMAGES OR EXPENSES
     31            INCLUDING BUT NOT LIMITED TO ANY INCIDENTAL, SPECIAL, INDIRECT, PUNITIVE
     32            OR CONSEQUENTIAL DAMAGES, LOST PROFITS OR LOST DATA, COST OF PROCUREMENT
     33            OF SUBSTITUTE GOODS, TECHNOLOGY, SERVICES, OR ANY CLAIMS BY THIRD PARTIES
     34            (INCLUDING BUT NOT LIMITED TO ANY DEFENSE THEREOF), OR OTHER SIMILAR COSTS.
     35          
     36            Should you have any questions regarding your right to use this Software,
     37            contact Texas Instruments Incorporated at www.TI.com.
     38          **************************************************************************************************/
     39          
     40          /* ------------------------------------------------------------------------------------------------
     41           *                                          Includes
     42           * ------------------------------------------------------------------------------------------------
     43           */
     44          
     45          /* hal */
     46          #include "hal_types.h"
     47          #include "hal_defs.h"
     48          #include "hal_mcu.h"

   \                                 In  segment SFR_AN, at 0xa8
   \   union <unnamed> volatile __sfr _A_IEN0
   \                     _A_IEN0:
   \   000000                DS 1

   \                                 In  segment SFR_AN, at 0xe1
   \   unsigned char volatile __sfr RFST
   \                     RFST:
   \   000000                DS 1
     49          #include "hal_mac_cfg.h"
     50          
     51          /* high-level */
     52          #include "mac_spec.h"
     53          #include "mac_pib.h"
     54          
     55          /* exported low-level */
     56          #include "mac_low_level.h"
     57          
     58          /* low-level specific */
     59          #include "mac_tx.h"
     60          #include "mac_backoff_timer.h"
     61          #include "mac_rx.h"
     62          #include "mac_rx_onoff.h"
     63          #include "mac_radio.h"
     64          #include "mac_sleep.h"
     65          
     66          /* target specific */
     67          #include "mac_radio_defs.h"
     68          
     69          /* debug */
     70          #include "mac_assert.h"
     71          
     72          
     73          /* ------------------------------------------------------------------------------------------------
     74           *                                            Defines
     75           * ------------------------------------------------------------------------------------------------
     76           */
     77          #define MFR_LEN                   MAC_FCS_FIELD_LEN
     78          #define PREPENDED_BYTE_LEN        1
     79          
     80          
     81          /* ------------------------------------------------------------------------------------------------
     82           *                                         Global Constants
     83           * ------------------------------------------------------------------------------------------------
     84           */
     85          
     86          /*
     87           *  This is the time, in backoffs, required to set up a slotted transmit.
     88           *  It is exported to high level so that code can schedule enough time
     89           *  for slotted transmits.
     90           *
     91           *  A default is provided if a value is not specified.  If the default
     92           *  is not appropriate, a #define should be added within hal_mac_cfg.h.
     93           */
     94          #ifndef HAL_MAC_TX_SLOTTED_DELAY
     95          #define HAL_MAC_TX_SLOTTED_DELAY    3
     96          #endif

   \                                 In  segment XDATA_ROM_C, align 1
     97          uint8 const macTxSlottedDelay = HAL_MAC_TX_SLOTTED_DELAY;
   \                     macTxSlottedDelay:
   \   000000   03           DB 3
     98          
     99          
    100          /* ------------------------------------------------------------------------------------------------
    101           *                                         Global Variables
    102           * ------------------------------------------------------------------------------------------------
    103           */

   \                                 In  segment XDATA_Z, align 1, keep-with-next
    104          uint8 macTxActive;
   \                     macTxActive:
   \   000000                DS 1
   \   000001                REQUIRE __INIT_XDATA_Z

   \                                 In  segment XDATA_Z, align 1, keep-with-next
    105          uint8 macTxType;
   \                     macTxType:
   \   000000                DS 1
   \   000001                REQUIRE __INIT_XDATA_Z

   \                                 In  segment XDATA_Z, align 1, keep-with-next
    106          uint8 macTxBe;
   \                     macTxBe:
   \   000000                DS 1
   \   000001                REQUIRE __INIT_XDATA_Z

   \                                 In  segment XDATA_Z, align 1, keep-with-next
    107          uint8 macTxCsmaBackoffDelay;
   \                     macTxCsmaBackoffDelay:
   \   000000                DS 1
   \   000001                REQUIRE __INIT_XDATA_Z
    108          
    109          
    110          /* ------------------------------------------------------------------------------------------------
    111           *                                         Local Variables
    112           * ------------------------------------------------------------------------------------------------
    113           */

   \                                 In  segment XDATA_Z, align 1, keep-with-next
    114          static uint8 nb;
   \                     nb:
   \   000000                DS 1
   \   000001                REQUIRE __INIT_XDATA_Z

   \                                 In  segment XDATA_Z, align 1, keep-with-next
    115          static uint8 txSeqn;
   \                     txSeqn:
   \   000000                DS 1
   \   000001                REQUIRE __INIT_XDATA_Z

   \                                 In  segment XDATA_Z, align 1, keep-with-next
    116          static uint8 txAckReq;
   \                     txAckReq:
   \   000000                DS 1
   \   000001                REQUIRE __INIT_XDATA_Z

   \                                 In  segment XDATA_Z, align 1, keep-with-next
    117          static uint8 txRetransmitFlag;
   \                     txRetransmitFlag:
   \   000000                DS 1
   \   000001                REQUIRE __INIT_XDATA_Z
    118          
    119          
    120          /* ------------------------------------------------------------------------------------------------
    121           *                                         Local Prototypes
    122           * ------------------------------------------------------------------------------------------------
    123           */
    124          static void txCsmaPrep(void);
    125          static void txGo(void);
    126          static void txCsmaGo(void);
    127          static void txComplete(uint8 status);
    128          
    129          
    130          /**************************************************************************************************
    131           * @fn          macTxInit
    132           *
    133           * @brief       Initialize variables for tx module.
    134           *
    135           * @param       none
    136           *
    137           * @return      none
    138           **************************************************************************************************
    139           */

   \                                 In  segment BANKED_CODE, align 1, keep-with-next
    140          MAC_INTERNAL_API void macTxInit(void)
   \                     macTxInit:
    141          {
   \   000000   C082         PUSH    DPL
   \   000002   C083         PUSH    DPH
   \   000004                ; Saved register size: 2
   \   000004                ; Auto size: 0
    142            macTxActive      = MAC_TX_ACTIVE_NO_ACTIVITY;
   \   000004   90....       MOV     DPTR,#macTxActive
   \   000007   7400         MOV     A,#0x0
   \   000009   F0           MOVX    @DPTR,A
    143            txRetransmitFlag = 0;
   \   00000A   90....       MOV     DPTR,#txRetransmitFlag
   \   00000D   7400         MOV     A,#0x0
   \   00000F   F0           MOVX    @DPTR,A
    144          }
   \   000010   D083         POP     DPH
   \   000012   D082         POP     DPL
   \   000014   02....       LJMP    ?BRET
    145          
    146          
    147          /**************************************************************************************************
    148           * @fn          macTxHaltCleanup
    149           *
    150           * @brief       -
    151           *
    152           * @param       none
    153           *
    154           * @return      none
    155           **************************************************************************************************
    156           */

   \                                 In  segment BANKED_CODE, align 1, keep-with-next
    157          MAC_INTERNAL_API void macTxHaltCleanup(void)
   \                     macTxHaltCleanup:
    158          {
   \   000000   C082         PUSH    DPL
   \   000002   C083         PUSH    DPH
   \   000004                ; Saved register size: 2
   \   000004                ; Auto size: 0
    159            MAC_RADIO_TX_RESET();
   \   000004                ; Setup parameters for call to function macCspTxReset
   \   000004   12....       LCALL   ??macCspTxReset?relay
    160            macTxInit();
   \   000007                ; Setup parameters for call to function macTxInit
   \   000007   12....       LCALL   ??macTxInit?relay
    161          }
   \   00000A   D083         POP     DPH
   \   00000C   D082         POP     DPL
   \   00000E   02....       LJMP    ?BRET
    162          
    163          
    164          /**************************************************************************************************
    165           * @fn          macTxFrame
    166           *
    167           * @brief       Transmit the frame pointed to by pMacDataTx with the specified type.
    168           *              NOTE! It is not legal to call this function from interrupt context.
    169           *
    170           * @param       txType - type of transmit
    171           *
    172           * @return      none
    173           **************************************************************************************************
    174           */

   \                                 In  segment BANKED_CODE, align 1, keep-with-next
    175          MAC_INTERNAL_API void macTxFrame(uint8 txType)
   \                     macTxFrame:
    176          {
   \   000000   74F6         MOV     A,#-0xa
   \   000002   12....       LCALL   ?BANKED_ENTER_XDATA
   \   000005                ; Saved register size: 10
   \   000005                ; Auto size: 0
   \   000005   89..         MOV     ?V0 + 0,R1
    177            MAC_ASSERT(!macTxActive);            /* transmit on top of transmit */
   \   000007   90....       MOV     DPTR,#macTxActive
   \   00000A   E0           MOVX    A,@DPTR
   \   00000B   6003         JZ      ??macTxFrame_0
   \   00000D                ; Setup parameters for call to function halAssertHandler
   \   00000D   12....       LCALL   ??halAssertHandler?relay
    178          
    179            /* mark transmit as active */
    180            macTxActive = MAC_TX_ACTIVE_INITIALIZE;
   \                     ??macTxFrame_0:
   \   000010   90....       MOV     DPTR,#macTxActive
   \   000013   7401         MOV     A,#0x1
   \   000015   F0           MOVX    @DPTR,A
    181          
    182            /*
    183             *  The MAC will not enter sleep mode if there is an active transmit.  However, if macSleep() is
    184             *  ever called from interrupt context, it possible to enter sleep state after a transmit is
    185             *  intiated but before macTxActive is set.  To recover from this, the transmit must be aborted
    186             *  and proper notificiation given to high-level.
    187             */
    188            if (macSleepState != MAC_SLEEP_STATE_AWAKE)
   \   000016   90....       MOV     DPTR,#macSleepState
   \   000019   E0           MOVX    A,@DPTR
   \   00001A   6008         JZ      ??macTxFrame_1
    189            {
    190              /* notify high-level that transmit had to be aborted */
    191              txComplete(MAC_TX_ABORTED);
   \   00001C                ; Setup parameters for call to function txComplete
   \   00001C   791D         MOV     R1,#0x1d
   \   00001E   12....       LCALL   ??txComplete?relay
    192          
    193              /* exit from transmit logic */
    194              return;
   \   000021   02....       LJMP    ??macTxFrame_2 & 0xFFFF
    195            }
    196          
    197            /* save transmit type */
    198            macTxType = txType;
   \                     ??macTxFrame_1:
   \   000024   E5..         MOV     A,?V0 + 0
   \   000026   90....       MOV     DPTR,#macTxType
   \   000029   F0           MOVX    @DPTR,A
    199          
    200            /*-------------------------------------------------------------------------------
    201             *  Prepare for transmit.
    202             */
    203            if (macTxType == MAC_TX_TYPE_SLOTTED)
   \   00002A   90....       MOV     DPTR,#macTxType
   \   00002D   E0           MOVX    A,@DPTR
   \   00002E   6402         XRL     A,#0x2
   \   000030   7005         JNZ     ??macTxFrame_3
    204            {
    205              MAC_RADIO_TX_PREP_SLOTTED();
   \   000032                ; Setup parameters for call to function macCspTxPrepSlotted
   \   000032   12....       LCALL   ??macCspTxPrepSlotted?relay
   \   000035   805F         SJMP    ??macTxFrame_4
    206            }
    207            else
    208            {
    209              MAC_ASSERT((macTxType == MAC_TX_TYPE_SLOTTED_CSMA) || (macTxType == MAC_TX_TYPE_UNSLOTTED_CSMA));
   \                     ??macTxFrame_3:
   \   000037   90....       MOV     DPTR,#macTxType
   \   00003A   E0           MOVX    A,@DPTR
   \   00003B   600B         JZ      ??macTxFrame_5
   \   00003D   90....       MOV     DPTR,#macTxType
   \   000040   E0           MOVX    A,@DPTR
   \   000041   6401         XRL     A,#0x1
   \   000043   6003         JZ      ??macTxFrame_5
   \   000045                ; Setup parameters for call to function halAssertHandler
   \   000045   12....       LCALL   ??halAssertHandler?relay
    210          
    211              nb = 0;
   \                     ??macTxFrame_5:
   \   000048   90....       MOV     DPTR,#nb
   \   00004B   7400         MOV     A,#0x0
   \   00004D   F0           MOVX    @DPTR,A
    212              macTxBe = (pMacDataTx->internal.txOptions & MAC_TXOPTION_ALT_BE) ? macPib.altBe : macPib.minBe;
   \   00004E   90....       MOV     DPTR,#pMacDataTx
   \   000051   E0           MOVX    A,@DPTR
   \   000052   F8           MOV     R0,A
   \   000053   A3           INC     DPTR
   \   000054   E0           MOVX    A,@DPTR
   \   000055   C8           XCH     A,R0
   \   000056   240E         ADD     A,#0xe
   \   000058   F582         MOV     DPL,A
   \   00005A   E8           MOV     A,R0
   \   00005B   3400         ADDC    A,#0x0
   \   00005D   F583         MOV     DPH,A
   \   00005F   E0           MOVX    A,@DPTR
   \   000060   A2E6         MOV     C,0xE0 /* A   */.6
   \   000062   5006         JNC     ??macTxFrame_6
   \   000064   90....       MOV     DPTR,#macPib + 58
   \   000067   E0           MOVX    A,@DPTR
   \   000068   8004         SJMP    ??macTxFrame_7
   \                     ??macTxFrame_6:
   \   00006A   90....       MOV     DPTR,#macPib + 28
   \   00006D   E0           MOVX    A,@DPTR
   \                     ??macTxFrame_7:
   \   00006E   90....       MOV     DPTR,#macTxBe
   \   000071   F0           MOVX    @DPTR,A
    213          
    214              if ((macTxType == MAC_TX_TYPE_SLOTTED_CSMA) && (macPib.battLifeExt))
   \   000072   90....       MOV     DPTR,#macTxType
   \   000075   E0           MOVX    A,@DPTR
   \   000076   701B         JNZ     ??macTxFrame_8
   \   000078   90....       MOV     DPTR,#macPib + 3
   \   00007B   E0           MOVX    A,@DPTR
   \   00007C   6015         JZ      ??macTxFrame_8
    215              {
    216                macTxBe = MIN(2, macTxBe);
   \   00007E   90....       MOV     DPTR,#macTxBe
   \   000081   E0           MOVX    A,@DPTR
   \   000082   C3           CLR     C
   \   000083   9403         SUBB    A,#0x3
   \   000085   4004         JC      ??macTxFrame_9
   \   000087   7402         MOV     A,#0x2
   \   000089   8004         SJMP    ??macTxFrame_10
   \                     ??macTxFrame_9:
   \   00008B   90....       MOV     DPTR,#macTxBe
   \   00008E   E0           MOVX    A,@DPTR
   \                     ??macTxFrame_10:
   \   00008F   90....       MOV     DPTR,#macTxBe
   \   000092   F0           MOVX    @DPTR,A
    217              }
    218          
    219              txCsmaPrep();
   \                     ??macTxFrame_8:
   \   000093                ; Setup parameters for call to function txCsmaPrep
   \   000093   12....       LCALL   ??txCsmaPrep?relay
    220            }
    221          
    222            /*-------------------------------------------------------------------------------
    223             *  Load transmit FIFO unless this is a retransmit.  No need to write
    224             *  the FIFO again in that case.
    225             */
    226            if (!txRetransmitFlag)
   \                     ??macTxFrame_4:
   \   000096   90....       MOV     DPTR,#txRetransmitFlag
   \   000099   E0           MOVX    A,@DPTR
   \   00009A   6003         JZ      $+5
   \   00009C   02....       LJMP    ??macTxFrame_11 & 0xFFFF
    227            {
    228              uint8 * p;
    229              uint8   lenMhrMsdu;
    230          
    231              MAC_ASSERT(pMacDataTx != NULL); /* must have data to transmit */
   \   00009F   90....       MOV     DPTR,#pMacDataTx
   \   0000A2   E0           MOVX    A,@DPTR
   \   0000A3   F8           MOV     R0,A
   \   0000A4   A3           INC     DPTR
   \   0000A5   E0           MOVX    A,@DPTR
   \   0000A6   F9           MOV     R1,A
   \   0000A7   E8           MOV     A,R0
   \   0000A8   49           ORL     A,R1
   \   0000A9   7003         JNZ     ??macTxFrame_12
   \   0000AB                ; Setup parameters for call to function halAssertHandler
   \   0000AB   12....       LCALL   ??halAssertHandler?relay
    232          
    233              /* save needed parameters */
    234              txAckReq = MAC_ACK_REQUEST(pMacDataTx->msdu.p);
   \                     ??macTxFrame_12:
   \   0000AE   90....       MOV     DPTR,#pMacDataTx
   \   0000B1   E0           MOVX    A,@DPTR
   \   0000B2   F8           MOV     R0,A
   \   0000B3   A3           INC     DPTR
   \   0000B4   E0           MOVX    A,@DPTR
   \   0000B5   F583         MOV     DPH,A
   \   0000B7   8882         MOV     DPL,R0
   \   0000B9   A3           INC     DPTR
   \   0000BA   A3           INC     DPTR
   \   0000BB   E0           MOVX    A,@DPTR
   \   0000BC   F8           MOV     R0,A
   \   0000BD   A3           INC     DPTR
   \   0000BE   E0           MOVX    A,@DPTR
   \   0000BF   F583         MOV     DPH,A
   \   0000C1   8882         MOV     DPL,R0
   \   0000C3   E0           MOVX    A,@DPTR
   \   0000C4   5420         ANL     A,#0x20
   \   0000C6   90....       MOV     DPTR,#txAckReq
   \   0000C9   F0           MOVX    @DPTR,A
    235              txSeqn   = MAC_SEQ_NUMBER(pMacDataTx->msdu.p);
   \   0000CA   90....       MOV     DPTR,#pMacDataTx
   \   0000CD   E0           MOVX    A,@DPTR
   \   0000CE   F8           MOV     R0,A
   \   0000CF   A3           INC     DPTR
   \   0000D0   E0           MOVX    A,@DPTR
   \   0000D1   F583         MOV     DPH,A
   \   0000D3   8882         MOV     DPL,R0
   \   0000D5   A3           INC     DPTR
   \   0000D6   A3           INC     DPTR
   \   0000D7   E0           MOVX    A,@DPTR
   \   0000D8   F8           MOV     R0,A
   \   0000D9   A3           INC     DPTR
   \   0000DA   E0           MOVX    A,@DPTR
   \   0000DB   F583         MOV     DPH,A
   \   0000DD   8882         MOV     DPL,R0
   \   0000DF   A3           INC     DPTR
   \   0000E0   A3           INC     DPTR
   \   0000E1   E0           MOVX    A,@DPTR
   \   0000E2   90....       MOV     DPTR,#txSeqn
   \   0000E5   F0           MOVX    @DPTR,A
    236          
    237              /* set length of frame (note: use of term msdu is a misnomer, here it's actually mhr + msdu) */
    238              lenMhrMsdu = pMacDataTx->msdu.len;
   \   0000E6   90....       MOV     DPTR,#pMacDataTx
   \   0000E9   E0           MOVX    A,@DPTR
   \   0000EA   F8           MOV     R0,A
   \   0000EB   A3           INC     DPTR
   \   0000EC   E0           MOVX    A,@DPTR
   \   0000ED   F583         MOV     DPH,A
   \   0000EF   8882         MOV     DPL,R0
   \   0000F1   A3           INC     DPTR
   \   0000F2   A3           INC     DPTR
   \   0000F3   A3           INC     DPTR
   \   0000F4   A3           INC     DPTR
   \   0000F5   E0           MOVX    A,@DPTR
   \   0000F6   F5..         MOV     ?V0 + 1,A
    239          
    240              /* calling code guarantees an unused prepended byte  */
    241              p = pMacDataTx->msdu.p - PREPENDED_BYTE_LEN;
   \   0000F8   90....       MOV     DPTR,#pMacDataTx
   \   0000FB   E0           MOVX    A,@DPTR
   \   0000FC   F8           MOV     R0,A
   \   0000FD   A3           INC     DPTR
   \   0000FE   E0           MOVX    A,@DPTR
   \   0000FF   F583         MOV     DPH,A
   \   000101   8882         MOV     DPL,R0
   \   000103   A3           INC     DPTR
   \   000104   A3           INC     DPTR
   \   000105   E0           MOVX    A,@DPTR
   \   000106   24FF         ADD     A,#-0x1
   \   000108   F8           MOV     R0,A
   \   000109   A3           INC     DPTR
   \   00010A   E0           MOVX    A,@DPTR
   \   00010B   34FF         ADDC    A,#-0x1
   \   00010D   F9           MOV     R1,A
   \   00010E   E8           MOV     A,R0
   \   00010F   FE           MOV     R6,A
   \   000110   E9           MOV     A,R1
   \   000111   FF           MOV     R7,A
    242          
    243              /* first byte of buffer is length of MPDU */
    244              *p = lenMhrMsdu + MFR_LEN;
   \   000112   7402         MOV     A,#0x2
   \   000114   25..         ADD     A,?V0 + 1
   \   000116   8E82         MOV     DPL,R6
   \   000118   8F83         MOV     DPH,R7
   \   00011A   F0           MOVX    @DPTR,A
    245          
    246              /*
    247               *  Flush the TX FIFO.  This is necessary in case the previous transmit was never
    248               *  actually sent (e.g. CSMA failed without strobing TXON).  If bytes are written to
    249               *  the FIFO but not transmitted, they remain in the FIFO to be transmitted whenever
    250               *  a strobe of TXON does happen.
    251               */
    252              MAC_RADIO_FLUSH_TX_FIFO();
   \   00011B   75E1EE       MOV     0xe1,#-0x12
    253          
    254              /* write bytes to FIFO, prepended byte is included, MFR is not (it's generated by hardware) */
    255              MAC_RADIO_WRITE_TX_FIFO(p, PREPENDED_BYTE_LEN + lenMhrMsdu);
   \   00011E                ; Setup parameters for call to function macMemWriteTxFifo
   \   00011E   7401         MOV     A,#0x1
   \   000120   25..         ADD     A,?V0 + 1
   \   000122   F9           MOV     R1,A
   \   000123   EE           MOV     A,R6
   \   000124   FA           MOV     R2,A
   \   000125   EF           MOV     A,R7
   \   000126   FB           MOV     R3,A
   \   000127   12....       LCALL   ??macMemWriteTxFifo?relay
    256            }
    257          
    258            /*-------------------------------------------------------------------------------
    259             *  If not receiving, start the transmit.  If receive is active
    260             *  queue up the transmit.
    261             *
    262             *  Critical sections around the state change prevents any sort of race condition
    263             *  with  macTxStartQueuedFrame().  This guarantees function txGo() will only be
    264             *  called once.
    265             */
    266            {
    267              halIntState_t  s;
    268          
    269              HAL_ENTER_CRITICAL_SECTION(s);
   \                     ??macTxFrame_11:
   \   00012A   A2AF         MOV     C,0xa8.7
   \   00012C   E4           CLR     A
   \   00012D   33           RLC     A
   \   00012E   FE           MOV     R6,A
   \   00012F   C2AF         CLR     0xa8.7
    270              if (!macRxActive && !macRxOutgoingAckFlag)
   \   000131   90....       MOV     DPTR,#macRxActive
   \   000134   E0           MOVX    A,@DPTR
   \   000135   7018         JNZ     ??macTxFrame_13
   \   000137   90....       MOV     DPTR,#macRxOutgoingAckFlag
   \   00013A   E0           MOVX    A,@DPTR
   \   00013B   7012         JNZ     ??macTxFrame_13
    271              {
    272                macTxActive = MAC_TX_ACTIVE_GO;
   \   00013D   90....       MOV     DPTR,#macTxActive
   \   000140   7483         MOV     A,#-0x7d
   \   000142   F0           MOVX    @DPTR,A
    273                HAL_EXIT_CRITICAL_SECTION(s);
   \   000143   EE           MOV     A,R6
   \   000144   FF           MOV     R7,A
   \   000145   EE           MOV     A,R6
   \   000146   A2E0         MOV     C,0xE0 /* A   */.0
   \   000148   92AF         MOV     0xa8.7,C
    274                txGo();
   \   00014A                ; Setup parameters for call to function txGo
   \   00014A   12....       LCALL   ??txGo?relay
   \   00014D   800D         SJMP    ??macTxFrame_2
    275              }
    276              else
    277              {
    278                macTxActive = MAC_TX_ACTIVE_QUEUED;
   \                     ??macTxFrame_13:
   \   00014F   90....       MOV     DPTR,#macTxActive
   \   000152   7402         MOV     A,#0x2
   \   000154   F0           MOVX    @DPTR,A
    279                HAL_EXIT_CRITICAL_SECTION(s);
   \   000155   EE           MOV     A,R6
   \   000156   F8           MOV     R0,A
   \   000157   EE           MOV     A,R6
   \   000158   A2E0         MOV     C,0xE0 /* A   */.0
   \   00015A   92AF         MOV     0xa8.7,C
    280              }
    281            }
    282          }
   \                     ??macTxFrame_2:
   \   00015C   7F02         MOV     R7,#0x2
   \   00015E   02....       LJMP    ?BANKED_LEAVE_XDATA
   \   000161                REQUIRE RFST
   \   000161                REQUIRE _A_IEN0
    283          
    284          
    285          /*=================================================================================================
    286           * @fn          txCsmaPrep
    287           *
    288           * @brief       Prepare/initialize for a CSMA transmit.
    289           *
    290           * @param       none
    291           *
    292           * @return      none
    293           *=================================================================================================
    294           */

   \                                 In  segment BANKED_CODE, align 1, keep-with-next
    295          static void txCsmaPrep(void)
   \                     txCsmaPrep:
    296          {
   \   000000   74F6         MOV     A,#-0xa
   \   000002   12....       LCALL   ?BANKED_ENTER_XDATA
   \   000005                ; Saved register size: 10
   \   000005                ; Auto size: 0
    297            macTxCsmaBackoffDelay = macRadioRandomByte() & ((1 << macTxBe) - 1);
   \   000005                ; Setup parameters for call to function macRadioRandomByte
   \   000005   12....       LCALL   ??macRadioRandomByte?relay
   \   000008   E9           MOV     A,R1
   \   000009   F9           MOV     R1,A
   \   00000A   75..01       MOV     ?V0 + 0,#0x1
   \   00000D   75..00       MOV     ?V0 + 1,#0x0
   \   000010   90....       MOV     DPTR,#macTxBe
   \   000013   E0           MOVX    A,@DPTR
   \   000014   78..         MOV     R0,#?V0 + 0
   \   000016   12....       LCALL   ?S_SHL
   \   000019   E5..         MOV     A,?V0 + 0
   \   00001B   24FF         ADD     A,#-0x1
   \   00001D   59           ANL     A,R1
   \   00001E   90....       MOV     DPTR,#macTxCsmaBackoffDelay
   \   000021   F0           MOVX    @DPTR,A
    298          
    299            if (macTxType == MAC_TX_TYPE_SLOTTED_CSMA)
   \   000022   90....       MOV     DPTR,#macTxType
   \   000025   E0           MOVX    A,@DPTR
   \   000026   7005         JNZ     ??txCsmaPrep_0
    300            {
    301              MAC_RADIO_TX_PREP_CSMA_SLOTTED();
   \   000028                ; Setup parameters for call to function macCspTxPrepCsmaSlotted
   \   000028   12....       LCALL   ??macCspTxPrepCsmaSlotted?relay
   \   00002B   8003         SJMP    ??txCsmaPrep_1
    302            }
    303            else
    304            {
    305              MAC_RADIO_TX_PREP_CSMA_UNSLOTTED();
   \                     ??txCsmaPrep_0:
   \   00002D                ; Setup parameters for call to function macCspTxPrepCsmaUnslotted
   \   00002D   12....       LCALL   ??macCspTxPrepCsmaUnslotted?relay
    306            }
    307          }
   \                     ??txCsmaPrep_1:
   \   000030   7F02         MOV     R7,#0x2
   \   000032   02....       LJMP    ?BANKED_LEAVE_XDATA
    308          
    309          
    310          /*=================================================================================================
    311           * @fn          txGo
    312           *
    313           * @brief       Start a transmit going.
    314           *
    315           * @param       none
    316           *
    317           * @return      none
    318           *=================================================================================================
    319           */

   \                                 In  segment BANKED_CODE, align 1, keep-with-next
    320          static void txGo(void)
   \                     txGo:
    321          {
   \   000000   C082         PUSH    DPL
   \   000002   C083         PUSH    DPH
   \   000004                ; Saved register size: 2
   \   000004                ; Auto size: 0
    322            /*
    323             *  If execution has reached this point, any transmitted ACK has long since completed.  It is
    324             *  possible though that there is still a pending callback.  If so, it is irrelevant and needs to
    325             *  be canceled at this point.
    326             */
    327            MAC_RADIO_CANCEL_ACK_TX_DONE_CALLBACK();
   \   000004   9061A4       MOV     DPTR,#0x61a4
   \   000007   E0           MOVX    A,@DPTR
   \   000008   C2E0         CLR     0xE0 /* A   */.0
   \   00000A   F0           MOVX    @DPTR,A
    328            macRxOutgoingAckFlag = 0;
   \   00000B   90....       MOV     DPTR,#macRxOutgoingAckFlag
   \   00000E   7400         MOV     A,#0x0
   \   000010   F0           MOVX    @DPTR,A
    329          
    330            /* based on type of transmit, call the correct "go" functionality */
    331            if (macTxType == MAC_TX_TYPE_SLOTTED)
   \   000011   90....       MOV     DPTR,#macTxType
   \   000014   E0           MOVX    A,@DPTR
   \   000015   6402         XRL     A,#0x2
   \   000017   7005         JNZ     ??txGo_0
    332            {
    333              MAC_RADIO_TX_GO_SLOTTED();
   \   000019                ; Setup parameters for call to function macCspTxGoSlotted
   \   000019   12....       LCALL   ??macCspTxGoSlotted?relay
   \   00001C   8003         SJMP    ??txGo_1
    334            }
    335            else
    336            {
    337              txCsmaGo();
   \                     ??txGo_0:
   \   00001E                ; Setup parameters for call to function txCsmaGo
   \   00001E   12....       LCALL   ??txCsmaGo?relay
    338            }
    339          }
   \                     ??txGo_1:
   \   000021   D083         POP     DPH
   \   000023   D082         POP     DPL
   \   000025   02....       LJMP    ?BRET
    340          
    341          
    342          /*=================================================================================================
    343           * @fn          txCsmaGo
    344           *
    345           * @brief       Start a CSMA transmit going.
    346           *
    347           * @param       none
    348           *
    349           * @return      none
    350           *=================================================================================================
    351           */

   \                                 In  segment BANKED_CODE, align 1, keep-with-next
    352          static void txCsmaGo(void)
   \                     txCsmaGo:
    353          {
   \   000000   C082         PUSH    DPL
   \   000002   C083         PUSH    DPH
   \   000004                ; Saved register size: 2
   \   000004                ; Auto size: 0
    354            if (macTxType == MAC_TX_TYPE_SLOTTED_CSMA)
   \   000004   90....       MOV     DPTR,#macTxType
   \   000007   E0           MOVX    A,@DPTR
   \   000008   7019         JNZ     ??txCsmaGo_0
    355            {
    356              if (macTxCsmaBackoffDelay >= macDataTxTimeAvailable())
   \   00000A                ; Setup parameters for call to function macDataTxTimeAvailable
   \   00000A   12....       LCALL   ??macDataTxTimeAvailable?relay
   \   00000D   E9           MOV     A,R1
   \   00000E   F8           MOV     R0,A
   \   00000F   90....       MOV     DPTR,#macTxCsmaBackoffDelay
   \   000012   E0           MOVX    A,@DPTR
   \   000013   C3           CLR     C
   \   000014   98           SUBB    A,R0
   \   000015   4007         JC      ??txCsmaGo_1
    357              {
    358                txComplete(MAC_NO_TIME);
   \   000017                ; Setup parameters for call to function txComplete
   \   000017   791C         MOV     R1,#0x1c
   \   000019   12....       LCALL   ??txComplete?relay
    359                return;
   \   00001C   8008         SJMP    ??txCsmaGo_2
    360              }
    361              MAC_RADIO_TX_GO_SLOTTED_CSMA();
   \                     ??txCsmaGo_1:
   \   00001E                ; Setup parameters for call to function macCspTxGoCsma
   \   00001E   12....       LCALL   ??macCspTxGoCsma?relay
   \   000021   8003         SJMP    ??txCsmaGo_2
    362            }
    363            else
    364            {
    365              MAC_RADIO_TX_GO_CSMA();
   \                     ??txCsmaGo_0:
   \   000023                ; Setup parameters for call to function macCspTxGoCsma
   \   000023   12....       LCALL   ??macCspTxGoCsma?relay
    366            }
    367          }
   \                     ??txCsmaGo_2:
   \   000026   D083         POP     DPH
   \   000028   D082         POP     DPL
   \   00002A   02....       LJMP    ?BRET
    368          
    369          
    370          /**************************************************************************************************
    371           * @fn          macTxFrameRetransmit
    372           *
    373           * @brief       Retransmit the last frame.
    374           *
    375           * @param       none
    376           *
    377           * @return      none
    378           **************************************************************************************************
    379           */

   \                                 In  segment BANKED_CODE, align 1, keep-with-next
    380          MAC_INTERNAL_API void macTxFrameRetransmit(void)
   \                     macTxFrameRetransmit:
    381          {
   \   000000   C082         PUSH    DPL
   \   000002   C083         PUSH    DPH
   \   000004                ; Saved register size: 2
   \   000004                ; Auto size: 0
    382            txRetransmitFlag = 1;
   \   000004   90....       MOV     DPTR,#txRetransmitFlag
   \   000007   7401         MOV     A,#0x1
   \   000009   F0           MOVX    @DPTR,A
    383            macTxFrame(macTxType);
   \   00000A                ; Setup parameters for call to function macTxFrame
   \   00000A   90....       MOV     DPTR,#macTxType
   \   00000D   E0           MOVX    A,@DPTR
   \   00000E   F9           MOV     R1,A
   \   00000F   12....       LCALL   ??macTxFrame?relay
    384          }
   \   000012   D083         POP     DPH
   \   000014   D082         POP     DPL
   \   000016   02....       LJMP    ?BRET
    385          
    386          
    387          /**************************************************************************************************
    388           * @fn          macTxStartQueuedFrame
    389           *
    390           * @brief       See if there is a queued frame waiting to transmit.  If so, initiate
    391           *              the transmit now.
    392           *
    393           * @param       none
    394           *
    395           * @return      none
    396           **************************************************************************************************
    397           */

   \                                 In  segment BANKED_CODE, align 1, keep-with-next
    398          MAC_INTERNAL_API void macTxStartQueuedFrame(void)
   \                     macTxStartQueuedFrame:
    399          {
   \   000000   74F7         MOV     A,#-0x9
   \   000002   12....       LCALL   ?BANKED_ENTER_XDATA
   \   000005                ; Saved register size: 9
   \   000005                ; Auto size: 0
    400            halIntState_t  s;
    401          
    402            MAC_ASSERT(!macRxActive && !macRxOutgoingAckFlag); /* queued frames should not transmit in middle of a receive */
   \   000005   90....       MOV     DPTR,#macRxActive
   \   000008   E0           MOVX    A,@DPTR
   \   000009   7006         JNZ     ??macTxStartQueuedFrame_0
   \   00000B   90....       MOV     DPTR,#macRxOutgoingAckFlag
   \   00000E   E0           MOVX    A,@DPTR
   \   00000F   6003         JZ      ??macTxStartQueuedFrame_1
   \                     ??macTxStartQueuedFrame_0:
   \   000011                ; Setup parameters for call to function halAssertHandler
   \   000011   12....       LCALL   ??halAssertHandler?relay
    403          
    404            /*
    405             *  Critical sections around the state change prevents any sort of race condition
    406             *  with macTxFrame().  This guarantees function txGo() will only be be called once.
    407             */
    408            HAL_ENTER_CRITICAL_SECTION(s);
   \                     ??macTxStartQueuedFrame_1:
   \   000014   A2AF         MOV     C,0xa8.7
   \   000016   E4           CLR     A
   \   000017   33           RLC     A
   \   000018   FE           MOV     R6,A
   \   000019   C2AF         CLR     0xa8.7
    409            if (macTxActive == MAC_TX_ACTIVE_QUEUED)
   \   00001B   90....       MOV     DPTR,#macTxActive
   \   00001E   E0           MOVX    A,@DPTR
   \   00001F   6402         XRL     A,#0x2
   \   000021   7012         JNZ     ??macTxStartQueuedFrame_2
    410            {
    411              macTxActive = MAC_TX_ACTIVE_GO;
   \   000023   90....       MOV     DPTR,#macTxActive
   \   000026   7483         MOV     A,#-0x7d
   \   000028   F0           MOVX    @DPTR,A
    412              HAL_EXIT_CRITICAL_SECTION(s);
   \   000029   EE           MOV     A,R6
   \   00002A   FF           MOV     R7,A
   \   00002B   EE           MOV     A,R6
   \   00002C   A2E0         MOV     C,0xE0 /* A   */.0
   \   00002E   92AF         MOV     0xa8.7,C
    413              txGo();
   \   000030                ; Setup parameters for call to function txGo
   \   000030   12....       LCALL   ??txGo?relay
   \   000033   8007         SJMP    ??macTxStartQueuedFrame_3
    414            }
    415            else
    416            {
    417              HAL_EXIT_CRITICAL_SECTION(s);
   \                     ??macTxStartQueuedFrame_2:
   \   000035   EE           MOV     A,R6
   \   000036   F8           MOV     R0,A
   \   000037   EE           MOV     A,R6
   \   000038   A2E0         MOV     C,0xE0 /* A   */.0
   \   00003A   92AF         MOV     0xa8.7,C
    418            }
    419          }
   \                     ??macTxStartQueuedFrame_3:
   \   00003C   7F01         MOV     R7,#0x1
   \   00003E   02....       LJMP    ?BANKED_LEAVE_XDATA
   \   000041                REQUIRE _A_IEN0
    420          
    421          
    422          /**************************************************************************************************
    423           * @fn          macTxChannelBusyCallback
    424           *
    425           * @brief       This callback is executed if a CSMA transmit was attempted but the channel
    426           *              was busy.
    427           *
    428           * @param       none
    429           *
    430           * @return      none
    431           **************************************************************************************************
    432           */

   \                                 In  segment BANKED_CODE, align 1, keep-with-next
    433          MAC_INTERNAL_API void macTxChannelBusyCallback(void)
   \                     macTxChannelBusyCallback:
    434          {
   \   000000   C082         PUSH    DPL
   \   000002   C083         PUSH    DPH
   \   000004                ; Saved register size: 2
   \   000004                ; Auto size: 0
    435            MAC_ASSERT((macTxType == MAC_TX_TYPE_SLOTTED_CSMA) || (macTxType == MAC_TX_TYPE_UNSLOTTED_CSMA));
   \   000004   90....       MOV     DPTR,#macTxType
   \   000007   E0           MOVX    A,@DPTR
   \   000008   600B         JZ      ??macTxChannelBusyCallback_0
   \   00000A   90....       MOV     DPTR,#macTxType
   \   00000D   E0           MOVX    A,@DPTR
   \   00000E   6401         XRL     A,#0x1
   \   000010   6003         JZ      ??macTxChannelBusyCallback_0
   \   000012                ; Setup parameters for call to function halAssertHandler
   \   000012   12....       LCALL   ??halAssertHandler?relay
    436          
    437            /* turn off receiver if allowed */
    438            macTxActive = MAC_TX_ACTIVE_CHANNEL_BUSY;
   \                     ??macTxChannelBusyCallback_0:
   \   000015   90....       MOV     DPTR,#macTxActive
   \   000018   7404         MOV     A,#0x4
   \   00001A   F0           MOVX    @DPTR,A
    439            macRxOffRequest();
   \   00001B                ; Setup parameters for call to function macRxOffRequest
   \   00001B   12....       LCALL   ??macRxOffRequest?relay
    440          
    441            /*  clear channel assement failed, follow through with CSMA algorithm */
    442            nb++;
   \   00001E   90....       MOV     DPTR,#nb
   \   000021   E0           MOVX    A,@DPTR
   \   000022   2401         ADD     A,#0x1
   \   000024   F0           MOVX    @DPTR,A
    443            if (nb > macPib.maxCsmaBackoffs)
   \   000025   90....       MOV     DPTR,#nb
   \   000028   E0           MOVX    A,@DPTR
   \   000029   F8           MOV     R0,A
   \   00002A   90....       MOV     DPTR,#macPib + 27
   \   00002D   E0           MOVX    A,@DPTR
   \   00002E   C3           CLR     C
   \   00002F   98           SUBB    A,R0
   \   000030   5007         JNC     ??macTxChannelBusyCallback_1
    444            {
    445              txComplete(MAC_CHANNEL_ACCESS_FAILURE);
   \   000032                ; Setup parameters for call to function txComplete
   \   000032   79E1         MOV     R1,#-0x1f
   \   000034   12....       LCALL   ??txComplete?relay
   \   000037   803D         SJMP    ??macTxChannelBusyCallback_2
    446            }
    447            else
    448            {
    449              macTxBe = MIN(macTxBe+1, macPib.maxBe);
   \                     ??macTxChannelBusyCallback_1:
   \   000039   90....       MOV     DPTR,#macTxBe
   \   00003C   E0           MOVX    A,@DPTR
   \   00003D   F8           MOV     R0,A
   \   00003E   7900         MOV     R1,#0x0
   \   000040   2401         ADD     A,#0x1
   \   000042   F8           MOV     R0,A
   \   000043   E9           MOV     A,R1
   \   000044   3400         ADDC    A,#0x0
   \   000046   F9           MOV     R1,A
   \   000047   90....       MOV     DPTR,#macPib + 39
   \   00004A   E0           MOVX    A,@DPTR
   \   00004B   FA           MOV     R2,A
   \   00004C   7B00         MOV     R3,#0x0
   \   00004E   C3           CLR     C
   \   00004F   E8           MOV     A,R0
   \   000050   9A           SUBB    A,R2
   \   000051   E9           MOV     A,R1
   \   000052   9B           SUBB    A,R3
   \   000053   A2D2         MOV     C,0xD0 /* PSW */.2
   \   000055   65D0         XRL     A,PSW
   \   000057   33           RLC     A
   \   000058   5008         JNC     ??macTxChannelBusyCallback_3
   \   00005A   90....       MOV     DPTR,#macTxBe
   \   00005D   E0           MOVX    A,@DPTR
   \   00005E   2401         ADD     A,#0x1
   \   000060   8004         SJMP    ??macTxChannelBusyCallback_4
   \                     ??macTxChannelBusyCallback_3:
   \   000062   90....       MOV     DPTR,#macPib + 39
   \   000065   E0           MOVX    A,@DPTR
   \                     ??macTxChannelBusyCallback_4:
   \   000066   90....       MOV     DPTR,#macTxBe
   \   000069   F0           MOVX    @DPTR,A
    450              txCsmaPrep();
   \   00006A                ; Setup parameters for call to function txCsmaPrep
   \   00006A   12....       LCALL   ??txCsmaPrep?relay
    451              macTxActive = MAC_TX_ACTIVE_GO;
   \   00006D   90....       MOV     DPTR,#macTxActive
   \   000070   7483         MOV     A,#-0x7d
   \   000072   F0           MOVX    @DPTR,A
    452              txCsmaGo();
   \   000073                ; Setup parameters for call to function txCsmaGo
   \   000073   12....       LCALL   ??txCsmaGo?relay
    453            }
    454          }
   \                     ??macTxChannelBusyCallback_2:
   \   000076   D083         POP     DPH
   \   000078   D082         POP     DPL
   \   00007A   02....       LJMP    ?BRET
    455          
    456          
    457          /**************************************************************************************************
    458           * @fn          macTxDoneCallback
    459           *
    460           * @brief       This callback is executed when transmit completes.
    461           *
    462           * @param       none
    463           *
    464           * @return      none
    465           **************************************************************************************************
    466           */

   \                                 In  segment BANKED_CODE, align 1, keep-with-next
    467          MAC_INTERNAL_API void macTxDoneCallback(void)
   \                     macTxDoneCallback:
    468          {
   \   000000   74F7         MOV     A,#-0x9
   \   000002   12....       LCALL   ?BANKED_ENTER_XDATA
   \   000005                ; Saved register size: 9
   \   000005                ; Auto size: 0
    469            halIntState_t  s;
    470          
    471            /*
    472             *  There is a small chance this function could be called twice for a single transmit.
    473             *  To prevent logic from executing twice, the state variable macTxActive is used as
    474             *  a gating mechanism to guarantee single time execution.
    475             */
    476            HAL_ENTER_CRITICAL_SECTION(s);
   \   000005   A2AF         MOV     C,0xa8.7
   \   000007   E4           CLR     A
   \   000008   33           RLC     A
   \   000009   FE           MOV     R6,A
   \   00000A   C2AF         CLR     0xa8.7
    477            if (macTxActive == MAC_TX_ACTIVE_GO)
   \   00000C   90....       MOV     DPTR,#macTxActive
   \   00000F   E0           MOVX    A,@DPTR
   \   000010   6483         XRL     A,#0x83
   \   000012   702C         JNZ     ??macTxDoneCallback_0
    478            {
    479              /* see if ACK was requested */
    480              if (!txAckReq)
   \   000014   90....       MOV     DPTR,#txAckReq
   \   000017   E0           MOVX    A,@DPTR
   \   000018   7014         JNZ     ??macTxDoneCallback_1
    481              {
    482                macTxActive = MAC_TX_ACTIVE_DONE;
   \   00001A   90....       MOV     DPTR,#macTxActive
   \   00001D   7485         MOV     A,#-0x7b
   \   00001F   F0           MOVX    @DPTR,A
    483                HAL_EXIT_CRITICAL_SECTION(s);
   \   000020   EE           MOV     A,R6
   \   000021   FF           MOV     R7,A
   \   000022   EE           MOV     A,R6
   \   000023   A2E0         MOV     C,0xE0 /* A   */.0
   \   000025   92AF         MOV     0xa8.7,C
    484          
    485                /* ACK was not requested, transmit is complete */
    486                txComplete(MAC_SUCCESS);
   \   000027                ; Setup parameters for call to function txComplete
   \   000027   7900         MOV     R1,#0x0
   \   000029   12....       LCALL   ??txComplete?relay
   \   00002C   8019         SJMP    ??macTxDoneCallback_2
    487              }
    488              else
    489              {
    490                /*
    491                 *  ACK was requested - must wait to receive it.  A timer is set
    492                 *  to expire after the timeout duration for waiting for an ACK.
    493                 *  If an ACK is received, the function macTxAckReceived() is called.
    494                 *  If an ACK is not received within the timeout period,
    495                 *  the function macTxAckTimeoutCallback() is called.
    496                 */
    497                macTxActive = MAC_TX_ACTIVE_LISTEN_FOR_ACK;
   \                     ??macTxDoneCallback_1:
   \   00002E   90....       MOV     DPTR,#macTxActive
   \   000031   7486         MOV     A,#-0x7a
   \   000033   F0           MOVX    @DPTR,A
    498                MAC_RADIO_TX_REQUEST_ACK_TIMEOUT_CALLBACK();
   \   000034                ; Setup parameters for call to function macCspTxRequestAckTimeoutCallback
   \   000034   12....       LCALL   ??macCspTxRequestAckTimeoutCallback?relay
    499                HAL_EXIT_CRITICAL_SECTION(s);
   \   000037   EE           MOV     A,R6
   \   000038   F8           MOV     R0,A
   \   000039   EE           MOV     A,R6
   \   00003A   A2E0         MOV     C,0xE0 /* A   */.0
   \   00003C   92AF         MOV     0xa8.7,C
   \   00003E   8007         SJMP    ??macTxDoneCallback_2
    500              }
    501            }
    502            else
    503            {
    504              HAL_EXIT_CRITICAL_SECTION(s);
   \                     ??macTxDoneCallback_0:
   \   000040   EE           MOV     A,R6
   \   000041   F9           MOV     R1,A
   \   000042   EE           MOV     A,R6
   \   000043   A2E0         MOV     C,0xE0 /* A   */.0
   \   000045   92AF         MOV     0xa8.7,C
    505            }
    506          }
   \                     ??macTxDoneCallback_2:
   \   000047   7F01         MOV     R7,#0x1
   \   000049   02....       LJMP    ?BANKED_LEAVE_XDATA
   \   00004C                REQUIRE _A_IEN0
    507          
    508          
    509          /**************************************************************************************************
    510           * @fn          macTxAckReceivedCallback
    511           *
    512           * @brief       This function is called by the receive logic when an ACK is received and
    513           *              transmit logic is listening for an ACK.
    514           *
    515           * @param       seqn        - sequence number of received ACK
    516           * @param       pendingFlag - set if pending flag of ACK is set, cleared otherwise
    517           *
    518           * @return      none
    519           **************************************************************************************************
    520           */

   \                                 In  segment BANKED_CODE, align 1, keep-with-next
    521          MAC_INTERNAL_API void macTxAckReceivedCallback(uint8 seqn, uint8 pendingFlag)
   \                     macTxAckReceivedCallback:
    522          {
   \   000000   74F6         MOV     A,#-0xa
   \   000002   12....       LCALL   ?BANKED_ENTER_XDATA
   \   000005                ; Saved register size: 10
   \   000005                ; Auto size: 0
   \   000005   E9           MOV     A,R1
   \   000006   FE           MOV     R6,A
   \   000007   EA           MOV     A,R2
   \   000008   FF           MOV     R7,A
    523            halIntState_t  s;
    524          
    525            /* only process if listening for an ACK; critical section prevents race condition problems */
    526            HAL_ENTER_CRITICAL_SECTION(s);
   \   000009   A2AF         MOV     C,0xa8.7
   \   00000B   E4           CLR     A
   \   00000C   33           RLC     A
   \   00000D   F5..         MOV     ?V0 + 0,A
   \   00000F   C2AF         CLR     0xa8.7
    527            if (macTxActive == MAC_TX_ACTIVE_LISTEN_FOR_ACK)
   \   000011   90....       MOV     DPTR,#macTxActive
   \   000014   E0           MOVX    A,@DPTR
   \   000015   6486         XRL     A,#0x86
   \   000017   7031         JNZ     ??macTxAckReceivedCallback_0
    528            {
    529              macTxActive = MAC_TX_ACTIVE_POST_ACK;
   \   000019   90....       MOV     DPTR,#macTxActive
   \   00001C   7487         MOV     A,#-0x79
   \   00001E   F0           MOVX    @DPTR,A
    530              MAC_RADIO_TX_CANCEL_ACK_TIMEOUT_CALLBACK();
   \   00001F                ; Setup parameters for call to function macCspTxCancelAckTimeoutCallback
   \   00001F   12....       LCALL   ??macCspTxCancelAckTimeoutCallback?relay
    531              HAL_EXIT_CRITICAL_SECTION(s);
   \   000022   85....       MOV     ?V0 + 1,?V0 + 0
   \   000025   E5..         MOV     A,?V0 + 0
   \   000027   A2E0         MOV     C,0xE0 /* A   */.0
   \   000029   92AF         MOV     0xa8.7,C
    532          
    533              /* see if the sequence number of received ACK matches sequence number of packet just sent */
    534              if (seqn == txSeqn)
   \   00002B   90....       MOV     DPTR,#txSeqn
   \   00002E   E0           MOVX    A,@DPTR
   \   00002F   6E           XRL     A,R6
   \   000030   7011         JNZ     ??macTxAckReceivedCallback_1
    535              {
    536                /*
    537                 *  Sequence numbers match so transmit is successful.  Return appropriate
    538                 *  status based on the pending flag of the received ACK.
    539                 */
    540                if (pendingFlag)
   \   000032   EF           MOV     A,R7
   \   000033   6007         JZ      ??macTxAckReceivedCallback_2
    541                {
    542                  txComplete(MAC_ACK_PENDING);
   \   000035                ; Setup parameters for call to function txComplete
   \   000035   791B         MOV     R1,#0x1b
   \   000037   12....       LCALL   ??txComplete?relay
   \   00003A   8016         SJMP    ??macTxAckReceivedCallback_3
    543                }
    544                else
    545                {
    546                  txComplete(MAC_SUCCESS);
   \                     ??macTxAckReceivedCallback_2:
   \   00003C                ; Setup parameters for call to function txComplete
   \   00003C   7900         MOV     R1,#0x0
   \   00003E   12....       LCALL   ??txComplete?relay
   \   000041   800F         SJMP    ??macTxAckReceivedCallback_3
    547                }
    548              }
    549              else
    550              {
    551                /* sequence number did not match; per spec, transmit failed at this point */
    552                txComplete(MAC_NO_ACK);
   \                     ??macTxAckReceivedCallback_1:
   \   000043                ; Setup parameters for call to function txComplete
   \   000043   79E9         MOV     R1,#-0x17
   \   000045   12....       LCALL   ??txComplete?relay
   \   000048   8008         SJMP    ??macTxAckReceivedCallback_3
    553              }
    554            }
    555            else
    556            {
    557              HAL_EXIT_CRITICAL_SECTION(s);
   \                     ??macTxAckReceivedCallback_0:
   \   00004A   A8..         MOV     R0,?V0 + 0
   \   00004C   E5..         MOV     A,?V0 + 0
   \   00004E   A2E0         MOV     C,0xE0 /* A   */.0
   \   000050   92AF         MOV     0xa8.7,C
    558            }
    559          }
   \                     ??macTxAckReceivedCallback_3:
   \   000052   7F02         MOV     R7,#0x2
   \   000054   02....       LJMP    ?BANKED_LEAVE_XDATA
   \   000057                REQUIRE _A_IEN0
    560          
    561          
    562          /**************************************************************************************************
    563           * @fn          macTxAckNotReceivedCallback
    564           *
    565           * @brief       This function is called by the receive logic when transmit is listening
    566           *              for an ACK but something else is received.  It is also called if the
    567           *              listen-for-ACK timeout is reached.
    568           *
    569           * @brief
    570           *
    571           * @param       none
    572           *
    573           * @return      none
    574           **************************************************************************************************
    575           */

   \                                 In  segment BANKED_CODE, align 1, keep-with-next
    576          MAC_INTERNAL_API void macTxAckNotReceivedCallback(void)
   \                     macTxAckNotReceivedCallback:
    577          {
   \   000000   74F7         MOV     A,#-0x9
   \   000002   12....       LCALL   ?BANKED_ENTER_XDATA
   \   000005                ; Saved register size: 9
   \   000005                ; Auto size: 0
    578            halIntState_t  s;
    579          
    580            /* only process if listening for an ACK; critical section prevents race condition problems */
    581            HAL_ENTER_CRITICAL_SECTION(s);
   \   000005   A2AF         MOV     C,0xa8.7
   \   000007   E4           CLR     A
   \   000008   33           RLC     A
   \   000009   FE           MOV     R6,A
   \   00000A   C2AF         CLR     0xa8.7
    582            if (macTxActive == MAC_TX_ACTIVE_LISTEN_FOR_ACK)
   \   00000C   90....       MOV     DPTR,#macTxActive
   \   00000F   E0           MOVX    A,@DPTR
   \   000010   6486         XRL     A,#0x86
   \   000012   7017         JNZ     ??macTxAckNotReceivedCallback_0
    583            {
    584              macTxActive = MAC_TX_ACTIVE_POST_ACK;
   \   000014   90....       MOV     DPTR,#macTxActive
   \   000017   7487         MOV     A,#-0x79
   \   000019   F0           MOVX    @DPTR,A
    585              MAC_RADIO_TX_CANCEL_ACK_TIMEOUT_CALLBACK();
   \   00001A                ; Setup parameters for call to function macCspTxCancelAckTimeoutCallback
   \   00001A   12....       LCALL   ??macCspTxCancelAckTimeoutCallback?relay
    586              HAL_EXIT_CRITICAL_SECTION(s);
   \   00001D   EE           MOV     A,R6
   \   00001E   FF           MOV     R7,A
   \   00001F   EE           MOV     A,R6
   \   000020   A2E0         MOV     C,0xE0 /* A   */.0
   \   000022   92AF         MOV     0xa8.7,C
    587          
    588              /* a non-ACK was received when expecting an ACK, per spec transmit is over at this point */
    589              txComplete(MAC_NO_ACK);
   \   000024                ; Setup parameters for call to function txComplete
   \   000024   79E9         MOV     R1,#-0x17
   \   000026   12....       LCALL   ??txComplete?relay
   \   000029   8007         SJMP    ??macTxAckNotReceivedCallback_1
    590            }
    591            else
    592            {
    593              HAL_EXIT_CRITICAL_SECTION(s);
   \                     ??macTxAckNotReceivedCallback_0:
   \   00002B   EE           MOV     A,R6
   \   00002C   F8           MOV     R0,A
   \   00002D   EE           MOV     A,R6
   \   00002E   A2E0         MOV     C,0xE0 /* A   */.0
   \   000030   92AF         MOV     0xa8.7,C
    594            }
    595          }
   \                     ??macTxAckNotReceivedCallback_1:
   \   000032   7F01         MOV     R7,#0x1
   \   000034   02....       LJMP    ?BANKED_LEAVE_XDATA
   \   000037                REQUIRE _A_IEN0
    596          
    597          
    598          /*=================================================================================================
    599           * @fn          txComplete
    600           *
    601           * @brief       Transmit has completed.  Perform needed maintenance and return status of
    602           *              the transmit via callback function.
    603           *
    604           * @param       status - status of the transmit that just went out
    605           *
    606           * @return      none
    607           *=================================================================================================
    608           */

   \                                 In  segment BANKED_CODE, align 1, keep-with-next
    609          static void txComplete(uint8 status)
   \                     txComplete:
    610          {
   \   000000   74F7         MOV     A,#-0x9
   \   000002   12....       LCALL   ?BANKED_ENTER_XDATA
   \   000005                ; Saved register size: 9
   \   000005                ; Auto size: 0
   \   000005   E9           MOV     A,R1
   \   000006   FE           MOV     R6,A
    611            /* reset the retransmit flag */
    612            txRetransmitFlag = 0;
   \   000007   90....       MOV     DPTR,#txRetransmitFlag
   \   00000A   7400         MOV     A,#0x0
   \   00000C   F0           MOVX    @DPTR,A
    613          
    614            /* update tx state; turn off receiver if nothing is keeping it on */
    615            macTxActive = MAC_TX_ACTIVE_NO_ACTIVITY;
   \   00000D   90....       MOV     DPTR,#macTxActive
   \   000010   7400         MOV     A,#0x0
   \   000012   F0           MOVX    @DPTR,A
    616          
    617            /* turn off receive if allowed */
    618            macRxOffRequest();
   \   000013                ; Setup parameters for call to function macRxOffRequest
   \   000013   12....       LCALL   ??macRxOffRequest?relay
    619          
    620            /* update transmit power in case there was a change */
    621            macRadioUpdateTxPower();
   \   000016                ; Setup parameters for call to function macRadioUpdateTxPower
   \   000016   12....       LCALL   ??macRadioUpdateTxPower?relay
    622          
    623            /*
    624             *  Channel cannot change during transmit so update it here.  (Channel *can* change during
    625             *  a receive.  The update function resets receive logic and any partially received
    626             *  frame is purged.)
    627             */
    628            macRadioUpdateChannel();
   \   000019                ; Setup parameters for call to function macRadioUpdateChannel
   \   000019   12....       LCALL   ??macRadioUpdateChannel?relay
    629          
    630            /* return status of transmit via callback function */
    631            macTxCompleteCallback(status);
   \   00001C                ; Setup parameters for call to function macTxCompleteCallback
   \   00001C   EE           MOV     A,R6
   \   00001D   F9           MOV     R1,A
   \   00001E   12....       LCALL   ??macTxCompleteCallback?relay
    632          }
   \   000021   7F01         MOV     R7,#0x1
   \   000023   02....       LJMP    ?BANKED_LEAVE_XDATA
    633          
    634          
    635          /**************************************************************************************************
    636           * @fn          macTxTimestampCallback
    637           *
    638           * @brief       This callback function records the timestamp into the receive data structure.
    639           *              It should be called as soon as possible after there is a valid timestamp.
    640           *
    641           * @param       none
    642           *
    643           * @return      none
    644           **************************************************************************************************
    645           */

   \                                 In  segment BANKED_CODE, align 1, keep-with-next
    646          MAC_INTERNAL_API void macTxTimestampCallback(void)
   \                     macTxTimestampCallback:
    647          {
   \   000000   74F4         MOV     A,#-0xc
   \   000002   12....       LCALL   ?BANKED_ENTER_XDATA
   \   000005                ; Saved register size: 12
   \   000005                ; Auto size: 0
    648            MAC_ASSERT(pMacDataTx != NULL); /* transmit structure must be there */
   \   000005   90....       MOV     DPTR,#pMacDataTx
   \   000008   E0           MOVX    A,@DPTR
   \   000009   F8           MOV     R0,A
   \   00000A   A3           INC     DPTR
   \   00000B   E0           MOVX    A,@DPTR
   \   00000C   F9           MOV     R1,A
   \   00000D   E8           MOV     A,R0
   \   00000E   49           ORL     A,R1
   \   00000F   7003         JNZ     ??macTxTimestampCallback_0
   \   000011                ; Setup parameters for call to function halAssertHandler
   \   000011   12....       LCALL   ??halAssertHandler?relay
    649          
    650            pMacDataTx->internal.timestamp  = macBackoffTimerCapture();
   \                     ??macTxTimestampCallback_0:
   \   000014                ; Setup parameters for call to function macBackoffTimerCapture
   \   000014   12....       LCALL   ??macBackoffTimerCapture?relay
   \   000017   8A..         MOV     ?V0 + 0,R2
   \   000019   8B..         MOV     ?V0 + 1,R3
   \   00001B   8C..         MOV     ?V0 + 2,R4
   \   00001D   8D..         MOV     ?V0 + 3,R5
   \   00001F   90....       MOV     DPTR,#pMacDataTx
   \   000022   E0           MOVX    A,@DPTR
   \   000023   F8           MOV     R0,A
   \   000024   A3           INC     DPTR
   \   000025   E0           MOVX    A,@DPTR
   \   000026   F583         MOV     DPH,A
   \   000028   8882         MOV     DPL,R0
   \   00002A   A3           INC     DPTR
   \   00002B   A3           INC     DPTR
   \   00002C   A3           INC     DPTR
   \   00002D   A3           INC     DPTR
   \   00002E   A3           INC     DPTR
   \   00002F   78..         MOV     R0,#?V0 + 0
   \   000031   12....       LCALL   ?L_MOV_TO_X
    651            pMacDataTx->internal.timestamp2 = MAC_RADIO_TIMER_CAPTURE();
   \   000034                ; Setup parameters for call to function macMcuTimerCapture
   \   000034   12....       LCALL   ??macMcuTimerCapture?relay
   \   000037   8A..         MOV     ?V0 + 0,R2
   \   000039   8B..         MOV     ?V0 + 1,R3
   \   00003B   A8..         MOV     R0,?V0 + 0
   \   00003D   A9..         MOV     R1,?V0 + 1
   \   00003F   90....       MOV     DPTR,#pMacDataTx
   \   000042   E0           MOVX    A,@DPTR
   \   000043   FA           MOV     R2,A
   \   000044   A3           INC     DPTR
   \   000045   E0           MOVX    A,@DPTR
   \   000046   CA           XCH     A,R2
   \   000047   2409         ADD     A,#0x9
   \   000049   F582         MOV     DPL,A
   \   00004B   EA           MOV     A,R2
   \   00004C   3400         ADDC    A,#0x0
   \   00004E   F583         MOV     DPH,A
   \   000050   E5..         MOV     A,?V0 + 0
   \   000052   F0           MOVX    @DPTR,A
   \   000053   A3           INC     DPTR
   \   000054   E5..         MOV     A,?V0 + 1
   \   000056   F0           MOVX    @DPTR,A
    652          }
   \   000057   7F04         MOV     R7,#0x4
   \   000059   02....       LJMP    ?BANKED_LEAVE_XDATA
    653          
    654          
    655          /**************************************************************************************************
    656           * @fn          macTxCollisionWithRxCallback
    657           *
    658           * @brief       Function called if transmit strobed on top of a receive.
    659           *
    660           * @param       none
    661           *
    662           * @return      none
    663           **************************************************************************************************
    664           */

   \                                 In  segment BANKED_CODE, align 1, keep-with-next
    665          MAC_INTERNAL_API void macTxCollisionWithRxCallback(void)
   \                     macTxCollisionWithRxCallback:
    666          {
   \   000000   C082         PUSH    DPL
   \   000002   C083         PUSH    DPH
   \   000004                ; Saved register size: 2
   \   000004                ; Auto size: 0
    667            macRxHaltCleanup();
   \   000004                ; Setup parameters for call to function macRxHaltCleanup
   \   000004   12....       LCALL   ??macRxHaltCleanup?relay
    668          }
   \   000007   D083         POP     DPH
   \   000009   D082         POP     DPL
   \   00000B   02....       LJMP    ?BRET

   \                                 In  segment BANK_RELAYS, align 1
   \                     ??macTxInit?relay:
   \   000000   12....       LCALL   ?BDISPATCH
   \   000003   ......       DC24    macTxInit

   \                                 In  segment BANK_RELAYS, align 1
   \                     ??macTxHaltCleanup?relay:
   \   000000   12....       LCALL   ?BDISPATCH
   \   000003   ......       DC24    macTxHaltCleanup

   \                                 In  segment BANK_RELAYS, align 1
   \                     ??macTxFrame?relay:
   \   000000   12....       LCALL   ?BDISPATCH
   \   000003   ......       DC24    macTxFrame

   \                                 In  segment BANK_RELAYS, align 1
   \                     ??txCsmaPrep?relay:
   \   000000   12....       LCALL   ?BDISPATCH
   \   000003   ......       DC24    txCsmaPrep

   \                                 In  segment BANK_RELAYS, align 1
   \                     ??txGo?relay:
   \   000000   12....       LCALL   ?BDISPATCH
   \   000003   ......       DC24    txGo

   \                                 In  segment BANK_RELAYS, align 1
   \                     ??txCsmaGo?relay:
   \   000000   12....       LCALL   ?BDISPATCH
   \   000003   ......       DC24    txCsmaGo

   \                                 In  segment BANK_RELAYS, align 1
   \                     ??macTxFrameRetransmit?relay:
   \   000000   12....       LCALL   ?BDISPATCH
   \   000003   ......       DC24    macTxFrameRetransmit

   \                                 In  segment BANK_RELAYS, align 1
   \                     ??macTxStartQueuedFrame?relay:
   \   000000   12....       LCALL   ?BDISPATCH
   \   000003   ......       DC24    macTxStartQueuedFrame

   \                                 In  segment BANK_RELAYS, align 1
   \                     ??macTxChannelBusyCallback?relay:
   \   000000   12....       LCALL   ?BDISPATCH
   \   000003   ......       DC24    macTxChannelBusyCallback

   \                                 In  segment BANK_RELAYS, align 1
   \                     ??macTxDoneCallback?relay:
   \   000000   12....       LCALL   ?BDISPATCH
   \   000003   ......       DC24    macTxDoneCallback

   \                                 In  segment BANK_RELAYS, align 1
   \                     ??macTxAckReceivedCallback?relay:
   \   000000   12....       LCALL   ?BDISPATCH
   \   000003   ......       DC24    macTxAckReceivedCallback

   \                                 In  segment BANK_RELAYS, align 1
   \                     ??macTxAckNotReceivedCallback?relay:
   \   000000   12....       LCALL   ?BDISPATCH
   \   000003   ......       DC24    macTxAckNotReceivedCallback

   \                                 In  segment BANK_RELAYS, align 1
   \                     ??txComplete?relay:
   \   000000   12....       LCALL   ?BDISPATCH
   \   000003   ......       DC24    txComplete

   \                                 In  segment BANK_RELAYS, align 1
   \                     ??macTxTimestampCallback?relay:
   \   000000   12....       LCALL   ?BDISPATCH
   \   000003   ......       DC24    macTxTimestampCallback

   \                                 In  segment BANK_RELAYS, align 1
   \                     ??macTxCollisionWithRxCallback?relay:
   \   000000   12....       LCALL   ?BDISPATCH
   \   000003   ......       DC24    macTxCollisionWithRxCallback
    669          
    670          
    671          
    672          /**************************************************************************************************
    673           *                                  Compile Time Integrity Checks
    674           **************************************************************************************************
    675           */
    676          #if (MAC_TX_ACTIVE_NO_ACTIVITY != 0x00)
    677          #error "ERROR! Zero is reserved value of macTxActive. Allows boolean operations, e.g !macTxActive."
    678          #endif
    679          
    680          /**************************************************************************************************
    681          */

   Maximum stack usage in bytes:

   ISTACK PSTACK XSTACK Function
   ------ ------ ------ --------
       0      0      9  macTxAckNotReceivedCallback
                          0 0  9 -> macCspTxCancelAckTimeoutCallback
                          0 0  9 -> txComplete
       0      0     10  macTxAckReceivedCallback
                          0 0 10 -> macCspTxCancelAckTimeoutCallback
                          0 0 10 -> txComplete
       2      0      0  macTxChannelBusyCallback
                          2 0  0 -> halAssertHandler
                          2 0  0 -> macRxOffRequest
                          2 0  0 -> txComplete
                          2 0  0 -> txCsmaGo
                          2 0  0 -> txCsmaPrep
       2      0      0  macTxCollisionWithRxCallback
                          2 0  0 -> macRxHaltCleanup
       0      0      9  macTxDoneCallback
                          0 0  9 -> macCspTxRequestAckTimeoutCallback
                          0 0  9 -> txComplete
       1      0     10  macTxFrame
                          0 0 10 -> halAssertHandler
                          0 0 10 -> macCspTxPrepSlotted
                          0 0 10 -> macMemWriteTxFifo
                          0 0 10 -> txComplete
                          0 0 10 -> txCsmaPrep
                          0 0 10 -> txGo
       2      0      0  macTxFrameRetransmit
                          2 0  0 -> macTxFrame
       2      0      0  macTxHaltCleanup
                          2 0  0 -> macCspTxReset
                          2 0  0 -> macTxInit
       2      0      0  macTxInit
       0      0      9  macTxStartQueuedFrame
                          0 0  9 -> halAssertHandler
                          0 0  9 -> txGo
       0      0     12  macTxTimestampCallback
                          0 0 12 -> halAssertHandler
                          0 0 12 -> macBackoffTimerCapture
                          0 0 12 -> macMcuTimerCapture
       0      0     19  txComplete
                          0 0  9 -> macRadioUpdateChannel
                          0 0  9 -> macRadioUpdateTxPower
                          0 0  9 -> macRxOffRequest
                          0 0  9 -> macTxCompleteCallback
       2      0      0  txCsmaGo
                          2 0  0 -> macCspTxGoCsma
                          2 0  0 -> macDataTxTimeAvailable
                          2 0  0 -> txComplete
       0      0     20  txCsmaPrep
                          0 0 10 -> macCspTxPrepCsmaSlotted
                          0 0 10 -> macCspTxPrepCsmaUnslotted
                          0 0 10 -> macRadioRandomByte
       2      0     10  txGo
                          2 0  0 -> macCspTxGoSlotted
                          2 0  0 -> txCsmaGo


   Segment part sizes:

   Bytes  Function/Label
   -----  --------------
       6  ??macTxAckNotReceivedCallback?relay
       6  ??macTxAckReceivedCallback?relay
       6  ??macTxChannelBusyCallback?relay
       6  ??macTxCollisionWithRxCallback?relay
       6  ??macTxDoneCallback?relay
       6  ??macTxFrame?relay
       6  ??macTxFrameRetransmit?relay
       6  ??macTxHaltCleanup?relay
       6  ??macTxInit?relay
       6  ??macTxStartQueuedFrame?relay
       6  ??macTxTimestampCallback?relay
       6  ??txComplete?relay
       6  ??txCsmaGo?relay
       6  ??txCsmaPrep?relay
       6  ??txGo?relay
       1  RFST
       1  _A_IEN0
      55  macTxAckNotReceivedCallback
      87  macTxAckReceivedCallback
       1  macTxActive
       1  macTxBe
     125  macTxChannelBusyCallback
      14  macTxCollisionWithRxCallback
       1  macTxCsmaBackoffDelay
      76  macTxDoneCallback
     353  macTxFrame
      25  macTxFrameRetransmit
      17  macTxHaltCleanup
      23  macTxInit
       1  macTxSlottedDelay
      65  macTxStartQueuedFrame
      92  macTxTimestampCallback
       1  macTxType
       1  nb
       1  txAckReq
      38  txComplete
      45  txCsmaGo
      53  txCsmaPrep
      40  txGo
       1  txRetransmitFlag
       1  txSeqn

 
 1 108 bytes in segment BANKED_CODE
    90 bytes in segment BANK_RELAYS
     2 bytes in segment SFR_AN
     1 byte  in segment XDATA_ROM_C
     8 bytes in segment XDATA_Z
 
 1 198 bytes of CODE  memory
     1 byte  of CONST memory
     0 bytes of DATA  memory (+ 2 bytes shared)
     8 bytes of XDATA memory

Errors: none
Warnings: none
