###############################################################################
#                                                                             #
# IAR C/C++ Compiler V8.20.2.41139 for 8051             01/Jan/2016  15:52:30 #
# Copyright 2004-2013 IAR Systems AB.                                         #
#                                                                             #
#    Core               =  plain                                              #
#    Code model         =  banked                                             #
#    Data model         =  large                                              #
#    Calling convention =  xdata reentrant                                    #
#    Constant location  =  data_rom                                           #
#    Dptr setup         =  1,16                                               #
#                                                                             #
#    Source file        =  C:\Users\ArnoldWorkStation\Desktop\ZigbeeTest\Comp #
#                          onents\zmac\f8w\zmac_cb.c                          #
#    Command line       =  -f C:\Users\ArnoldWorkStation\Desktop\ZigbeeTest\P #
#                          rojects\zstack\Samples\SampleApp\CC2530DB\..\..\.. #
#                          \Tools\CC2530DB\f8wCoord.cfg (-DCPU32MHZ           #
#                          -DROOT=__near_func -DMAC_CFG_APP_PENDING_QUEUE=TRU #
#                          E -DZDO_COORDINATOR -DRTR_NWK -DBLINK_LEDS) -f     #
#                          C:\Users\ArnoldWorkStation\Desktop\ZigbeeTest\Proj #
#                          ects\zstack\Samples\SampleApp\CC2530DB\..\..\..\To #
#                          ols\CC2530DB\f8wConfig.cfg (-DSECURE=0             #
#                          -DZG_SECURE_DYNAMIC=0 -DREFLECTOR                  #
#                          -DDEFAULT_CHANLIST=0x00000800                      #
#                          -DZDAPP_CONFIG_PAN_ID=0xFFF1                       #
#                          -DNWK_START_DELAY=100 -DEXTENDED_JOINING_RANDOM_MA #
#                          SK=0x007F -DBEACON_REQUEST_DELAY=100               #
#                          -DBEACON_REQ_DELAY_MASK=0x00FF                     #
#                          -DROUTE_EXPIRY_TIME=30 -DAPSC_ACK_WAIT_DURATION_PO #
#                          LLED=3000 -DNWK_INDIRECT_MSG_TIMEOUT=7             #
#                          -DMAX_RREQ_ENTRIES=8 -DAPSC_MAX_FRAME_RETRIES=3    #
#                          -DNWK_MAX_DATA_RETRIES=2                           #
#                          -DMAX_POLL_FAILURE_RETRIES=2 -DMAX_BCAST=9         #
#                          -DAPS_MAX_GROUPS=16 -DMAX_RTG_ENTRIES=40           #
#                          -DNWK_MAX_BINDING_ENTRIES=4                        #
#                          -DMAX_BINDING_CLUSTER_IDS=4 "-DDEFAULT_KEY={0x01,  #
#                          0x03, 0x05, 0x07, 0x09, 0x0B, 0x0D, 0x0F, 0x00,    #
#                          0x02, 0x04, 0x06, 0x08, 0x0A, 0x0C, 0x0D}"         #
#                          -DMAC_MAX_FRAME_SIZE=116 "-DCONST=const __code"    #
#                          -DGENERIC=__generic -DRFD_RCVC_ALWAYS_ON=TRUE      #
#                          -DPOLL_RATE=1000 -DQUEUED_POLL_RATE=100            #
#                          -DRESPONSE_POLL_RATE=100) -DREJOIN_POLL_RATE=440   #
#                          C:\Users\ArnoldWorkStation\Desktop\ZigbeeTest\Comp #
#                          onents\zmac\f8w\zmac_cb.c -D ZIGBEEPRO -D          #
#                          ZTOOL_P1 -D xMT_TASK -D xMT_SYS_FUNC -D            #
#                          xMT_ZDO_FUNC -D LCD_SUPPORTED=DEBUG -lC            #
#                          C:\Users\ArnoldWorkStation\Desktop\ZigbeeTest\Proj #
#                          ects\zstack\Samples\SampleApp\CC2530DB\Coordinator #
#                          EB-Pro\List\ -lA C:\Users\ArnoldWorkStation\Deskto #
#                          p\ZigbeeTest\Projects\zstack\Samples\SampleApp\CC2 #
#                          530DB\CoordinatorEB-Pro\List\ --diag_suppress      #
#                          Pe001,Pa010 -o C:\Users\ArnoldWorkStation\Desktop\ #
#                          ZigbeeTest\Projects\zstack\Samples\SampleApp\CC253 #
#                          0DB\CoordinatorEB-Pro\Obj\ -e --no_cse             #
#                          --no_unroll --no_inline --no_code_motion           #
#                          --no_tbaa --debug --core=plain --dptr=16,1         #
#                          --data_model=large --code_model=banked             #
#                          --calling_convention=xdata_reentrant               #
#                          --place_constants=data_rom --nr_virtual_regs 16    #
#                          -I C:\Users\ArnoldWorkStation\Desktop\ZigbeeTest\P #
#                          rojects\zstack\Samples\SampleApp\CC2530DB\ -I      #
#                          C:\Users\ArnoldWorkStation\Desktop\ZigbeeTest\Proj #
#                          ects\zstack\Samples\SampleApp\CC2530DB\..\SOURCE\  #
#                          -I C:\Users\ArnoldWorkStation\Desktop\ZigbeeTest\P #
#                          rojects\zstack\Samples\SampleApp\CC2530DB\..\..\.. #
#                          \ZMAIN\TI2530DB\ -I C:\Users\ArnoldWorkStation\Des #
#                          ktop\ZigbeeTest\Projects\zstack\Samples\SampleApp\ #
#                          CC2530DB\..\..\..\..\..\COMPONENTS\MT\ -I          #
#                          C:\Users\ArnoldWorkStation\Desktop\ZigbeeTest\Proj #
#                          ects\zstack\Samples\SampleApp\CC2530DB\..\..\..\.. #
#                          \..\COMPONENTS\HAL\INCLUDE\ -I                     #
#                          C:\Users\ArnoldWorkStation\Desktop\ZigbeeTest\Proj #
#                          ects\zstack\Samples\SampleApp\CC2530DB\..\..\..\.. #
#                          \..\COMPONENTS\HAL\TARGET\CC2530EB\ -I             #
#                          C:\Users\ArnoldWorkStation\Desktop\ZigbeeTest\Proj #
#                          ects\zstack\Samples\SampleApp\CC2530DB\..\..\..\.. #
#                          \..\COMPONENTS\OSAL\MCU\CCSOC\ -I                  #
#                          C:\Users\ArnoldWorkStation\Desktop\ZigbeeTest\Proj #
#                          ects\zstack\Samples\SampleApp\CC2530DB\..\..\..\.. #
#                          \..\COMPONENTS\OSAL\INCLUDE\ -I                    #
#                          C:\Users\ArnoldWorkStation\Desktop\ZigbeeTest\Proj #
#                          ects\zstack\Samples\SampleApp\CC2530DB\..\..\..\.. #
#                          \..\COMPONENTS\STACK\AF\ -I                        #
#                          C:\Users\ArnoldWorkStation\Desktop\ZigbeeTest\Proj #
#                          ects\zstack\Samples\SampleApp\CC2530DB\..\..\..\.. #
#                          \..\COMPONENTS\STACK\NWK\ -I                       #
#                          C:\Users\ArnoldWorkStation\Desktop\ZigbeeTest\Proj #
#                          ects\zstack\Samples\SampleApp\CC2530DB\..\..\..\.. #
#                          \..\COMPONENTS\STACK\SEC\ -I                       #
#                          C:\Users\ArnoldWorkStation\Desktop\ZigbeeTest\Proj #
#                          ects\zstack\Samples\SampleApp\CC2530DB\..\..\..\.. #
#                          \..\COMPONENTS\STACK\SAPI\ -I                      #
#                          C:\Users\ArnoldWorkStation\Desktop\ZigbeeTest\Proj #
#                          ects\zstack\Samples\SampleApp\CC2530DB\..\..\..\.. #
#                          \..\COMPONENTS\STACK\SYS\ -I                       #
#                          C:\Users\ArnoldWorkStation\Desktop\ZigbeeTest\Proj #
#                          ects\zstack\Samples\SampleApp\CC2530DB\..\..\..\.. #
#                          \..\COMPONENTS\STACK\ZDO\ -I                       #
#                          C:\Users\ArnoldWorkStation\Desktop\ZigbeeTest\Proj #
#                          ects\zstack\Samples\SampleApp\CC2530DB\..\..\..\.. #
#                          \..\COMPONENTS\ZMAC\F8W\ -I                        #
#                          C:\Users\ArnoldWorkStation\Desktop\ZigbeeTest\Proj #
#                          ects\zstack\Samples\SampleApp\CC2530DB\..\..\..\.. #
#                          \..\COMPONENTS\ZMAC\ -I C:\Users\ArnoldWorkStation #
#                          \Desktop\ZigbeeTest\Projects\zstack\Samples\Sample #
#                          App\CC2530DB\..\..\..\..\..\COMPONENTS\SERVICES\SA #
#                          DDR\ -I C:\Users\ArnoldWorkStation\Desktop\ZigbeeT #
#                          est\Projects\zstack\Samples\SampleApp\CC2530DB\..\ #
#                          ..\..\..\..\COMPONENTS\SERVICES\SDATA\ -I          #
#                          C:\Users\ArnoldWorkStation\Desktop\ZigbeeTest\Proj #
#                          ects\zstack\Samples\SampleApp\CC2530DB\..\..\..\.. #
#                          \..\COMPONENTS\MAC\INCLUDE\ -I                     #
#                          C:\Users\ArnoldWorkStation\Desktop\ZigbeeTest\Proj #
#                          ects\zstack\Samples\SampleApp\CC2530DB\..\..\..\.. #
#                          \..\COMPONENTS\MAC\HIGH_LEVEL\ -I                  #
#                          C:\Users\ArnoldWorkStation\Desktop\ZigbeeTest\Proj #
#                          ects\zstack\Samples\SampleApp\CC2530DB\..\..\..\.. #
#                          \..\COMPONENTS\MAC\LOW_LEVEL\srf04\ -I             #
#                          C:\Users\ArnoldWorkStation\Desktop\ZigbeeTest\Proj #
#                          ects\zstack\Samples\SampleApp\CC2530DB\..\..\..\.. #
#                          \..\COMPONENTS\MAC\LOW_LEVEL\srf04\SINGLE_CHIP\    #
#                          -On --require_prototypes                           #
#    List file          =  C:\Users\ArnoldWorkStation\Desktop\ZigbeeTest\Proj #
#                          ects\zstack\Samples\SampleApp\CC2530DB\Coordinator #
#                          EB-Pro\List\zmac_cb.lst                            #
#    Object file        =  C:\Users\ArnoldWorkStation\Desktop\ZigbeeTest\Proj #
#                          ects\zstack\Samples\SampleApp\CC2530DB\Coordinator #
#                          EB-Pro\Obj\zmac_cb.r51                             #
#                                                                             #
#                                                                             #
###############################################################################

C:\Users\ArnoldWorkStation\Desktop\ZigbeeTest\Components\zmac\f8w\zmac_cb.c
      1          /**************************************************************************************************
      2            Filename:       zmac_cb.c
      3            Revised:        $Date: 2009-12-04 08:04:20 -0800 (Fri, 04 Dec 2009) $
      4            Revision:       $Revision: 21276 $
      5          
      6            Description:    This file contains the NWK functions that the ZMAC calls
      7          
      8          
      9            Copyright 2005-2009 Texas Instruments Incorporated. All rights reserved.
     10          
     11            IMPORTANT: Your use of this Software is limited to those specific rights
     12            granted under the terms of a software license agreement between the user
     13            who downloaded the software, his/her employer (which must be your employer)
     14            and Texas Instruments Incorporated (the "License").  You may not use this
     15            Software unless you agree to abide by the terms of the License. The License
     16            limits your use, and you acknowledge, that the Software may not be modified,
     17            copied or distributed unless embedded on a Texas Instruments microcontroller
     18            or used solely and exclusively in conjunction with a Texas Instruments radio
     19            frequency transceiver, which is integrated into your product.  Other than for
     20            the foregoing purpose, you may not use, reproduce, copy, prepare derivative
     21            works of, modify, distribute, perform, display or sell this Software and/or
     22            its documentation for any purpose.
     23          
     24            YOU FURTHER ACKNOWLEDGE AND AGREE THAT THE SOFTWARE AND DOCUMENTATION ARE
     25            PROVIDED “AS IS” WITHOUT WARRANTY OF ANY KIND, EITHER EXPRESS OR IMPLIED,
     26            INCLUDING WITHOUT LIMITATION, ANY WARRANTY OF MERCHANTABILITY, TITLE,
     27            NON-INFRINGEMENT AND FITNESS FOR A PARTICULAR PURPOSE. IN NO EVENT SHALL
     28            TEXAS INSTRUMENTS OR ITS LICENSORS BE LIABLE OR OBLIGATED UNDER CONTRACT,
     29            NEGLIGENCE, STRICT LIABILITY, CONTRIBUTION, BREACH OF WARRANTY, OR OTHER
     30            LEGAL EQUITABLE THEORY ANY DIRECT OR INDIRECT DAMAGES OR EXPENSES
     31            INCLUDING BUT NOT LIMITED TO ANY INCIDENTAL, SPECIAL, INDIRECT, PUNITIVE
     32            OR CONSEQUENTIAL DAMAGES, LOST PROFITS OR LOST DATA, COST OF PROCUREMENT
     33            OF SUBSTITUTE GOODS, TECHNOLOGY, SERVICES, OR ANY CLAIMS BY THIRD PARTIES
     34            (INCLUDING BUT NOT LIMITED TO ANY DEFENSE THEREOF), OR OTHER SIMILAR COSTS.
     35          
     36            Should you have any questions regarding your right to use this Software,
     37            contact Texas Instruments Incorporated at www.TI.com.
     38          **************************************************************************************************/
     39          
     40          /********************************************************************************************************
     41           *                                               INCLUDES
     42           ********************************************************************************************************/
     43          
     44          #include "ZComDef.h"
     45          #include "OSAL.h"
     46          #include "ZMAC.h"
     47          #include "MT_MAC.h"
     48          #include "hal_mcu.h"

   \                                 In  segment SFR_AN, at 0xa8
   \   union <unnamed> volatile __sfr _A_IEN0
   \                     _A_IEN0:
   \   000000                DS 1
     49          
     50          #if !defined NONWK
     51          #include "nwk.h"
     52          #include "nwk_bufs.h"
     53          #include "ZGlobals.h"
     54          #endif
     55          
     56          #if defined( MACSIM )
     57            #include "mac_sim.h"
     58          #endif
     59          
     60          #include "mac_main.h"
     61          extern void *ZMac_ScanBuf;
     62          
     63          /********************************************************************************************************
     64           *                                               CONSTANTS
     65           ********************************************************************************************************/
     66          
     67          #if !defined NONWK
     68          /* Lookup table for size of structures. Must match with the order of MAC callback events */

   \                                 In  segment CODE_C, align 1
     69          const uint8 CODE zmacCBSizeTable [] = {
   \                     zmacCBSizeTable:
   \   000000   00           DB 0
   \   000001   16           DB 22
   \   000002   0F           DB 15
   \   000003   00           DB 0
   \   000004   00           DB 0
   \   000005   0B           DB 11
   \   000006   15           DB 21
   \   000007   0B           DB 11
   \   000008   02           DB 2
   \   000009   00           DB 0
   \   00000A   02           DB 2
   \   00000B   22           DB 34
   \   00000C   0F           DB 15
   \   00000D   32           DB 50
   \   00000E   00           DB 0
   \   00000F   00           DB 0
   \   000010   06           DB 6
     70            0,
     71            sizeof(ZMacAssociateInd_t),       // MAC_MLME_ASSOCIATE_IND      1   Associate indication
     72            sizeof(ZMacAssociateCnf_t),       // MAC_MLME_ASSOCIATE_CNF      2   Associate confirm
     73            0,                                // MAC_MLME_DISASSOCIATE_IND   3   Disassociate indication
     74            0,                                // MAC_MLME_DISASSOCIATE_CNF   4   Disassociate confirm
     75            sizeof(macMlmeBeaconNotifyInd_t), // MAC_MLME_BEACON_NOTIFY_IND  5   con notify indication
     76            sizeof(ZMacOrphanInd_t),          // MAC_MLME_ORPHAN_IND         6   Orphan indication
     77            sizeof(ZMacScanCnf_t),            // MAC_MLME_SCAN_CNF           7   Scan confirm
     78            sizeof(ZMacStartCnf_t),           // MAC_MLME_START_CNF          8   Start confirm
     79            0,                                // MAC_MLME_SYNC_LOSS_IND      9   Sync loss indication
     80            sizeof(ZMacPollCnf_t),            // MAC_MLME_POLL_CNF           10  Poll confirm
     81            sizeof(ZMacCommStatusInd_t),      // MAC_MLME_COMM_STATUS_IND    11  Comm status indication
     82            sizeof(ZMacDataCnf_t),            // MAC_MCPS_DATA_CNF           12  Data confirm
     83            sizeof(macMcpsDataInd_t),         // MAC_MCPS_DATA_IND           13  Data indication
     84            0,                                // MAC_MCPS_PURGE_CNF          14  Purge confirm
     85            0,                                // MAC_PWR_ON_CNF              15  Power on confirm
     86            sizeof(ZMacPollInd_t)             // MAC_MLME_POLL_IND           16  Poll indication
     87          };
     88          #endif /* !defined NONWK */
     89          
     90          
     91          /*********************************************************************
     92           * ZMAC Function Pointers
     93           */
     94          
     95          /*
     96           * ZMac Application callback function. This function will be called
     97           * for every MAC message that is received over-the-air or generated
     98           * locally by MAC for the application.
     99           *
    100           * The callback function should return TRUE if it has handled the
    101           * MAC message and no further action should be taken with it. It
    102           * should return FALSE if it has not handled the MAC message and
    103           * normal processing should take place.
    104           *
    105           * NOTE: The processing in this function should be kept to the
    106           *       minimum.
    107           */

   \                                 In  segment XDATA_Z, align 1, keep-with-next
    108          uint8 (*pZMac_AppCallback)( uint8 *msgPtr ) = (void*)NULL;
   \                     pZMac_AppCallback:
   \   000000                DS 2
   \   000002                REQUIRE __INIT_XDATA_Z
    109          
    110          
    111          /*********************************************************************
    112           * ZMAC Functions
    113           */
    114          
    115          /**************************************************************************************************
    116           * @fn       MAC_CbackEvent()
    117           *
    118           * @brief    convert MAC data confirm and indication to ZMac and send to NWK
    119           *
    120           * @param    pData - pointer to macCbackEvent_t
    121           *
    122           * @return   none
    123           *************************************************************************************************/

   \                                 In  segment BANKED_CODE, align 1, keep-with-next
    124          void MAC_CbackEvent(macCbackEvent_t *pData)
   \                     MAC_CbackEvent:
    125          #ifndef MT_MAC_CB_FUNC
    126          {
   \   000000   74EE         MOV     A,#-0x12
   \   000002   12....       LCALL   ?BANKED_ENTER_XDATA
   \   000005                ; Saved register size: 18
   \   000005                ; Auto size: 4
   \   000005   74FC         MOV     A,#-0x4
   \   000007   12....       LCALL   ?ALLOC_XSTACK8
   \   00000A   85..82       MOV     DPL,?XSP + 0
   \   00000D   85..83       MOV     DPH,?XSP + 1
   \   000010   EA           MOV     A,R2
   \   000011   F0           MOVX    @DPTR,A
   \   000012   A3           INC     DPTR
   \   000013   EB           MOV     A,R3
   \   000014   F0           MOVX    @DPTR,A
    127          #if !defined NONWK
    128            uint8 event = pData->hdr.event;
   \   000015   85..82       MOV     DPL,?XSP + 0
   \   000018   85..83       MOV     DPH,?XSP + 1
   \   00001B   E0           MOVX    A,@DPTR
   \   00001C   F8           MOV     R0,A
   \   00001D   A3           INC     DPTR
   \   00001E   E0           MOVX    A,@DPTR
   \   00001F   F583         MOV     DPH,A
   \   000021   8882         MOV     DPL,R0
   \   000023   E0           MOVX    A,@DPTR
   \   000024   F5..         MOV     ?V0 + 0,A
    129            uint16 tmp = zmacCBSizeTable[event];
   \   000026   85....       MOV     ?V0 + 2,?V0 + 0
   \   000029   75..00       MOV     ?V0 + 3,#0x0
   \   00002C   74..         MOV     A,#zmacCBSizeTable & 0xff
   \   00002E   25..         ADD     A,?V0 + 2
   \   000030   F582         MOV     DPL,A
   \   000032   74..         MOV     A,#(zmacCBSizeTable >> 8) & 0xff
   \   000034   35..         ADDC    A,?V0 + 3
   \   000036   F583         MOV     DPH,A
   \   000038   E4           CLR     A
   \   000039   93           MOVC    A,@A+DPTR
   \   00003A   F8           MOV     R0,A
   \   00003B   7900         MOV     R1,#0x0
   \   00003D   7402         MOV     A,#0x2
   \   00003F   12....       LCALL   ?XSTACK_DISP0_8
   \   000042   E8           MOV     A,R0
   \   000043   F0           MOVX    @DPTR,A
   \   000044   A3           INC     DPTR
   \   000045   E9           MOV     A,R1
   \   000046   F0           MOVX    @DPTR,A
    130            macCbackEvent_t *msgPtr;
    131          
    132            /* If the Network layer will handle a new MAC callback, a non-zero value must be entered in the
    133             * corresponding location in the zmacCBSizeTable[] - thus the table acts as "should handle"?
    134             */
    135            if (tmp == 0)
   \   000047   7402         MOV     A,#0x2
   \   000049   12....       LCALL   ?XSTACK_DISP0_8
   \   00004C   E0           MOVX    A,@DPTR
   \   00004D   F8           MOV     R0,A
   \   00004E   A3           INC     DPTR
   \   00004F   E0           MOVX    A,@DPTR
   \   000050   F9           MOV     R1,A
   \   000051   E8           MOV     A,R0
   \   000052   49           ORL     A,R1
   \   000053   7003         JNZ     $+5
   \   000055   02....       LJMP    ??MAC_CbackEvent_0 & 0xFFFF
    136            {
    137              return;
    138            }
    139          
    140            // MAC_MCPS_DATA_IND is very special - it is the only event where the MAC does not free *pData.
    141            if ( event == MAC_MCPS_DATA_IND )
   \   000058   740D         MOV     A,#0xd
   \   00005A   65..         XRL     A,?V0 + 0
   \   00005C   7066         JNZ     ??MAC_CbackEvent_1
    142            {
    143              MAC_MlmeGetReq( MAC_SHORT_ADDRESS, &tmp );
   \   00005E                ; Setup parameters for call to function MAC_MlmeGetReq
   \   00005E   7402         MOV     A,#0x2
   \   000060   12....       LCALL   ?XSTACK_DISP0_8
   \   000063   AA82         MOV     R2,DPL
   \   000065   AB83         MOV     R3,DPH
   \   000067   7953         MOV     R1,#0x53
   \   000069   12....       LCALL   ??MAC_MlmeGetReq?relay
   \   00006C   E9           MOV     A,R1
    144              if ((tmp == INVALID_NODE_ADDR) || (tmp == NWK_BROADCAST_SHORTADDR_DEVALL) ||
    145                  (pData->dataInd.msdu.len == 0))
   \   00006D   7402         MOV     A,#0x2
   \   00006F   12....       LCALL   ?XSTACK_DISP0_8
   \   000072   E0           MOVX    A,@DPTR
   \   000073   64FE         XRL     A,#0xfe
   \   000075   7004         JNZ     ??MAC_CbackEvent_2
   \   000077   A3           INC     DPTR
   \   000078   E0           MOVX    A,@DPTR
   \   000079   64FF         XRL     A,#0xff
   \                     ??MAC_CbackEvent_2:
   \   00007B   6025         JZ      ??MAC_CbackEvent_3
   \   00007D   7402         MOV     A,#0x2
   \   00007F   12....       LCALL   ?XSTACK_DISP0_8
   \   000082   E0           MOVX    A,@DPTR
   \   000083   64FF         XRL     A,#0xff
   \   000085   7004         JNZ     ??MAC_CbackEvent_4
   \   000087   A3           INC     DPTR
   \   000088   E0           MOVX    A,@DPTR
   \   000089   64FF         XRL     A,#0xff
   \                     ??MAC_CbackEvent_4:
   \   00008B   6015         JZ      ??MAC_CbackEvent_3
   \   00008D   85..82       MOV     DPL,?XSP + 0
   \   000090   85..83       MOV     DPH,?XSP + 1
   \   000093   E0           MOVX    A,@DPTR
   \   000094   F8           MOV     R0,A
   \   000095   A3           INC     DPTR
   \   000096   E0           MOVX    A,@DPTR
   \   000097   F583         MOV     DPH,A
   \   000099   8882         MOV     DPL,R0
   \   00009B   A3           INC     DPTR
   \   00009C   A3           INC     DPTR
   \   00009D   A3           INC     DPTR
   \   00009E   A3           INC     DPTR
   \   00009F   E0           MOVX    A,@DPTR
   \   0000A0   7010         JNZ     ??MAC_CbackEvent_5
    146              {
    147                mac_msg_deallocate( (uint8 **)&pData );
   \                     ??MAC_CbackEvent_3:
   \   0000A2                ; Setup parameters for call to function mac_msg_deallocate
   \   0000A2   85..82       MOV     DPL,?XSP + 0
   \   0000A5   85..83       MOV     DPH,?XSP + 1
   \   0000A8   AA82         MOV     R2,DPL
   \   0000AA   AB83         MOV     R3,DPH
   \   0000AC   12....       LCALL   ??mac_msg_deallocate?relay
    148                return;
   \   0000AF   02....       LJMP    ??MAC_CbackEvent_0 & 0xFFFF
    149              }
    150              msgPtr = pData;
   \                     ??MAC_CbackEvent_5:
   \   0000B2   85..82       MOV     DPL,?XSP + 0
   \   0000B5   85..83       MOV     DPH,?XSP + 1
   \   0000B8   E0           MOVX    A,@DPTR
   \   0000B9   F8           MOV     R0,A
   \   0000BA   A3           INC     DPTR
   \   0000BB   E0           MOVX    A,@DPTR
   \   0000BC   F9           MOV     R1,A
   \   0000BD   88..         MOV     ?V0 + 2,R0
   \   0000BF   89..         MOV     ?V0 + 3,R1
   \   0000C1   02....       LJMP    ??MAC_CbackEvent_6 & 0xFFFF
    151            }
    152            else
    153            {
    154              if (event == MAC_MLME_BEACON_NOTIFY_IND )
   \                     ??MAC_CbackEvent_1:
   \   0000C4   7405         MOV     A,#0x5
   \   0000C6   65..         XRL     A,?V0 + 0
   \   0000C8   702D         JNZ     ??MAC_CbackEvent_7
    155              {
    156                tmp += sizeof(macPanDesc_t) + pData->beaconNotifyInd.sduLength;
   \   0000CA   85..82       MOV     DPL,?XSP + 0
   \   0000CD   85..83       MOV     DPH,?XSP + 1
   \   0000D0   E0           MOVX    A,@DPTR
   \   0000D1   F8           MOV     R0,A
   \   0000D2   A3           INC     DPTR
   \   0000D3   E0           MOVX    A,@DPTR
   \   0000D4   C8           XCH     A,R0
   \   0000D5   2408         ADD     A,#0x8
   \   0000D7   F582         MOV     DPL,A
   \   0000D9   E8           MOV     A,R0
   \   0000DA   3400         ADDC    A,#0x0
   \   0000DC   F583         MOV     DPH,A
   \   0000DE   E0           MOVX    A,@DPTR
   \   0000DF   F8           MOV     R0,A
   \   0000E0   7900         MOV     R1,#0x0
   \   0000E2   2421         ADD     A,#0x21
   \   0000E4   F8           MOV     R0,A
   \   0000E5   E9           MOV     A,R1
   \   0000E6   3400         ADDC    A,#0x0
   \   0000E8   F9           MOV     R1,A
   \   0000E9   7402         MOV     A,#0x2
   \   0000EB   12....       LCALL   ?XSTACK_DISP0_8
   \   0000EE   E0           MOVX    A,@DPTR
   \   0000EF   28           ADD     A,R0
   \   0000F0   F0           MOVX    @DPTR,A
   \   0000F1   A3           INC     DPTR
   \   0000F2   E0           MOVX    A,@DPTR
   \   0000F3   39           ADDC    A,R1
   \   0000F4   F0           MOVX    @DPTR,A
   \   0000F5   8062         SJMP    ??MAC_CbackEvent_8
    157              }
    158              else if (event == MAC_MLME_SCAN_CNF)
   \                     ??MAC_CbackEvent_7:
   \   0000F7   7407         MOV     A,#0x7
   \   0000F9   65..         XRL     A,?V0 + 0
   \   0000FB   705C         JNZ     ??MAC_CbackEvent_8
    159              {
    160                if (pData->scanCnf.scanType == ZMAC_ED_SCAN)
   \   0000FD   85..82       MOV     DPL,?XSP + 0
   \   000100   85..83       MOV     DPH,?XSP + 1
   \   000103   E0           MOVX    A,@DPTR
   \   000104   F8           MOV     R0,A
   \   000105   A3           INC     DPTR
   \   000106   E0           MOVX    A,@DPTR
   \   000107   F583         MOV     DPH,A
   \   000109   8882         MOV     DPL,R0
   \   00010B   A3           INC     DPTR
   \   00010C   A3           INC     DPTR
   \   00010D   E0           MOVX    A,@DPTR
   \   00010E   7010         JNZ     ??MAC_CbackEvent_9
    161                {
    162                  tmp += ZMAC_ED_SCAN_MAXCHANNELS;
   \   000110   7402         MOV     A,#0x2
   \   000112   12....       LCALL   ?XSTACK_DISP0_8
   \   000115   E0           MOVX    A,@DPTR
   \   000116   241B         ADD     A,#0x1b
   \   000118   F0           MOVX    @DPTR,A
   \   000119   A3           INC     DPTR
   \   00011A   E0           MOVX    A,@DPTR
   \   00011B   3400         ADDC    A,#0x0
   \   00011D   F0           MOVX    @DPTR,A
   \   00011E   8039         SJMP    ??MAC_CbackEvent_8
    163                }
    164                else
    165                {
    166                  tmp += sizeof( ZMacPanDesc_t ) * pData->scanCnf.resultListSize;
   \                     ??MAC_CbackEvent_9:
   \   000120   85..82       MOV     DPL,?XSP + 0
   \   000123   85..83       MOV     DPH,?XSP + 1
   \   000126   E0           MOVX    A,@DPTR
   \   000127   F8           MOV     R0,A
   \   000128   A3           INC     DPTR
   \   000129   E0           MOVX    A,@DPTR
   \   00012A   C8           XCH     A,R0
   \   00012B   2408         ADD     A,#0x8
   \   00012D   F582         MOV     DPL,A
   \   00012F   E8           MOV     A,R0
   \   000130   3400         ADDC    A,#0x0
   \   000132   F583         MOV     DPH,A
   \   000134   E0           MOVX    A,@DPTR
   \   000135   F8           MOV     R0,A
   \   000136   7900         MOV     R1,#0x0
   \   000138   E8           MOV     A,R0
   \   000139   75F021       MOV     B,#0x21
   \   00013C   A4           MUL     AB
   \   00013D   C8           XCH     A,R0
   \   00013E   AAF0         MOV     R2,B
   \   000140   75F000       MOV     B,#0x0
   \   000143   A4           MUL     AB
   \   000144   2A           ADD     A,R2
   \   000145   FA           MOV     R2,A
   \   000146   75F021       MOV     B,#0x21
   \   000149   E9           MOV     A,R1
   \   00014A   A4           MUL     AB
   \   00014B   2A           ADD     A,R2
   \   00014C   F9           MOV     R1,A
   \   00014D   7402         MOV     A,#0x2
   \   00014F   12....       LCALL   ?XSTACK_DISP0_8
   \   000152   E0           MOVX    A,@DPTR
   \   000153   28           ADD     A,R0
   \   000154   F0           MOVX    @DPTR,A
   \   000155   A3           INC     DPTR
   \   000156   E0           MOVX    A,@DPTR
   \   000157   39           ADDC    A,R1
   \   000158   F0           MOVX    @DPTR,A
    167                }
    168              }
    169          
    170              if ( !(msgPtr = (macCbackEvent_t *)osal_msg_allocate(tmp)) )
   \                     ??MAC_CbackEvent_8:
   \   000159                ; Setup parameters for call to function osal_msg_allocate
   \   000159   7402         MOV     A,#0x2
   \   00015B   12....       LCALL   ?XSTACK_DISP0_8
   \   00015E   E0           MOVX    A,@DPTR
   \   00015F   FA           MOV     R2,A
   \   000160   A3           INC     DPTR
   \   000161   E0           MOVX    A,@DPTR
   \   000162   FB           MOV     R3,A
   \   000163   12....       LCALL   ??osal_msg_allocate?relay
   \   000166   8A..         MOV     ?V0 + 4,R2
   \   000168   8B..         MOV     ?V0 + 5,R3
   \   00016A   A8..         MOV     R0,?V0 + 4
   \   00016C   A9..         MOV     R1,?V0 + 5
   \   00016E   88..         MOV     ?V0 + 2,R0
   \   000170   89..         MOV     ?V0 + 3,R1
   \   000172   E8           MOV     A,R0
   \   000173   49           ORL     A,R1
   \   000174   706A         JNZ     ??MAC_CbackEvent_10
    171              {
    172                // Not enough memory. If data confirm - try again
    173                if ( event == MAC_MCPS_DATA_CNF )
   \   000176   740C         MOV     A,#0xc
   \   000178   65..         XRL     A,?V0 + 0
   \   00017A   7061         JNZ     ??MAC_CbackEvent_11
    174                {
    175                  halIntState_t intState;
    176          
    177                  // This is not normally deallocated here because the pZMac_AppCallback()
    178                  // application may need it.
    179                  HAL_ENTER_CRITICAL_SECTION( intState );  // Hold off interrupts.
   \   00017C   A2AF         MOV     C,0xa8.7
   \   00017E   E4           CLR     A
   \   00017F   33           RLC     A
   \   000180   FE           MOV     R6,A
   \   000181   C2AF         CLR     0xa8.7
    180          
    181                  mac_msg_deallocate( (uint8**)&(pData->dataCnf.pDataReq) );
   \   000183                ; Setup parameters for call to function mac_msg_deallocate
   \   000183   85..82       MOV     DPL,?XSP + 0
   \   000186   85..83       MOV     DPH,?XSP + 1
   \   000189   E0           MOVX    A,@DPTR
   \   00018A   2403         ADD     A,#0x3
   \   00018C   FA           MOV     R2,A
   \   00018D   A3           INC     DPTR
   \   00018E   E0           MOVX    A,@DPTR
   \   00018F   3400         ADDC    A,#0x0
   \   000191   FB           MOV     R3,A
   \   000192   12....       LCALL   ??mac_msg_deallocate?relay
    182                  if ( !(msgPtr = (macCbackEvent_t *)osal_msg_allocate(tmp)) )
   \   000195                ; Setup parameters for call to function osal_msg_allocate
   \   000195   7402         MOV     A,#0x2
   \   000197   12....       LCALL   ?XSTACK_DISP0_8
   \   00019A   E0           MOVX    A,@DPTR
   \   00019B   FA           MOV     R2,A
   \   00019C   A3           INC     DPTR
   \   00019D   E0           MOVX    A,@DPTR
   \   00019E   FB           MOV     R3,A
   \   00019F   12....       LCALL   ??osal_msg_allocate?relay
   \   0001A2   8A..         MOV     ?V0 + 4,R2
   \   0001A4   8B..         MOV     ?V0 + 5,R3
   \   0001A6   A8..         MOV     R0,?V0 + 4
   \   0001A8   A9..         MOV     R1,?V0 + 5
   \   0001AA   88..         MOV     ?V0 + 2,R0
   \   0001AC   89..         MOV     ?V0 + 3,R1
   \   0001AE   E8           MOV     A,R0
   \   0001AF   49           ORL     A,R1
   \   0001B0   700A         JNZ     ??MAC_CbackEvent_12
    183                  {
    184                    // Still no allocation, something is wrong
    185                    HAL_EXIT_CRITICAL_SECTION( intState );   // Re-enable interrupts.
   \   0001B2   8E..         MOV     ?V0 + 7,R6
   \   0001B4   EE           MOV     A,R6
   \   0001B5   A2E0         MOV     C,0xE0 /* A   */.0
   \   0001B7   92AF         MOV     0xa8.7,C
    186                    return;
   \   0001B9   02....       LJMP    ??MAC_CbackEvent_0 & 0xFFFF
    187                  }
    188                  HAL_EXIT_CRITICAL_SECTION( intState );   // Re-enable interrupts.
   \                     ??MAC_CbackEvent_12:
   \   0001BC   8E..         MOV     ?V0 + 1,R6
   \   0001BE   EE           MOV     A,R6
   \   0001BF   A2E0         MOV     C,0xE0 /* A   */.0
   \   0001C1   92AF         MOV     0xa8.7,C
    189                  pData->dataCnf.pDataReq = NULL;
   \   0001C3   85..82       MOV     DPL,?XSP + 0
   \   0001C6   85..83       MOV     DPH,?XSP + 1
   \   0001C9   E0           MOVX    A,@DPTR
   \   0001CA   F8           MOV     R0,A
   \   0001CB   A3           INC     DPTR
   \   0001CC   E0           MOVX    A,@DPTR
   \   0001CD   F583         MOV     DPH,A
   \   0001CF   8882         MOV     DPL,R0
   \   0001D1   A3           INC     DPTR
   \   0001D2   A3           INC     DPTR
   \   0001D3   A3           INC     DPTR
   \   0001D4   7400         MOV     A,#0x0
   \   0001D6   F0           MOVX    @DPTR,A
   \   0001D7   A3           INC     DPTR
   \   0001D8   7400         MOV     A,#0x0
   \   0001DA   F0           MOVX    @DPTR,A
   \   0001DB   8003         SJMP    ??MAC_CbackEvent_10
    190                }
    191                else
    192                {
    193                  // This message is dropped
    194                  return;
   \                     ??MAC_CbackEvent_11:
   \   0001DD   02....       LJMP    ??MAC_CbackEvent_0 & 0xFFFF
    195                }
    196              }
    197              osal_memcpy(msgPtr, pData, zmacCBSizeTable[event]);
   \                     ??MAC_CbackEvent_10:
   \   0001E0                ; Setup parameters for call to function osal_memcpy
   \   0001E0   85..82       MOV     DPL,?XSP + 0
   \   0001E3   85..83       MOV     DPH,?XSP + 1
   \   0001E6   E0           MOVX    A,@DPTR
   \   0001E7   F5..         MOV     ?V0 + 4,A
   \   0001E9   A3           INC     DPTR
   \   0001EA   E0           MOVX    A,@DPTR
   \   0001EB   F5..         MOV     ?V0 + 5,A
   \   0001ED   75..00       MOV     ?V0 + 6,#0x0
   \   0001F0   78..         MOV     R0,#?V0 + 4
   \   0001F2   12....       LCALL   ?PUSH_XSTACK_I_THREE
   \   0001F5   85....       MOV     ?V0 + 4,?V0 + 0
   \   0001F8   75..00       MOV     ?V0 + 5,#0x0
   \   0001FB   74..         MOV     A,#zmacCBSizeTable & 0xff
   \   0001FD   25..         ADD     A,?V0 + 4
   \   0001FF   F582         MOV     DPL,A
   \   000201   74..         MOV     A,#(zmacCBSizeTable >> 8) & 0xff
   \   000203   35..         ADDC    A,?V0 + 5
   \   000205   F583         MOV     DPH,A
   \   000207   E4           CLR     A
   \   000208   93           MOVC    A,@A+DPTR
   \   000209   FC           MOV     R4,A
   \   00020A   7D00         MOV     R5,#0x0
   \   00020C   AA..         MOV     R2,?V0 + 2
   \   00020E   AB..         MOV     R3,?V0 + 3
   \   000210   12....       LCALL   ??osal_memcpy?relay
   \   000213   7403         MOV     A,#0x3
   \   000215   12....       LCALL   ?DEALLOC_XSTACK8
    198            }
    199          
    200            if ( event == MAC_MLME_BEACON_NOTIFY_IND )
   \                     ??MAC_CbackEvent_6:
   \   000218   7405         MOV     A,#0x5
   \   00021A   65..         XRL     A,?V0 + 0
   \   00021C   6003         JZ      $+5
   \   00021E   02....       LJMP    ??MAC_CbackEvent_13 & 0xFFFF
    201            {
    202              macMlmeBeaconNotifyInd_t *pBeacon = (macMlmeBeaconNotifyInd_t*)msgPtr;
   \   000221   AE..         MOV     R6,?V0 + 2
   \   000223   AF..         MOV     R7,?V0 + 3
    203          
    204              osal_memcpy(pBeacon+1, pBeacon->pPanDesc, sizeof(macPanDesc_t));
   \   000225                ; Setup parameters for call to function osal_memcpy
   \   000225   8E82         MOV     DPL,R6
   \   000227   8F83         MOV     DPH,R7
   \   000229   A3           INC     DPTR
   \   00022A   A3           INC     DPTR
   \   00022B   A3           INC     DPTR
   \   00022C   E0           MOVX    A,@DPTR
   \   00022D   F5..         MOV     ?V0 + 4,A
   \   00022F   A3           INC     DPTR
   \   000230   E0           MOVX    A,@DPTR
   \   000231   F5..         MOV     ?V0 + 5,A
   \   000233   75..00       MOV     ?V0 + 6,#0x0
   \   000236   78..         MOV     R0,#?V0 + 4
   \   000238   12....       LCALL   ?PUSH_XSTACK_I_THREE
   \   00023B   7C21         MOV     R4,#0x21
   \   00023D   7D00         MOV     R5,#0x0
   \   00023F   EE           MOV     A,R6
   \   000240   240B         ADD     A,#0xb
   \   000242   FA           MOV     R2,A
   \   000243   EF           MOV     A,R7
   \   000244   3400         ADDC    A,#0x0
   \   000246   FB           MOV     R3,A
   \   000247   12....       LCALL   ??osal_memcpy?relay
   \   00024A   7403         MOV     A,#0x3
   \   00024C   12....       LCALL   ?DEALLOC_XSTACK8
    205              pBeacon->pPanDesc = (macPanDesc_t *)(pBeacon+1);
   \   00024F   EE           MOV     A,R6
   \   000250   240B         ADD     A,#0xb
   \   000252   F8           MOV     R0,A
   \   000253   EF           MOV     A,R7
   \   000254   3400         ADDC    A,#0x0
   \   000256   F9           MOV     R1,A
   \   000257   8E82         MOV     DPL,R6
   \   000259   8F83         MOV     DPH,R7
   \   00025B   A3           INC     DPTR
   \   00025C   A3           INC     DPTR
   \   00025D   A3           INC     DPTR
   \   00025E   E8           MOV     A,R0
   \   00025F   F0           MOVX    @DPTR,A
   \   000260   A3           INC     DPTR
   \   000261   E9           MOV     A,R1
   \   000262   F0           MOVX    @DPTR,A
    206              osal_memcpy(pBeacon->pPanDesc+1, pBeacon->pSdu, pBeacon->sduLength);
   \   000263                ; Setup parameters for call to function osal_memcpy
   \   000263   8E82         MOV     DPL,R6
   \   000265   8F83         MOV     DPH,R7
   \   000267   A3           INC     DPTR
   \   000268   A3           INC     DPTR
   \   000269   A3           INC     DPTR
   \   00026A   A3           INC     DPTR
   \   00026B   A3           INC     DPTR
   \   00026C   A3           INC     DPTR
   \   00026D   A3           INC     DPTR
   \   00026E   A3           INC     DPTR
   \   00026F   A3           INC     DPTR
   \   000270   E0           MOVX    A,@DPTR
   \   000271   F5..         MOV     ?V0 + 4,A
   \   000273   A3           INC     DPTR
   \   000274   E0           MOVX    A,@DPTR
   \   000275   F5..         MOV     ?V0 + 5,A
   \   000277   75..00       MOV     ?V0 + 6,#0x0
   \   00027A   78..         MOV     R0,#?V0 + 4
   \   00027C   12....       LCALL   ?PUSH_XSTACK_I_THREE
   \   00027F   8E82         MOV     DPL,R6
   \   000281   8F83         MOV     DPH,R7
   \   000283   A3           INC     DPTR
   \   000284   A3           INC     DPTR
   \   000285   A3           INC     DPTR
   \   000286   A3           INC     DPTR
   \   000287   A3           INC     DPTR
   \   000288   A3           INC     DPTR
   \   000289   A3           INC     DPTR
   \   00028A   A3           INC     DPTR
   \   00028B   E0           MOVX    A,@DPTR
   \   00028C   FC           MOV     R4,A
   \   00028D   7D00         MOV     R5,#0x0
   \   00028F   8E82         MOV     DPL,R6
   \   000291   8F83         MOV     DPH,R7
   \   000293   A3           INC     DPTR
   \   000294   A3           INC     DPTR
   \   000295   A3           INC     DPTR
   \   000296   E0           MOVX    A,@DPTR
   \   000297   2421         ADD     A,#0x21
   \   000299   FA           MOV     R2,A
   \   00029A   A3           INC     DPTR
   \   00029B   E0           MOVX    A,@DPTR
   \   00029C   3400         ADDC    A,#0x0
   \   00029E   FB           MOV     R3,A
   \   00029F   12....       LCALL   ??osal_memcpy?relay
   \   0002A2   7403         MOV     A,#0x3
   \   0002A4   12....       LCALL   ?DEALLOC_XSTACK8
    207              pBeacon->pSdu = (uint8 *)(pBeacon->pPanDesc+1);
   \   0002A7   8E82         MOV     DPL,R6
   \   0002A9   8F83         MOV     DPH,R7
   \   0002AB   A3           INC     DPTR
   \   0002AC   A3           INC     DPTR
   \   0002AD   A3           INC     DPTR
   \   0002AE   E0           MOVX    A,@DPTR
   \   0002AF   2421         ADD     A,#0x21
   \   0002B1   F8           MOV     R0,A
   \   0002B2   A3           INC     DPTR
   \   0002B3   E0           MOVX    A,@DPTR
   \   0002B4   3400         ADDC    A,#0x0
   \   0002B6   F9           MOV     R1,A
   \   0002B7   8E82         MOV     DPL,R6
   \   0002B9   8F83         MOV     DPH,R7
   \   0002BB   A3           INC     DPTR
   \   0002BC   A3           INC     DPTR
   \   0002BD   A3           INC     DPTR
   \   0002BE   A3           INC     DPTR
   \   0002BF   A3           INC     DPTR
   \   0002C0   A3           INC     DPTR
   \   0002C1   A3           INC     DPTR
   \   0002C2   A3           INC     DPTR
   \   0002C3   A3           INC     DPTR
   \   0002C4   E8           MOV     A,R0
   \   0002C5   F0           MOVX    @DPTR,A
   \   0002C6   A3           INC     DPTR
   \   0002C7   E9           MOV     A,R1
   \   0002C8   F0           MOVX    @DPTR,A
   \   0002C9   02....       LJMP    ??MAC_CbackEvent_14 & 0xFFFF
    208            }
    209            else if (event == MAC_MLME_SCAN_CNF)
   \                     ??MAC_CbackEvent_13:
   \   0002CC   7407         MOV     A,#0x7
   \   0002CE   65..         XRL     A,?V0 + 0
   \   0002D0   6003         JZ      $+5
   \   0002D2   02....       LJMP    ??MAC_CbackEvent_14 & 0xFFFF
    210            {
    211              macMlmeScanCnf_t *pScan = (macMlmeScanCnf_t*)msgPtr;
   \   0002D5   AE..         MOV     R6,?V0 + 2
   \   0002D7   AF..         MOV     R7,?V0 + 3
    212          
    213              if (ZMac_ScanBuf != NULL)
   \   0002D9   90....       MOV     DPTR,#ZMac_ScanBuf
   \   0002DC   E0           MOVX    A,@DPTR
   \   0002DD   F8           MOV     R0,A
   \   0002DE   A3           INC     DPTR
   \   0002DF   E0           MOVX    A,@DPTR
   \   0002E0   F9           MOV     R1,A
   \   0002E1   E8           MOV     A,R0
   \   0002E2   49           ORL     A,R1
   \   0002E3   7003         JNZ     $+5
   \   0002E5   02....       LJMP    ??MAC_CbackEvent_14 & 0xFFFF
    214              {
    215                void *pTmp = ZMac_ScanBuf;
   \   0002E8   90....       MOV     DPTR,#ZMac_ScanBuf
   \   0002EB   E0           MOVX    A,@DPTR
   \   0002EC   F5..         MOV     ?V0 + 8,A
   \   0002EE   A3           INC     DPTR
   \   0002EF   E0           MOVX    A,@DPTR
   \   0002F0   F5..         MOV     ?V0 + 9,A
    216                ZMac_ScanBuf = NULL;
   \   0002F2   90....       MOV     DPTR,#ZMac_ScanBuf
   \   0002F5   7400         MOV     A,#0x0
   \   0002F7   F0           MOVX    @DPTR,A
   \   0002F8   A3           INC     DPTR
   \   0002F9   7400         MOV     A,#0x0
   \   0002FB   F0           MOVX    @DPTR,A
    217          
    218                if (pScan->scanType == ZMAC_ED_SCAN)
   \   0002FC   8E82         MOV     DPL,R6
   \   0002FE   8F83         MOV     DPH,R7
   \   000300   A3           INC     DPTR
   \   000301   A3           INC     DPTR
   \   000302   E0           MOVX    A,@DPTR
   \   000303   7048         JNZ     ??MAC_CbackEvent_15
    219                {
    220                  pScan->result.pEnergyDetect = (uint8*) (pScan + 1);
   \   000305   EE           MOV     A,R6
   \   000306   240B         ADD     A,#0xb
   \   000308   F8           MOV     R0,A
   \   000309   EF           MOV     A,R7
   \   00030A   3400         ADDC    A,#0x0
   \   00030C   F9           MOV     R1,A
   \   00030D   8E82         MOV     DPL,R6
   \   00030F   8F83         MOV     DPH,R7
   \   000311   A3           INC     DPTR
   \   000312   A3           INC     DPTR
   \   000313   A3           INC     DPTR
   \   000314   A3           INC     DPTR
   \   000315   A3           INC     DPTR
   \   000316   A3           INC     DPTR
   \   000317   A3           INC     DPTR
   \   000318   A3           INC     DPTR
   \   000319   A3           INC     DPTR
   \   00031A   E8           MOV     A,R0
   \   00031B   F0           MOVX    @DPTR,A
   \   00031C   A3           INC     DPTR
   \   00031D   E9           MOV     A,R1
   \   00031E   F0           MOVX    @DPTR,A
    221                  osal_memcpy(pScan->result.pEnergyDetect, pTmp, ZMAC_ED_SCAN_MAXCHANNELS);
   \   00031F                ; Setup parameters for call to function osal_memcpy
   \   00031F   85....       MOV     ?V0 + 4,?V0 + 8
   \   000322   85....       MOV     ?V0 + 5,?V0 + 9
   \   000325   75..00       MOV     ?V0 + 6,#0x0
   \   000328   78..         MOV     R0,#?V0 + 4
   \   00032A   12....       LCALL   ?PUSH_XSTACK_I_THREE
   \   00032D   7C1B         MOV     R4,#0x1b
   \   00032F   7D00         MOV     R5,#0x0
   \   000331   8E82         MOV     DPL,R6
   \   000333   8F83         MOV     DPH,R7
   \   000335   A3           INC     DPTR
   \   000336   A3           INC     DPTR
   \   000337   A3           INC     DPTR
   \   000338   A3           INC     DPTR
   \   000339   A3           INC     DPTR
   \   00033A   A3           INC     DPTR
   \   00033B   A3           INC     DPTR
   \   00033C   A3           INC     DPTR
   \   00033D   A3           INC     DPTR
   \   00033E   E0           MOVX    A,@DPTR
   \   00033F   FA           MOV     R2,A
   \   000340   A3           INC     DPTR
   \   000341   E0           MOVX    A,@DPTR
   \   000342   FB           MOV     R3,A
   \   000343   12....       LCALL   ??osal_memcpy?relay
   \   000346   7403         MOV     A,#0x3
   \   000348   12....       LCALL   ?DEALLOC_XSTACK8
   \   00034B   805D         SJMP    ??MAC_CbackEvent_16
    222                }
    223                else
    224                {
    225                  pScan->result.pPanDescriptor = (macPanDesc_t*) (pScan + 1);
   \                     ??MAC_CbackEvent_15:
   \   00034D   EE           MOV     A,R6
   \   00034E   240B         ADD     A,#0xb
   \   000350   F8           MOV     R0,A
   \   000351   EF           MOV     A,R7
   \   000352   3400         ADDC    A,#0x0
   \   000354   F9           MOV     R1,A
   \   000355   8E82         MOV     DPL,R6
   \   000357   8F83         MOV     DPH,R7
   \   000359   A3           INC     DPTR
   \   00035A   A3           INC     DPTR
   \   00035B   A3           INC     DPTR
   \   00035C   A3           INC     DPTR
   \   00035D   A3           INC     DPTR
   \   00035E   A3           INC     DPTR
   \   00035F   A3           INC     DPTR
   \   000360   A3           INC     DPTR
   \   000361   A3           INC     DPTR
   \   000362   E8           MOV     A,R0
   \   000363   F0           MOVX    @DPTR,A
   \   000364   A3           INC     DPTR
   \   000365   E9           MOV     A,R1
   \   000366   F0           MOVX    @DPTR,A
    226                  osal_memcpy(pScan + 1, pTmp, sizeof( ZMacPanDesc_t ) * pScan->resultListSize);
   \   000367                ; Setup parameters for call to function osal_memcpy
   \   000367   85....       MOV     ?V0 + 4,?V0 + 8
   \   00036A   85....       MOV     ?V0 + 5,?V0 + 9
   \   00036D   75..00       MOV     ?V0 + 6,#0x0
   \   000370   78..         MOV     R0,#?V0 + 4
   \   000372   12....       LCALL   ?PUSH_XSTACK_I_THREE
   \   000375   8E82         MOV     DPL,R6
   \   000377   8F83         MOV     DPH,R7
   \   000379   A3           INC     DPTR
   \   00037A   A3           INC     DPTR
   \   00037B   A3           INC     DPTR
   \   00037C   A3           INC     DPTR
   \   00037D   A3           INC     DPTR
   \   00037E   A3           INC     DPTR
   \   00037F   A3           INC     DPTR
   \   000380   A3           INC     DPTR
   \   000381   E0           MOVX    A,@DPTR
   \   000382   FC           MOV     R4,A
   \   000383   7D00         MOV     R5,#0x0
   \   000385   EC           MOV     A,R4
   \   000386   75F021       MOV     B,#0x21
   \   000389   A4           MUL     AB
   \   00038A   CC           XCH     A,R4
   \   00038B   A8F0         MOV     R0,B
   \   00038D   75F000       MOV     B,#0x0
   \   000390   A4           MUL     AB
   \   000391   28           ADD     A,R0
   \   000392   F8           MOV     R0,A
   \   000393   75F021       MOV     B,#0x21
   \   000396   ED           MOV     A,R5
   \   000397   A4           MUL     AB
   \   000398   28           ADD     A,R0
   \   000399   FD           MOV     R5,A
   \   00039A   EE           MOV     A,R6
   \   00039B   240B         ADD     A,#0xb
   \   00039D   FA           MOV     R2,A
   \   00039E   EF           MOV     A,R7
   \   00039F   3400         ADDC    A,#0x0
   \   0003A1   FB           MOV     R3,A
   \   0003A2   12....       LCALL   ??osal_memcpy?relay
   \   0003A5   7403         MOV     A,#0x3
   \   0003A7   12....       LCALL   ?DEALLOC_XSTACK8
    227                }
    228          
    229                osal_mem_free(pTmp);
   \                     ??MAC_CbackEvent_16:
   \   0003AA                ; Setup parameters for call to function osal_mem_free
   \   0003AA   AA..         MOV     R2,?V0 + 8
   \   0003AC   AB..         MOV     R3,?V0 + 9
   \   0003AE   12....       LCALL   ??osal_mem_free?relay
    230              }
    231            }
    232          
    233            if ( ( pZMac_AppCallback == NULL ) || ( pZMac_AppCallback( (uint8 *)msgPtr ) == FALSE ) )
   \                     ??MAC_CbackEvent_14:
   \   0003B1   90....       MOV     DPTR,#pZMac_AppCallback
   \   0003B4   E0           MOVX    A,@DPTR
   \   0003B5   F8           MOV     R0,A
   \   0003B6   A3           INC     DPTR
   \   0003B7   E0           MOVX    A,@DPTR
   \   0003B8   F9           MOV     R1,A
   \   0003B9   E8           MOV     A,R0
   \   0003BA   49           ORL     A,R1
   \   0003BB   6018         JZ      ??MAC_CbackEvent_17
   \   0003BD                ; Setup parameters for indirect call
   \   0003BD   AA..         MOV     R2,?V0 + 2
   \   0003BF   AB..         MOV     R3,?V0 + 3
   \   0003C1   90....       MOV     DPTR,#pZMac_AppCallback
   \   0003C4   E0           MOVX    A,@DPTR
   \   0003C5   F8           MOV     R0,A
   \   0003C6   A3           INC     DPTR
   \   0003C7   E0           MOVX    A,@DPTR
   \   0003C8   F583         MOV     DPH,A
   \   0003CA   8882         MOV     DPL,R0
   \   0003CC   12....       LCALL   ?CALL_IND
   \   0003CF   E9           MOV     A,R1
   \   0003D0   6003         JZ      $+5
   \   0003D2   02....       LJMP    ??MAC_CbackEvent_18 & 0xFFFF
    234            {
    235              // Filter out non-zigbee packets
    236              if ( event == MAC_MCPS_DATA_IND )
   \                     ??MAC_CbackEvent_17:
   \   0003D5   740D         MOV     A,#0xd
   \   0003D7   65..         XRL     A,?V0 + 0
   \   0003D9   6003         JZ      $+5
   \   0003DB   02....       LJMP    ??MAC_CbackEvent_19 & 0xFFFF
    237              {
    238                uint8 fcFrameType = (pData->dataInd.msdu.p[0] & 0x03);
   \   0003DE   85..82       MOV     DPL,?XSP + 0
   \   0003E1   85..83       MOV     DPH,?XSP + 1
   \   0003E4   E0           MOVX    A,@DPTR
   \   0003E5   F8           MOV     R0,A
   \   0003E6   A3           INC     DPTR
   \   0003E7   E0           MOVX    A,@DPTR
   \   0003E8   F583         MOV     DPH,A
   \   0003EA   8882         MOV     DPL,R0
   \   0003EC   A3           INC     DPTR
   \   0003ED   A3           INC     DPTR
   \   0003EE   E0           MOVX    A,@DPTR
   \   0003EF   F8           MOV     R0,A
   \   0003F0   A3           INC     DPTR
   \   0003F1   E0           MOVX    A,@DPTR
   \   0003F2   F583         MOV     DPH,A
   \   0003F4   8882         MOV     DPL,R0
   \   0003F6   E0           MOVX    A,@DPTR
   \   0003F7   5403         ANL     A,#0x3
   \   0003F9   FE           MOV     R6,A
    239                uint8 fcProtoVer = ((pData->dataInd.msdu.p[0] >> 2) & 0x0F);
   \   0003FA   85..82       MOV     DPL,?XSP + 0
   \   0003FD   85..83       MOV     DPH,?XSP + 1
   \   000400   E0           MOVX    A,@DPTR
   \   000401   F8           MOV     R0,A
   \   000402   A3           INC     DPTR
   \   000403   E0           MOVX    A,@DPTR
   \   000404   F583         MOV     DPH,A
   \   000406   8882         MOV     DPL,R0
   \   000408   A3           INC     DPTR
   \   000409   A3           INC     DPTR
   \   00040A   E0           MOVX    A,@DPTR
   \   00040B   F8           MOV     R0,A
   \   00040C   A3           INC     DPTR
   \   00040D   E0           MOVX    A,@DPTR
   \   00040E   F583         MOV     DPH,A
   \   000410   8882         MOV     DPL,R0
   \   000412   E0           MOVX    A,@DPTR
   \   000413   13           RRC     A
   \   000414   13           RRC     A
   \   000415   543F         ANL     A,#0x3f
   \   000417   540F         ANL     A,#0xf
   \   000419   FF           MOV     R7,A
    240                uint8 fcReserve = (pData->dataInd.msdu.p[1] & 0xE0);
   \   00041A   85..82       MOV     DPL,?XSP + 0
   \   00041D   85..83       MOV     DPH,?XSP + 1
   \   000420   E0           MOVX    A,@DPTR
   \   000421   F8           MOV     R0,A
   \   000422   A3           INC     DPTR
   \   000423   E0           MOVX    A,@DPTR
   \   000424   F583         MOV     DPH,A
   \   000426   8882         MOV     DPL,R0
   \   000428   A3           INC     DPTR
   \   000429   A3           INC     DPTR
   \   00042A   E0           MOVX    A,@DPTR
   \   00042B   F8           MOV     R0,A
   \   00042C   A3           INC     DPTR
   \   00042D   E0           MOVX    A,@DPTR
   \   00042E   F583         MOV     DPH,A
   \   000430   8882         MOV     DPL,R0
   \   000432   A3           INC     DPTR
   \   000433   E0           MOVX    A,@DPTR
   \   000434   54E0         ANL     A,#0xe0
   \   000436   F5..         MOV     ?V0 + 4,A
    241                if ( (fcFrameType > 0x01) || (fcProtoVer != _NIB.nwkProtocolVersion) || (fcReserve != 0) 
    242                    || (pData->dataInd.mac.srcAddr.addrMode != SADDR_MODE_SHORT) )
   \   000438   EE           MOV     A,R6
   \   000439   C3           CLR     C
   \   00043A   9402         SUBB    A,#0x2
   \   00043C   5024         JNC     ??MAC_CbackEvent_20
   \   00043E   90....       MOV     DPTR,#_NIB + 17
   \   000441   E0           MOVX    A,@DPTR
   \   000442   6F           XRL     A,R7
   \   000443   701D         JNZ     ??MAC_CbackEvent_20
   \   000445   E5..         MOV     A,?V0 + 4
   \   000447   7019         JNZ     ??MAC_CbackEvent_20
   \   000449   85..82       MOV     DPL,?XSP + 0
   \   00044C   85..83       MOV     DPH,?XSP + 1
   \   00044F   E0           MOVX    A,@DPTR
   \   000450   F8           MOV     R0,A
   \   000451   A3           INC     DPTR
   \   000452   E0           MOVX    A,@DPTR
   \   000453   C8           XCH     A,R0
   \   000454   241A         ADD     A,#0x1a
   \   000456   F582         MOV     DPL,A
   \   000458   E8           MOV     A,R0
   \   000459   3400         ADDC    A,#0x0
   \   00045B   F583         MOV     DPH,A
   \   00045D   E0           MOVX    A,@DPTR
   \   00045E   6402         XRL     A,#0x2
   \   000460   600F         JZ      ??MAC_CbackEvent_21
    243                {
    244                  // Drop the message 
    245                  mac_msg_deallocate( (uint8 **)&pData );
   \                     ??MAC_CbackEvent_20:
   \   000462                ; Setup parameters for call to function mac_msg_deallocate
   \   000462   85..82       MOV     DPL,?XSP + 0
   \   000465   85..83       MOV     DPH,?XSP + 1
   \   000468   AA82         MOV     R2,DPL
   \   00046A   AB83         MOV     R3,DPH
   \   00046C   12....       LCALL   ??mac_msg_deallocate?relay
    246                  return;
   \   00046F   805D         SJMP    ??MAC_CbackEvent_0
    247                }
    248                else if ( pData->dataInd.mac.dstAddr.addr.shortAddr == 0xFFFF )
   \                     ??MAC_CbackEvent_21:
   \   000471   85..82       MOV     DPL,?XSP + 0
   \   000474   85..83       MOV     DPH,?XSP + 1
   \   000477   E0           MOVX    A,@DPTR
   \   000478   F8           MOV     R0,A
   \   000479   A3           INC     DPTR
   \   00047A   E0           MOVX    A,@DPTR
   \   00047B   C8           XCH     A,R0
   \   00047C   241B         ADD     A,#0x1b
   \   00047E   F582         MOV     DPL,A
   \   000480   E8           MOV     A,R0
   \   000481   3400         ADDC    A,#0x0
   \   000483   F583         MOV     DPH,A
   \   000485   E0           MOVX    A,@DPTR
   \   000486   64FF         XRL     A,#0xff
   \   000488   7004         JNZ     ??MAC_CbackEvent_22
   \   00048A   A3           INC     DPTR
   \   00048B   E0           MOVX    A,@DPTR
   \   00048C   64FF         XRL     A,#0xff
   \                     ??MAC_CbackEvent_22:
   \   00048E   7019         JNZ     ??MAC_CbackEvent_19
    249                {
    250                  // Send the messsage to a special broadcast queue
    251                  if ( nwk_broadcastSend( (uint8 *)msgPtr ) == SUCCESS )
   \   000490                ; Setup parameters for call to function nwk_broadcastSend
   \   000490   AA..         MOV     R2,?V0 + 2
   \   000492   AB..         MOV     R3,?V0 + 3
   \   000494   12....       LCALL   ??nwk_broadcastSend?relay
   \   000497   E9           MOV     A,R1
   \   000498   6034         JZ      ??MAC_CbackEvent_0
    252                  {
    253                    return;
    254                  }
    255                  else
    256                  {
    257                    // Drop the message, too many broadcast messages to process
    258                    mac_msg_deallocate( (uint8 **)&pData );
   \   00049A                ; Setup parameters for call to function mac_msg_deallocate
   \   00049A   85..82       MOV     DPL,?XSP + 0
   \   00049D   85..83       MOV     DPH,?XSP + 1
   \   0004A0   AA82         MOV     R2,DPL
   \   0004A2   AB83         MOV     R3,DPH
   \   0004A4   12....       LCALL   ??mac_msg_deallocate?relay
    259                    return;
   \   0004A7   8025         SJMP    ??MAC_CbackEvent_0
    260                  }
    261                }
    262              }
    263              
    264              // Application hasn't already processed this message. Send it to NWK task.
    265              osal_msg_send( NWK_TaskID, (uint8 *)msgPtr );
   \                     ??MAC_CbackEvent_19:
   \   0004A9                ; Setup parameters for call to function osal_msg_send
   \   0004A9   AA..         MOV     R2,?V0 + 2
   \   0004AB   AB..         MOV     R3,?V0 + 3
   \   0004AD   90....       MOV     DPTR,#NWK_TaskID
   \   0004B0   E0           MOVX    A,@DPTR
   \   0004B1   F9           MOV     R1,A
   \   0004B2   12....       LCALL   ??osal_msg_send?relay
   \   0004B5   E9           MOV     A,R1
    266            }
    267          
    268            if ( event == MAC_MCPS_DATA_CNF )
   \                     ??MAC_CbackEvent_18:
   \   0004B6   740C         MOV     A,#0xc
   \   0004B8   65..         XRL     A,?V0 + 0
   \   0004BA   7012         JNZ     ??MAC_CbackEvent_0
    269            {
    270              // If the application needs 'pDataReq' then we cannot free it here.
    271              // The application must free it after using it. Note that 'pDataReq'
    272              // is of macMcpsDataReq_t (and not ZMacDataReq_t) type.
    273          
    274              mac_msg_deallocate( (uint8**)&(pData->dataCnf.pDataReq) );
   \   0004BC                ; Setup parameters for call to function mac_msg_deallocate
   \   0004BC   85..82       MOV     DPL,?XSP + 0
   \   0004BF   85..83       MOV     DPH,?XSP + 1
   \   0004C2   E0           MOVX    A,@DPTR
   \   0004C3   2403         ADD     A,#0x3
   \   0004C5   FA           MOV     R2,A
   \   0004C6   A3           INC     DPTR
   \   0004C7   E0           MOVX    A,@DPTR
   \   0004C8   3400         ADDC    A,#0x0
   \   0004CA   FB           MOV     R3,A
   \   0004CB   12....       LCALL   ??mac_msg_deallocate?relay
    275            }
    276          #endif
    277          }
   \                     ??MAC_CbackEvent_0:
   \   0004CE   7404         MOV     A,#0x4
   \   0004D0   12....       LCALL   ?DEALLOC_XSTACK8
   \   0004D3   7F0A         MOV     R7,#0xa
   \   0004D5   02....       LJMP    ?BANKED_LEAVE_XDATA
   \   0004D8                REQUIRE _A_IEN0
    278          #else  // ifdef MT_MAC_CB_FUNC
    279          {
    280            /* Check if MT has subscribed for this callback If so, pass it as an event to MonitorTest */
    281            switch (pData->hdr.event)
    282            {
    283              case MAC_MLME_ASSOCIATE_IND:
    284                if ( _macCallbackSub & CB_ID_NWK_ASSOCIATE_IND )
    285                  nwk_MTCallbackSubNwkAssociateInd ( (ZMacAssociateInd_t *)pData );
    286                break;
    287          
    288              case MAC_MLME_ASSOCIATE_CNF:
    289                if ( _macCallbackSub & CB_ID_NWK_ASSOCIATE_CNF )
    290                  nwk_MTCallbackSubNwkAssociateCnf ( (ZMacAssociateCnf_t *)pData );
    291                break;
    292          
    293              case MAC_MLME_DISASSOCIATE_IND:
    294                if ( _macCallbackSub & CB_ID_NWK_DISASSOCIATE_IND )
    295                  nwk_MTCallbackSubNwkDisassociateInd ( (ZMacDisassociateInd_t *)pData );
    296                break;
    297          
    298              case MAC_MLME_DISASSOCIATE_CNF:
    299                if ( _macCallbackSub & CB_ID_NWK_DISASSOCIATE_CNF )
    300                  nwk_MTCallbackSubNwkDisassociateCnf ( (ZMacDisassociateCnf_t *)pData );
    301                break;
    302          
    303              case MAC_MLME_BEACON_NOTIFY_IND:
    304                if ( _macCallbackSub & CB_ID_NWK_BEACON_NOTIFY_IND )
    305                  nwk_MTCallbackSubNwkBeaconNotifyInd( (ZMacBeaconNotifyInd_t *)pData );
    306                break;
    307          
    308              case MAC_MLME_ORPHAN_IND:
    309                if ( _macCallbackSub & CB_ID_NWK_ORPHAN_IND )
    310                  nwk_MTCallbackSubNwkOrphanInd( (ZMacOrphanInd_t *) pData );
    311                break;
    312          
    313              case MAC_MLME_SCAN_CNF:
    314                if ( _macCallbackSub & CB_ID_NWK_SCAN_CNF )
    315                {
    316                  pData->scanCnf.result.pEnergyDetect = ZMac_ScanBuf;
    317                  nwk_MTCallbackSubNwkScanCnf ( (ZMacScanCnf_t *) pData );
    318                }
    319          
    320                if (ZMac_ScanBuf != NULL)
    321                {
    322                  void *pTmp = ZMac_ScanBuf;
    323                  ZMac_ScanBuf = NULL;
    324                  osal_mem_free(pTmp);
    325                }
    326                break;
    327          
    328              case MAC_MLME_START_CNF:
    329                if ( _macCallbackSub & CB_ID_NWK_START_CNF )
    330                  nwk_MTCallbackSubNwkStartCnf ( pData->hdr.status );
    331                break;
    332          
    333              case MAC_MLME_SYNC_LOSS_IND:
    334                if ( _macCallbackSub & CB_ID_NWK_SYNC_LOSS_IND )
    335                 nwk_MTCallbackSubNwkSyncLossInd( (ZMacSyncLossInd_t *) pData );
    336                break;
    337          
    338              case MAC_MLME_POLL_CNF:
    339                if ( _macCallbackSub & CB_ID_NWK_POLL_CNF )
    340                   nwk_MTCallbackSubNwkPollCnf( pData->hdr.status );
    341                break;
    342          
    343              case MAC_MLME_COMM_STATUS_IND:
    344                if ( _macCallbackSub & CB_ID_NWK_COMM_STATUS_IND )
    345                  nwk_MTCallbackSubCommStatusInd ( (ZMacCommStatusInd_t *) pData );
    346                break;
    347          
    348              case MAC_MCPS_DATA_CNF:
    349                mac_msg_deallocate((uint8**)&pData->dataCnf.pDataReq);
    350          
    351                if ( _macCallbackSub & CB_ID_NWK_DATA_CNF )
    352                  nwk_MTCallbackSubNwkDataCnf( (ZMacDataCnf_t *) pData );
    353                break;
    354          
    355              case MAC_MCPS_DATA_IND:
    356                  {
    357                    /*
    358                       Data Ind is unconventional: to save an alloc/copy, reuse the MAC
    359                       buffer and re-organize the contents into ZMAC format.
    360                    */
    361                    ZMacDataInd_t *pDataInd = (ZMacDataInd_t *) pData;
    362                    uint8 event, status, len, *msdu;
    363          
    364                    /* Store parameters */
    365                    event = pData->hdr.event;
    366                    status = pData->hdr.status;
    367                    len = pData->dataInd.msdu.len;
    368                    msdu = pData->dataInd.msdu.p;
    369          
    370                    /* Copy header */
    371                    osal_memcpy(&pDataInd->SrcAddr, &pData->dataInd.mac, sizeof(ZMacDataInd_t) - sizeof(ZMacEventHdr_t));
    372          
    373                    /* Security - set to zero for now*/
    374                    pDataInd->Sec.SecurityLevel = false;
    375          
    376                    /* Restore parameters */
    377                    pDataInd->hdr.Status = status;
    378                    pDataInd->hdr.Event = event;
    379                    pDataInd->msduLength = len;
    380          
    381                    if (len)
    382                      pDataInd->msdu = msdu;
    383                    else
    384                      pDataInd->msdu = NULL;
    385          
    386                    if ( _macCallbackSub & CB_ID_NWK_DATA_IND )
    387                      nwk_MTCallbackSubNwkDataInd ( pDataInd );
    388          
    389                    /* free buffer */
    390                    mac_msg_deallocate( (uint8 **)&pData );
    391                  }
    392                  break;
    393          
    394              case MAC_MCPS_PURGE_CNF:
    395                if ( _macCallbackSub & CB_ID_NWK_PURGE_CNF )
    396                  nwk_MTCallbackSubNwkPurgeCnf( (ZMacPurgeCnf_t *) pData);
    397                break;
    398          
    399              default:
    400                break;
    401            }
    402          }
    403          #endif
    404          
    405          /********************************************************************************************************
    406           * @fn      MAC_CbackCheckPending
    407           *
    408           * @brief   Return number of pending indirect msg
    409           *
    410           * @param   None
    411           *
    412           * @return  Number of indirect msg holding
    413           ********************************************************************************************************/

   \                                 In  segment BANKED_CODE, align 1, keep-with-next
    414          uint8 MAC_CbackCheckPending(void)
   \                     MAC_CbackCheckPending:
    415          {
   \   000000   C082         PUSH    DPL
   \   000002   C083         PUSH    DPH
   \   000004                ; Saved register size: 2
   \   000004                ; Auto size: 0
    416          #if !defined (NONWK)
    417            if ( ZSTACK_ROUTER_BUILD )
    418            {
    419              return (nwkDB_ReturnIndirectHoldingCnt());
   \   000004                ; Setup parameters for call to function nwkDB_ReturnIndirectHoldingCnt
   \   000004   12....       LCALL   ??nwkDB_ReturnIndirectHoldingCnt?relay
   \   000007   D083         POP     DPH
   \   000009   D082         POP     DPL
   \   00000B   02....       LJMP    ?BRET
    420            }
    421            else
    422            {
    423              return (0);
    424            }
    425          #else
    426            return (0);
    427          #endif
    428          }

   \                                 In  segment BANK_RELAYS, align 1
   \                     ??MAC_CbackEvent?relay:
   \   000000   12....       LCALL   ?BDISPATCH
   \   000003   ......       DC24    MAC_CbackEvent

   \                                 In  segment BANK_RELAYS, align 1
   \                     ??MAC_CbackCheckPending?relay:
   \   000000   12....       LCALL   ?BDISPATCH
   \   000003   ......       DC24    MAC_CbackCheckPending

   Maximum stack usage in bytes:

   ISTACK PSTACK XSTACK Function
   ------ ------ ------ --------
       2      0      0  MAC_CbackCheckPending
                          2 0  0 -> nwkDB_ReturnIndirectHoldingCnt
       0      0     25  MAC_CbackEvent
                          0 0 22 -> MAC_MlmeGetReq
                          0 0 22 -> mac_msg_deallocate
                          0 0 22 -> nwk_broadcastSend
                          0 0 22 -> osal_mem_free
                          0 0 25 -> osal_memcpy
                          0 0 22 -> osal_msg_allocate
                          0 0 22 -> osal_msg_send


   Segment part sizes:

   Bytes  Function/Label
   -----  --------------
       6  ??MAC_CbackCheckPending?relay
       6  ??MAC_CbackEvent?relay
      14  MAC_CbackCheckPending
    1240  MAC_CbackEvent
       1  _A_IEN0
       2  pZMac_AppCallback
      17  zmacCBSizeTable

 
 1 254 bytes in segment BANKED_CODE
    12 bytes in segment BANK_RELAYS
    17 bytes in segment CODE_C
     1 byte  in segment SFR_AN
     2 bytes in segment XDATA_Z
 
 1 283 bytes of CODE  memory
     0 bytes of DATA  memory (+ 1 byte shared)
     2 bytes of XDATA memory

Errors: none
Warnings: none
