###############################################################################
#                                                                             #
# IAR C/C++ Compiler V8.20.2.41139 for 8051             27/Nov/2015  14:30:00 #
# Copyright 2004-2013 IAR Systems AB.                                         #
#                                                                             #
#    Core               =  plain                                              #
#    Code model         =  banked                                             #
#    Data model         =  large                                              #
#    Calling convention =  xdata reentrant                                    #
#    Constant location  =  data_rom                                           #
#    Dptr setup         =  1,16                                               #
#                                                                             #
#    Source file        =  C:\Users\ArnoldWorkStation\Desktop\ZigbeeTest\Proj #
#                          ects\zstack\Samples\SampleApp\Source\SampleApp.c   #
#    Command line       =  -f C:\Users\ArnoldWorkStation\Desktop\ZigbeeTest\P #
#                          rojects\zstack\Samples\SampleApp\CC2530DB\..\..\.. #
#                          \Tools\CC2530DB\f8wRouter.cfg (-DCPU32MHZ          #
#                          -DROOT=__near_func -DMAC_CFG_APP_PENDING_QUEUE=TRU #
#                          E -DRTR_NWK -DBLINK_LEDS) -f                       #
#                          C:\Users\ArnoldWorkStation\Desktop\ZigbeeTest\Proj #
#                          ects\zstack\Samples\SampleApp\CC2530DB\..\..\..\To #
#                          ols\CC2530DB\f8wConfig.cfg (-DSECURE=0             #
#                          -DZG_SECURE_DYNAMIC=0 -DREFLECTOR                  #
#                          -DDEFAULT_CHANLIST=0x00000800                      #
#                          -DZDAPP_CONFIG_PAN_ID=0xFFF1                       #
#                          -DNWK_START_DELAY=100 -DEXTENDED_JOINING_RANDOM_MA #
#                          SK=0x007F -DBEACON_REQUEST_DELAY=100               #
#                          -DBEACON_REQ_DELAY_MASK=0x00FF                     #
#                          -DROUTE_EXPIRY_TIME=30 -DAPSC_ACK_WAIT_DURATION_PO #
#                          LLED=3000 -DNWK_INDIRECT_MSG_TIMEOUT=7             #
#                          -DMAX_RREQ_ENTRIES=8 -DAPSC_MAX_FRAME_RETRIES=3    #
#                          -DNWK_MAX_DATA_RETRIES=2                           #
#                          -DMAX_POLL_FAILURE_RETRIES=2 -DMAX_BCAST=9         #
#                          -DAPS_MAX_GROUPS=16 -DMAX_RTG_ENTRIES=40           #
#                          -DNWK_MAX_BINDING_ENTRIES=4                        #
#                          -DMAX_BINDING_CLUSTER_IDS=4 "-DDEFAULT_KEY={0x01,  #
#                          0x03, 0x05, 0x07, 0x09, 0x0B, 0x0D, 0x0F, 0x00,    #
#                          0x02, 0x04, 0x06, 0x08, 0x0A, 0x0C, 0x0D}"         #
#                          -DMAC_MAX_FRAME_SIZE=116 "-DCONST=const __code"    #
#                          -DGENERIC=__generic -DRFD_RCVC_ALWAYS_ON=FALSE     #
#                          -DPOLL_RATE=1000 -DQUEUED_POLL_RATE=100            #
#                          -DRESPONSE_POLL_RATE=100) -DREJOIN_POLL_RATE=440   #
#                          C:\Users\ArnoldWorkStation\Desktop\ZigbeeTest\Proj #
#                          ects\zstack\Samples\SampleApp\Source\SampleApp.c   #
#                          -D ZIGBEEPRO -D ZTOOL_P1 -D MT_TASK -D             #
#                          MT_SYS_FUNC -D MT_ZDO_FUNC -D LCD_SUPPORTED=DEBUG  #
#                          -lC C:\Users\ArnoldWorkStation\Desktop\ZigbeeTest\ #
#                          Projects\zstack\Samples\SampleApp\CC2530DB\RouterE #
#                          B-Pro\List\ -lA C:\Users\ArnoldWorkStation\Desktop #
#                          \ZigbeeTest\Projects\zstack\Samples\SampleApp\CC25 #
#                          30DB\RouterEB-Pro\List\ --diag_suppress            #
#                          Pe001,Pa010 -o C:\Users\ArnoldWorkStation\Desktop\ #
#                          ZigbeeTest\Projects\zstack\Samples\SampleApp\CC253 #
#                          0DB\RouterEB-Pro\Obj\ -e --debug --core=plain      #
#                          --dptr=16,1 --data_model=large                     #
#                          --code_model=banked --calling_convention=xdata_ree #
#                          ntrant --place_constants=data_rom                  #
#                          --nr_virtual_regs 16 -I C:\Users\ArnoldWorkStation #
#                          \Desktop\ZigbeeTest\Projects\zstack\Samples\Sample #
#                          App\CC2530DB\ -I C:\Users\ArnoldWorkStation\Deskto #
#                          p\ZigbeeTest\Projects\zstack\Samples\SampleApp\CC2 #
#                          530DB\..\SOURCE\ -I C:\Users\ArnoldWorkStation\Des #
#                          ktop\ZigbeeTest\Projects\zstack\Samples\SampleApp\ #
#                          CC2530DB\..\..\..\ZMAIN\TI2530DB\ -I               #
#                          C:\Users\ArnoldWorkStation\Desktop\ZigbeeTest\Proj #
#                          ects\zstack\Samples\SampleApp\CC2530DB\..\..\..\.. #
#                          \..\COMPONENTS\MT\ -I C:\Users\ArnoldWorkStation\D #
#                          esktop\ZigbeeTest\Projects\zstack\Samples\SampleAp #
#                          p\CC2530DB\..\..\..\..\..\COMPONENTS\HAL\INCLUDE\  #
#                          -I C:\Users\ArnoldWorkStation\Desktop\ZigbeeTest\P #
#                          rojects\zstack\Samples\SampleApp\CC2530DB\..\..\.. #
#                          \..\..\COMPONENTS\HAL\TARGET\CC2530EB\ -I          #
#                          C:\Users\ArnoldWorkStation\Desktop\ZigbeeTest\Proj #
#                          ects\zstack\Samples\SampleApp\CC2530DB\..\..\..\.. #
#                          \..\COMPONENTS\OSAL\MCU\CCSOC\ -I                  #
#                          C:\Users\ArnoldWorkStation\Desktop\ZigbeeTest\Proj #
#                          ects\zstack\Samples\SampleApp\CC2530DB\..\..\..\.. #
#                          \..\COMPONENTS\OSAL\INCLUDE\ -I                    #
#                          C:\Users\ArnoldWorkStation\Desktop\ZigbeeTest\Proj #
#                          ects\zstack\Samples\SampleApp\CC2530DB\..\..\..\.. #
#                          \..\COMPONENTS\STACK\AF\ -I                        #
#                          C:\Users\ArnoldWorkStation\Desktop\ZigbeeTest\Proj #
#                          ects\zstack\Samples\SampleApp\CC2530DB\..\..\..\.. #
#                          \..\COMPONENTS\STACK\NWK\ -I                       #
#                          C:\Users\ArnoldWorkStation\Desktop\ZigbeeTest\Proj #
#                          ects\zstack\Samples\SampleApp\CC2530DB\..\..\..\.. #
#                          \..\COMPONENTS\STACK\SEC\ -I                       #
#                          C:\Users\ArnoldWorkStation\Desktop\ZigbeeTest\Proj #
#                          ects\zstack\Samples\SampleApp\CC2530DB\..\..\..\.. #
#                          \..\COMPONENTS\STACK\SAPI\ -I                      #
#                          C:\Users\ArnoldWorkStation\Desktop\ZigbeeTest\Proj #
#                          ects\zstack\Samples\SampleApp\CC2530DB\..\..\..\.. #
#                          \..\COMPONENTS\STACK\SYS\ -I                       #
#                          C:\Users\ArnoldWorkStation\Desktop\ZigbeeTest\Proj #
#                          ects\zstack\Samples\SampleApp\CC2530DB\..\..\..\.. #
#                          \..\COMPONENTS\STACK\ZDO\ -I                       #
#                          C:\Users\ArnoldWorkStation\Desktop\ZigbeeTest\Proj #
#                          ects\zstack\Samples\SampleApp\CC2530DB\..\..\..\.. #
#                          \..\COMPONENTS\ZMAC\F8W\ -I                        #
#                          C:\Users\ArnoldWorkStation\Desktop\ZigbeeTest\Proj #
#                          ects\zstack\Samples\SampleApp\CC2530DB\..\..\..\.. #
#                          \..\COMPONENTS\ZMAC\ -I C:\Users\ArnoldWorkStation #
#                          \Desktop\ZigbeeTest\Projects\zstack\Samples\Sample #
#                          App\CC2530DB\..\..\..\..\..\COMPONENTS\SERVICES\SA #
#                          DDR\ -I C:\Users\ArnoldWorkStation\Desktop\ZigbeeT #
#                          est\Projects\zstack\Samples\SampleApp\CC2530DB\..\ #
#                          ..\..\..\..\COMPONENTS\SERVICES\SDATA\ -I          #
#                          C:\Users\ArnoldWorkStation\Desktop\ZigbeeTest\Proj #
#                          ects\zstack\Samples\SampleApp\CC2530DB\..\..\..\.. #
#                          \..\COMPONENTS\MAC\INCLUDE\ -I                     #
#                          C:\Users\ArnoldWorkStation\Desktop\ZigbeeTest\Proj #
#                          ects\zstack\Samples\SampleApp\CC2530DB\..\..\..\.. #
#                          \..\COMPONENTS\MAC\HIGH_LEVEL\ -I                  #
#                          C:\Users\ArnoldWorkStation\Desktop\ZigbeeTest\Proj #
#                          ects\zstack\Samples\SampleApp\CC2530DB\..\..\..\.. #
#                          \..\COMPONENTS\MAC\LOW_LEVEL\srf04\ -I             #
#                          C:\Users\ArnoldWorkStation\Desktop\ZigbeeTest\Proj #
#                          ects\zstack\Samples\SampleApp\CC2530DB\..\..\..\.. #
#                          \..\COMPONENTS\MAC\LOW_LEVEL\srf04\SINGLE_CHIP\    #
#                          -Ohz --require_prototypes                          #
#    List file          =  C:\Users\ArnoldWorkStation\Desktop\ZigbeeTest\Proj #
#                          ects\zstack\Samples\SampleApp\CC2530DB\RouterEB-Pr #
#                          o\List\SampleApp.lst                               #
#    Object file        =  C:\Users\ArnoldWorkStation\Desktop\ZigbeeTest\Proj #
#                          ects\zstack\Samples\SampleApp\CC2530DB\RouterEB-Pr #
#                          o\Obj\SampleApp.r51                                #
#                                                                             #
#                                                                             #
###############################################################################

C:\Users\ArnoldWorkStation\Desktop\ZigbeeTest\Projects\zstack\Samples\SampleApp\Source\SampleApp.c
      1          /**************************************************************************************************
      2            Filename:       SampleApp.c
      3            Revised:        $Date: 2009-03-18 15:56:27 -0700 (Wed, 18 Mar 2009) $
      4            Revision:       $Revision: 19453 $
      5          
      6            Description:    Sample Application (no Profile).
      7          
      8          
      9            Copyright 2007 Texas Instruments Incorporated. All rights reserved.
     10          
     11            IMPORTANT: Your use of this Software is limited to those specific rights
     12            granted under the terms of a software license agreement between the user
     13            who downloaded the software, his/her employer (which must be your employer)
     14            and Texas Instruments Incorporated (the "License").  You may not use this
     15            Software unless you agree to abide by the terms of the License. The License
     16            limits your use, and you acknowledge, that the Software may not be modified,
     17            copied or distributed unless embedded on a Texas Instruments microcontroller
     18            or used solely and exclusively in conjunction with a Texas Instruments radio
     19            frequency transceiver, which is integrated into your product.  Other than for
     20            the foregoing purpose, you may not use, reproduce, copy, prepare derivative
     21            works of, modify, distribute, perform, display or sell this Software and/or
     22            its documentation for any purpose.
     23          
     24            YOU FURTHER ACKNOWLEDGE AND AGREE THAT THE SOFTWARE AND DOCUMENTATION ARE
     25            PROVIDED AS IS?WITHOUT WARRANTY OF ANY KIND, EITHER EXPRESS OR IMPLIED,
     26            INCLUDING WITHOUT LIMITATION, ANY WARRANTY OF MERCHANTABILITY, TITLE,
     27            NON-INFRINGEMENT AND FITNESS FOR A PARTICULAR PURPOSE. IN NO EVENT SHALL
     28            TEXAS INSTRUMENTS OR ITS LICENSORS BE LIABLE OR OBLIGATED UNDER CONTRACT,
     29            NEGLIGENCE, STRICT LIABILITY, CONTRIBUTION, BREACH OF WARRANTY, OR OTHER
     30            LEGAL EQUITABLE THEORY ANY DIRECT OR INDIRECT DAMAGES OR EXPENSES
     31            INCLUDING BUT NOT LIMITED TO ANY INCIDENTAL, SPECIAL, INDIRECT, PUNITIVE
     32            OR CONSEQUENTIAL DAMAGES, LOST PROFITS OR LOST DATA, COST OF PROCUREMENT
     33            OF SUBSTITUTE GOODS, TECHNOLOGY, SERVICES, OR ANY CLAIMS BY THIRD PARTIES
     34            (INCLUDING BUT NOT LIMITED TO ANY DEFENSE THEREOF), OR OTHER SIMILAR COSTS.
     35          
     36            Should you have any questions regarding your right to use this Software,
     37            contact Texas Instruments Incorporated at www.TI.com.
     38          **************************************************************************************************/
     39          
     40          /*********************************************************************
     41            This application isn't intended to do anything useful, it is
     42            intended to be a simple example of an application's structure.
     43          
     44            This application sends it's messages either as broadcast or
     45            broadcast filtered group messages.  The other (more normal)
     46            message addressing is unicast.  Most of the other sample
     47            applications are written to support the unicast message model.
     48          
     49            Key control:
     50              SW1:  Sends a flash command to all devices in Group 1.
     51              SW2:  Adds/Removes (toggles) this device in and out
     52                    of Group 1.  This will enable and disable the
     53                    reception of the flash command.
     54          *********************************************************************/
     55          
     56          /*********************************************************************
     57           * INCLUDES
     58           */
     59          #include "OSAL.h"
     60          #include "ZGlobals.h"
     61          #include "AF.h"
     62          #include "aps_groups.h"
     63          #include "ZDApp.h"
     64          
     65          #include "SampleApp.h"
     66          #include "SampleAppHw.h"
     67          
     68          #include "OnBoard.h"
     69          
     70          /* HAL */
     71          #include "hal_lcd.h"
     72          #include "hal_led.h"
     73          #include "hal_key.h"
     74          #include "MT_UART.h"
     75          #include "MT_APP.h"
     76          #include "MT.h"
     77          
     78          /*********************************************************************
     79           * MACROS
     80           */
     81          
     82          /*********************************************************************
     83           * CONSTANTS
     84           */
     85          
     86          /*********************************************************************
     87           * TYPEDEFS
     88           */
     89          
     90          /*********************************************************************
     91           * GLOBAL VARIABLES
     92           */
     93          
     94          // This list should be filled with Application specific Cluster IDs.

   \                                 In  segment XDATA_ROM_C, align 1
     95          const cId_t SampleApp_ClusterList[SAMPLEAPP_MAX_CLUSTERS] =
   \                     SampleApp_ClusterList:
   \   000000   0100         DW 1
   \   000002   0200         DW 2
   \   000004   0300         DW 3
     96          {
     97            SAMPLEAPP_PERIODIC_CLUSTERID,
     98            SAMPLEAPP_FLASH_CLUSTERID,
     99              //SAMPLEAPP_COM_CLUSTERID
    100              LZQR_GROUP_CLUSTERID
    101          };
    102          

   \                                 In  segment XDATA_ROM_C, align 1
    103          const SimpleDescriptionFormat_t SampleApp_SimpleDesc =
   \                     SampleApp_SimpleDesc:
   \   000000   14           DB 20
   \   000001   080F         DW 3848
   \   000003   0100         DW 1
   \   000005   00           DB 0
   \   000006   03           DB 3
   \   000007   ....         DW SampleApp_ClusterList
   \   000009   03           DB 3
   \   00000A   ....         DW SampleApp_ClusterList
    104          {
    105            SAMPLEAPP_ENDPOINT,              //  int Endpoint;
    106            SAMPLEAPP_PROFID,                //  uint16 AppProfId[2];
    107            SAMPLEAPP_DEVICEID,              //  uint16 AppDeviceId[2];
    108            SAMPLEAPP_DEVICE_VERSION,        //  int   AppDevVer:4;
    109            SAMPLEAPP_FLAGS,                 //  int   AppFlags:4;
    110            SAMPLEAPP_MAX_CLUSTERS,          //  uint8  AppNumInClusters;
    111            (cId_t *)SampleApp_ClusterList,  //  uint8 *pAppInClusterList;
    112            SAMPLEAPP_MAX_CLUSTERS,          //  uint8  AppNumInClusters;
    113            (cId_t *)SampleApp_ClusterList   //  uint8 *pAppInClusterList;
    114          };
    115          
    116          // This is the Endpoint/Interface description.  It is defined here, but
    117          // filled-in in SampleApp_Init().  Another way to go would be to fill
    118          // in the structure here and make it a "const" (in code space).  The
    119          // way it's defined in this sample app it is define in RAM.

   \                                 In  segment XDATA_Z, align 1, keep-with-next
    120          endPointDesc_t SampleApp_epDesc;
   \                     SampleApp_epDesc:
   \   000000                DS 6
   \   000006                REQUIRE __INIT_XDATA_Z
    121          
    122          /*********************************************************************
    123           * EXTERNAL VARIABLES
    124           */
    125          
    126          /*********************************************************************
    127           * EXTERNAL FUNCTIONS
    128           */
    129          
    130          /*********************************************************************
    131           * LOCAL VARIABLES
    132           */

   \                                 In  segment XDATA_Z, align 1, keep-with-next
    133          uint8 SampleApp_TaskID;   // Task ID for internal task/event processing
   \                     SampleApp_TaskID:
   \   000000                DS 1
   \   000001                REQUIRE __INIT_XDATA_Z
    134                                    // This variable will be received when
    135                                    // SampleApp_Init() is called.

   \                                 In  segment XDATA_Z, align 1, keep-with-next
    136          devStates_t SampleApp_NwkState;
   \                     SampleApp_NwkState:
   \   000000                DS 1
   \   000001                REQUIRE __INIT_XDATA_Z
    137          

   \                                 In  segment XDATA_Z, align 1, keep-with-next
    138          uint8 SampleApp_TransID;  // This is the unique message ID (counter)
   \                     SampleApp_TransID:
   \   000000                DS 1
   \   000001                REQUIRE __INIT_XDATA_Z
    139          

   \                                 In  segment XDATA_Z, align 1, keep-with-next
    140          afAddrType_t SampleApp_Router_Periodic_DstAddr;
   \                     SampleApp_Router_Periodic_DstAddr:
   \   000000                DS 12
   \   00000C                REQUIRE __INIT_XDATA_Z

   \                                 In  segment XDATA_Z, align 1, keep-with-next
    141          afAddrType_t SampleApp_Flash_DstAddr;
   \                     SampleApp_Flash_DstAddr:
   \   000000                DS 12
   \   00000C                REQUIRE __INIT_XDATA_Z
    142          

   \                                 In  segment XDATA_Z, align 1, keep-with-next
    143          aps_Group_t SampleApp_Group;
   \                     SampleApp_Group:
   \   000000                DS 18
   \   000012                REQUIRE __INIT_XDATA_Z
    144          

   \                                 In  segment XDATA_Z, align 1, keep-with-next
    145          uint8 SampleAppPeriodicCounter = 0;
   \                     SampleAppPeriodicCounter:
   \   000000                DS 1
   \   000001                REQUIRE __INIT_XDATA_Z

   \                                 In  segment XDATA_Z, align 1, keep-with-next
    146          uint8 SampleAppFlashCounter = 0;
   \                     SampleAppFlashCounter:
   \   000000                DS 1
   \   000001                REQUIRE __INIT_XDATA_Z
    147          
    148          //user setting

   \                                 In  segment XDATA_Z, align 1, keep-with-next
    149          int16 LZQR[1]={0};
   \                     LZQR:
   \   000000                DS 2
   \   000002                REQUIRE __INIT_XDATA_Z
    150          
    151          /*********************************************************************
    152           * LOCAL FUNCTIONS
    153           */
    154          void SampleApp_HandleKeys( uint8 shift, uint8 keys );
    155          void SampleApp_MessageMSGCB( afIncomingMSGPacket_t *pckt );
    156          void SampleApp_Router_SendPeriodicMessage( void );
    157          void SampleApp_SendFlashMessage( uint16 flashTime );
    158          void SampleApp_SerialCMD(mtOSALSerialData_t *cmdMsg);
    159          
    160          /*********************************************************************
    161           * NETWORK LAYER CALLBACKS
    162           */
    163          
    164          /*********************************************************************
    165           * PUBLIC FUNCTIONS
    166           */
    167          
    168          /*********************************************************************
    169           * @fn      SampleApp_Init
    170           *
    171           * @brief   Initialization function for the Generic App Task.
    172           *          This is called during initialization and should contain
    173           *          any application specific initialization (ie. hardware
    174           *          initialization/setup, table initialization, power up
    175           *          notificaiton ... ).
    176           *
    177           * @param   task_id - the ID assigned by OSAL.  This ID should be
    178           *                    used to send messages and set timers.
    179           *
    180           * @return  none
    181           */

   \                                 In  segment BANKED_CODE, align 1, keep-with-next
    182          void SampleApp_Init( uint8 task_id )
   \                     SampleApp_Init:
    183          { 
   \   000000   74F5         MOV     A,#-0xb
   \   000002   12....       LCALL   ?BANKED_ENTER_XDATA
   \   000005                ; Saved register size: 11
   \   000005                ; Auto size: 0
   \   000005   E9           MOV     A,R1
   \   000006   FE           MOV     R6,A
    184            SampleApp_TaskID = task_id;
   \   000007   90....       MOV     DPTR,#SampleApp_TaskID
   \   00000A   F0           MOVX    @DPTR,A
    185            SampleApp_NwkState = DEV_INIT;
   \   00000B   90....       MOV     DPTR,#SampleApp_NwkState
   \   00000E   7401         MOV     A,#0x1
   \   000010   F0           MOVX    @DPTR,A
    186            SampleApp_TransID = 0;
   \   000011   90....       MOV     DPTR,#SampleApp_TransID
   \   000014   E4           CLR     A
   \   000015   F0           MOVX    @DPTR,A
    187            
    188            MT_UartInit();                  //串口初始化
   \   000016                ; Setup parameters for call to function MT_UartInit
   \   000016   12....       LCALL   ??MT_UartInit?relay
    189            MT_UartRegisterTaskID(task_id); //注册串口任务
   \   000019                ; Setup parameters for call to function MT_UartRegisterTaskID
   \   000019   EE           MOV     A,R6
   \   00001A   F9           MOV     R1,A
   \   00001B   12....       LCALL   ??MT_UartRegisterTaskID?relay
    190            HalUARTWrite(0,"UartInit OK\n", sizeof("UartInit OK\n"));//提示信息
   \   00001E                ; Setup parameters for call to function HalUARTWrite
   \   00001E   7C0D         MOV     R4,#0xd
   \   000020   7D00         MOV     R5,#0x0
   \   000022   7A..         MOV     R2,#`?<Constant "UartInit OK\\n">` & 0xff
   \   000024   7B..         MOV     R3,#(`?<Constant "UartInit OK\\n">` >> 8) & 0xff
   \   000026   7900         MOV     R1,#0x0
   \   000028   12....       LCALL   ??HalUARTWrite?relay
    191            
    192            // Device hardware initialization can be added here or in main() (Zmain.c).
    193            // If the hardware is application specific - add it here.
    194            // If the hardware is other parts of the device add it in main().
    195          
    196           #if defined ( BUILD_ALL_DEVICES )
    197            // The "Demo" target is setup to have BUILD_ALL_DEVICES and HOLD_AUTO_START
    198            // We are looking at a jumper (defined in SampleAppHw.c) to be jumpered
    199            // together - if they are - we will start up a coordinator. Otherwise,
    200            // the device will start as a router.
    201            if ( readCoordinatorJumper() )
    202              zgDeviceLogicalType = ZG_DEVICETYPE_COORDINATOR;
    203            else
    204              zgDeviceLogicalType = ZG_DEVICETYPE_ROUTER;
    205          #endif // BUILD_ALL_DEVICES
    206          
    207          #if defined ( HOLD_AUTO_START )
    208            // HOLD_AUTO_START is a compile option that will surpress ZDApp
    209            //  from starting the device and wait for the application to
    210            //  start the device.
    211            ZDOInitDevice(0);
    212          #endif
    213          
    214            // Setup for the periodic message's destination address
    215            // Router broadcast to everyone
    216          
    217          
    218            // Setup for the flash command's destination address - Group 1
    219            SampleApp_Flash_DstAddr.addrMode = (afAddrMode_t)afAddrGroup;
   \   00002B   90....       MOV     DPTR,#SampleApp_Flash_DstAddr + 8
   \   00002E   7401         MOV     A,#0x1
   \   000030   F0           MOVX    @DPTR,A
    220            SampleApp_Flash_DstAddr.endPoint = SAMPLEAPP_ENDPOINT;
   \   000031   A3           INC     DPTR
   \   000032   7414         MOV     A,#0x14
   \   000034   F0           MOVX    @DPTR,A
    221            SampleApp_Flash_DstAddr.addr.shortAddr = SAMPLEAPP_FLASH_GROUP;
   \   000035   90....       MOV     DPTR,#SampleApp_Flash_DstAddr
   \   000038   7401         MOV     A,#0x1
   \   00003A   F0           MOVX    @DPTR,A
   \   00003B   A3           INC     DPTR
   \   00003C   E4           CLR     A
   \   00003D   F0           MOVX    @DPTR,A
    222          
    223            // Fill out the endpoint description.
    224            SampleApp_epDesc.endPoint = SAMPLEAPP_ENDPOINT;
   \   00003E   90....       MOV     DPTR,#SampleApp_epDesc
   \   000041   7414         MOV     A,#0x14
   \   000043   F0           MOVX    @DPTR,A
    225            SampleApp_epDesc.task_id = &SampleApp_TaskID;
   \   000044   A3           INC     DPTR
   \   000045   74..         MOV     A,#SampleApp_TaskID & 0xff
   \   000047   F0           MOVX    @DPTR,A
   \   000048   A3           INC     DPTR
   \   000049   74..         MOV     A,#(SampleApp_TaskID >> 8) & 0xff
   \   00004B   F0           MOVX    @DPTR,A
    226            SampleApp_epDesc.simpleDesc
    227                      = (SimpleDescriptionFormat_t *)&SampleApp_SimpleDesc;
   \   00004C   A3           INC     DPTR
   \   00004D   74..         MOV     A,#SampleApp_SimpleDesc & 0xff
   \   00004F   F0           MOVX    @DPTR,A
   \   000050   A3           INC     DPTR
   \   000051   74..         MOV     A,#(SampleApp_SimpleDesc >> 8) & 0xff
   \   000053   F0           MOVX    @DPTR,A
    228            SampleApp_epDesc.latencyReq = noLatencyReqs;
   \   000054   A3           INC     DPTR
   \   000055   E4           CLR     A
   \   000056   F0           MOVX    @DPTR,A
    229          
    230            // Register the endpoint description with the AF
    231            afRegister( &SampleApp_epDesc );
   \   000057                ; Setup parameters for call to function afRegister
   \   000057   7A..         MOV     R2,#SampleApp_epDesc & 0xff
   \   000059   7B..         MOV     R3,#(SampleApp_epDesc >> 8) & 0xff
   \   00005B   12....       LCALL   ??afRegister?relay
    232          
    233            // Register for all key events - This app will handle all key events
    234            RegisterForKeys( SampleApp_TaskID );
   \   00005E                ; Setup parameters for call to function RegisterForKeys
   \   00005E   90....       MOV     DPTR,#SampleApp_TaskID
   \   000061   E0           MOVX    A,@DPTR
   \   000062   F9           MOV     R1,A
   \   000063   12....       LCALL   ??RegisterForKeys?relay
    235          
    236            // By default, all devices start out in Group 1
    237            SampleApp_Group.ID = 0x0001;
   \   000066   90....       MOV     DPTR,#SampleApp_Group
   \   000069   7401         MOV     A,#0x1
   \   00006B   F0           MOVX    @DPTR,A
   \   00006C   A3           INC     DPTR
   \   00006D   E4           CLR     A
   \   00006E   F0           MOVX    @DPTR,A
    238            //SampleApp_Group.name[0]=0; or just as bellow
    239            osal_memcpy( SampleApp_Group.name, "Group 1", 7 );
   \   00006F                ; Setup parameters for call to function osal_memcpy
   \   00006F   75....       MOV     ?V0 + 0,#`?<Constant "Group 1">` & 0xff
   \   000072   75....       MOV     ?V0 + 1,#(`?<Constant "Group 1">` >> 8) & 0xff
   \   000075   F5..         MOV     ?V0 + 2,A
   \   000077   78..         MOV     R0,#?V0 + 0
   \   000079   12....       LCALL   ?PUSH_XSTACK_I_THREE
   \   00007C   7C07         MOV     R4,#0x7
   \   00007E   7D00         MOV     R5,#0x0
   \   000080   7A..         MOV     R2,#(SampleApp_Group + 2) & 0xff
   \   000082   7B..         MOV     R3,#((SampleApp_Group + 2) >> 8) & 0xff
   \   000084   12....       LCALL   ??osal_memcpy?relay
   \   000087   7403         MOV     A,#0x3
   \   000089   12....       LCALL   ?DEALLOC_XSTACK8
    240            aps_AddGroup( SAMPLEAPP_ENDPOINT, &SampleApp_Group );
   \   00008C                ; Setup parameters for call to function aps_AddGroup
   \   00008C   7A..         MOV     R2,#SampleApp_Group & 0xff
   \   00008E   7B..         MOV     R3,#(SampleApp_Group >> 8) & 0xff
   \   000090   7914         MOV     R1,#0x14
   \   000092   12....       LCALL   ??aps_AddGroup?relay
    241          
    242          #if defined ( LCD_SUPPORTED )
    243            HalLcdWriteString( "SampleApp", HAL_LCD_LINE_1 );
   \   000095                ; Setup parameters for call to function HalLcdWriteString
   \   000095   7901         MOV     R1,#0x1
   \   000097   7A..         MOV     R2,#`?<Constant "SampleApp">` & 0xff
   \   000099   7B..         MOV     R3,#(`?<Constant "SampleApp">` >> 8) & 0xff
   \   00009B   12....       LCALL   ??HalLcdWriteString?relay
    244          #endif
    245            
    246            
    247          }
   \   00009E   7F03         MOV     R7,#0x3
   \   0000A0   02....       LJMP    ?BANKED_LEAVE_XDATA
    248          
    249          /*********************************************************************
    250           * @fn      SampleApp_ProcessEvent
    251           *
    252           * @brief   Generic Application Task event processor.  This function
    253           *          is called to process all events for the task.  Events
    254           *          include timers, messages and any other user defined events.
    255           *
    256           * @param   task_id  - The OSAL assigned task ID.
    257           * @param   events - events to process.  This is a bit map and can
    258           *                   contain more than one event.
    259           *
    260           * @return  none
    261           */

   \                                 In  segment BANKED_CODE, align 1, keep-with-next
    262          uint16 SampleApp_ProcessEvent( uint8 task_id, uint16 events )
   \                     SampleApp_ProcessEvent:
    263          {
   \   000000   74F4         MOV     A,#-0xc
   \   000002   12....       LCALL   ?BANKED_ENTER_XDATA
   \   000005                ; Saved register size: 12
   \   000005                ; Auto size: 0
   \   000005   EA           MOV     A,R2
   \   000006   FE           MOV     R6,A
   \   000007   EB           MOV     A,R3
   \   000008   FF           MOV     R7,A
    264            afIncomingMSGPacket_t *MSGpkt;
    265            (void)task_id;  // Intentionally unreferenced parameter
    266          
    267            if ( events & SYS_EVENT_MSG )
   \   000009   5480         ANL     A,#0x80
   \   00000B   6073         JZ      ??SampleApp_ProcessEvent_0
    268            {
    269              MSGpkt = (afIncomingMSGPacket_t *)osal_msg_receive( SampleApp_TaskID );
   \   00000D                ; Setup parameters for call to function osal_msg_receive
   \   00000D   8026         SJMP    ??SampleApp_ProcessEvent_1
    270              while ( MSGpkt )
    271              {
    272                switch ( MSGpkt->hdr.event )
    273                {        
    274                  // Received when a key is pressed
    275                  case KEY_CHANGE:
    276                    SampleApp_HandleKeys( ((keyChange_t *)MSGpkt)->state, ((keyChange_t *)MSGpkt)->keys );
    277                    break;
    278          
    279                  // Received when a messages is received (OTA) for this endpoint
    280                  case AF_INCOMING_MSG_CMD:
    281                    SampleApp_MessageMSGCB( MSGpkt );
    282                    break;
    283          
    284                  // Received whenever the device changes state in the network
    285                  case ZDO_STATE_CHANGE:
    286                    SampleApp_NwkState = (devStates_t)(MSGpkt->hdr.status);
   \                     ??SampleApp_ProcessEvent_2:
   \   00000F   A3           INC     DPTR
   \   000010   E0           MOVX    A,@DPTR
   \   000011   90....       MOV     DPTR,#SampleApp_NwkState
   \   000014   F0           MOVX    @DPTR,A
    287                    if ( //(SampleApp_NwkState == DEV_ZB_COORD) ||
    288                           (SampleApp_NwkState == DEV_ROUTER)
    289                       || (SampleApp_NwkState == DEV_END_DEVICE) 
    290                        )
   \   000015   6407         XRL     A,#0x7
   \   000017   6005         JZ      ??SampleApp_ProcessEvent_3
   \   000019   E0           MOVX    A,@DPTR
   \   00001A   6406         XRL     A,#0x6
   \   00001C   7010         JNZ     ??SampleApp_ProcessEvent_4
    291                    {
    292                      // Start sending the periodic message in a regular interval.
    293                      osal_start_timerEx( SampleApp_TaskID,
    294                                        SAMPLEAPP_SEND_PERIODIC_MSG_EVT,
    295                                        SAMPLEAPP_SEND_PERIODIC_MSG_TIMEOUT );
   \                     ??SampleApp_ProcessEvent_3:
   \   00001E                ; Setup parameters for call to function osal_start_timerEx
   \   00001E   7CE8         MOV     R4,#-0x18
   \   000020   7D03         MOV     R5,#0x3
   \   000022   7A01         MOV     R2,#0x1
   \   000024   7B00         MOV     R3,#0x0
   \   000026   90....       MOV     DPTR,#SampleApp_TaskID
   \   000029   E0           MOVX    A,@DPTR
   \   00002A   F9           MOV     R1,A
   \   00002B   12....       LCALL   ??osal_start_timerEx?relay
    296                    }
    297                    else
    298                    {
    299                      // Device is no longer in the network
    300                    }
    301                    break;
    302          
    303                  default:
    304                    break;
    305                }
    306          
    307                // Release the memory
    308                osal_msg_deallocate( (uint8 *)MSGpkt );
   \                     ??SampleApp_ProcessEvent_4:
   \   00002E                ; Setup parameters for call to function osal_msg_deallocate
   \   00002E   AA..         MOV     R2,?V0 + 0
   \   000030   AB..         MOV     R3,?V0 + 1
   \   000032   12....       LCALL   ??osal_msg_deallocate?relay
    309          
    310                // Next - if one is available
    311                MSGpkt = (afIncomingMSGPacket_t *)osal_msg_receive( SampleApp_TaskID );
   \   000035                ; Setup parameters for call to function osal_msg_receive
   \                     ??SampleApp_ProcessEvent_1:
   \   000035   90....       MOV     DPTR,#SampleApp_TaskID
   \   000038   E0           MOVX    A,@DPTR
   \   000039   F9           MOV     R1,A
   \   00003A   12....       LCALL   ??osal_msg_receive?relay
   \   00003D   8A..         MOV     ?V0 + 0,R2
   \   00003F   8B..         MOV     ?V0 + 1,R3
   \   000041   E5..         MOV     A,?V0 + 0
   \   000043   45..         ORL     A,?V0 + 1
   \   000045   6032         JZ      ??SampleApp_ProcessEvent_5
   \   000047   85..82       MOV     DPL,?V0 + 0
   \   00004A   85..83       MOV     DPH,?V0 + 1
   \   00004D   E0           MOVX    A,@DPTR
   \   00004E   24E6         ADD     A,#-0x1a
   \   000050   601E         JZ      ??SampleApp_ProcessEvent_6
   \   000052   245A         ADD     A,#0x5a
   \   000054   6006         JZ      ??SampleApp_ProcessEvent_7
   \   000056   24EF         ADD     A,#-0x11
   \   000058   60B5         JZ      ??SampleApp_ProcessEvent_2
   \   00005A   80D2         SJMP    ??SampleApp_ProcessEvent_4
   \                     ??SampleApp_ProcessEvent_7:
   \   00005C                ; Setup parameters for call to function SampleApp_HandleKeys
   \   00005C   A3           INC     DPTR
   \   00005D   A3           INC     DPTR
   \   00005E   A3           INC     DPTR
   \   00005F   E0           MOVX    A,@DPTR
   \   000060   FA           MOV     R2,A
   \   000061   85..82       MOV     DPL,?V0 + 0
   \   000064   85..83       MOV     DPH,?V0 + 1
   \   000067   A3           INC     DPTR
   \   000068   A3           INC     DPTR
   \   000069   E0           MOVX    A,@DPTR
   \   00006A   F9           MOV     R1,A
   \   00006B   12....       LCALL   ??SampleApp_HandleKeys?relay
   \   00006E   80BE         SJMP    ??SampleApp_ProcessEvent_4
   \                     ??SampleApp_ProcessEvent_6:
   \   000070                ; Setup parameters for call to function SampleApp_MessageMSGCB
   \   000070   AA..         MOV     R2,?V0 + 0
   \   000072   AB..         MOV     R3,?V0 + 1
   \   000074   12....       LCALL   ??SampleApp_MessageMSGCB?relay
   \   000077   80B5         SJMP    ??SampleApp_ProcessEvent_4
    312              }
    313          
    314              // return unprocessed events
    315              return (events ^ SYS_EVENT_MSG);
   \                     ??SampleApp_ProcessEvent_5:
   \   000079   EE           MOV     A,R6
   \   00007A   FA           MOV     R2,A
   \   00007B   EF           MOV     A,R7
   \   00007C   6480         XRL     A,#0x80
   \   00007E   8024         SJMP    ??SampleApp_ProcessEvent_8
    316            }
    317          
    318            // Send a message out - This event is generated by a timer
    319            //  (setup in SampleApp_Init()).
    320            if ( events & SAMPLEAPP_SEND_PERIODIC_MSG_EVT )
   \                     ??SampleApp_ProcessEvent_0:
   \   000080   EE           MOV     A,R6
   \   000081   A2E0         MOV     C,0xE0 /* A   */.0
   \   000083   5022         JNC     ??SampleApp_ProcessEvent_9
    321            {
    322              // Send the periodic message
    323              SampleApp_Router_SendPeriodicMessage();
   \   000085                ; Setup parameters for call to function SampleApp_Router_SendPeriodicMessage
   \   000085   12....       LCALL   ??SampleApp_Router_SendPeriodicMessage?relay
    324          
    325              // Setup to send message again in normal period (+ a little jitter)
    326              osal_start_timerEx( SampleApp_TaskID, SAMPLEAPP_SEND_PERIODIC_MSG_EVT,
    327                  (SAMPLEAPP_SEND_PERIODIC_MSG_TIMEOUT + (osal_rand() & 0x00FF)) );
   \   000088                ; Setup parameters for call to function osal_rand
   \   000088   12....       LCALL   ??osal_rand?relay
   \   00008B                ; Setup parameters for call to function osal_start_timerEx
   \   00008B   EA           MOV     A,R2
   \   00008C   24E8         ADD     A,#-0x18
   \   00008E   FC           MOV     R4,A
   \   00008F   E4           CLR     A
   \   000090   3403         ADDC    A,#0x3
   \   000092   FD           MOV     R5,A
   \   000093   7A01         MOV     R2,#0x1
   \   000095   7B00         MOV     R3,#0x0
   \   000097   90....       MOV     DPTR,#SampleApp_TaskID
   \   00009A   E0           MOVX    A,@DPTR
   \   00009B   F9           MOV     R1,A
   \   00009C   12....       LCALL   ??osal_start_timerEx?relay
    328          
    329              // return unprocessed events
    330              return (events ^ SAMPLEAPP_SEND_PERIODIC_MSG_EVT);
   \   00009F   EE           MOV     A,R6
   \   0000A0   6401         XRL     A,#0x1
   \   0000A2   FA           MOV     R2,A
   \   0000A3   EF           MOV     A,R7
   \                     ??SampleApp_ProcessEvent_8:
   \   0000A4   FB           MOV     R3,A
   \   0000A5   8004         SJMP    ??SampleApp_ProcessEvent_10
    331            }
    332          
    333            // Discard unknown events
    334            return 0;
   \                     ??SampleApp_ProcessEvent_9:
   \   0000A7   7A00         MOV     R2,#0x0
   \   0000A9   7B00         MOV     R3,#0x0
   \                     ??SampleApp_ProcessEvent_10:
   \   0000AB   7F04         MOV     R7,#0x4
   \   0000AD   02....       LJMP    ?BANKED_LEAVE_XDATA
    335          }
    336          
    337          /*********************************************************************
    338           * Event Generation Functions
    339           */
    340          /*********************************************************************
    341           * @fn      SampleApp_HandleKeys
    342           *
    343           * @brief   Handles all key events for this device.
    344           *
    345           * @param   shift - true if in shift/alt.
    346           * @param   keys - bit field for key events. Valid entries:
    347           *                 HAL_KEY_SW_2
    348           *                 HAL_KEY_SW_1
    349           *
    350           * @return  none
    351           */

   \                                 In  segment BANKED_CODE, align 1, keep-with-next
    352          void SampleApp_HandleKeys( uint8 shift, uint8 keys )
   \                     SampleApp_HandleKeys:
    353          {
   \   000000   74F6         MOV     A,#-0xa
   \   000002   12....       LCALL   ?BANKED_ENTER_XDATA
   \   000005                ; Saved register size: 10
   \   000005                ; Auto size: 0
   \   000005   EA           MOV     A,R2
   \   000006   FE           MOV     R6,A
    354            (void)shift;  // Intentionally unreferenced parameter
    355            
    356            if ( keys & HAL_KEY_SW_1 )
   \   000007   A2E0         MOV     C,0xE0 /* A   */.0
   \   000009   5007         JNC     ??SampleApp_HandleKeys_0
    357            {
    358              /* This key sends the Flash Command is sent to Group 1.
    359               * This device will not receive the Flash Command from this
    360               * device (even if it belongs to group 1).
    361               */
    362              SampleApp_SendFlashMessage( SAMPLEAPP_FLASH_DURATION );
   \   00000B                ; Setup parameters for call to function SampleApp_SendFlashMessage
   \   00000B   7AE8         MOV     R2,#-0x18
   \   00000D   7B03         MOV     R3,#0x3
   \   00000F   12....       LCALL   ??SampleApp_SendFlashMessage?relay
    363            }
    364          
    365            if ( keys & HAL_KEY_SW_2 )
   \                     ??SampleApp_HandleKeys_0:
   \   000012   EE           MOV     A,R6
   \   000013   A2E1         MOV     C,0xE0 /* A   */.1
   \   000015   5024         JNC     ??SampleApp_HandleKeys_1
    366            {
    367              /* The Flashr Command is sent to Group 1.
    368               * This key toggles this device in and out of group 1.
    369               * If this device doesn't belong to group 1, this application
    370               * will not receive the Flash command sent to group 1.
    371               */
    372              aps_Group_t *grp;
    373              grp = aps_FindGroup( SAMPLEAPP_ENDPOINT, SAMPLEAPP_FLASH_GROUP );
    374              if ( grp )
   \   000017                ; Setup parameters for call to function aps_FindGroup
   \   000017   7A01         MOV     R2,#0x1
   \   000019   7B00         MOV     R3,#0x0
   \   00001B   7914         MOV     R1,#0x14
   \   00001D   12....       LCALL   ??aps_FindGroup?relay
   \   000020   8B..         MOV     ?V0 + 1,R3
   \   000022   EA           MOV     A,R2
   \   000023   45..         ORL     A,?V0 + 1
   \   000025   600B         JZ      ??SampleApp_HandleKeys_2
    375              {
    376                // Remove from the group
    377                aps_RemoveGroup( SAMPLEAPP_ENDPOINT, SAMPLEAPP_FLASH_GROUP );
   \   000027                ; Setup parameters for call to function aps_RemoveGroup
   \   000027   7A01         MOV     R2,#0x1
   \   000029   7B00         MOV     R3,#0x0
   \   00002B   7914         MOV     R1,#0x14
   \   00002D   12....       LCALL   ??aps_RemoveGroup?relay
   \   000030   8009         SJMP    ??SampleApp_HandleKeys_1
    378              }
    379              else
    380              {
    381                // Add to the flash group
    382                aps_AddGroup( SAMPLEAPP_ENDPOINT, &SampleApp_Group );
   \                     ??SampleApp_HandleKeys_2:
   \   000032                ; Setup parameters for call to function aps_AddGroup
   \   000032   7A..         MOV     R2,#SampleApp_Group & 0xff
   \   000034   7B..         MOV     R3,#(SampleApp_Group >> 8) & 0xff
   \   000036   7914         MOV     R1,#0x14
   \   000038   12....       LCALL   ??aps_AddGroup?relay
    383              }
    384            }
    385          }
   \                     ??SampleApp_HandleKeys_1:
   \   00003B   02....       LJMP    ??Subroutine2_0 & 0xFFFF

   \                                 In  segment BANKED_CODE, align 1, keep-with-next
   \                     ??Subroutine2_0:
   \   000000   7F02         MOV     R7,#0x2
   \   000002   02....       LJMP    ?BANKED_LEAVE_XDATA
    386          
    387          /*********************************************************************
    388           * LOCAL FUNCTIONS
    389           */
    390          
    391          /*********************************************************************
    392           * @fn      SampleApp_MessageMSGCB
    393           *
    394           * @brief   Data message processor callback.  This function processes
    395           *          any incoming data - probably from other devices.  So, based
    396           *          on cluster ID, perform the intended action.
    397           *
    398           * @param   none
    399           *
    400           * @return  none
    401           */

   \                                 In  segment BANKED_CODE, align 1, keep-with-next
    402          void SampleApp_MessageMSGCB( afIncomingMSGPacket_t *pkt ) //接收数据
   \                     SampleApp_MessageMSGCB:
    403          {
   \   000000   74F6         MOV     A,#-0xa
   \   000002   12....       LCALL   ?BANKED_ENTER_XDATA
   \   000005                ; Saved register size: 10
   \   000005                ; Auto size: 3
   \   000005   74FD         MOV     A,#-0x3
   \   000007   12....       LCALL   ?ALLOC_XSTACK8
    404            uint16 flashTime;
    405          
    406            switch ( pkt->clusterId )
   \   00000A   EA           MOV     A,R2
   \   00000B   2421         ADD     A,#0x21
   \   00000D   F8           MOV     R0,A
   \   00000E   EB           MOV     A,R3
   \   00000F   3400         ADDC    A,#0x0
   \   000011   F9           MOV     R1,A
   \   000012   E8           MOV     A,R0
   \   000013   FE           MOV     R6,A
   \   000014   E9           MOV     A,R1
   \   000015   FF           MOV     R7,A
   \   000016   8A82         MOV     DPL,R2
   \   000018   8B83         MOV     DPH,R3
   \   00001A   A3           INC     DPTR
   \   00001B   A3           INC     DPTR
   \   00001C   A3           INC     DPTR
   \   00001D   A3           INC     DPTR
   \   00001E   E0           MOVX    A,@DPTR
   \   00001F   F5..         MOV     ?V0 + 0,A
   \   000021   A3           INC     DPTR
   \   000022   E0           MOVX    A,@DPTR
   \   000023   F5..         MOV     ?V0 + 1,A
   \   000025   78..         MOV     R0,#?V0 + 0
   \   000027   12....       LCALL   ?US_SWITCH_DENSE
   \                     `?<Jumptable for SampleApp_MessageMSGCB>_0`:
   \   00002A   0100         DW        1
   \   00002C   01           DB        1
   \   00002D   ....         DW        ??SampleApp_MessageMSGCB_0
   \   00002F   ....         DW        ??SampleApp_MessageMSGCB_1
   \   000031   ....         DW        ??SampleApp_MessageMSGCB_2
    407            {
    408              case SAMPLEAPP_PERIODIC_CLUSTERID:
    409                { // unsigned char* rssivalue;
    410                  //  uint8 rssiE=25;
    411                   // int abc=3;
    412                   // rssivalue=&rssiE;
    413                  int8 rssivalue;
    414                  rssivalue=0xff-pkt->rssi;
   \                     ??SampleApp_MessageMSGCB_1:
   \   000033   EA           MOV     A,R2
   \   000034   2418         ADD     A,#0x18
   \   000036   F582         MOV     DPL,A
   \   000038   EB           MOV     A,R3
   \   000039   3400         ADDC    A,#0x0
   \   00003B   F583         MOV     DPH,A
   \   00003D   E0           MOVX    A,@DPTR
   \   00003E   F8           MOV     R0,A
   \   00003F   74FF         MOV     A,#-0x1
   \   000041   C3           CLR     C
   \   000042   98           SUBB    A,R0
   \   000043   F8           MOV     R0,A
    415                  unsigned char rssi_buf[3];
    416                  rssi_buf[0]='-';
   \   000044   85..82       MOV     DPL,?XSP + 0
   \   000047   85..83       MOV     DPH,?XSP + 1
   \   00004A   742D         MOV     A,#0x2d
   \   00004C   F0           MOVX    @DPTR,A
    417                  rssi_buf[1]=rssivalue/10+0x30;
   \   00004D   E8           MOV     A,R0
   \   00004E   75F00A       MOV     B,#0xa
   \   000051   12....       LCALL   ?SC_DIV_MOD
   \   000054   2430         ADD     A,#0x30
   \   000056   C0E0         PUSH    A
   \   000058   7401         MOV     A,#0x1
   \   00005A   12....       LCALL   ?XSTACK_DISP0_8
   \   00005D   D0E0         POP     A
   \   00005F   F0           MOVX    @DPTR,A
    418                  rssi_buf[2]=rssivalue%10+0x30;
   \   000060   E8           MOV     A,R0
   \   000061   75F00A       MOV     B,#0xa
   \   000064   12....       LCALL   ?SC_DIV_MOD
   \   000067   E5F0         MOV     A,B
   \   000069   2430         ADD     A,#0x30
   \   00006B   C0E0         PUSH    A
   \   00006D   7402         MOV     A,#0x2
   \   00006F   12....       LCALL   ?XSTACK_DISP0_8
   \   000072   D0E0         POP     A
   \   000074   F0           MOVX    @DPTR,A
    419               // HalUARTWrite(0, "Rx:", 3);        //提示信息
    420                HalUARTWrite(0, pkt->cmd.Data, pkt->cmd.DataLength); //输出接收到的数据
   \   000075                ; Setup parameters for call to function HalUARTWrite
   \   000075   EA           MOV     A,R2
   \   000076   241F         ADD     A,#0x1f
   \   000078   F582         MOV     DPL,A
   \   00007A   EB           MOV     A,R3
   \   00007B   3400         ADDC    A,#0x0
   \   00007D   F583         MOV     DPH,A
   \   00007F   E0           MOVX    A,@DPTR
   \   000080   FC           MOV     R4,A
   \   000081   A3           INC     DPTR
   \   000082   E0           MOVX    A,@DPTR
   \   000083   FD           MOV     R5,A
   \   000084   8E82         MOV     DPL,R6
   \   000086   8F83         MOV     DPH,R7
   \   000088   E0           MOVX    A,@DPTR
   \   000089   FA           MOV     R2,A
   \   00008A   A3           INC     DPTR
   \   00008B   E0           MOVX    A,@DPTR
   \   00008C   FB           MOV     R3,A
   \   00008D   7900         MOV     R1,#0x0
   \   00008F   12....       LCALL   ??HalUARTWrite?relay
    421              //  HalUARTWrite(0, "\n", 1); 
    422                HalUARTWrite(0, "RSSI:", 5);  
   \   000092                ; Setup parameters for call to function HalUARTWrite
   \   000092   7C05         MOV     R4,#0x5
   \   000094   7D00         MOV     R5,#0x0
   \   000096   7A..         MOV     R2,#`?<Constant "RSSI:">` & 0xff
   \   000098   7B..         MOV     R3,#(`?<Constant "RSSI:">` >> 8) & 0xff
   \   00009A   7900         MOV     R1,#0x0
   \   00009C   12....       LCALL   ??HalUARTWrite?relay
    423                HalUARTWrite(0,rssi_buf,3);
   \   00009F                ; Setup parameters for call to function HalUARTWrite
   \   00009F   7C03         MOV     R4,#0x3
   \   0000A1   7D00         MOV     R5,#0x0
   \   0000A3   85..82       MOV     DPL,?XSP + 0
   \   0000A6   85..83       MOV     DPH,?XSP + 1
   \   0000A9   AA82         MOV     R2,DPL
   \   0000AB   AB83         MOV     R3,DPH
   \   0000AD   7900         MOV     R1,#0x0
   \   0000AF   12....       LCALL   ??HalUARTWrite?relay
    424          //     HalUARTWrite(0, "\r\n", 2); 
    425          //     
    426          //     uint8 lqivalue;
    427          //     lqivalue=pkt->LinkQuality;
    428          //     unsigned char lqi_buf[3];
    429          //      lqi_buf[0]=lqivalue/100+0x30;
    430          //        lqi_buf[1]=(lqivalue%100)/10+0x30;
    431          //        lqi_buf[2]=lqivalue%10+0x30;
    432          //      HalUARTWrite(0, "LQI:", 4);  
    433          //      HalUARTWrite(0,lqi_buf,3);
    434               HalUARTWrite(0, "\n", 1);         //回车换行
   \   0000B2                ; Setup parameters for call to function HalUARTWrite
   \   0000B2   7C01         MOV     R4,#0x1
   \   0000B4   7D00         MOV     R5,#0x0
   \   0000B6   7A..         MOV     R2,#`?<Constant "\\n">` & 0xff
   \   0000B8   7B..         MOV     R3,#(`?<Constant "\\n">` >> 8) & 0xff
   \   0000BA   7900         MOV     R1,#0x0
   \   0000BC   12....       LCALL   ??HalUARTWrite?relay
    435                break;
   \   0000BF   8035         SJMP    ??SampleApp_MessageMSGCB_0
    436                }
    437              case SAMPLEAPP_FLASH_CLUSTERID:     //此实验没有使用，到后面实验详解
    438                flashTime = BUILD_UINT16(pkt->cmd.Data[1], pkt->cmd.Data[2] );
    439                HalLedBlink( HAL_LED_4, 4, 50, (flashTime / 4) );
   \                     ??SampleApp_MessageMSGCB_2:
   \   0000C1   8E82         MOV     DPL,R6
   \   0000C3   8F83         MOV     DPH,R7
   \   0000C5   E0           MOVX    A,@DPTR
   \   0000C6   F8           MOV     R0,A
   \   0000C7   A3           INC     DPTR
   \   0000C8   E0           MOVX    A,@DPTR
   \   0000C9   F9           MOV     R1,A
   \   0000CA                ; Setup parameters for call to function HalLedBlink
   \   0000CA   8882         MOV     DPL,R0
   \   0000CC   8983         MOV     DPH,R1
   \   0000CE   A3           INC     DPTR
   \   0000CF   E0           MOVX    A,@DPTR
   \   0000D0   FA           MOV     R2,A
   \   0000D1   8882         MOV     DPL,R0
   \   0000D3   8983         MOV     DPH,R1
   \   0000D5   A3           INC     DPTR
   \   0000D6   A3           INC     DPTR
   \   0000D7   E0           MOVX    A,@DPTR
   \   0000D8   F9           MOV     R1,A
   \   0000D9   EA           MOV     A,R2
   \   0000DA   2400         ADD     A,#0x0
   \   0000DC   F5..         MOV     ?V0 + 0,A
   \   0000DE   E4           CLR     A
   \   0000DF   39           ADDC    A,R1
   \   0000E0   F5..         MOV     ?V0 + 1,A
   \   0000E2   7402         MOV     A,#0x2
   \   0000E4   78..         MOV     R0,#?V0 + 0
   \   0000E6   12....       LCALL   ?US_SHR
   \   0000E9   AC..         MOV     R4,?V0 + 0
   \   0000EB   AD..         MOV     R5,?V0 + 1
   \   0000ED   7B32         MOV     R3,#0x32
   \   0000EF   7A04         MOV     R2,#0x4
   \   0000F1   7908         MOV     R1,#0x8
   \   0000F3   12....       LCALL   ??HalLedBlink?relay
    440                break;
    441            }
    442          }
   \                     ??SampleApp_MessageMSGCB_0:
   \   0000F6   80..         SJMP    ??Subroutine1_0

   \                                 In  segment BANKED_CODE, align 1, keep-with-next
   \                     ??Subroutine1_0:
   \   000000   7403         MOV     A,#0x3
   \   000002   12....       LCALL   ?DEALLOC_XSTACK8
   \   000005                REQUIRE ??Subroutine2_0
   \   000005                ; // Fall through to label ??Subroutine2_0
    443          
    444          /*********************************************************************
    445           * @fn      SampleApp_SendPeriodicMessage
    446           *
    447           * @brief   Send the periodic message.
    448           *
    449           * @param   none
    450           *
    451           * @return  none
    452           */

   \                                 In  segment BANKED_CODE, align 1, keep-with-next
   \                     ?Subroutine0:
   \   000000   12....       LCALL   ??AF_DataRequest?relay
   \   000003   7409         MOV     A,#0x9
   \   000005   12....       LCALL   ?DEALLOC_XSTACK8
   \   000008                REQUIRE ??Subroutine1_0
   \   000008                ; // Fall through to label ??Subroutine1_0

   \                                 In  segment BANKED_CODE, align 1, keep-with-next
    453          void SampleApp_Router_SendPeriodicMessage( void )
   \                     SampleApp_Router_SendPeriodicMessage:
    454          {
   \   000000   74F6         MOV     A,#-0xa
   \   000002   12....       LCALL   ?BANKED_ENTER_XDATA
   \   000005                ; Saved register size: 10
   \   000005                ; Auto size: 3
   \   000005   74FD         MOV     A,#-0x3
   \   000007   12....       LCALL   ?ALLOC_XSTACK8
    455              
    456            // Router broadcast to everyone
    457            SampleApp_Router_Periodic_DstAddr.addrMode = (afAddrMode_t)AddrBroadcast;
   \   00000A   90....       MOV     DPTR,#SampleApp_Router_Periodic_DstAddr + 8
   \   00000D   740F         MOV     A,#0xf
   \   00000F   F0           MOVX    @DPTR,A
    458            SampleApp_Router_Periodic_DstAddr.endPoint = SAMPLEAPP_ENDPOINT;
   \   000010   A3           INC     DPTR
   \   000011   7414         MOV     A,#0x14
   \   000013   F0           MOVX    @DPTR,A
    459            SampleApp_Router_Periodic_DstAddr.addr.shortAddr = 0xFFFF;
   \   000014   90....       MOV     DPTR,#SampleApp_Router_Periodic_DstAddr
   \   000017   74FF         MOV     A,#-0x1
   \   000019   F0           MOVX    @DPTR,A
   \   00001A   A3           INC     DPTR
   \   00001B   F0           MOVX    @DPTR,A
    460            
    461            uint8 data[3]="A1";
   \   00001C   85..82       MOV     DPL,?XSP + 0
   \   00001F   85..83       MOV     DPH,?XSP + 1
   \   000022   AC82         MOV     R4,DPL
   \   000024   AD83         MOV     R5,DPH
   \   000026   7583..       MOV     DPH,#(`?<Constant "A1">` >> 8) & 0xff
   \   000029   7582..       MOV     DPL,#`?<Constant "A1">` & 0xff
   \   00002C   7403         MOV     A,#0x3
   \   00002E   12....       LCALL   ?MOVE_LONG8_XDATA_XDATA
    462            if ( AF_DataRequest( &SampleApp_Router_Periodic_DstAddr, &SampleApp_epDesc,
    463                                 SAMPLEAPP_PERIODIC_CLUSTERID,
    464                                 osal_strlen("A1")+1,
    465                                 data,
    466                                 &SampleApp_TransID,
    467                                 AF_DISCV_ROUTE,
    468                                 AF_DEFAULT_RADIUS ) == afStatus_SUCCESS )
   \   000031                ; Setup parameters for call to function AF_DataRequest
   \   000031   75..1E       MOV     ?V0 + 0,#0x1e
   \   000034   78..         MOV     R0,#?V0 + 0
   \   000036   12....       LCALL   ?PUSH_XSTACK_I_ONE
   \   000039   75....       MOV     ?V0 + 0,#SampleApp_TransID & 0xff
   \   00003C   75....       MOV     ?V0 + 1,#(SampleApp_TransID >> 8) & 0xff
   \   00003F   78..         MOV     R0,#?V0 + 0
   \   000041   12....       LCALL   ?PUSH_XSTACK_I_TWO
   \   000044   7403         MOV     A,#0x3
   \   000046   12....       LCALL   ?XSTACK_DISP0_8
   \   000049   8582..       MOV     ?V0 + 0,DPL
   \   00004C   8583..       MOV     ?V0 + 1,DPH
   \   00004F   78..         MOV     R0,#?V0 + 0
   \   000051   12....       LCALL   ?PUSH_XSTACK_I_TWO
   \   000054                ; Setup parameters for call to function osal_strlen
   \   000054   7A..         MOV     R2,#`?<Constant "A1">_1` & 0xff
   \   000056   7B..         MOV     R3,#(`?<Constant "A1">_1` >> 8) & 0xff
   \   000058   12....       LCALL   ??osal_strlen?relay
   \   00005B   EA           MOV     A,R2
   \   00005C   2401         ADD     A,#0x1
   \   00005E   F5..         MOV     ?V0 + 0,A
   \   000060   EB           MOV     A,R3
   \   000061   3400         ADDC    A,#0x0
   \   000063   F5..         MOV     ?V0 + 1,A
   \   000065   78..         MOV     R0,#?V0 + 0
   \   000067   12....       LCALL   ?PUSH_XSTACK_I_TWO
   \   00006A   75..01       MOV     ?V0 + 0,#0x1
   \   00006D   75..00       MOV     ?V0 + 1,#0x0
   \   000070   78..         MOV     R0,#?V0 + 0
   \   000072   12....       LCALL   ?PUSH_XSTACK_I_TWO
   \   000075   7920         MOV     R1,#0x20
   \   000077   7C..         MOV     R4,#SampleApp_epDesc & 0xff
   \   000079   7D..         MOV     R5,#(SampleApp_epDesc >> 8) & 0xff
   \   00007B   7A..         MOV     R2,#SampleApp_Router_Periodic_DstAddr & 0xff
   \   00007D   7B..         MOV     R3,#(SampleApp_Router_Periodic_DstAddr >> 8) & 0xff
   \   00007F   02....       LJMP    ?Subroutine0 & 0xFFFF
    469            {
    470            }
    471            else
    472            {
    473              // Error occurred in request to send.
    474            }
    475          }
    476          
    477          /*********************************************************************
    478           * @fn      SampleApp_SendFlashMessage
    479           *
    480           * @brief   Send the flash message to group 1.
    481           *
    482           * @param   flashTime - in milliseconds
    483           *
    484           * @return  none
    485           */

   \                                 In  segment BANKED_CODE, align 1, keep-with-next
    486          void SampleApp_SendFlashMessage( uint16 flashTime )
   \                     SampleApp_SendFlashMessage:
    487          {
   \   000000   74F6         MOV     A,#-0xa
   \   000002   12....       LCALL   ?BANKED_ENTER_XDATA
   \   000005                ; Saved register size: 10
   \   000005                ; Auto size: 3
   \   000005   74FD         MOV     A,#-0x3
   \   000007   12....       LCALL   ?ALLOC_XSTACK8
    488            uint8 buffer[3];
    489            buffer[0] = (uint8)(SampleAppFlashCounter++);
   \   00000A   90....       MOV     DPTR,#SampleAppFlashCounter
   \   00000D   E0           MOVX    A,@DPTR
   \   00000E   85..82       MOV     DPL,?XSP + 0
   \   000011   85..83       MOV     DPH,?XSP + 1
   \   000014   F0           MOVX    @DPTR,A
   \   000015   90....       MOV     DPTR,#SampleAppFlashCounter
   \   000018   E0           MOVX    A,@DPTR
   \   000019   04           INC     A
   \   00001A   F0           MOVX    @DPTR,A
    490            buffer[1] = LO_UINT16( flashTime );
   \   00001B   7401         MOV     A,#0x1
   \   00001D   12....       LCALL   ?XSTACK_DISP0_8
   \   000020   EA           MOV     A,R2
   \   000021   F0           MOVX    @DPTR,A
    491            buffer[2] = HI_UINT16( flashTime );
   \   000022   7402         MOV     A,#0x2
   \   000024   12....       LCALL   ?XSTACK_DISP0_8
   \   000027   EB           MOV     A,R3
   \   000028   F0           MOVX    @DPTR,A
    492          
    493            if ( AF_DataRequest( &SampleApp_Flash_DstAddr, &SampleApp_epDesc,
    494                                 SAMPLEAPP_FLASH_CLUSTERID,
    495                                 3,
    496                                 buffer,
    497                                 &SampleApp_TransID,
    498                                 AF_DISCV_ROUTE,
    499                                 AF_DEFAULT_RADIUS ) == afStatus_SUCCESS )
   \   000029                ; Setup parameters for call to function AF_DataRequest
   \   000029   75..1E       MOV     ?V0 + 0,#0x1e
   \   00002C   78..         MOV     R0,#?V0 + 0
   \   00002E   12....       LCALL   ?PUSH_XSTACK_I_ONE
   \   000031   75....       MOV     ?V0 + 0,#SampleApp_TransID & 0xff
   \   000034   75....       MOV     ?V0 + 1,#(SampleApp_TransID >> 8) & 0xff
   \   000037   78..         MOV     R0,#?V0 + 0
   \   000039   12....       LCALL   ?PUSH_XSTACK_I_TWO
   \   00003C   7403         MOV     A,#0x3
   \   00003E   12....       LCALL   ?XSTACK_DISP0_8
   \   000041   8582..       MOV     ?V0 + 0,DPL
   \   000044   8583..       MOV     ?V0 + 1,DPH
   \   000047   78..         MOV     R0,#?V0 + 0
   \   000049   12....       LCALL   ?PUSH_XSTACK_I_TWO
   \   00004C   75..03       MOV     ?V0 + 0,#0x3
   \   00004F   75..00       MOV     ?V0 + 1,#0x0
   \   000052   78..         MOV     R0,#?V0 + 0
   \   000054   12....       LCALL   ?PUSH_XSTACK_I_TWO
   \   000057   75..02       MOV     ?V0 + 0,#0x2
   \   00005A   78..         MOV     R0,#?V0 + 0
   \   00005C   12....       LCALL   ?PUSH_XSTACK_I_TWO
   \   00005F   7920         MOV     R1,#0x20
   \   000061   7C..         MOV     R4,#SampleApp_epDesc & 0xff
   \   000063   7D..         MOV     R5,#(SampleApp_epDesc >> 8) & 0xff
   \   000065   7A..         MOV     R2,#SampleApp_Flash_DstAddr & 0xff
   \   000067   7B..         MOV     R3,#(SampleApp_Flash_DstAddr >> 8) & 0xff
   \   000069   02....       LJMP    ?Subroutine0 & 0xFFFF
    500            {
    501            }
    502            else
    503            {
    504              // Error occurred in request to send.
    505            }
    506          }

   \                                 In  segment BANK_RELAYS, align 1
   \                     ??SampleApp_Init?relay:
   \   000000   12....       LCALL   ?BDISPATCH
   \   000003   ......       DC24    SampleApp_Init

   \                                 In  segment BANK_RELAYS, align 1
   \                     ??SampleApp_ProcessEvent?relay:
   \   000000   12....       LCALL   ?BDISPATCH
   \   000003   ......       DC24    SampleApp_ProcessEvent

   \                                 In  segment BANK_RELAYS, align 1
   \                     ??SampleApp_HandleKeys?relay:
   \   000000   12....       LCALL   ?BDISPATCH
   \   000003   ......       DC24    SampleApp_HandleKeys

   \                                 In  segment BANK_RELAYS, align 1
   \                     ??SampleApp_MessageMSGCB?relay:
   \   000000   12....       LCALL   ?BDISPATCH
   \   000003   ......       DC24    SampleApp_MessageMSGCB

   \                                 In  segment BANK_RELAYS, align 1
   \                     ??SampleApp_Router_SendPeriodicMessage?relay:
   \   000000   12....       LCALL   ?BDISPATCH
   \   000003   ......       DC24    SampleApp_Router_SendPeriodicMessage

   \                                 In  segment BANK_RELAYS, align 1
   \                     ??SampleApp_SendFlashMessage?relay:
   \   000000   12....       LCALL   ?BDISPATCH
   \   000003   ......       DC24    SampleApp_SendFlashMessage

   \                                 In  segment XDATA_ROM_C, align 1
   \                     `?<Constant "UartInit OK\\n">`:
   \   000000   55617274     DB "UartInit OK\012"
   \            496E6974
   \            204F4B0A
   \            00      

   \                                 In  segment XDATA_ROM_C, align 1
   \                     `?<Constant "Group 1">`:
   \   000000   47726F75     DB "Group 1"
   \            70203100

   \                                 In  segment XDATA_ROM_C, align 1
   \                     `?<Constant "SampleApp">`:
   \   000000   53616D70     DB "SampleApp"
   \            6C654170
   \            7000    

   \                                 In  segment XDATA_ROM_C, align 1
   \                     `?<Constant "RSSI:">`:
   \   000000   52535349     DB "RSSI:"
   \            3A00    

   \                                 In  segment XDATA_ROM_C, align 1
   \                     `?<Constant "\\n">`:
   \   000000   0A00         DB "\012"

   \                                 In  segment XDATA_ROM_C, align 1
   \                     `?<Constant "A1">`:
   \   000000   413100       DB "A1"

   \                                 In  segment XDATA_ROM_C, align 1
   \                     `?<Constant "A1">_1`:
   \   000000   413100       DB "A1"
    507          /*********************************************************************
    508          *********************************************************************/

   Maximum stack usage in bytes:

   ISTACK PSTACK XSTACK Function
   ------ ------ ------ --------
       0      0     22  SampleApp_HandleKeys
                          0 0 10 -> SampleApp_SendFlashMessage
                          0 0 10 -> aps_AddGroup
                          0 0 10 -> aps_FindGroup
                          0 0 10 -> aps_RemoveGroup
       0      0     14  SampleApp_Init
                          0 0 11 -> HalLcdWriteString
                          0 0 11 -> HalUARTWrite
                          0 0 11 -> MT_UartInit
                          0 0 11 -> MT_UartRegisterTaskID
                          0 0 11 -> RegisterForKeys
                          0 0 11 -> afRegister
                          0 0 11 -> aps_AddGroup
                          0 0 14 -> osal_memcpy
       1      0     25  SampleApp_MessageMSGCB
                          0 0 13 -> HalLedBlink
                          0 0 13 -> HalUARTWrite
       0      0     12  SampleApp_ProcessEvent
                          0 0 12 -> SampleApp_HandleKeys
                          0 0 12 -> SampleApp_MessageMSGCB
                          0 0 12 -> SampleApp_Router_SendPeriodicMessage
                          0 0 12 -> osal_msg_deallocate
                          0 0 12 -> osal_msg_receive
                          0 0 12 -> osal_rand
                          0 0 12 -> osal_start_timerEx
       2      0     34  SampleApp_Router_SendPeriodicMessage
                          0 0 22 -> AF_DataRequest
                          0 0 18 -> osal_strlen
       1      0     32  SampleApp_SendFlashMessage
                          0 0 22 -> AF_DataRequest


   Segment part sizes:

   Bytes  Function/Label
   -----  --------------
       3  ?<Constant "A1">
       3  ?<Constant "A1">_1
       8  ?<Constant "Group 1">
       6  ?<Constant "RSSI:">
      10  ?<Constant "SampleApp">
      13  ?<Constant "UartInit OK\n">
       2  ?<Constant "\n">
       6  ??SampleApp_HandleKeys?relay
       6  ??SampleApp_Init?relay
       6  ??SampleApp_MessageMSGCB?relay
       6  ??SampleApp_ProcessEvent?relay
       6  ??SampleApp_Router_SendPeriodicMessage?relay
       6  ??SampleApp_SendFlashMessage?relay
       5  ??Subroutine1_0
       5  ??Subroutine2_0
       8  ?Subroutine0
       2  LZQR
       1  SampleAppFlashCounter
       1  SampleAppPeriodicCounter
       6  SampleApp_ClusterList
      12  SampleApp_Flash_DstAddr
      18  SampleApp_Group
      62  SampleApp_HandleKeys
     163  SampleApp_Init
     248  SampleApp_MessageMSGCB
       1  SampleApp_NwkState
     176  SampleApp_ProcessEvent
      12  SampleApp_Router_Periodic_DstAddr
     130  SampleApp_Router_SendPeriodicMessage
     108  SampleApp_SendFlashMessage
      12  SampleApp_SimpleDesc
       1  SampleApp_TaskID
       1  SampleApp_TransID
       6  SampleApp_epDesc

 
 905 bytes in segment BANKED_CODE
  36 bytes in segment BANK_RELAYS
  63 bytes in segment XDATA_ROM_C
  55 bytes in segment XDATA_Z
 
 941 bytes of CODE  memory
  63 bytes of CONST memory
  55 bytes of XDATA memory

Errors: none
Warnings: none
